[0.000000] (-) TimerEvent: {}
[0.000648] (ydlidar_ros2_driver) JobQueued: {'identifier': 'ydlidar_ros2_driver', 'dependencies': OrderedDict()}
[0.000793] (ydlidar_sdk) JobQueued: {'identifier': 'ydlidar_sdk', 'dependencies': OrderedDict()}
[0.000818] (ydlidar_ros2_driver) JobStarted: {'identifier': 'ydlidar_ros2_driver'}
[0.012408] (ydlidar_sdk) JobStarted: {'identifier': 'ydlidar_sdk'}
[0.021570] (ydlidar_ros2_driver) JobProgress: {'identifier': 'ydlidar_ros2_driver', 'progress': 'cmake'}
[0.023578] (ydlidar_ros2_driver) Command: {'cmd': ['/usr/bin/cmake', '/home/ashutosh/Desktop/lidar_ws/src/ydlidar_ros2_driver', '-DCMAKE_INSTALL_PREFIX=/home/ashutosh/Desktop/lidar_ws/install/ydlidar_ros2_driver'], 'cwd': '/home/ashutosh/Desktop/lidar_ws/build/ydlidar_ros2_driver', 'env': OrderedDict([('LESSOPEN', '| /usr/bin/lesspipe %s'), ('PYTHONWARNINGS', 'ignore:::setuptools.installer,ignore:::setuptools.command.install,ignore:::setuptools.command.easy_install'), ('CCACHE_TEMPDIR', '/tmp/ccache'), ('GZ_SIM_RESOURCE_PATH', '/home/ashutosh/cognipilot/cranium/install/dream_world/share/dream_world/worlds:/home/ashutosh/cognipilot/cranium/install/dream_world/share/dream_world/models:/home/ashutosh/cognipilot/cranium/install/b3rb_gz_resource/share/b3rb_gz_resource/models'), ('LANGUAGE', 'en_IN:en'), ('USER', 'ashutosh'), ('XDG_SESSION_TYPE', 'wayland'), ('SHLVL', '1'), ('LD_LIBRARY_PATH', '/home/ashutosh/cognipilot/cranium/install/synapse_tinyframe/lib:/home/ashutosh/cognipilot/cranium/install/synapse_protobuf/lib:/home/ashutosh/cognipilot/cranium/install/synapse_msgs/lib:/usr/lib/x86_64-linux-gnu/gazebo-11/plugins:/opt/ros/humble/opt/rviz_ogre_vendor/lib:/opt/ros/humble/lib/x86_64-linux-gnu:/opt/ros/humble/lib:/home/ashutosh/.mujoco/mujoco210/bin'), ('HOME', '/home/ashutosh'), ('OLDPWD', '/home/ashutosh'), ('DESKTOP_SESSION', 'ubuntu'), ('ROS_PYTHON_VERSION', '3'), ('GNOME_SHELL_SESSION_MODE', 'ubuntu'), ('GTK_MODULES', 'gail:atk-bridge:appmenu-gtk-module'), ('SYSTEMD_EXEC_PID', '2670'), ('DBUS_SESSION_BUS_ADDRESS', 'unix:path=/run/user/1000/bus'), ('COLORTERM', 'truecolor'), ('IM_CONFIG_PHASE', '1'), ('WAYLAND_DISPLAY', 'wayland-0'), ('COLCON_PREFIX_PATH', '/home/ashutosh/cognipilot/electrode/install:/home/ashutosh/task_ws/install:/home/ashutosh/cognipilot/cranium/install'), ('ROS_DISTRO', 'humble'), ('LOGNAME', 'ashutosh'), ('_', '/usr/bin/colcon'), ('ROS_VERSION', '2'), ('XDG_SESSION_CLASS', 'user'), ('USERNAME', 'ashutosh'), ('TERM', 'xterm-256color'), ('GNOME_DESKTOP_SESSION_ID', 'this-is-deprecated'), ('ROS_LOCALHOST_ONLY', '0'), ('PATH', '/home/ashutosh/cognipilot/ws/cerebri/install/bin:/opt/ros/humble/bin:/home/ashutosh/.local/bin:/home/ashutosh/bin:/usr/local/sbin:/usr/local/bin:/usr/sbin:/usr/bin:/sbin:/bin:/usr/games:/usr/local/games:/snap/bin:/snap/bin'), ('SESSION_MANAGER', 'local/ashu-ka-pc:@/tmp/.ICE-unix/2627,unix/ashu-ka-pc:/tmp/.ICE-unix/2627'), ('XDG_MENU_PREFIX', 'gnome-'), ('GNOME_TERMINAL_SCREEN', '/org/gnome/Terminal/screen/8b59ace8_9d8d_4695_ace8_3e7adcd4a8c7'), ('GNOME_SETUP_DISPLAY', ':1'), ('XDG_RUNTIME_DIR', '/run/user/1000'), ('MUJOCO_PY_MUJOCO_PATH', '/home/ashutosh/.mujoco/mujoco210'), ('DISPLAY', ':0'), ('LANG', 'en_US.UTF-8'), ('XDG_CURRENT_DESKTOP', 'ubuntu:GNOME'), ('RMW_IMPLEMENTATION', 'rmw_cyclonedds_cpp'), ('XMODIFIERS', '@im=ibus'), ('XDG_SESSION_DESKTOP', 'ubuntu'), ('XAUTHORITY', '/run/user/1000/.mutter-Xwaylandauth.UR7EE3'), ('LS_COLORS', ''), ('GNOME_TERMINAL_SERVICE', ':1.131'), ('SSH_AGENT_LAUNCHER', 'gnome-keyring'), ('SSH_AUTH_SOCK', '/run/user/1000/keyring/ssh'), ('AMENT_PREFIX_PATH', '/home/ashutosh/task_ws/install/hii:/home/ashutosh/cognipilot/electrode/install/electrode:/home/ashutosh/cognipilot/cranium/install/synapse_ros:/home/ashutosh/cognipilot/cranium/install/synapse_gz:/home/ashutosh/cognipilot/cranium/install/synapse_tinyframe:/home/ashutosh/cognipilot/cranium/install/synapse_protobuf:/home/ashutosh/cognipilot/cranium/install/corti:/home/ashutosh/cognipilot/cranium/install/b3rb_ros_aim_india:/home/ashutosh/cognipilot/cranium/install/synapse_msgs:/home/ashutosh/cognipilot/cranium/install/dream_world:/home/ashutosh/cognipilot/cranium/install/cerebri_bringup:/home/ashutosh/cognipilot/cranium/install/b3rb_simulator:/home/ashutosh/cognipilot/cranium/install/b3rb_desktop:/home/ashutosh/cognipilot/cranium/install/b3rb_rviz:/home/ashutosh/cognipilot/cranium/install/b3rb_nav2:/home/ashutosh/cognipilot/cranium/install/b3rb_gz_resource:/home/ashutosh/cognipilot/cranium/install/b3rb_gz_bringup:/home/ashutosh/cognipilot/cranium/install/b3rb_description:/opt/ros/humble'), ('SHELL', '/bin/bash'), ('QT_ACCESSIBILITY', '1'), ('GDMSESSION', 'ubuntu'), ('LESSCLOSE', '/usr/bin/lesspipe %s %s'), ('CMAKE_EXPORT_COMPILE_COMMANDS', 'ON'), ('QT_IM_MODULE', 'ibus'), ('PWD', '/home/ashutosh/Desktop/lidar_ws/build/ydlidar_ros2_driver'), ('TURTLEBOT3_MODEL', 'burger'), ('LC_ALL', 'en_US.UTF-8'), ('XDG_CONFIG_DIRS', '/etc/xdg/xdg-ubuntu:/etc/xdg'), ('XDG_DATA_DIRS', '/usr/share/ubuntu:/usr/local/share/:/usr/share/:/var/lib/snapd/desktop'), ('PYTHONPATH', '/home/ashutosh/task_ws/install/hii/lib/python3.10/site-packages:/home/ashutosh/cognipilot/cranium/install/corti/local/lib/python3.10/dist-packages:/home/ashutosh/cognipilot/cranium/install/b3rb_ros_aim_india/lib/python3.10/site-packages:/home/ashutosh/cognipilot/cranium/install/synapse_msgs/local/lib/python3.10/dist-packages:/opt/ros/humble/lib/python3.10/site-packages:/opt/ros/humble/local/lib/python3.10/dist-packages'), ('COLCON', '1'), ('VTE_VERSION', '6800'), ('CMAKE_PREFIX_PATH', '/home/ashutosh/cognipilot/electrode/install/electrode:/home/ashutosh/cognipilot/cranium/install/synapse_ros:/home/ashutosh/cognipilot/cranium/install/synapse_gz:/home/ashutosh/cognipilot/cranium/install/synapse_tinyframe:/home/ashutosh/cognipilot/cranium/install/synapse_protobuf:/home/ashutosh/cognipilot/cranium/install/corti:/home/ashutosh/cognipilot/cranium/install/synapse_msgs:/home/ashutosh/cognipilot/cranium/install/dream_world:/home/ashutosh/cognipilot/cranium/install/cerebri_bringup:/home/ashutosh/cognipilot/cranium/install/b3rb_simulator:/home/ashutosh/cognipilot/cranium/install/b3rb_desktop:/home/ashutosh/cognipilot/cranium/install/b3rb_rviz:/home/ashutosh/cognipilot/cranium/install/b3rb_nav2:/home/ashutosh/cognipilot/cranium/install/b3rb_gz_resource:/home/ashutosh/cognipilot/cranium/install/b3rb_gz_bringup:/home/ashutosh/cognipilot/cranium/install/b3rb_description:/home/ashutosh/task_ws/install/hii:/home/ashutosh/cognipilot/cranium/install/b3rb_ros_aim_india:/opt/ros/humble')]), 'shell': False}
[0.030714] (ydlidar_sdk) JobProgress: {'identifier': 'ydlidar_sdk', 'progress': 'cmake'}
[0.031872] (ydlidar_sdk) JobProgress: {'identifier': 'ydlidar_sdk', 'progress': 'build'}
[0.032981] (ydlidar_sdk) Command: {'cmd': ['/usr/bin/cmake', '--build', '/home/ashutosh/Desktop/lidar_ws/build/ydlidar_sdk', '--', '-j16', '-l16'], 'cwd': '/home/ashutosh/Desktop/lidar_ws/build/ydlidar_sdk', 'env': OrderedDict([('LESSOPEN', '| /usr/bin/lesspipe %s'), ('PYTHONWARNINGS', 'ignore:::setuptools.installer,ignore:::setuptools.command.install,ignore:::setuptools.command.easy_install'), ('CCACHE_TEMPDIR', '/tmp/ccache'), ('GZ_SIM_RESOURCE_PATH', '/home/ashutosh/cognipilot/cranium/install/dream_world/share/dream_world/worlds:/home/ashutosh/cognipilot/cranium/install/dream_world/share/dream_world/models:/home/ashutosh/cognipilot/cranium/install/b3rb_gz_resource/share/b3rb_gz_resource/models'), ('LANGUAGE', 'en_IN:en'), ('USER', 'ashutosh'), ('XDG_SESSION_TYPE', 'wayland'), ('SHLVL', '1'), ('LD_LIBRARY_PATH', '/home/ashutosh/cognipilot/cranium/install/synapse_tinyframe/lib:/home/ashutosh/cognipilot/cranium/install/synapse_protobuf/lib:/home/ashutosh/cognipilot/cranium/install/synapse_msgs/lib:/usr/lib/x86_64-linux-gnu/gazebo-11/plugins:/opt/ros/humble/opt/rviz_ogre_vendor/lib:/opt/ros/humble/lib/x86_64-linux-gnu:/opt/ros/humble/lib:/home/ashutosh/.mujoco/mujoco210/bin'), ('HOME', '/home/ashutosh'), ('OLDPWD', '/home/ashutosh'), ('DESKTOP_SESSION', 'ubuntu'), ('ROS_PYTHON_VERSION', '3'), ('GNOME_SHELL_SESSION_MODE', 'ubuntu'), ('GTK_MODULES', 'gail:atk-bridge:appmenu-gtk-module'), ('SYSTEMD_EXEC_PID', '2670'), ('DBUS_SESSION_BUS_ADDRESS', 'unix:path=/run/user/1000/bus'), ('COLORTERM', 'truecolor'), ('IM_CONFIG_PHASE', '1'), ('WAYLAND_DISPLAY', 'wayland-0'), ('COLCON_PREFIX_PATH', '/home/ashutosh/cognipilot/electrode/install:/home/ashutosh/task_ws/install:/home/ashutosh/cognipilot/cranium/install'), ('ROS_DISTRO', 'humble'), ('LOGNAME', 'ashutosh'), ('_', '/usr/bin/colcon'), ('ROS_VERSION', '2'), ('XDG_SESSION_CLASS', 'user'), ('USERNAME', 'ashutosh'), ('TERM', 'xterm-256color'), ('GNOME_DESKTOP_SESSION_ID', 'this-is-deprecated'), ('ROS_LOCALHOST_ONLY', '0'), ('PATH', '/home/ashutosh/cognipilot/ws/cerebri/install/bin:/opt/ros/humble/bin:/home/ashutosh/.local/bin:/home/ashutosh/bin:/usr/local/sbin:/usr/local/bin:/usr/sbin:/usr/bin:/sbin:/bin:/usr/games:/usr/local/games:/snap/bin:/snap/bin'), ('SESSION_MANAGER', 'local/ashu-ka-pc:@/tmp/.ICE-unix/2627,unix/ashu-ka-pc:/tmp/.ICE-unix/2627'), ('XDG_MENU_PREFIX', 'gnome-'), ('GNOME_TERMINAL_SCREEN', '/org/gnome/Terminal/screen/8b59ace8_9d8d_4695_ace8_3e7adcd4a8c7'), ('GNOME_SETUP_DISPLAY', ':1'), ('XDG_RUNTIME_DIR', '/run/user/1000'), ('MUJOCO_PY_MUJOCO_PATH', '/home/ashutosh/.mujoco/mujoco210'), ('DISPLAY', ':0'), ('LANG', 'en_US.UTF-8'), ('XDG_CURRENT_DESKTOP', 'ubuntu:GNOME'), ('RMW_IMPLEMENTATION', 'rmw_cyclonedds_cpp'), ('XMODIFIERS', '@im=ibus'), ('XDG_SESSION_DESKTOP', 'ubuntu'), ('XAUTHORITY', '/run/user/1000/.mutter-Xwaylandauth.UR7EE3'), ('LS_COLORS', ''), ('GNOME_TERMINAL_SERVICE', ':1.131'), ('SSH_AGENT_LAUNCHER', 'gnome-keyring'), ('SSH_AUTH_SOCK', '/run/user/1000/keyring/ssh'), ('AMENT_PREFIX_PATH', '/home/ashutosh/task_ws/install/hii:/home/ashutosh/cognipilot/electrode/install/electrode:/home/ashutosh/cognipilot/cranium/install/synapse_ros:/home/ashutosh/cognipilot/cranium/install/synapse_gz:/home/ashutosh/cognipilot/cranium/install/synapse_tinyframe:/home/ashutosh/cognipilot/cranium/install/synapse_protobuf:/home/ashutosh/cognipilot/cranium/install/corti:/home/ashutosh/cognipilot/cranium/install/b3rb_ros_aim_india:/home/ashutosh/cognipilot/cranium/install/synapse_msgs:/home/ashutosh/cognipilot/cranium/install/dream_world:/home/ashutosh/cognipilot/cranium/install/cerebri_bringup:/home/ashutosh/cognipilot/cranium/install/b3rb_simulator:/home/ashutosh/cognipilot/cranium/install/b3rb_desktop:/home/ashutosh/cognipilot/cranium/install/b3rb_rviz:/home/ashutosh/cognipilot/cranium/install/b3rb_nav2:/home/ashutosh/cognipilot/cranium/install/b3rb_gz_resource:/home/ashutosh/cognipilot/cranium/install/b3rb_gz_bringup:/home/ashutosh/cognipilot/cranium/install/b3rb_description:/opt/ros/humble'), ('SHELL', '/bin/bash'), ('QT_ACCESSIBILITY', '1'), ('GDMSESSION', 'ubuntu'), ('LESSCLOSE', '/usr/bin/lesspipe %s %s'), ('CMAKE_EXPORT_COMPILE_COMMANDS', 'ON'), ('QT_IM_MODULE', 'ibus'), ('PWD', '/home/ashutosh/Desktop/lidar_ws/build/ydlidar_sdk'), ('TURTLEBOT3_MODEL', 'burger'), ('LC_ALL', 'en_US.UTF-8'), ('XDG_CONFIG_DIRS', '/etc/xdg/xdg-ubuntu:/etc/xdg'), ('XDG_DATA_DIRS', '/usr/share/ubuntu:/usr/local/share/:/usr/share/:/var/lib/snapd/desktop'), ('PYTHONPATH', '/home/ashutosh/task_ws/install/hii/lib/python3.10/site-packages:/home/ashutosh/cognipilot/cranium/install/corti/local/lib/python3.10/dist-packages:/home/ashutosh/cognipilot/cranium/install/b3rb_ros_aim_india/lib/python3.10/site-packages:/home/ashutosh/cognipilot/cranium/install/synapse_msgs/local/lib/python3.10/dist-packages:/opt/ros/humble/lib/python3.10/site-packages:/opt/ros/humble/local/lib/python3.10/dist-packages'), ('COLCON', '1'), ('VTE_VERSION', '6800'), ('CMAKE_PREFIX_PATH', '/home/ashutosh/cognipilot/electrode/install/electrode:/home/ashutosh/cognipilot/cranium/install/synapse_ros:/home/ashutosh/cognipilot/cranium/install/synapse_gz:/home/ashutosh/cognipilot/cranium/install/synapse_tinyframe:/home/ashutosh/cognipilot/cranium/install/synapse_protobuf:/home/ashutosh/cognipilot/cranium/install/corti:/home/ashutosh/cognipilot/cranium/install/synapse_msgs:/home/ashutosh/cognipilot/cranium/install/dream_world:/home/ashutosh/cognipilot/cranium/install/cerebri_bringup:/home/ashutosh/cognipilot/cranium/install/b3rb_simulator:/home/ashutosh/cognipilot/cranium/install/b3rb_desktop:/home/ashutosh/cognipilot/cranium/install/b3rb_rviz:/home/ashutosh/cognipilot/cranium/install/b3rb_nav2:/home/ashutosh/cognipilot/cranium/install/b3rb_gz_resource:/home/ashutosh/cognipilot/cranium/install/b3rb_gz_bringup:/home/ashutosh/cognipilot/cranium/install/b3rb_description')]), 'shell': False}
[0.065651] (ydlidar_ros2_driver) StdoutLine: {'line': b'-- Found ament_cmake: 1.3.12 (/opt/ros/humble/share/ament_cmake/cmake)\n'}
[0.099552] (-) TimerEvent: {}
[0.137030] (ydlidar_sdk) StdoutLine: {'line': b'[ 38%] Built target ydlidar_sdk\n'}
[0.185620] (ydlidar_sdk) StdoutLine: {'line': b'[ 61%] Built target gs_restart\n'}
[0.186048] (ydlidar_sdk) StdoutLine: {'line': b'[ 61%] Built target tea_test\n'}
[0.187232] (ydlidar_sdk) StdoutLine: {'line': b'[ 61%] Built target tia_test\n'}
[0.187690] (ydlidar_sdk) StdoutLine: {'line': b'[ 70%] Built target et_test\n'}
[0.187760] (ydlidar_sdk) StdoutLine: {'line': b'[ 70%] Built target sdm_test\n'}
[0.188198] (ydlidar_sdk) StdoutLine: {'line': b'[ 72%] Built target sdm18_test\n'}
[0.188416] (ydlidar_sdk) StdoutLine: {'line': b'[ 61%] Built target tof_test\n'}
[0.188604] (ydlidar_sdk) StdoutLine: {'line': b'[ 74%] Built target gs_test2\n'}
[0.188677] (ydlidar_sdk) StdoutLine: {'line': b'[ 74%] Built target gs_test\n'}
[0.188744] (ydlidar_sdk) StdoutLine: {'line': b'[ 61%] Built target gs_ota\n'}
[0.188814] (ydlidar_sdk) StdoutLine: {'line': b'[ 80%] Built target tmini_test\n'}
[0.188880] (ydlidar_sdk) StdoutLine: {'line': b'[ 81%] Built target tri_and_gs_test\n'}
[0.188969] (ydlidar_sdk) StdoutLine: {'line': b'[ 85%] Built target scl_test\n'}
[0.189583] (ydlidar_sdk) StdoutLine: {'line': b'[ 92%] Built target tri_test\n'}
[0.189726] (ydlidar_sdk) StdoutLine: {'line': b'[ 92%] Built target tri_restart\n'}
[0.191464] (ydlidar_sdk) StdoutLine: {'line': b'[ 96%] Built target tmini-sh_test\n'}
[0.199660] (-) TimerEvent: {}
[0.217944] (ydlidar_sdk) StdoutLine: {'line': b'[100%] Built target lidar_c_api_test\n'}
[0.237079] (ydlidar_sdk) CommandEnded: {'returncode': 0}
[0.239320] (ydlidar_sdk) JobProgress: {'identifier': 'ydlidar_sdk', 'progress': 'install'}
[0.245643] (ydlidar_ros2_driver) StdoutLine: {'line': b'-- Override CMake install command with custom implementation using symlinks instead of copying resources\n'}
[0.252003] (ydlidar_sdk) Command: {'cmd': ['/usr/bin/cmake', '--install', '/home/ashutosh/Desktop/lidar_ws/build/ydlidar_sdk'], 'cwd': '/home/ashutosh/Desktop/lidar_ws/build/ydlidar_sdk', 'env': OrderedDict([('LESSOPEN', '| /usr/bin/lesspipe %s'), ('PYTHONWARNINGS', 'ignore:::setuptools.installer,ignore:::setuptools.command.install,ignore:::setuptools.command.easy_install'), ('CCACHE_TEMPDIR', '/tmp/ccache'), ('GZ_SIM_RESOURCE_PATH', '/home/ashutosh/cognipilot/cranium/install/dream_world/share/dream_world/worlds:/home/ashutosh/cognipilot/cranium/install/dream_world/share/dream_world/models:/home/ashutosh/cognipilot/cranium/install/b3rb_gz_resource/share/b3rb_gz_resource/models'), ('LANGUAGE', 'en_IN:en'), ('USER', 'ashutosh'), ('XDG_SESSION_TYPE', 'wayland'), ('SHLVL', '1'), ('LD_LIBRARY_PATH', '/home/ashutosh/cognipilot/cranium/install/synapse_tinyframe/lib:/home/ashutosh/cognipilot/cranium/install/synapse_protobuf/lib:/home/ashutosh/cognipilot/cranium/install/synapse_msgs/lib:/usr/lib/x86_64-linux-gnu/gazebo-11/plugins:/opt/ros/humble/opt/rviz_ogre_vendor/lib:/opt/ros/humble/lib/x86_64-linux-gnu:/opt/ros/humble/lib:/home/ashutosh/.mujoco/mujoco210/bin'), ('HOME', '/home/ashutosh'), ('OLDPWD', '/home/ashutosh'), ('DESKTOP_SESSION', 'ubuntu'), ('ROS_PYTHON_VERSION', '3'), ('GNOME_SHELL_SESSION_MODE', 'ubuntu'), ('GTK_MODULES', 'gail:atk-bridge:appmenu-gtk-module'), ('SYSTEMD_EXEC_PID', '2670'), ('DBUS_SESSION_BUS_ADDRESS', 'unix:path=/run/user/1000/bus'), ('COLORTERM', 'truecolor'), ('IM_CONFIG_PHASE', '1'), ('WAYLAND_DISPLAY', 'wayland-0'), ('COLCON_PREFIX_PATH', '/home/ashutosh/cognipilot/electrode/install:/home/ashutosh/task_ws/install:/home/ashutosh/cognipilot/cranium/install'), ('ROS_DISTRO', 'humble'), ('LOGNAME', 'ashutosh'), ('_', '/usr/bin/colcon'), ('ROS_VERSION', '2'), ('XDG_SESSION_CLASS', 'user'), ('USERNAME', 'ashutosh'), ('TERM', 'xterm-256color'), ('GNOME_DESKTOP_SESSION_ID', 'this-is-deprecated'), ('ROS_LOCALHOST_ONLY', '0'), ('PATH', '/home/ashutosh/cognipilot/ws/cerebri/install/bin:/opt/ros/humble/bin:/home/ashutosh/.local/bin:/home/ashutosh/bin:/usr/local/sbin:/usr/local/bin:/usr/sbin:/usr/bin:/sbin:/bin:/usr/games:/usr/local/games:/snap/bin:/snap/bin'), ('SESSION_MANAGER', 'local/ashu-ka-pc:@/tmp/.ICE-unix/2627,unix/ashu-ka-pc:/tmp/.ICE-unix/2627'), ('XDG_MENU_PREFIX', 'gnome-'), ('GNOME_TERMINAL_SCREEN', '/org/gnome/Terminal/screen/8b59ace8_9d8d_4695_ace8_3e7adcd4a8c7'), ('GNOME_SETUP_DISPLAY', ':1'), ('XDG_RUNTIME_DIR', '/run/user/1000'), ('MUJOCO_PY_MUJOCO_PATH', '/home/ashutosh/.mujoco/mujoco210'), ('DISPLAY', ':0'), ('LANG', 'en_US.UTF-8'), ('XDG_CURRENT_DESKTOP', 'ubuntu:GNOME'), ('RMW_IMPLEMENTATION', 'rmw_cyclonedds_cpp'), ('XMODIFIERS', '@im=ibus'), ('XDG_SESSION_DESKTOP', 'ubuntu'), ('XAUTHORITY', '/run/user/1000/.mutter-Xwaylandauth.UR7EE3'), ('LS_COLORS', ''), ('GNOME_TERMINAL_SERVICE', ':1.131'), ('SSH_AGENT_LAUNCHER', 'gnome-keyring'), ('SSH_AUTH_SOCK', '/run/user/1000/keyring/ssh'), ('AMENT_PREFIX_PATH', '/home/ashutosh/task_ws/install/hii:/home/ashutosh/cognipilot/electrode/install/electrode:/home/ashutosh/cognipilot/cranium/install/synapse_ros:/home/ashutosh/cognipilot/cranium/install/synapse_gz:/home/ashutosh/cognipilot/cranium/install/synapse_tinyframe:/home/ashutosh/cognipilot/cranium/install/synapse_protobuf:/home/ashutosh/cognipilot/cranium/install/corti:/home/ashutosh/cognipilot/cranium/install/b3rb_ros_aim_india:/home/ashutosh/cognipilot/cranium/install/synapse_msgs:/home/ashutosh/cognipilot/cranium/install/dream_world:/home/ashutosh/cognipilot/cranium/install/cerebri_bringup:/home/ashutosh/cognipilot/cranium/install/b3rb_simulator:/home/ashutosh/cognipilot/cranium/install/b3rb_desktop:/home/ashutosh/cognipilot/cranium/install/b3rb_rviz:/home/ashutosh/cognipilot/cranium/install/b3rb_nav2:/home/ashutosh/cognipilot/cranium/install/b3rb_gz_resource:/home/ashutosh/cognipilot/cranium/install/b3rb_gz_bringup:/home/ashutosh/cognipilot/cranium/install/b3rb_description:/opt/ros/humble'), ('SHELL', '/bin/bash'), ('QT_ACCESSIBILITY', '1'), ('GDMSESSION', 'ubuntu'), ('LESSCLOSE', '/usr/bin/lesspipe %s %s'), ('CMAKE_EXPORT_COMPILE_COMMANDS', 'ON'), ('QT_IM_MODULE', 'ibus'), ('PWD', '/home/ashutosh/Desktop/lidar_ws/build/ydlidar_sdk'), ('TURTLEBOT3_MODEL', 'burger'), ('LC_ALL', 'en_US.UTF-8'), ('XDG_CONFIG_DIRS', '/etc/xdg/xdg-ubuntu:/etc/xdg'), ('XDG_DATA_DIRS', '/usr/share/ubuntu:/usr/local/share/:/usr/share/:/var/lib/snapd/desktop'), ('PYTHONPATH', '/home/ashutosh/task_ws/install/hii/lib/python3.10/site-packages:/home/ashutosh/cognipilot/cranium/install/corti/local/lib/python3.10/dist-packages:/home/ashutosh/cognipilot/cranium/install/b3rb_ros_aim_india/lib/python3.10/site-packages:/home/ashutosh/cognipilot/cranium/install/synapse_msgs/local/lib/python3.10/dist-packages:/opt/ros/humble/lib/python3.10/site-packages:/opt/ros/humble/local/lib/python3.10/dist-packages'), ('COLCON', '1'), ('VTE_VERSION', '6800'), ('CMAKE_PREFIX_PATH', '/home/ashutosh/cognipilot/electrode/install/electrode:/home/ashutosh/cognipilot/cranium/install/synapse_ros:/home/ashutosh/cognipilot/cranium/install/synapse_gz:/home/ashutosh/cognipilot/cranium/install/synapse_tinyframe:/home/ashutosh/cognipilot/cranium/install/synapse_protobuf:/home/ashutosh/cognipilot/cranium/install/corti:/home/ashutosh/cognipilot/cranium/install/synapse_msgs:/home/ashutosh/cognipilot/cranium/install/dream_world:/home/ashutosh/cognipilot/cranium/install/cerebri_bringup:/home/ashutosh/cognipilot/cranium/install/b3rb_simulator:/home/ashutosh/cognipilot/cranium/install/b3rb_desktop:/home/ashutosh/cognipilot/cranium/install/b3rb_rviz:/home/ashutosh/cognipilot/cranium/install/b3rb_nav2:/home/ashutosh/cognipilot/cranium/install/b3rb_gz_resource:/home/ashutosh/cognipilot/cranium/install/b3rb_gz_bringup:/home/ashutosh/cognipilot/cranium/install/b3rb_description')]), 'shell': False}
[0.263241] (ydlidar_sdk) StdoutLine: {'line': b'-- Install configuration: ""\n'}
[0.263661] (ydlidar_sdk) StdoutLine: {'line': b'-- Up-to-date: /home/ashutosh/Desktop/lidar_ws/install/ydlidar_sdk/include/core/base/datatype.h\n'}
[0.263795] (ydlidar_sdk) StdoutLine: {'line': b'-- Up-to-date: /home/ashutosh/Desktop/lidar_ws/install/ydlidar_sdk/include/core/base/locker.h\n'}
[0.263914] (ydlidar_sdk) StdoutLine: {'line': b'-- Up-to-date: /home/ashutosh/Desktop/lidar_ws/install/ydlidar_sdk/include/core/base/thread.h\n'}
[0.264029] (ydlidar_sdk) StdoutLine: {'line': b'-- Up-to-date: /home/ashutosh/Desktop/lidar_ws/install/ydlidar_sdk/include/core/base/timer.h\n'}
[0.264164] (ydlidar_sdk) StdoutLine: {'line': b'-- Up-to-date: /home/ashutosh/Desktop/lidar_ws/install/ydlidar_sdk/include/core/base/typedef.h\n'}
[0.264389] (ydlidar_sdk) StdoutLine: {'line': b'-- Up-to-date: /home/ashutosh/Desktop/lidar_ws/install/ydlidar_sdk/include/core/base/utils.h\n'}
[0.264511] (ydlidar_sdk) StdoutLine: {'line': b'-- Up-to-date: /home/ashutosh/Desktop/lidar_ws/install/ydlidar_sdk/include/core/base/v8stdint.h\n'}
[0.264627] (ydlidar_sdk) StdoutLine: {'line': b'-- Up-to-date: /home/ashutosh/Desktop/lidar_ws/install/ydlidar_sdk/include/core/base/ydlidar.h\n'}
[0.264947] (ydlidar_sdk) StdoutLine: {'line': b'-- Up-to-date: /home/ashutosh/Desktop/lidar_ws/install/ydlidar_sdk/include/core/common/ChannelDevice.h\n'}
[0.265067] (ydlidar_sdk) StdoutLine: {'line': b'-- Up-to-date: /home/ashutosh/Desktop/lidar_ws/install/ydlidar_sdk/include/core/common/DriverInterface.h\n'}
[0.265271] (ydlidar_sdk) StdoutLine: {'line': b'-- Up-to-date: /home/ashutosh/Desktop/lidar_ws/install/ydlidar_sdk/include/core/common/ydlidar_datatype.h\n'}
[0.265396] (ydlidar_sdk) StdoutLine: {'line': b'-- Up-to-date: /home/ashutosh/Desktop/lidar_ws/install/ydlidar_sdk/include/core/common/ydlidar_def.h\n'}
[0.265514] (ydlidar_sdk) StdoutLine: {'line': b'-- Up-to-date: /home/ashutosh/Desktop/lidar_ws/install/ydlidar_sdk/include/core/common/ydlidar_help.h\n'}
[0.265630] (ydlidar_sdk) StdoutLine: {'line': b'-- Up-to-date: /home/ashutosh/Desktop/lidar_ws/install/ydlidar_sdk/include/core/common/ydlidar_protocol.h\n'}
[0.265774] (ydlidar_sdk) StdoutLine: {'line': b'-- Up-to-date: /home/ashutosh/Desktop/lidar_ws/install/ydlidar_sdk/include/core/json/cJSON.h\n'}
[0.265861] (ydlidar_sdk) StdoutLine: {'line': b'-- Up-to-date: /home/ashutosh/Desktop/lidar_ws/install/ydlidar_sdk/include/core/math/angles.h\n'}
[0.265919] (ydlidar_sdk) StdoutLine: {'line': b'-- Up-to-date: /home/ashutosh/Desktop/lidar_ws/install/ydlidar_sdk/include/core/network/ActiveSocket.h\n'}
[0.265994] (ydlidar_sdk) StdoutLine: {'line': b'-- Up-to-date: /home/ashutosh/Desktop/lidar_ws/install/ydlidar_sdk/include/core/network/PassiveSocket.h\n'}
[0.266077] (ydlidar_sdk) StdoutLine: {'line': b'-- Up-to-date: /home/ashutosh/Desktop/lidar_ws/install/ydlidar_sdk/include/core/network/SimpleSocket.h\n'}
[0.266165] (ydlidar_sdk) StdoutLine: {'line': b'-- Up-to-date: /home/ashutosh/Desktop/lidar_ws/install/ydlidar_sdk/include/core/network/StatTimer.h\n'}
[0.266225] (ydlidar_sdk) StdoutLine: {'line': b'-- Up-to-date: /home/ashutosh/Desktop/lidar_ws/install/ydlidar_sdk/include/core/serial/common.h\n'}
[0.266309] (ydlidar_sdk) StdoutLine: {'line': b'-- Up-to-date: /home/ashutosh/Desktop/lidar_ws/install/ydlidar_sdk/include/core/serial/serial.h\n'}
[0.266383] (ydlidar_sdk) StdoutLine: {'line': b'-- Up-to-date: /home/ashutosh/Desktop/lidar_ws/install/ydlidar_sdk/include/core/serial/impl/unix/lock.h\n'}
[0.266459] (ydlidar_sdk) StdoutLine: {'line': b'-- Up-to-date: /home/ashutosh/Desktop/lidar_ws/install/ydlidar_sdk/include/core/serial/impl/unix/unix.h\n'}
[0.266561] (ydlidar_sdk) StdoutLine: {'line': b'-- Up-to-date: /home/ashutosh/Desktop/lidar_ws/install/ydlidar_sdk/include/core/serial/impl/unix/unix_serial.h\n'}
[0.266628] (ydlidar_sdk) StdoutLine: {'line': b'-- Up-to-date: /home/ashutosh/Desktop/lidar_ws/install/ydlidar_sdk/include/src/CYdLidar.h\n'}
[0.266706] (ydlidar_sdk) StdoutLine: {'line': b'-- Up-to-date: /home/ashutosh/Desktop/lidar_ws/install/ydlidar_sdk/include/src/DTSLidarDriver.h\n'}
[0.266786] (ydlidar_sdk) StdoutLine: {'line': b'-- Up-to-date: /home/ashutosh/Desktop/lidar_ws/install/ydlidar_sdk/include/src/ETLidarDriver.h\n'}
[0.266872] (ydlidar_sdk) StdoutLine: {'line': b'-- Up-to-date: /home/ashutosh/Desktop/lidar_ws/install/ydlidar_sdk/include/src/GSLidarDriver.h\n'}
[0.266950] (ydlidar_sdk) StdoutLine: {'line': b'-- Up-to-date: /home/ashutosh/Desktop/lidar_ws/install/ydlidar_sdk/include/src/SDMLidarDriver.h\n'}
[0.267025] (ydlidar_sdk) StdoutLine: {'line': b'-- Up-to-date: /home/ashutosh/Desktop/lidar_ws/install/ydlidar_sdk/include/src/TiaLidarDriver.h\n'}
[0.267094] (ydlidar_sdk) StdoutLine: {'line': b'-- Up-to-date: /home/ashutosh/Desktop/lidar_ws/install/ydlidar_sdk/include/src/YDlidarDriver.h\n'}
[0.267172] (ydlidar_sdk) StdoutLine: {'line': b'-- Up-to-date: /home/ashutosh/Desktop/lidar_ws/install/ydlidar_sdk/include/src/ydlidar_sdk.h\n'}
[0.267238] (ydlidar_sdk) StdoutLine: {'line': b'-- Up-to-date: /home/ashutosh/Desktop/lidar_ws/install/ydlidar_sdk/include/src/filters/FilterInterface.h\n'}
[0.267351] (ydlidar_sdk) StdoutLine: {'line': b'-- Up-to-date: /home/ashutosh/Desktop/lidar_ws/install/ydlidar_sdk/include/src/filters/NoiseFilter.h\n'}
[0.267447] (ydlidar_sdk) StdoutLine: {'line': b'-- Up-to-date: /home/ashutosh/Desktop/lidar_ws/install/ydlidar_sdk/include/src/filters/StrongLightFilter.h\n'}
[0.267564] (ydlidar_sdk) StdoutLine: {'line': b'-- Up-to-date: /home/ashutosh/Desktop/lidar_ws/install/ydlidar_sdk/include/ydlidar_config.h\n'}
[0.267639] (ydlidar_sdk) StdoutLine: {'line': b'-- Up-to-date: /home/ashutosh/Desktop/lidar_ws/install/ydlidar_sdk/lib/libydlidar_sdk.a\n'}
[0.267717] (ydlidar_sdk) StdoutLine: {'line': b'-- Up-to-date: /home/ashutosh/Desktop/lidar_ws/install/ydlidar_sdk/lib/pkgconfig/YDLIDAR_SDK.pc\n'}
[0.267800] (ydlidar_sdk) StdoutLine: {'line': b'-- Up-to-date: /home/ashutosh/Desktop/lidar_ws/install/ydlidar_sdk/lib/cmake/ydlidar_sdk/ydlidar_sdkConfig.cmake\n'}
[0.267884] (ydlidar_sdk) StdoutLine: {'line': b'-- Up-to-date: /home/ashutosh/Desktop/lidar_ws/install/ydlidar_sdk/lib/cmake/ydlidar_sdk/ydlidar_sdkTargets.cmake\n'}
[0.268038] (ydlidar_sdk) StdoutLine: {'line': b'-- Up-to-date: /home/ashutosh/Desktop/lidar_ws/install/ydlidar_sdk/lib/cmake/ydlidar_sdk/ydlidar_sdkConfigVersion.cmake\n'}
[0.268102] (ydlidar_sdk) StdoutLine: {'line': b'-- Up-to-date: /home/ashutosh/Desktop/lidar_ws/install/ydlidar_sdk/share/YDLIDAR_SDK/FindYDLIDAR_SDK.cmake\n'}
[0.268195] (ydlidar_sdk) StdoutLine: {'line': b'-- Up-to-date: /home/ashutosh/Desktop/lidar_ws/install/ydlidar_sdk/share/YDLIDAR_SDK\n'}
[0.268282] (ydlidar_sdk) StdoutLine: {'line': b'-- Up-to-date: /home/ashutosh/Desktop/lidar_ws/install/ydlidar_sdk/share/YDLIDAR_SDK/PkgConfig.pc.in\n'}
[0.268358] (ydlidar_sdk) StdoutLine: {'line': b'-- Up-to-date: /home/ashutosh/Desktop/lidar_ws/install/ydlidar_sdk/share/YDLIDAR_SDK/FindPackage.cmake.in\n'}
[0.268430] (ydlidar_sdk) StdoutLine: {'line': b'-- Up-to-date: /home/ashutosh/Desktop/lidar_ws/install/ydlidar_sdk/share/YDLIDAR_SDK/script_show_final_summary.cmake\n'}
[0.268502] (ydlidar_sdk) StdoutLine: {'line': b'-- Up-to-date: /home/ashutosh/Desktop/lidar_ws/install/ydlidar_sdk/share/YDLIDAR_SDK/PackageConfig.cmake.in\n'}
[0.268573] (ydlidar_sdk) StdoutLine: {'line': b'-- Up-to-date: /home/ashutosh/Desktop/lidar_ws/install/ydlidar_sdk/share/YDLIDAR_SDK/install_package.cmake\n'}
[0.268633] (ydlidar_sdk) StdoutLine: {'line': b'-- Up-to-date: /home/ashutosh/Desktop/lidar_ws/install/ydlidar_sdk/share/YDLIDAR_SDK/cmake_uninstall.cmake.in\n'}
[0.268703] (ydlidar_sdk) StdoutLine: {'line': b'-- Up-to-date: /home/ashutosh/Desktop/lidar_ws/install/ydlidar_sdk/share/YDLIDAR_SDK/common\n'}
[0.268784] (ydlidar_sdk) StdoutLine: {'line': b'-- Up-to-date: /home/ashutosh/Desktop/lidar_ws/install/ydlidar_sdk/share/YDLIDAR_SDK/common/ydlidar_base.cmake\n'}
[0.268840] (ydlidar_sdk) StdoutLine: {'line': b'-- Up-to-date: /home/ashutosh/Desktop/lidar_ws/install/ydlidar_sdk/share/YDLIDAR_SDK/common/ydlidar_parse.cmake\n'}
[0.268896] (ydlidar_sdk) StdoutLine: {'line': b'-- Up-to-date: /home/ashutosh/Desktop/lidar_ws/install/ydlidar_sdk/share/YDLIDAR_SDK/PackageConfigVersion.cmake.in\n'}
[0.268972] (ydlidar_sdk) StdoutLine: {'line': b'-- Up-to-date: /home/ashutosh/Desktop/lidar_ws/install/ydlidar_sdk/share/YDLIDAR_SDK/LICENSE.txt\n'}
[0.269029] (ydlidar_sdk) StdoutLine: {'line': b'-- Up-to-date: /home/ashutosh/Desktop/lidar_ws/install/ydlidar_sdk/share/YDLIDAR_SDK/README.md\n'}
[0.269085] (ydlidar_sdk) StdoutLine: {'line': b'-- Up-to-date: /home/ashutosh/Desktop/lidar_ws/install/ydlidar_sdk/share/YDLIDAR_SDK/doc\n'}
[0.269163] (ydlidar_sdk) StdoutLine: {'line': b'-- Up-to-date: /home/ashutosh/Desktop/lidar_ws/install/ydlidar_sdk/share/YDLIDAR_SDK/doc/YDLidar-SDK-Communication-Protocol.html\n'}
[0.269224] (ydlidar_sdk) StdoutLine: {'line': b'-- Up-to-date: /home/ashutosh/Desktop/lidar_ws/install/ydlidar_sdk/share/YDLIDAR_SDK/doc/quickstart\n'}
[0.269280] (ydlidar_sdk) StdoutLine: {'line': b'-- Up-to-date: /home/ashutosh/Desktop/lidar_ws/install/ydlidar_sdk/share/YDLIDAR_SDK/doc/quickstart/ydlidar_sdk_software_installation_guide.md\n'}
[0.269339] (ydlidar_sdk) StdoutLine: {'line': b'-- Up-to-date: /home/ashutosh/Desktop/lidar_ws/install/ydlidar_sdk/share/YDLIDAR_SDK/doc/quickstart/README.md\n'}
[0.269395] (ydlidar_sdk) StdoutLine: {'line': b'-- Up-to-date: /home/ashutosh/Desktop/lidar_ws/install/ydlidar_sdk/share/YDLIDAR_SDK/doc/Diagram.md\n'}
[0.269449] (ydlidar_sdk) StdoutLine: {'line': b'-- Up-to-date: /home/ashutosh/Desktop/lidar_ws/install/ydlidar_sdk/share/YDLIDAR_SDK/doc/YDLIDAR_SDK_API_for_Developers.md\n'}
[0.269515] (ydlidar_sdk) StdoutLine: {'line': b'-- Up-to-date: /home/ashutosh/Desktop/lidar_ws/install/ydlidar_sdk/share/YDLIDAR_SDK/doc/FAQs\n'}
[0.269571] (ydlidar_sdk) StdoutLine: {'line': b'-- Up-to-date: /home/ashutosh/Desktop/lidar_ws/install/ydlidar_sdk/share/YDLIDAR_SDK/doc/FAQs/Software_FAQs_cn.md\n'}
[0.269626] (ydlidar_sdk) StdoutLine: {'line': b'-- Up-to-date: /home/ashutosh/Desktop/lidar_ws/install/ydlidar_sdk/share/YDLIDAR_SDK/doc/FAQs/General_FAQs.md\n'}
[0.269682] (ydlidar_sdk) StdoutLine: {'line': b'-- Up-to-date: /home/ashutosh/Desktop/lidar_ws/install/ydlidar_sdk/share/YDLIDAR_SDK/doc/FAQs/Hardware_FAQs_cn.md\n'}
[0.269738] (ydlidar_sdk) StdoutLine: {'line': b'-- Up-to-date: /home/ashutosh/Desktop/lidar_ws/install/ydlidar_sdk/share/YDLIDAR_SDK/doc/FAQs/Hardware_FAQs.md\n'}
[0.269794] (ydlidar_sdk) StdoutLine: {'line': b'-- Up-to-date: /home/ashutosh/Desktop/lidar_ws/install/ydlidar_sdk/share/YDLIDAR_SDK/doc/FAQs/Software_FAQs.md\n'}
[0.269849] (ydlidar_sdk) StdoutLine: {'line': b'-- Up-to-date: /home/ashutosh/Desktop/lidar_ws/install/ydlidar_sdk/share/YDLIDAR_SDK/doc/FAQs/General_FAQs_cn.md\n'}
[0.269904] (ydlidar_sdk) StdoutLine: {'line': b'-- Up-to-date: /home/ashutosh/Desktop/lidar_ws/install/ydlidar_sdk/share/YDLIDAR_SDK/doc/FAQs/README.md\n'}
[0.269959] (ydlidar_sdk) StdoutLine: {'line': b'-- Up-to-date: /home/ashutosh/Desktop/lidar_ws/install/ydlidar_sdk/share/YDLIDAR_SDK/doc/Dataset.md\n'}
[0.270015] (ydlidar_sdk) StdoutLine: {'line': b'-- Up-to-date: /home/ashutosh/Desktop/lidar_ws/install/ydlidar_sdk/share/YDLIDAR_SDK/doc/images\n'}
[0.270069] (ydlidar_sdk) StdoutLine: {'line': b'-- Up-to-date: /home/ashutosh/Desktop/lidar_ws/install/ydlidar_sdk/share/YDLIDAR_SDK/doc/images/communication_mechanism.png\n'}
[0.270159] (ydlidar_sdk) StdoutLine: {'line': b'-- Up-to-date: /home/ashutosh/Desktop/lidar_ws/install/ydlidar_sdk/share/YDLIDAR_SDK/doc/images/EAI.png\n'}
[0.270224] (ydlidar_sdk) StdoutLine: {'line': b'-- Up-to-date: /home/ashutosh/Desktop/lidar_ws/install/ydlidar_sdk/share/YDLIDAR_SDK/doc/images/YDLidar.png\n'}
[0.270284] (ydlidar_sdk) StdoutLine: {'line': b'-- Up-to-date: /home/ashutosh/Desktop/lidar_ws/install/ydlidar_sdk/share/YDLIDAR_SDK/doc/images/system_workflow.png\n'}
[0.270338] (ydlidar_sdk) StdoutLine: {'line': b'-- Up-to-date: /home/ashutosh/Desktop/lidar_ws/install/ydlidar_sdk/share/YDLIDAR_SDK/doc/images/frame.png\n'}
[0.270394] (ydlidar_sdk) StdoutLine: {'line': b'-- Up-to-date: /home/ashutosh/Desktop/lidar_ws/install/ydlidar_sdk/share/YDLIDAR_SDK/doc/images/YDLidar.jpg\n'}
[0.270458] (ydlidar_sdk) StdoutLine: {'line': b'-- Up-to-date: /home/ashutosh/Desktop/lidar_ws/install/ydlidar_sdk/share/YDLIDAR_SDK/doc/images/angle_q2.png\n'}
[0.270513] (ydlidar_sdk) StdoutLine: {'line': b'-- Up-to-date: /home/ashutosh/Desktop/lidar_ws/install/ydlidar_sdk/share/YDLIDAR_SDK/doc/images/sdk_init.png\n'}
[0.270570] (ydlidar_sdk) StdoutLine: {'line': b'-- Up-to-date: /home/ashutosh/Desktop/lidar_ws/install/ydlidar_sdk/share/YDLIDAR_SDK/doc/images/FlowChart.png\n'}
[0.270626] (ydlidar_sdk) StdoutLine: {'line': b'-- Up-to-date: /home/ashutosh/Desktop/lidar_ws/install/ydlidar_sdk/share/YDLIDAR_SDK/doc/images/sequence.png\n'}
[0.270680] (ydlidar_sdk) StdoutLine: {'line': b'-- Up-to-date: /home/ashutosh/Desktop/lidar_ws/install/ydlidar_sdk/share/YDLIDAR_SDK/doc/images/sdk_scanning.png\n'}
[0.270735] (ydlidar_sdk) StdoutLine: {'line': b'-- Up-to-date: /home/ashutosh/Desktop/lidar_ws/install/ydlidar_sdk/share/YDLIDAR_SDK/doc/images/sdk_architecture.png\n'}
[0.270791] (ydlidar_sdk) StdoutLine: {'line': b'-- Up-to-date: /home/ashutosh/Desktop/lidar_ws/install/ydlidar_sdk/share/YDLIDAR_SDK/doc/images/frame_intensity.png\n'}
[0.270848] (ydlidar_sdk) StdoutLine: {'line': b'-- Up-to-date: /home/ashutosh/Desktop/lidar_ws/install/ydlidar_sdk/share/YDLIDAR_SDK/doc/Tutorials.md\n'}
[0.270904] (ydlidar_sdk) StdoutLine: {'line': b'-- Up-to-date: /home/ashutosh/Desktop/lidar_ws/install/ydlidar_sdk/share/YDLIDAR_SDK/doc/YDLidar-SDK-Communication-Protocol.md\n'}
[0.270960] (ydlidar_sdk) StdoutLine: {'line': b'-- Up-to-date: /home/ashutosh/Desktop/lidar_ws/install/ydlidar_sdk/share/YDLIDAR_SDK/doc/tutorials\n'}
[0.271015] (ydlidar_sdk) StdoutLine: {'line': b'-- Up-to-date: /home/ashutosh/Desktop/lidar_ws/install/ydlidar_sdk/share/YDLIDAR_SDK/doc/tutorials/writing_lidar_tutorial_python.md\n'}
[0.271071] (ydlidar_sdk) StdoutLine: {'line': b'-- Up-to-date: /home/ashutosh/Desktop/lidar_ws/install/ydlidar_sdk/share/YDLIDAR_SDK/doc/tutorials/writing_lidar_tutorial_c++.md\n'}
[0.271139] (ydlidar_sdk) StdoutLine: {'line': b'-- Up-to-date: /home/ashutosh/Desktop/lidar_ws/install/ydlidar_sdk/share/YDLIDAR_SDK/doc/tutorials/writing_lidar_tutorial_c.md\n'}
[0.271209] (ydlidar_sdk) StdoutLine: {'line': b'-- Up-to-date: /home/ashutosh/Desktop/lidar_ws/install/ydlidar_sdk/share/YDLIDAR_SDK/doc/tutorials/examine_the_simple_lidar_tutorial.md\n'}
[0.271265] (ydlidar_sdk) StdoutLine: {'line': b'-- Up-to-date: /home/ashutosh/Desktop/lidar_ws/install/ydlidar_sdk/share/YDLIDAR_SDK/doc/tutorials/writing_lidar_network_adapter_tutorial_c++.md\n'}
[0.271319] (ydlidar_sdk) StdoutLine: {'line': b'-- Up-to-date: /home/ashutosh/Desktop/lidar_ws/install/ydlidar_sdk/share/YDLIDAR_SDK/doc/howto\n'}
[0.271376] (ydlidar_sdk) StdoutLine: {'line': b'-- Up-to-date: /home/ashutosh/Desktop/lidar_ws/install/ydlidar_sdk/share/YDLIDAR_SDK/doc/howto/how_to_create_a_udev_rules.md\n'}
[0.271432] (ydlidar_sdk) StdoutLine: {'line': b'-- Up-to-date: /home/ashutosh/Desktop/lidar_ws/install/ydlidar_sdk/share/YDLIDAR_SDK/doc/howto/how_to_solve_slow_pull_from_cn.md\n'}
[0.271496] (ydlidar_sdk) StdoutLine: {'line': b'-- Up-to-date: /home/ashutosh/Desktop/lidar_ws/install/ydlidar_sdk/share/YDLIDAR_SDK/doc/howto/how_to_build_and_install.md\n'}
[0.271551] (ydlidar_sdk) StdoutLine: {'line': b'-- Up-to-date: /home/ashutosh/Desktop/lidar_ws/install/ydlidar_sdk/share/YDLIDAR_SDK/doc/howto/images\n'}
[0.271607] (ydlidar_sdk) StdoutLine: {'line': b'-- Up-to-date: /home/ashutosh/Desktop/lidar_ws/install/ydlidar_sdk/share/YDLIDAR_SDK/doc/howto/images/ydlidar_lidar_monitor.png\n'}
[0.271709] (ydlidar_sdk) StdoutLine: {'line': b'-- Up-to-date: /home/ashutosh/Desktop/lidar_ws/install/ydlidar_sdk/share/YDLIDAR_SDK/doc/howto/images/csharp_running.png\n'}
[0.271770] (ydlidar_sdk) StdoutLine: {'line': b'-- Up-to-date: /home/ashutosh/Desktop/lidar_ws/install/ydlidar_sdk/share/YDLIDAR_SDK/doc/howto/images/vscode\n'}
[0.271825] (ydlidar_sdk) StdoutLine: {'line': b'-- Up-to-date: /home/ashutosh/Desktop/lidar_ws/install/ydlidar_sdk/share/YDLIDAR_SDK/doc/howto/images/vscode/run_tasks.jpg\n'}
[0.271891] (ydlidar_sdk) StdoutLine: {'line': b'-- Up-to-date: /home/ashutosh/Desktop/lidar_ws/install/ydlidar_sdk/share/YDLIDAR_SDK/doc/howto/images/vscode/tasks.png\n'}
[0.271948] (ydlidar_ros2_driver) StdoutLine: {'line': b'-- Found rclcpp: 16.0.15 (/opt/ros/humble/share/rclcpp/cmake)\n'}
[0.272022] (ydlidar_sdk) StdoutLine: {'line': b'-- Up-to-date: /home/ashutosh/Desktop/lidar_ws/install/ydlidar_sdk/share/YDLIDAR_SDK/doc/howto/images/csharp_build.png\n'}
[0.272078] (ydlidar_sdk) StdoutLine: {'line': b'-- Up-to-date: /home/ashutosh/Desktop/lidar_ws/install/ydlidar_sdk/share/YDLIDAR_SDK/doc/howto/images/ttyUSB1.png\n'}
[0.272147] (ydlidar_sdk) StdoutLine: {'line': b'-- Up-to-date: /home/ashutosh/Desktop/lidar_ws/install/ydlidar_sdk/share/YDLIDAR_SDK/doc/howto/images/csharp_library.png\n'}
[0.272218] (ydlidar_sdk) StdoutLine: {'line': b'-- Up-to-date: /home/ashutosh/Desktop/lidar_ws/install/ydlidar_sdk/share/YDLIDAR_SDK/doc/howto/images/ttyUSB0.png\n'}
[0.272275] (ydlidar_sdk) StdoutLine: {'line': b'-- Up-to-date: /home/ashutosh/Desktop/lidar_ws/install/ydlidar_sdk/share/YDLIDAR_SDK/doc/howto/images/sdk_init.png\n'}
[0.272330] (ydlidar_sdk) StdoutLine: {'line': b'-- Up-to-date: /home/ashutosh/Desktop/lidar_ws/install/ydlidar_sdk/share/YDLIDAR_SDK/doc/howto/images/csharp_exception.png\n'}
[0.272444] (ydlidar_sdk) StdoutLine: {'line': b'-- Up-to-date: /home/ashutosh/Desktop/lidar_ws/install/ydlidar_sdk/share/YDLIDAR_SDK/doc/howto/images/cpack.png\n'}
[0.272500] (ydlidar_sdk) StdoutLine: {'line': b'-- Up-to-date: /home/ashutosh/Desktop/lidar_ws/install/ydlidar_sdk/share/YDLIDAR_SDK/doc/howto/images/sequence.png\n'}
[0.272556] (ydlidar_sdk) StdoutLine: {'line': b'-- Up-to-date: /home/ashutosh/Desktop/lidar_ws/install/ydlidar_sdk/share/YDLIDAR_SDK/doc/howto/images/sdk_scanning.png\n'}
[0.272610] (ydlidar_sdk) StdoutLine: {'line': b'-- Up-to-date: /home/ashutosh/Desktop/lidar_ws/install/ydlidar_sdk/share/YDLIDAR_SDK/doc/howto/images/csharp_project.png\n'}
[0.272665] (ydlidar_sdk) StdoutLine: {'line': b'-- Up-to-date: /home/ashutosh/Desktop/lidar_ws/install/ydlidar_sdk/share/YDLIDAR_SDK/doc/howto/how_to_create_a_pull.md\n'}
[0.272721] (ydlidar_sdk) StdoutLine: {'line': b'-- Up-to-date: /home/ashutosh/Desktop/lidar_ws/install/ydlidar_sdk/share/YDLIDAR_SDK/doc/howto/how_to_build_and_debug_using_vscode.md\n'}
[0.272780] (ydlidar_sdk) StdoutLine: {'line': b'-- Up-to-date: /home/ashutosh/Desktop/lidar_ws/install/ydlidar_sdk/share/YDLIDAR_SDK/doc/howto/how_to_create_a_csharp_project.md\n'}
[0.272837] (ydlidar_sdk) StdoutLine: {'line': b'-- Up-to-date: /home/ashutosh/Desktop/lidar_ws/install/ydlidar_sdk/share/YDLIDAR_SDK/doc/howto/README.md\n'}
[0.272893] (ydlidar_sdk) StdoutLine: {'line': b'-- Up-to-date: /home/ashutosh/Desktop/lidar_ws/install/ydlidar_sdk/share/YDLIDAR_SDK/doc/howto/how_to_gerenrate_vs_project_by_cmake.md\n'}
[0.272963] (ydlidar_sdk) StdoutLine: {'line': b'-- Up-to-date: /home/ashutosh/Desktop/lidar_ws/install/ydlidar_sdk/share/YDLIDAR_SDK/doc/YDLidar-SDK-Communication-Protocol.pdf\n'}
[0.273034] (ydlidar_sdk) StdoutLine: {'line': b'-- Up-to-date: /home/ashutosh/Desktop/lidar_ws/install/ydlidar_sdk/share/YDLIDAR_SDK/doc/YDLidar_SDK_Communication_Protocol.pdf\n'}
[0.273105] (ydlidar_sdk) StdoutLine: {'line': b'-- Up-to-date: /home/ashutosh/Desktop/lidar_ws/install/ydlidar_sdk/share/YDLIDAR_SDK/doc/README.md\n'}
[0.273183] (ydlidar_sdk) StdoutLine: {'line': b'-- Up-to-date: /home/ashutosh/Desktop/lidar_ws/install/ydlidar_sdk/share/YDLIDAR_SDK/doc/SDK.pdf\n'}
[0.273247] (ydlidar_sdk) StdoutLine: {'line': b'-- Up-to-date: /home/ashutosh/Desktop/lidar_ws/install/ydlidar_sdk/startup/initenv.sh\n'}
[0.273317] (ydlidar_sdk) StdoutLine: {'line': b'-- Up-to-date: /home/ashutosh/Desktop/lidar_ws/install/ydlidar_sdk/bin/et_test\n'}
[0.273388] (ydlidar_sdk) StdoutLine: {'line': b'-- Up-to-date: /home/ashutosh/Desktop/lidar_ws/install/ydlidar_sdk/bin/gs_ota\n'}
[0.273509] (ydlidar_sdk) StdoutLine: {'line': b'-- Up-to-date: /home/ashutosh/Desktop/lidar_ws/install/ydlidar_sdk/bin/gs_restart\n'}
[0.273579] (ydlidar_sdk) StdoutLine: {'line': b'-- Up-to-date: /home/ashutosh/Desktop/lidar_ws/install/ydlidar_sdk/bin/gs_test\n'}
[0.273952] (ydlidar_sdk) StdoutLine: {'line': b'-- Up-to-date: /home/ashutosh/Desktop/lidar_ws/install/ydlidar_sdk/bin/gs_test2\n'}
[0.274378] (ydlidar_sdk) StdoutLine: {'line': b'-- Up-to-date: /home/ashutosh/Desktop/lidar_ws/install/ydlidar_sdk/bin/scl_test\n'}
[0.274965] (ydlidar_sdk) StdoutLine: {'line': b'-- Up-to-date: /home/ashutosh/Desktop/lidar_ws/install/ydlidar_sdk/bin/sdm18_test\n'}
[0.275371] (ydlidar_sdk) StdoutLine: {'line': b'-- Up-to-date: /home/ashutosh/Desktop/lidar_ws/install/ydlidar_sdk/bin/sdm_test\n'}
[0.275735] (ydlidar_sdk) StdoutLine: {'line': b'-- Up-to-date: /home/ashutosh/Desktop/lidar_ws/install/ydlidar_sdk/bin/tea_test\n'}
[0.276143] (ydlidar_sdk) StdoutLine: {'line': b'-- Up-to-date: /home/ashutosh/Desktop/lidar_ws/install/ydlidar_sdk/bin/tia_test\n'}
[0.276561] (ydlidar_sdk) StdoutLine: {'line': b'-- Up-to-date: /home/ashutosh/Desktop/lidar_ws/install/ydlidar_sdk/bin/tmini-sh_test\n'}
[0.276990] (ydlidar_sdk) StdoutLine: {'line': b'-- Up-to-date: /home/ashutosh/Desktop/lidar_ws/install/ydlidar_sdk/bin/tmini_test\n'}
[0.277417] (ydlidar_sdk) StdoutLine: {'line': b'-- Up-to-date: /home/ashutosh/Desktop/lidar_ws/install/ydlidar_sdk/bin/tof_test\n'}
[0.277789] (ydlidar_sdk) StdoutLine: {'line': b'-- Up-to-date: /home/ashutosh/Desktop/lidar_ws/install/ydlidar_sdk/bin/tri_and_gs_test\n'}
[0.278201] (ydlidar_sdk) StdoutLine: {'line': b'-- Up-to-date: /home/ashutosh/Desktop/lidar_ws/install/ydlidar_sdk/bin/tri_restart\n'}
[0.278611] (ydlidar_sdk) StdoutLine: {'line': b'-- Up-to-date: /home/ashutosh/Desktop/lidar_ws/install/ydlidar_sdk/bin/tri_test\n'}
[0.279082] (ydlidar_sdk) StdoutLine: {'line': b'-- Up-to-date: /home/ashutosh/Desktop/lidar_ws/install/ydlidar_sdk/bin/lidar_c_api_test\n'}
[0.282290] (ydlidar_sdk) CommandEnded: {'returncode': 0}
[0.299816] (-) TimerEvent: {}
[0.302584] (ydlidar_sdk) JobEnded: {'identifier': 'ydlidar_sdk', 'rc': 0}
[0.315963] (ydlidar_ros2_driver) StdoutLine: {'line': b'-- Found rosidl_generator_c: 3.1.7 (/opt/ros/humble/share/rosidl_generator_c/cmake)\n'}
[0.320012] (ydlidar_ros2_driver) StdoutLine: {'line': b'-- Found rosidl_adapter: 3.1.7 (/opt/ros/humble/share/rosidl_adapter/cmake)\n'}
[0.331642] (ydlidar_ros2_driver) StdoutLine: {'line': b'-- Found rosidl_generator_cpp: 3.1.7 (/opt/ros/humble/share/rosidl_generator_cpp/cmake)\n'}
[0.346150] (ydlidar_ros2_driver) StdoutLine: {'line': b'-- Using all available rosidl_typesupport_c: rosidl_typesupport_fastrtps_c;rosidl_typesupport_introspection_c\n'}
[0.363078] (ydlidar_ros2_driver) StdoutLine: {'line': b'-- Using all available rosidl_typesupport_cpp: rosidl_typesupport_fastrtps_cpp;rosidl_typesupport_introspection_cpp\n'}
[0.400020] (-) TimerEvent: {}
[0.410038] (ydlidar_ros2_driver) StdoutLine: {'line': b'-- Found rmw_implementation_cmake: 6.1.2 (/opt/ros/humble/share/rmw_implementation_cmake/cmake)\n'}
[0.413307] (ydlidar_ros2_driver) StdoutLine: {'line': b'-- Found rmw_cyclonedds_cpp: 1.3.4 (/opt/ros/humble/share/rmw_cyclonedds_cpp/cmake)\n'}
[0.439968] (ydlidar_ros2_driver) StdoutLine: {'line': b"-- Using RMW implementation 'rmw_cyclonedds_cpp' as default\n"}
[0.498733] (ydlidar_ros2_driver) StdoutLine: {'line': b'-- Found sensor_msgs: 4.9.0 (/opt/ros/humble/share/sensor_msgs/cmake)\n'}
[0.500091] (-) TimerEvent: {}
[0.533009] (ydlidar_ros2_driver) StdoutLine: {'line': b'-- Found visualization_msgs: 4.9.0 (/opt/ros/humble/share/visualization_msgs/cmake)\n'}
[0.553792] (ydlidar_ros2_driver) StdoutLine: {'line': b'-- Found std_srvs: 4.9.0 (/opt/ros/humble/share/std_srvs/cmake)\n'}
[0.572378] (ydlidar_ros2_driver) StdoutLine: {'line': b'-- Found ament_lint_auto: 0.12.14 (/opt/ros/humble/share/ament_lint_auto/cmake)\n'}
[0.600289] (-) TimerEvent: {}
[0.675535] (ydlidar_ros2_driver) StdoutLine: {'line': b"-- Added test 'copyright' to check source files copyright and LICENSE\n"}
[0.682343] (ydlidar_ros2_driver) StdoutLine: {'line': b"-- Added test 'cppcheck' to perform static code analysis on C / C++ code\n"}
[0.682652] (ydlidar_ros2_driver) StdoutLine: {'line': b'-- Configured cppcheck include dirs: /home/ashutosh/Desktop/lidar_ws/src/ydlidar_ros2_driver/src\n'}
[0.682787] (ydlidar_ros2_driver) StdoutLine: {'line': b'-- Configured cppcheck exclude dirs and/or files: \n'}
[0.687218] (ydlidar_ros2_driver) StdoutLine: {'line': b"-- Added test 'cpplint' to check C / C++ code against the Google style\n"}
[0.687418] (ydlidar_ros2_driver) StdoutLine: {'line': b'-- Configured cpplint exclude dirs and/or files: \n'}
[0.687943] (ydlidar_ros2_driver) StdoutLine: {'line': b"-- Added test 'flake8' to check Python code syntax and style conventions\n"}
[0.689360] (ydlidar_ros2_driver) StdoutLine: {'line': b"-- Added test 'lint_cmake' to check CMake code style\n"}
[0.690303] (ydlidar_ros2_driver) StdoutLine: {'line': b"-- Added test 'pep257' to check Python code against some of the docstring style conventions in PEP 257\n"}
[0.694665] (ydlidar_ros2_driver) StdoutLine: {'line': b"-- Added test 'uncrustify' to check C / C++ code style\n"}
[0.694859] (ydlidar_ros2_driver) StdoutLine: {'line': b'-- Configured uncrustify additional arguments: \n'}
[0.695464] (ydlidar_ros2_driver) StdoutLine: {'line': b"-- Added test 'xmllint' to check XML markup files\n"}
[0.698004] (ydlidar_ros2_driver) StdoutLine: {'line': b'-- Configuring done\n'}
[0.700358] (-) TimerEvent: {}
[0.715960] (ydlidar_ros2_driver) StdoutLine: {'line': b'-- Generating done\n'}
[0.721812] (ydlidar_ros2_driver) StdoutLine: {'line': b'-- Build files have been written to: /home/ashutosh/Desktop/lidar_ws/build/ydlidar_ros2_driver\n'}
[0.731594] (ydlidar_ros2_driver) CommandEnded: {'returncode': 0}
[0.732661] (ydlidar_ros2_driver) JobProgress: {'identifier': 'ydlidar_ros2_driver', 'progress': 'build'}
[0.733105] (ydlidar_ros2_driver) Command: {'cmd': ['/usr/bin/cmake', '--build', '/home/ashutosh/Desktop/lidar_ws/build/ydlidar_ros2_driver', '--', '-j16', '-l16'], 'cwd': '/home/ashutosh/Desktop/lidar_ws/build/ydlidar_ros2_driver', 'env': OrderedDict([('LESSOPEN', '| /usr/bin/lesspipe %s'), ('PYTHONWARNINGS', 'ignore:::setuptools.installer,ignore:::setuptools.command.install,ignore:::setuptools.command.easy_install'), ('CCACHE_TEMPDIR', '/tmp/ccache'), ('GZ_SIM_RESOURCE_PATH', '/home/ashutosh/cognipilot/cranium/install/dream_world/share/dream_world/worlds:/home/ashutosh/cognipilot/cranium/install/dream_world/share/dream_world/models:/home/ashutosh/cognipilot/cranium/install/b3rb_gz_resource/share/b3rb_gz_resource/models'), ('LANGUAGE', 'en_IN:en'), ('USER', 'ashutosh'), ('XDG_SESSION_TYPE', 'wayland'), ('SHLVL', '1'), ('LD_LIBRARY_PATH', '/home/ashutosh/cognipilot/cranium/install/synapse_tinyframe/lib:/home/ashutosh/cognipilot/cranium/install/synapse_protobuf/lib:/home/ashutosh/cognipilot/cranium/install/synapse_msgs/lib:/usr/lib/x86_64-linux-gnu/gazebo-11/plugins:/opt/ros/humble/opt/rviz_ogre_vendor/lib:/opt/ros/humble/lib/x86_64-linux-gnu:/opt/ros/humble/lib:/home/ashutosh/.mujoco/mujoco210/bin'), ('HOME', '/home/ashutosh'), ('OLDPWD', '/home/ashutosh'), ('DESKTOP_SESSION', 'ubuntu'), ('ROS_PYTHON_VERSION', '3'), ('GNOME_SHELL_SESSION_MODE', 'ubuntu'), ('GTK_MODULES', 'gail:atk-bridge:appmenu-gtk-module'), ('SYSTEMD_EXEC_PID', '2670'), ('DBUS_SESSION_BUS_ADDRESS', 'unix:path=/run/user/1000/bus'), ('COLORTERM', 'truecolor'), ('IM_CONFIG_PHASE', '1'), ('WAYLAND_DISPLAY', 'wayland-0'), ('COLCON_PREFIX_PATH', '/home/ashutosh/cognipilot/electrode/install:/home/ashutosh/task_ws/install:/home/ashutosh/cognipilot/cranium/install'), ('ROS_DISTRO', 'humble'), ('LOGNAME', 'ashutosh'), ('_', '/usr/bin/colcon'), ('ROS_VERSION', '2'), ('XDG_SESSION_CLASS', 'user'), ('USERNAME', 'ashutosh'), ('TERM', 'xterm-256color'), ('GNOME_DESKTOP_SESSION_ID', 'this-is-deprecated'), ('ROS_LOCALHOST_ONLY', '0'), ('PATH', '/home/ashutosh/cognipilot/ws/cerebri/install/bin:/opt/ros/humble/bin:/home/ashutosh/.local/bin:/home/ashutosh/bin:/usr/local/sbin:/usr/local/bin:/usr/sbin:/usr/bin:/sbin:/bin:/usr/games:/usr/local/games:/snap/bin:/snap/bin'), ('SESSION_MANAGER', 'local/ashu-ka-pc:@/tmp/.ICE-unix/2627,unix/ashu-ka-pc:/tmp/.ICE-unix/2627'), ('XDG_MENU_PREFIX', 'gnome-'), ('GNOME_TERMINAL_SCREEN', '/org/gnome/Terminal/screen/8b59ace8_9d8d_4695_ace8_3e7adcd4a8c7'), ('GNOME_SETUP_DISPLAY', ':1'), ('XDG_RUNTIME_DIR', '/run/user/1000'), ('MUJOCO_PY_MUJOCO_PATH', '/home/ashutosh/.mujoco/mujoco210'), ('DISPLAY', ':0'), ('LANG', 'en_US.UTF-8'), ('XDG_CURRENT_DESKTOP', 'ubuntu:GNOME'), ('RMW_IMPLEMENTATION', 'rmw_cyclonedds_cpp'), ('XMODIFIERS', '@im=ibus'), ('XDG_SESSION_DESKTOP', 'ubuntu'), ('XAUTHORITY', '/run/user/1000/.mutter-Xwaylandauth.UR7EE3'), ('LS_COLORS', ''), ('GNOME_TERMINAL_SERVICE', ':1.131'), ('SSH_AGENT_LAUNCHER', 'gnome-keyring'), ('SSH_AUTH_SOCK', '/run/user/1000/keyring/ssh'), ('AMENT_PREFIX_PATH', '/home/ashutosh/task_ws/install/hii:/home/ashutosh/cognipilot/electrode/install/electrode:/home/ashutosh/cognipilot/cranium/install/synapse_ros:/home/ashutosh/cognipilot/cranium/install/synapse_gz:/home/ashutosh/cognipilot/cranium/install/synapse_tinyframe:/home/ashutosh/cognipilot/cranium/install/synapse_protobuf:/home/ashutosh/cognipilot/cranium/install/corti:/home/ashutosh/cognipilot/cranium/install/b3rb_ros_aim_india:/home/ashutosh/cognipilot/cranium/install/synapse_msgs:/home/ashutosh/cognipilot/cranium/install/dream_world:/home/ashutosh/cognipilot/cranium/install/cerebri_bringup:/home/ashutosh/cognipilot/cranium/install/b3rb_simulator:/home/ashutosh/cognipilot/cranium/install/b3rb_desktop:/home/ashutosh/cognipilot/cranium/install/b3rb_rviz:/home/ashutosh/cognipilot/cranium/install/b3rb_nav2:/home/ashutosh/cognipilot/cranium/install/b3rb_gz_resource:/home/ashutosh/cognipilot/cranium/install/b3rb_gz_bringup:/home/ashutosh/cognipilot/cranium/install/b3rb_description:/opt/ros/humble'), ('SHELL', '/bin/bash'), ('QT_ACCESSIBILITY', '1'), ('GDMSESSION', 'ubuntu'), ('LESSCLOSE', '/usr/bin/lesspipe %s %s'), ('CMAKE_EXPORT_COMPILE_COMMANDS', 'ON'), ('QT_IM_MODULE', 'ibus'), ('PWD', '/home/ashutosh/Desktop/lidar_ws/build/ydlidar_ros2_driver'), ('TURTLEBOT3_MODEL', 'burger'), ('LC_ALL', 'en_US.UTF-8'), ('XDG_CONFIG_DIRS', '/etc/xdg/xdg-ubuntu:/etc/xdg'), ('XDG_DATA_DIRS', '/usr/share/ubuntu:/usr/local/share/:/usr/share/:/var/lib/snapd/desktop'), ('PYTHONPATH', '/home/ashutosh/task_ws/install/hii/lib/python3.10/site-packages:/home/ashutosh/cognipilot/cranium/install/corti/local/lib/python3.10/dist-packages:/home/ashutosh/cognipilot/cranium/install/b3rb_ros_aim_india/lib/python3.10/site-packages:/home/ashutosh/cognipilot/cranium/install/synapse_msgs/local/lib/python3.10/dist-packages:/opt/ros/humble/lib/python3.10/site-packages:/opt/ros/humble/local/lib/python3.10/dist-packages'), ('COLCON', '1'), ('VTE_VERSION', '6800'), ('CMAKE_PREFIX_PATH', '/home/ashutosh/cognipilot/electrode/install/electrode:/home/ashutosh/cognipilot/cranium/install/synapse_ros:/home/ashutosh/cognipilot/cranium/install/synapse_gz:/home/ashutosh/cognipilot/cranium/install/synapse_tinyframe:/home/ashutosh/cognipilot/cranium/install/synapse_protobuf:/home/ashutosh/cognipilot/cranium/install/corti:/home/ashutosh/cognipilot/cranium/install/synapse_msgs:/home/ashutosh/cognipilot/cranium/install/dream_world:/home/ashutosh/cognipilot/cranium/install/cerebri_bringup:/home/ashutosh/cognipilot/cranium/install/b3rb_simulator:/home/ashutosh/cognipilot/cranium/install/b3rb_desktop:/home/ashutosh/cognipilot/cranium/install/b3rb_rviz:/home/ashutosh/cognipilot/cranium/install/b3rb_nav2:/home/ashutosh/cognipilot/cranium/install/b3rb_gz_resource:/home/ashutosh/cognipilot/cranium/install/b3rb_gz_bringup:/home/ashutosh/cognipilot/cranium/install/b3rb_description:/home/ashutosh/task_ws/install/hii:/home/ashutosh/cognipilot/cranium/install/b3rb_ros_aim_india:/opt/ros/humble')]), 'shell': False}
[0.790062] (ydlidar_ros2_driver) StdoutLine: {'line': b'\x1b[35m\x1b[1mConsolidate compiler generated dependencies of target ydlidar_ros2_driver_node\x1b[0m\n'}
[0.790386] (ydlidar_ros2_driver) StdoutLine: {'line': b'\x1b[35m\x1b[1mConsolidate compiler generated dependencies of target ydlidar_ros2_driver_client\x1b[0m\n'}
[0.800561] (-) TimerEvent: {}
[0.832378] (ydlidar_ros2_driver) StdoutLine: {'line': b'[ 50%] Built target ydlidar_ros2_driver_client\n'}
[0.834494] (ydlidar_ros2_driver) StdoutLine: {'line': b'[100%] Built target ydlidar_ros2_driver_node\n'}
[0.849845] (ydlidar_ros2_driver) CommandEnded: {'returncode': 0}
[0.851258] (ydlidar_ros2_driver) JobProgress: {'identifier': 'ydlidar_ros2_driver', 'progress': 'install'}
[0.851607] (ydlidar_ros2_driver) Command: {'cmd': ['/usr/bin/cmake', '--install', '/home/ashutosh/Desktop/lidar_ws/build/ydlidar_ros2_driver'], 'cwd': '/home/ashutosh/Desktop/lidar_ws/build/ydlidar_ros2_driver', 'env': OrderedDict([('LESSOPEN', '| /usr/bin/lesspipe %s'), ('PYTHONWARNINGS', 'ignore:::setuptools.installer,ignore:::setuptools.command.install,ignore:::setuptools.command.easy_install'), ('CCACHE_TEMPDIR', '/tmp/ccache'), ('GZ_SIM_RESOURCE_PATH', '/home/ashutosh/cognipilot/cranium/install/dream_world/share/dream_world/worlds:/home/ashutosh/cognipilot/cranium/install/dream_world/share/dream_world/models:/home/ashutosh/cognipilot/cranium/install/b3rb_gz_resource/share/b3rb_gz_resource/models'), ('LANGUAGE', 'en_IN:en'), ('USER', 'ashutosh'), ('XDG_SESSION_TYPE', 'wayland'), ('SHLVL', '1'), ('LD_LIBRARY_PATH', '/home/ashutosh/cognipilot/cranium/install/synapse_tinyframe/lib:/home/ashutosh/cognipilot/cranium/install/synapse_protobuf/lib:/home/ashutosh/cognipilot/cranium/install/synapse_msgs/lib:/usr/lib/x86_64-linux-gnu/gazebo-11/plugins:/opt/ros/humble/opt/rviz_ogre_vendor/lib:/opt/ros/humble/lib/x86_64-linux-gnu:/opt/ros/humble/lib:/home/ashutosh/.mujoco/mujoco210/bin'), ('HOME', '/home/ashutosh'), ('OLDPWD', '/home/ashutosh'), ('DESKTOP_SESSION', 'ubuntu'), ('ROS_PYTHON_VERSION', '3'), ('GNOME_SHELL_SESSION_MODE', 'ubuntu'), ('GTK_MODULES', 'gail:atk-bridge:appmenu-gtk-module'), ('SYSTEMD_EXEC_PID', '2670'), ('DBUS_SESSION_BUS_ADDRESS', 'unix:path=/run/user/1000/bus'), ('COLORTERM', 'truecolor'), ('IM_CONFIG_PHASE', '1'), ('WAYLAND_DISPLAY', 'wayland-0'), ('COLCON_PREFIX_PATH', '/home/ashutosh/cognipilot/electrode/install:/home/ashutosh/task_ws/install:/home/ashutosh/cognipilot/cranium/install'), ('ROS_DISTRO', 'humble'), ('LOGNAME', 'ashutosh'), ('_', '/usr/bin/colcon'), ('ROS_VERSION', '2'), ('XDG_SESSION_CLASS', 'user'), ('USERNAME', 'ashutosh'), ('TERM', 'xterm-256color'), ('GNOME_DESKTOP_SESSION_ID', 'this-is-deprecated'), ('ROS_LOCALHOST_ONLY', '0'), ('PATH', '/home/ashutosh/cognipilot/ws/cerebri/install/bin:/opt/ros/humble/bin:/home/ashutosh/.local/bin:/home/ashutosh/bin:/usr/local/sbin:/usr/local/bin:/usr/sbin:/usr/bin:/sbin:/bin:/usr/games:/usr/local/games:/snap/bin:/snap/bin'), ('SESSION_MANAGER', 'local/ashu-ka-pc:@/tmp/.ICE-unix/2627,unix/ashu-ka-pc:/tmp/.ICE-unix/2627'), ('XDG_MENU_PREFIX', 'gnome-'), ('GNOME_TERMINAL_SCREEN', '/org/gnome/Terminal/screen/8b59ace8_9d8d_4695_ace8_3e7adcd4a8c7'), ('GNOME_SETUP_DISPLAY', ':1'), ('XDG_RUNTIME_DIR', '/run/user/1000'), ('MUJOCO_PY_MUJOCO_PATH', '/home/ashutosh/.mujoco/mujoco210'), ('DISPLAY', ':0'), ('LANG', 'en_US.UTF-8'), ('XDG_CURRENT_DESKTOP', 'ubuntu:GNOME'), ('RMW_IMPLEMENTATION', 'rmw_cyclonedds_cpp'), ('XMODIFIERS', '@im=ibus'), ('XDG_SESSION_DESKTOP', 'ubuntu'), ('XAUTHORITY', '/run/user/1000/.mutter-Xwaylandauth.UR7EE3'), ('LS_COLORS', ''), ('GNOME_TERMINAL_SERVICE', ':1.131'), ('SSH_AGENT_LAUNCHER', 'gnome-keyring'), ('SSH_AUTH_SOCK', '/run/user/1000/keyring/ssh'), ('AMENT_PREFIX_PATH', '/home/ashutosh/task_ws/install/hii:/home/ashutosh/cognipilot/electrode/install/electrode:/home/ashutosh/cognipilot/cranium/install/synapse_ros:/home/ashutosh/cognipilot/cranium/install/synapse_gz:/home/ashutosh/cognipilot/cranium/install/synapse_tinyframe:/home/ashutosh/cognipilot/cranium/install/synapse_protobuf:/home/ashutosh/cognipilot/cranium/install/corti:/home/ashutosh/cognipilot/cranium/install/b3rb_ros_aim_india:/home/ashutosh/cognipilot/cranium/install/synapse_msgs:/home/ashutosh/cognipilot/cranium/install/dream_world:/home/ashutosh/cognipilot/cranium/install/cerebri_bringup:/home/ashutosh/cognipilot/cranium/install/b3rb_simulator:/home/ashutosh/cognipilot/cranium/install/b3rb_desktop:/home/ashutosh/cognipilot/cranium/install/b3rb_rviz:/home/ashutosh/cognipilot/cranium/install/b3rb_nav2:/home/ashutosh/cognipilot/cranium/install/b3rb_gz_resource:/home/ashutosh/cognipilot/cranium/install/b3rb_gz_bringup:/home/ashutosh/cognipilot/cranium/install/b3rb_description:/opt/ros/humble'), ('SHELL', '/bin/bash'), ('QT_ACCESSIBILITY', '1'), ('GDMSESSION', 'ubuntu'), ('LESSCLOSE', '/usr/bin/lesspipe %s %s'), ('CMAKE_EXPORT_COMPILE_COMMANDS', 'ON'), ('QT_IM_MODULE', 'ibus'), ('PWD', '/home/ashutosh/Desktop/lidar_ws/build/ydlidar_ros2_driver'), ('TURTLEBOT3_MODEL', 'burger'), ('LC_ALL', 'en_US.UTF-8'), ('XDG_CONFIG_DIRS', '/etc/xdg/xdg-ubuntu:/etc/xdg'), ('XDG_DATA_DIRS', '/usr/share/ubuntu:/usr/local/share/:/usr/share/:/var/lib/snapd/desktop'), ('PYTHONPATH', '/home/ashutosh/task_ws/install/hii/lib/python3.10/site-packages:/home/ashutosh/cognipilot/cranium/install/corti/local/lib/python3.10/dist-packages:/home/ashutosh/cognipilot/cranium/install/b3rb_ros_aim_india/lib/python3.10/site-packages:/home/ashutosh/cognipilot/cranium/install/synapse_msgs/local/lib/python3.10/dist-packages:/opt/ros/humble/lib/python3.10/site-packages:/opt/ros/humble/local/lib/python3.10/dist-packages'), ('COLCON', '1'), ('VTE_VERSION', '6800'), ('CMAKE_PREFIX_PATH', '/home/ashutosh/cognipilot/electrode/install/electrode:/home/ashutosh/cognipilot/cranium/install/synapse_ros:/home/ashutosh/cognipilot/cranium/install/synapse_gz:/home/ashutosh/cognipilot/cranium/install/synapse_tinyframe:/home/ashutosh/cognipilot/cranium/install/synapse_protobuf:/home/ashutosh/cognipilot/cranium/install/corti:/home/ashutosh/cognipilot/cranium/install/synapse_msgs:/home/ashutosh/cognipilot/cranium/install/dream_world:/home/ashutosh/cognipilot/cranium/install/cerebri_bringup:/home/ashutosh/cognipilot/cranium/install/b3rb_simulator:/home/ashutosh/cognipilot/cranium/install/b3rb_desktop:/home/ashutosh/cognipilot/cranium/install/b3rb_rviz:/home/ashutosh/cognipilot/cranium/install/b3rb_nav2:/home/ashutosh/cognipilot/cranium/install/b3rb_gz_resource:/home/ashutosh/cognipilot/cranium/install/b3rb_gz_bringup:/home/ashutosh/cognipilot/cranium/install/b3rb_description:/home/ashutosh/task_ws/install/hii:/home/ashutosh/cognipilot/cranium/install/b3rb_ros_aim_india:/opt/ros/humble')]), 'shell': False}
[0.861661] (ydlidar_ros2_driver) StdoutLine: {'line': b'-- Install configuration: ""\n'}
[0.862095] (ydlidar_ros2_driver) StdoutLine: {'line': b'-- Execute custom install script\n'}
[0.862388] (ydlidar_ros2_driver) StdoutLine: {'line': b'-- Up-to-date symlink: /home/ashutosh/Desktop/lidar_ws/install/ydlidar_ros2_driver/lib/ydlidar_ros2_driver/ydlidar_ros2_driver_node\n'}
[0.862660] (ydlidar_ros2_driver) StdoutLine: {'line': b'-- Up-to-date symlink: /home/ashutosh/Desktop/lidar_ws/install/ydlidar_ros2_driver/lib/ydlidar_ros2_driver/ydlidar_ros2_driver_client\n'}
[0.862873] (ydlidar_ros2_driver) StdoutLine: {'line': b'-- Up-to-date symlink: /home/ashutosh/Desktop/lidar_ws/install/ydlidar_ros2_driver/share/ydlidar_ros2_driver/launch/ydlidar.py\n'}
[0.863106] (ydlidar_ros2_driver) StdoutLine: {'line': b'-- Up-to-date symlink: /home/ashutosh/Desktop/lidar_ws/install/ydlidar_ros2_driver/share/ydlidar_ros2_driver/launch/ydlidar_launch.py\n'}
[0.863366] (ydlidar_ros2_driver) StdoutLine: {'line': b'-- Up-to-date symlink: /home/ashutosh/Desktop/lidar_ws/install/ydlidar_ros2_driver/share/ydlidar_ros2_driver/launch/ydlidar_launch_view.py\n'}
[0.863578] (ydlidar_ros2_driver) StdoutLine: {'line': b'-- Up-to-date symlink: /home/ashutosh/Desktop/lidar_ws/install/ydlidar_ros2_driver/share/ydlidar_ros2_driver/params/G1.yaml\n'}
[0.863745] (ydlidar_ros2_driver) StdoutLine: {'line': b'-- Up-to-date symlink: /home/ashutosh/Desktop/lidar_ws/install/ydlidar_ros2_driver/share/ydlidar_ros2_driver/params/G2.yaml\n'}
[0.863978] (ydlidar_ros2_driver) StdoutLine: {'line': b'-- Up-to-date symlink: /home/ashutosh/Desktop/lidar_ws/install/ydlidar_ros2_driver/share/ydlidar_ros2_driver/params/G6.yaml\n'}
[0.864053] (ydlidar_ros2_driver) StdoutLine: {'line': b'-- Up-to-date symlink: /home/ashutosh/Desktop/lidar_ws/install/ydlidar_ros2_driver/share/ydlidar_ros2_driver/params/GS2.yaml\n'}
[0.864158] (ydlidar_ros2_driver) StdoutLine: {'line': b'-- Up-to-date symlink: /home/ashutosh/Desktop/lidar_ws/install/ydlidar_ros2_driver/share/ydlidar_ros2_driver/params/TEA.yaml\n'}
[0.864240] (ydlidar_ros2_driver) StdoutLine: {'line': b'-- Up-to-date symlink: /home/ashutosh/Desktop/lidar_ws/install/ydlidar_ros2_driver/share/ydlidar_ros2_driver/params/TG.yaml\n'}
[0.864301] (ydlidar_ros2_driver) StdoutLine: {'line': b'-- Up-to-date symlink: /home/ashutosh/Desktop/lidar_ws/install/ydlidar_ros2_driver/share/ydlidar_ros2_driver/params/TminiPro.yaml\n'}
[0.864404] (ydlidar_ros2_driver) StdoutLine: {'line': b'-- Up-to-date symlink: /home/ashutosh/Desktop/lidar_ws/install/ydlidar_ros2_driver/share/ydlidar_ros2_driver/params/X2.yaml\n'}
[0.864518] (ydlidar_ros2_driver) StdoutLine: {'line': b'-- Up-to-date symlink: /home/ashutosh/Desktop/lidar_ws/install/ydlidar_ros2_driver/share/ydlidar_ros2_driver/params/X4-Pro.yaml\n'}
[0.864574] (ydlidar_ros2_driver) StdoutLine: {'line': b'-- Up-to-date symlink: /home/ashutosh/Desktop/lidar_ws/install/ydlidar_ros2_driver/share/ydlidar_ros2_driver/params/X4.yaml\n'}
[0.864631] (ydlidar_ros2_driver) StdoutLine: {'line': b'-- Up-to-date symlink: /home/ashutosh/Desktop/lidar_ws/install/ydlidar_ros2_driver/share/ydlidar_ros2_driver/params/ydlidar.yaml\n'}
[0.864726] (ydlidar_ros2_driver) StdoutLine: {'line': b'-- Up-to-date symlink: /home/ashutosh/Desktop/lidar_ws/install/ydlidar_ros2_driver/share/ydlidar_ros2_driver/startup/initenv.sh\n'}
[0.864843] (ydlidar_ros2_driver) StdoutLine: {'line': b'-- Up-to-date symlink: /home/ashutosh/Desktop/lidar_ws/install/ydlidar_ros2_driver/share/ydlidar_ros2_driver/config/ydlidar.rviz\n'}
[0.865014] (ydlidar_ros2_driver) StdoutLine: {'line': b'-- Up-to-date symlink: /home/ashutosh/Desktop/lidar_ws/install/ydlidar_ros2_driver/share/ament_index/resource_index/package_run_dependencies/ydlidar_ros2_driver\n'}
[0.865198] (ydlidar_ros2_driver) StdoutLine: {'line': b'-- Up-to-date symlink: /home/ashutosh/Desktop/lidar_ws/install/ydlidar_ros2_driver/share/ament_index/resource_index/parent_prefix_path/ydlidar_ros2_driver\n'}
[0.865351] (ydlidar_ros2_driver) StdoutLine: {'line': b'-- Up-to-date symlink: /home/ashutosh/Desktop/lidar_ws/install/ydlidar_ros2_driver/share/ydlidar_ros2_driver/environment/ament_prefix_path.sh\n'}
[0.865491] (ydlidar_ros2_driver) StdoutLine: {'line': b'-- Up-to-date symlink: /home/ashutosh/Desktop/lidar_ws/install/ydlidar_ros2_driver/share/ydlidar_ros2_driver/environment/ament_prefix_path.dsv\n'}
[0.865636] (ydlidar_ros2_driver) StdoutLine: {'line': b'-- Up-to-date symlink: /home/ashutosh/Desktop/lidar_ws/install/ydlidar_ros2_driver/share/ydlidar_ros2_driver/environment/path.sh\n'}
[0.865775] (ydlidar_ros2_driver) StdoutLine: {'line': b'-- Up-to-date symlink: /home/ashutosh/Desktop/lidar_ws/install/ydlidar_ros2_driver/share/ydlidar_ros2_driver/environment/path.dsv\n'}
[0.865920] (ydlidar_ros2_driver) StdoutLine: {'line': b'-- Up-to-date symlink: /home/ashutosh/Desktop/lidar_ws/install/ydlidar_ros2_driver/share/ydlidar_ros2_driver/local_setup.bash\n'}
[0.866056] (ydlidar_ros2_driver) StdoutLine: {'line': b'-- Up-to-date symlink: /home/ashutosh/Desktop/lidar_ws/install/ydlidar_ros2_driver/share/ydlidar_ros2_driver/local_setup.sh\n'}
[0.866219] (ydlidar_ros2_driver) StdoutLine: {'line': b'-- Up-to-date symlink: /home/ashutosh/Desktop/lidar_ws/install/ydlidar_ros2_driver/share/ydlidar_ros2_driver/local_setup.zsh\n'}
[0.866356] (ydlidar_ros2_driver) StdoutLine: {'line': b'-- Up-to-date symlink: /home/ashutosh/Desktop/lidar_ws/install/ydlidar_ros2_driver/share/ydlidar_ros2_driver/local_setup.dsv\n'}
[0.866473] (ydlidar_ros2_driver) StdoutLine: {'line': b'-- Symlinking: /home/ashutosh/Desktop/lidar_ws/install/ydlidar_ros2_driver/share/ydlidar_ros2_driver/package.dsv\n'}
[0.877894] (ydlidar_ros2_driver) StdoutLine: {'line': b'-- Up-to-date symlink: /home/ashutosh/Desktop/lidar_ws/install/ydlidar_ros2_driver/share/ament_index/resource_index/packages/ydlidar_ros2_driver\n'}
[0.878209] (ydlidar_ros2_driver) StdoutLine: {'line': b'-- Up-to-date symlink: /home/ashutosh/Desktop/lidar_ws/install/ydlidar_ros2_driver/share/ydlidar_ros2_driver/cmake/ydlidar_ros2_driverConfig.cmake\n'}
[0.878277] (ydlidar_ros2_driver) StdoutLine: {'line': b'-- Up-to-date symlink: /home/ashutosh/Desktop/lidar_ws/install/ydlidar_ros2_driver/share/ydlidar_ros2_driver/cmake/ydlidar_ros2_driverConfig-version.cmake\n'}
[0.878334] (ydlidar_ros2_driver) StdoutLine: {'line': b'-- Up-to-date symlink: /home/ashutosh/Desktop/lidar_ws/install/ydlidar_ros2_driver/share/ydlidar_ros2_driver/package.xml\n'}
[0.882555] (ydlidar_ros2_driver) CommandEnded: {'returncode': 0}
[0.893991] (ydlidar_ros2_driver) JobEnded: {'identifier': 'ydlidar_ros2_driver', 'rc': 0}
[0.895464] (-) EventReactorShutdown: {}
