[0.343s] DEBUG:colcon:Command line arguments: ['/usr/bin/colcon', 'build']
[0.343s] DEBUG:colcon:Parsed command line arguments: Namespace(log_base=None, log_level=None, verb_name='build', build_base='build', install_base='install', merge_install=False, symlink_install=False, test_result_base=None, continue_on_error=False, executor='parallel', parallel_workers=16, event_handlers=None, ignore_user_meta=False, metas=['./colcon.meta'], base_paths=['.'], packages_ignore=None, packages_ignore_regex=None, paths=None, packages_up_to=None, packages_up_to_regex=None, packages_above=None, packages_above_and_dependencies=None, packages_above_depth=None, packages_select_by_dep=None, packages_skip_by_dep=None, packages_skip_up_to=None, packages_select_build_failed=False, packages_skip_build_finished=False, packages_select_test_failures=False, packages_skip_test_passed=False, packages_select=None, packages_skip=None, packages_select_regex=None, packages_skip_regex=None, packages_start=None, packages_end=None, allow_overriding=[], cmake_args=None, cmake_target=None, cmake_target_skip_unavailable=False, cmake_clean_cache=False, cmake_clean_first=False, cmake_force_configure=False, ament_cmake_args=None, catkin_cmake_args=None, catkin_skip_building_tests=False, verb_parser=<colcon_defaults.argument_parser.defaults.DefaultArgumentsDecorator object at 0x7a9beabd26e0>, verb_extension=<colcon_core.verb.build.BuildVerb object at 0x7a9beab4f460>, main=<bound method BuildVerb.main of <colcon_core.verb.build.BuildVerb object at 0x7a9beab4f460>>)
[0.676s] Level 1:colcon.colcon_core.package_discovery:discover_packages(colcon_meta) check parameters
[0.676s] Level 1:colcon.colcon_core.package_discovery:discover_packages(recursive) check parameters
[0.676s] Level 1:colcon.colcon_core.package_discovery:discover_packages(ignore) check parameters
[0.676s] Level 1:colcon.colcon_core.package_discovery:discover_packages(path) check parameters
[0.676s] Level 1:colcon.colcon_core.package_discovery:discover_packages(colcon_meta) discover
[0.676s] Level 1:colcon.colcon_core.package_discovery:discover_packages(recursive) discover
[0.676s] INFO:colcon.colcon_core.package_discovery:Crawling recursively for packages in '/home/ashutosh/Desktop/lidar_ws'
[0.677s] Level 1:colcon.colcon_core.package_identification:_identify(.) by extensions ['ignore', 'ignore_ament_install']
[0.677s] Level 1:colcon.colcon_core.package_identification:_identify(.) by extension 'ignore'
[0.677s] Level 1:colcon.colcon_core.package_identification:_identify(.) by extension 'ignore_ament_install'
[0.677s] Level 1:colcon.colcon_core.package_identification:_identify(.) by extensions ['colcon_pkg']
[0.677s] Level 1:colcon.colcon_core.package_identification:_identify(.) by extension 'colcon_pkg'
[0.677s] Level 1:colcon.colcon_core.package_identification:_identify(.) by extensions ['colcon_meta']
[0.677s] Level 1:colcon.colcon_core.package_identification:_identify(.) by extension 'colcon_meta'
[0.677s] Level 1:colcon.colcon_core.package_identification:_identify(.) by extensions ['ros']
[0.677s] Level 1:colcon.colcon_core.package_identification:_identify(.) by extension 'ros'
[0.705s] Level 1:colcon.colcon_core.package_identification:_identify(.) by extensions ['cmake', 'python']
[0.705s] Level 1:colcon.colcon_core.package_identification:_identify(.) by extension 'cmake'
[0.705s] Level 1:colcon.colcon_core.package_identification:_identify(.) by extension 'python'
[0.705s] Level 1:colcon.colcon_core.package_identification:_identify(.) by extensions ['python_setup_py']
[0.705s] Level 1:colcon.colcon_core.package_identification:_identify(.) by extension 'python_setup_py'
[0.705s] Level 1:colcon.colcon_core.package_identification:_identify(build) by extensions ['ignore', 'ignore_ament_install']
[0.705s] Level 1:colcon.colcon_core.package_identification:_identify(build) by extension 'ignore'
[0.705s] Level 1:colcon.colcon_core.package_identification:_identify(build) ignored
[0.705s] Level 1:colcon.colcon_core.package_identification:_identify(install) by extensions ['ignore', 'ignore_ament_install']
[0.705s] Level 1:colcon.colcon_core.package_identification:_identify(install) by extension 'ignore'
[0.705s] Level 1:colcon.colcon_core.package_identification:_identify(install) ignored
[0.706s] Level 1:colcon.colcon_core.package_identification:_identify(log) by extensions ['ignore', 'ignore_ament_install']
[0.706s] Level 1:colcon.colcon_core.package_identification:_identify(log) by extension 'ignore'
[0.706s] Level 1:colcon.colcon_core.package_identification:_identify(log) ignored
[0.706s] Level 1:colcon.colcon_core.package_identification:_identify(src) by extensions ['ignore', 'ignore_ament_install']
[0.706s] Level 1:colcon.colcon_core.package_identification:_identify(src) by extension 'ignore'
[0.706s] Level 1:colcon.colcon_core.package_identification:_identify(src) by extension 'ignore_ament_install'
[0.706s] Level 1:colcon.colcon_core.package_identification:_identify(src) by extensions ['colcon_pkg']
[0.706s] Level 1:colcon.colcon_core.package_identification:_identify(src) by extension 'colcon_pkg'
[0.706s] Level 1:colcon.colcon_core.package_identification:_identify(src) by extensions ['colcon_meta']
[0.706s] Level 1:colcon.colcon_core.package_identification:_identify(src) by extension 'colcon_meta'
[0.706s] Level 1:colcon.colcon_core.package_identification:_identify(src) by extensions ['ros']
[0.706s] Level 1:colcon.colcon_core.package_identification:_identify(src) by extension 'ros'
[0.706s] Level 1:colcon.colcon_core.package_identification:_identify(src) by extensions ['cmake', 'python']
[0.706s] Level 1:colcon.colcon_core.package_identification:_identify(src) by extension 'cmake'
[0.706s] Level 1:colcon.colcon_core.package_identification:_identify(src) by extension 'python'
[0.706s] Level 1:colcon.colcon_core.package_identification:_identify(src) by extensions ['python_setup_py']
[0.706s] Level 1:colcon.colcon_core.package_identification:_identify(src) by extension 'python_setup_py'
[0.706s] Level 1:colcon.colcon_core.package_identification:_identify(src/ydLidar_sdk) by extensions ['ignore', 'ignore_ament_install']
[0.706s] Level 1:colcon.colcon_core.package_identification:_identify(src/ydLidar_sdk) by extension 'ignore'
[0.706s] Level 1:colcon.colcon_core.package_identification:_identify(src/ydLidar_sdk) by extension 'ignore_ament_install'
[0.707s] Level 1:colcon.colcon_core.package_identification:_identify(src/ydLidar_sdk) by extensions ['colcon_pkg']
[0.707s] Level 1:colcon.colcon_core.package_identification:_identify(src/ydLidar_sdk) by extension 'colcon_pkg'
[0.707s] Level 1:colcon.colcon_core.package_identification:_identify(src/ydLidar_sdk) by extensions ['colcon_meta']
[0.707s] Level 1:colcon.colcon_core.package_identification:_identify(src/ydLidar_sdk) by extension 'colcon_meta'
[0.707s] Level 1:colcon.colcon_core.package_identification:_identify(src/ydLidar_sdk) by extensions ['ros']
[0.707s] Level 1:colcon.colcon_core.package_identification:_identify(src/ydLidar_sdk) by extension 'ros'
[0.707s] Level 1:colcon.colcon_core.package_identification:_identify(src/ydLidar_sdk) by extensions ['cmake', 'python']
[0.707s] Level 1:colcon.colcon_core.package_identification:_identify(src/ydLidar_sdk) by extension 'cmake'
[0.751s] Level 1:colcon.colcon_core.package_identification:_identify(src/ydLidar_sdk) by extension 'python'
[0.752s] DEBUG:colcon.colcon_core.package_identification:Package 'src/ydLidar_sdk' with type 'cmake' and name 'ydlidar_sdk'
[0.752s] Level 1:colcon.colcon_core.package_identification:_identify(src/ydlidar_ros2_driver) by extensions ['ignore', 'ignore_ament_install']
[0.752s] Level 1:colcon.colcon_core.package_identification:_identify(src/ydlidar_ros2_driver) by extension 'ignore'
[0.752s] Level 1:colcon.colcon_core.package_identification:_identify(src/ydlidar_ros2_driver) by extension 'ignore_ament_install'
[0.752s] Level 1:colcon.colcon_core.package_identification:_identify(src/ydlidar_ros2_driver) by extensions ['colcon_pkg']
[0.752s] Level 1:colcon.colcon_core.package_identification:_identify(src/ydlidar_ros2_driver) by extension 'colcon_pkg'
[0.752s] Level 1:colcon.colcon_core.package_identification:_identify(src/ydlidar_ros2_driver) by extensions ['colcon_meta']
[0.752s] Level 1:colcon.colcon_core.package_identification:_identify(src/ydlidar_ros2_driver) by extension 'colcon_meta'
[0.752s] Level 1:colcon.colcon_core.package_identification:_identify(src/ydlidar_ros2_driver) by extensions ['ros']
[0.752s] Level 1:colcon.colcon_core.package_identification:_identify(src/ydlidar_ros2_driver) by extension 'ros'
[0.755s] DEBUG:colcon.colcon_core.package_identification:Package 'src/ydlidar_ros2_driver' with type 'ros.ament_cmake' and name 'ydlidar_ros2_driver'
[0.755s] Level 1:colcon.colcon_core.package_discovery:discover_packages(recursive) using defaults
[0.756s] Level 1:colcon.colcon_core.package_discovery:discover_packages(ignore) discover
[0.756s] Level 1:colcon.colcon_core.package_discovery:discover_packages(ignore) using defaults
[0.756s] Level 1:colcon.colcon_core.package_discovery:discover_packages(path) discover
[0.756s] Level 1:colcon.colcon_core.package_discovery:discover_packages(path) using defaults
[0.784s] Level 1:colcon.colcon_core.package_discovery:discover_packages(prefix_path) check parameters
[0.785s] Level 1:colcon.colcon_core.package_discovery:discover_packages(prefix_path) discover
[0.789s] DEBUG:colcon.colcon_installed_package_information.package_discovery:Found 1 installed packages in /home/ashutosh/cognipilot/electrode/install
[0.789s] DEBUG:colcon.colcon_installed_package_information.package_discovery:Found 1 installed packages in /home/ashutosh/task_ws/install
[0.790s] DEBUG:colcon.colcon_installed_package_information.package_discovery:Found 16 installed packages in /home/ashutosh/cognipilot/cranium/install
[0.792s] DEBUG:colcon.colcon_installed_package_information.package_discovery:Found 504 installed packages in /opt/ros/humble
[0.794s] Level 1:colcon.colcon_core.package_discovery:discover_packages(prefix_path) using defaults
[0.876s] Level 5:colcon.colcon_core.verb:set package 'ydlidar_ros2_driver' build argument 'cmake_args' from command line to 'None'
[0.877s] Level 5:colcon.colcon_core.verb:set package 'ydlidar_ros2_driver' build argument 'cmake_target' from command line to 'None'
[0.877s] Level 5:colcon.colcon_core.verb:set package 'ydlidar_ros2_driver' build argument 'cmake_target_skip_unavailable' from command line to 'False'
[0.877s] Level 5:colcon.colcon_core.verb:set package 'ydlidar_ros2_driver' build argument 'cmake_clean_cache' from command line to 'False'
[0.877s] Level 5:colcon.colcon_core.verb:set package 'ydlidar_ros2_driver' build argument 'cmake_clean_first' from command line to 'False'
[0.877s] Level 5:colcon.colcon_core.verb:set package 'ydlidar_ros2_driver' build argument 'cmake_force_configure' from command line to 'False'
[0.877s] Level 5:colcon.colcon_core.verb:set package 'ydlidar_ros2_driver' build argument 'ament_cmake_args' from command line to 'None'
[0.877s] Level 5:colcon.colcon_core.verb:set package 'ydlidar_ros2_driver' build argument 'catkin_cmake_args' from command line to 'None'
[0.877s] Level 5:colcon.colcon_core.verb:set package 'ydlidar_ros2_driver' build argument 'catkin_skip_building_tests' from command line to 'False'
[0.877s] DEBUG:colcon.colcon_core.verb:Building package 'ydlidar_ros2_driver' with the following arguments: {'ament_cmake_args': None, 'build_base': '/home/ashutosh/Desktop/lidar_ws/build/ydlidar_ros2_driver', 'catkin_cmake_args': None, 'catkin_skip_building_tests': False, 'cmake_args': None, 'cmake_clean_cache': False, 'cmake_clean_first': False, 'cmake_force_configure': False, 'cmake_target': None, 'cmake_target_skip_unavailable': False, 'install_base': '/home/ashutosh/Desktop/lidar_ws/install/ydlidar_ros2_driver', 'merge_install': False, 'path': '/home/ashutosh/Desktop/lidar_ws/src/ydlidar_ros2_driver', 'symlink_install': False, 'test_result_base': None}
[0.877s] Level 5:colcon.colcon_core.verb:set package 'ydlidar_sdk' build argument 'cmake_args' from command line to 'None'
[0.877s] Level 5:colcon.colcon_core.verb:set package 'ydlidar_sdk' build argument 'cmake_target' from command line to 'None'
[0.877s] Level 5:colcon.colcon_core.verb:set package 'ydlidar_sdk' build argument 'cmake_target_skip_unavailable' from command line to 'False'
[0.877s] Level 5:colcon.colcon_core.verb:set package 'ydlidar_sdk' build argument 'cmake_clean_cache' from command line to 'False'
[0.877s] Level 5:colcon.colcon_core.verb:set package 'ydlidar_sdk' build argument 'cmake_clean_first' from command line to 'False'
[0.877s] Level 5:colcon.colcon_core.verb:set package 'ydlidar_sdk' build argument 'cmake_force_configure' from command line to 'False'
[0.877s] Level 5:colcon.colcon_core.verb:set package 'ydlidar_sdk' build argument 'ament_cmake_args' from command line to 'None'
[0.877s] Level 5:colcon.colcon_core.verb:set package 'ydlidar_sdk' build argument 'catkin_cmake_args' from command line to 'None'
[0.877s] Level 5:colcon.colcon_core.verb:set package 'ydlidar_sdk' build argument 'catkin_skip_building_tests' from command line to 'False'
[0.877s] DEBUG:colcon.colcon_core.verb:Building package 'ydlidar_sdk' with the following arguments: {'ament_cmake_args': None, 'build_base': '/home/ashutosh/Desktop/lidar_ws/build/ydlidar_sdk', 'catkin_cmake_args': None, 'catkin_skip_building_tests': False, 'cmake_args': None, 'cmake_clean_cache': False, 'cmake_clean_first': False, 'cmake_force_configure': False, 'cmake_target': None, 'cmake_target_skip_unavailable': False, 'install_base': '/home/ashutosh/Desktop/lidar_ws/install/ydlidar_sdk', 'merge_install': False, 'path': '/home/ashutosh/Desktop/lidar_ws/src/ydLidar_sdk', 'symlink_install': False, 'test_result_base': None}
[0.877s] INFO:colcon.colcon_core.executor:Executing jobs using 'parallel' executor
[0.879s] DEBUG:colcon.colcon_parallel_executor.executor.parallel:run_until_complete
[0.879s] INFO:colcon.colcon_ros.task.ament_cmake.build:Building ROS package in '/home/ashutosh/Desktop/lidar_ws/src/ydlidar_ros2_driver' with build type 'ament_cmake'
[0.879s] INFO:colcon.colcon_cmake.task.cmake.build:Building CMake package in '/home/ashutosh/Desktop/lidar_ws/src/ydlidar_ros2_driver'
[0.884s] INFO:colcon.colcon_core.plugin_system:Skipping extension 'colcon_core.shell.bat': Not used on non-Windows systems
[0.884s] INFO:colcon.colcon_core.shell:Skip shell extension 'powershell' for command environment: Not usable outside of PowerShell
[0.884s] DEBUG:colcon.colcon_core.shell:Skip shell extension 'dsv' for command environment
[0.891s] INFO:colcon.colcon_cmake.task.cmake.build:Building CMake package in '/home/ashutosh/Desktop/lidar_ws/src/ydLidar_sdk'
[0.892s] INFO:colcon.colcon_core.shell:Skip shell extension 'powershell' for command environment: Not usable outside of PowerShell
[0.892s] DEBUG:colcon.colcon_core.shell:Skip shell extension 'dsv' for command environment
[0.903s] DEBUG:colcon.colcon_core.event_handler.log_command:Invoking command in '/home/ashutosh/Desktop/lidar_ws/build/ydlidar_ros2_driver': CMAKE_PREFIX_PATH=${CMAKE_PREFIX_PATH}:/home/ashutosh/task_ws/install/hii:/home/ashutosh/cognipilot/cranium/install/b3rb_ros_aim_india:/opt/ros/humble /usr/bin/cmake /home/ashutosh/Desktop/lidar_ws/src/ydlidar_ros2_driver -DCMAKE_INSTALL_PREFIX=/home/ashutosh/Desktop/lidar_ws/install/ydlidar_ros2_driver
[0.914s] DEBUG:colcon.colcon_core.event_handler.log_command:Invoking command in '/home/ashutosh/Desktop/lidar_ws/build/ydlidar_sdk': /usr/bin/cmake --build /home/ashutosh/Desktop/lidar_ws/build/ydlidar_sdk -- -j16 -l16
[1.116s] DEBUG:colcon.colcon_core.event_handler.log_command:Invoked command in '/home/ashutosh/Desktop/lidar_ws/build/ydlidar_sdk' returned '0': /usr/bin/cmake --build /home/ashutosh/Desktop/lidar_ws/build/ydlidar_sdk -- -j16 -l16
[1.131s] DEBUG:colcon.colcon_core.event_handler.log_command:Invoking command in '/home/ashutosh/Desktop/lidar_ws/build/ydlidar_sdk': /usr/bin/cmake --install /home/ashutosh/Desktop/lidar_ws/build/ydlidar_sdk
[1.161s] Level 1:colcon.colcon_core.environment:create_environment_scripts_only(ydlidar_sdk)
[1.162s] DEBUG:colcon.colcon_core.event_handler.log_command:Invoked command in '/home/ashutosh/Desktop/lidar_ws/build/ydlidar_sdk' returned '0': /usr/bin/cmake --install /home/ashutosh/Desktop/lidar_ws/build/ydlidar_sdk
[1.167s] Level 1:colcon.colcon_core.environment:checking '/home/ashutosh/Desktop/lidar_ws/install/ydlidar_sdk' for CMake module files
[1.168s] Level 1:colcon.colcon_core.environment:checking '/home/ashutosh/Desktop/lidar_ws/install/ydlidar_sdk' for CMake config files
[1.168s] Level 1:colcon.colcon_core.shell:create_environment_hook('ydlidar_sdk', 'cmake_prefix_path')
[1.169s] INFO:colcon.colcon_core.shell:Creating environment hook '/home/ashutosh/Desktop/lidar_ws/install/ydlidar_sdk/share/ydlidar_sdk/hook/cmake_prefix_path.ps1'
[1.170s] INFO:colcon.colcon_core.shell:Creating environment descriptor '/home/ashutosh/Desktop/lidar_ws/install/ydlidar_sdk/share/ydlidar_sdk/hook/cmake_prefix_path.dsv'
[1.170s] INFO:colcon.colcon_core.shell:Creating environment hook '/home/ashutosh/Desktop/lidar_ws/install/ydlidar_sdk/share/ydlidar_sdk/hook/cmake_prefix_path.sh'
[1.171s] Level 1:colcon.colcon_core.environment:checking '/home/ashutosh/Desktop/lidar_ws/install/ydlidar_sdk/lib'
[1.171s] Level 1:colcon.colcon_core.environment:checking '/home/ashutosh/Desktop/lidar_ws/install/ydlidar_sdk/bin'
[1.171s] Level 1:colcon.colcon_core.shell:create_environment_hook('ydlidar_sdk', 'path')
[1.172s] INFO:colcon.colcon_core.shell:Creating environment hook '/home/ashutosh/Desktop/lidar_ws/install/ydlidar_sdk/share/ydlidar_sdk/hook/path.ps1'
[1.172s] INFO:colcon.colcon_core.shell:Creating environment descriptor '/home/ashutosh/Desktop/lidar_ws/install/ydlidar_sdk/share/ydlidar_sdk/hook/path.dsv'
[1.173s] INFO:colcon.colcon_core.shell:Creating environment hook '/home/ashutosh/Desktop/lidar_ws/install/ydlidar_sdk/share/ydlidar_sdk/hook/path.sh'
[1.173s] Level 1:colcon.colcon_core.environment:checking '/home/ashutosh/Desktop/lidar_ws/install/ydlidar_sdk/lib/pkgconfig/ydlidar_sdk.pc'
[1.173s] Level 1:colcon.colcon_core.environment:checking '/home/ashutosh/Desktop/lidar_ws/install/ydlidar_sdk/lib/python3.10/site-packages'
[1.173s] Level 1:colcon.colcon_core.environment:checking '/home/ashutosh/Desktop/lidar_ws/install/ydlidar_sdk/bin'
[1.173s] Level 1:colcon.colcon_core.shell:create_environment_hook('ydlidar_sdk', 'pythonscriptspath')
[1.174s] INFO:colcon.colcon_core.shell:Creating environment hook '/home/ashutosh/Desktop/lidar_ws/install/ydlidar_sdk/share/ydlidar_sdk/hook/pythonscriptspath.ps1'
[1.174s] INFO:colcon.colcon_core.shell:Creating environment descriptor '/home/ashutosh/Desktop/lidar_ws/install/ydlidar_sdk/share/ydlidar_sdk/hook/pythonscriptspath.dsv'
[1.174s] INFO:colcon.colcon_core.shell:Creating environment hook '/home/ashutosh/Desktop/lidar_ws/install/ydlidar_sdk/share/ydlidar_sdk/hook/pythonscriptspath.sh'
[1.175s] INFO:colcon.colcon_core.shell:Creating package script '/home/ashutosh/Desktop/lidar_ws/install/ydlidar_sdk/share/ydlidar_sdk/package.ps1'
[1.176s] INFO:colcon.colcon_core.shell:Creating package descriptor '/home/ashutosh/Desktop/lidar_ws/install/ydlidar_sdk/share/ydlidar_sdk/package.dsv'
[1.177s] INFO:colcon.colcon_core.shell:Creating package script '/home/ashutosh/Desktop/lidar_ws/install/ydlidar_sdk/share/ydlidar_sdk/package.sh'
[1.178s] INFO:colcon.colcon_core.shell:Creating package script '/home/ashutosh/Desktop/lidar_ws/install/ydlidar_sdk/share/ydlidar_sdk/package.bash'
[1.180s] INFO:colcon.colcon_core.shell:Creating package script '/home/ashutosh/Desktop/lidar_ws/install/ydlidar_sdk/share/ydlidar_sdk/package.zsh'
[1.181s] Level 1:colcon.colcon_core.environment:create_file_with_runtime_dependencies(/home/ashutosh/Desktop/lidar_ws/install/ydlidar_sdk/share/colcon-core/packages/ydlidar_sdk)
[1.611s] DEBUG:colcon.colcon_core.event_handler.log_command:Invoked command in '/home/ashutosh/Desktop/lidar_ws/build/ydlidar_ros2_driver' returned '0': CMAKE_PREFIX_PATH=${CMAKE_PREFIX_PATH}:/home/ashutosh/task_ws/install/hii:/home/ashutosh/cognipilot/cranium/install/b3rb_ros_aim_india:/opt/ros/humble /usr/bin/cmake /home/ashutosh/Desktop/lidar_ws/src/ydlidar_ros2_driver -DCMAKE_INSTALL_PREFIX=/home/ashutosh/Desktop/lidar_ws/install/ydlidar_ros2_driver
[1.614s] DEBUG:colcon.colcon_core.event_handler.log_command:Invoking command in '/home/ashutosh/Desktop/lidar_ws/build/ydlidar_ros2_driver': CMAKE_PREFIX_PATH=${CMAKE_PREFIX_PATH}:/home/ashutosh/task_ws/install/hii:/home/ashutosh/cognipilot/cranium/install/b3rb_ros_aim_india:/opt/ros/humble /usr/bin/cmake --build /home/ashutosh/Desktop/lidar_ws/build/ydlidar_ros2_driver -- -j16 -l16
[1.729s] DEBUG:colcon.colcon_core.event_handler.log_command:Invoked command in '/home/ashutosh/Desktop/lidar_ws/build/ydlidar_ros2_driver' returned '0': CMAKE_PREFIX_PATH=${CMAKE_PREFIX_PATH}:/home/ashutosh/task_ws/install/hii:/home/ashutosh/cognipilot/cranium/install/b3rb_ros_aim_india:/opt/ros/humble /usr/bin/cmake --build /home/ashutosh/Desktop/lidar_ws/build/ydlidar_ros2_driver -- -j16 -l16
[1.732s] DEBUG:colcon.colcon_core.event_handler.log_command:Invoking command in '/home/ashutosh/Desktop/lidar_ws/build/ydlidar_ros2_driver': CMAKE_PREFIX_PATH=${CMAKE_PREFIX_PATH}:/home/ashutosh/task_ws/install/hii:/home/ashutosh/cognipilot/cranium/install/b3rb_ros_aim_india:/opt/ros/humble /usr/bin/cmake --install /home/ashutosh/Desktop/lidar_ws/build/ydlidar_ros2_driver
[1.760s] Level 1:colcon.colcon_core.environment:create_environment_scripts_only(ydlidar_ros2_driver)
[1.761s] Level 1:colcon.colcon_core.environment:checking '/home/ashutosh/Desktop/lidar_ws/install/ydlidar_ros2_driver' for CMake module files
[1.762s] DEBUG:colcon.colcon_core.event_handler.log_command:Invoked command in '/home/ashutosh/Desktop/lidar_ws/build/ydlidar_ros2_driver' returned '0': CMAKE_PREFIX_PATH=${CMAKE_PREFIX_PATH}:/home/ashutosh/task_ws/install/hii:/home/ashutosh/cognipilot/cranium/install/b3rb_ros_aim_india:/opt/ros/humble /usr/bin/cmake --install /home/ashutosh/Desktop/lidar_ws/build/ydlidar_ros2_driver
[1.762s] Level 1:colcon.colcon_core.environment:checking '/home/ashutosh/Desktop/lidar_ws/install/ydlidar_ros2_driver' for CMake config files
[1.763s] Level 1:colcon.colcon_core.shell:create_environment_hook('ydlidar_ros2_driver', 'cmake_prefix_path')
[1.763s] INFO:colcon.colcon_core.shell:Creating environment hook '/home/ashutosh/Desktop/lidar_ws/install/ydlidar_ros2_driver/share/ydlidar_ros2_driver/hook/cmake_prefix_path.ps1'
[1.764s] INFO:colcon.colcon_core.shell:Creating environment descriptor '/home/ashutosh/Desktop/lidar_ws/install/ydlidar_ros2_driver/share/ydlidar_ros2_driver/hook/cmake_prefix_path.dsv'
[1.764s] INFO:colcon.colcon_core.shell:Creating environment hook '/home/ashutosh/Desktop/lidar_ws/install/ydlidar_ros2_driver/share/ydlidar_ros2_driver/hook/cmake_prefix_path.sh'
[1.764s] Level 1:colcon.colcon_core.environment:checking '/home/ashutosh/Desktop/lidar_ws/install/ydlidar_ros2_driver/lib'
[1.764s] Level 1:colcon.colcon_core.environment:checking '/home/ashutosh/Desktop/lidar_ws/install/ydlidar_ros2_driver/bin'
[1.764s] Level 1:colcon.colcon_core.environment:checking '/home/ashutosh/Desktop/lidar_ws/install/ydlidar_ros2_driver/lib/pkgconfig/ydlidar_ros2_driver.pc'
[1.765s] Level 1:colcon.colcon_core.environment:checking '/home/ashutosh/Desktop/lidar_ws/install/ydlidar_ros2_driver/lib/python3.10/site-packages'
[1.765s] Level 1:colcon.colcon_core.environment:checking '/home/ashutosh/Desktop/lidar_ws/install/ydlidar_ros2_driver/bin'
[1.765s] INFO:colcon.colcon_core.shell:Creating package script '/home/ashutosh/Desktop/lidar_ws/install/ydlidar_ros2_driver/share/ydlidar_ros2_driver/package.ps1'
[1.766s] INFO:colcon.colcon_core.shell:Creating package descriptor '/home/ashutosh/Desktop/lidar_ws/install/ydlidar_ros2_driver/share/ydlidar_ros2_driver/package.dsv'
[1.766s] INFO:colcon.colcon_core.shell:Creating package script '/home/ashutosh/Desktop/lidar_ws/install/ydlidar_ros2_driver/share/ydlidar_ros2_driver/package.sh'
[1.766s] INFO:colcon.colcon_core.shell:Creating package script '/home/ashutosh/Desktop/lidar_ws/install/ydlidar_ros2_driver/share/ydlidar_ros2_driver/package.bash'
[1.767s] INFO:colcon.colcon_core.shell:Creating package script '/home/ashutosh/Desktop/lidar_ws/install/ydlidar_ros2_driver/share/ydlidar_ros2_driver/package.zsh'
[1.767s] Level 1:colcon.colcon_core.environment:create_file_with_runtime_dependencies(/home/ashutosh/Desktop/lidar_ws/install/ydlidar_ros2_driver/share/colcon-core/packages/ydlidar_ros2_driver)
[1.767s] Level 1:colcon.colcon_core.environment:create_environment_scripts_only(ydlidar_ros2_driver)
[1.768s] Level 1:colcon.colcon_core.environment:checking '/home/ashutosh/Desktop/lidar_ws/install/ydlidar_ros2_driver' for CMake module files
[1.768s] Level 1:colcon.colcon_core.environment:checking '/home/ashutosh/Desktop/lidar_ws/install/ydlidar_ros2_driver' for CMake config files
[1.768s] Level 1:colcon.colcon_core.shell:create_environment_hook('ydlidar_ros2_driver', 'cmake_prefix_path')
[1.769s] INFO:colcon.colcon_core.shell:Creating environment hook '/home/ashutosh/Desktop/lidar_ws/install/ydlidar_ros2_driver/share/ydlidar_ros2_driver/hook/cmake_prefix_path.ps1'
[1.769s] INFO:colcon.colcon_core.shell:Creating environment descriptor '/home/ashutosh/Desktop/lidar_ws/install/ydlidar_ros2_driver/share/ydlidar_ros2_driver/hook/cmake_prefix_path.dsv'
[1.769s] INFO:colcon.colcon_core.shell:Creating environment hook '/home/ashutosh/Desktop/lidar_ws/install/ydlidar_ros2_driver/share/ydlidar_ros2_driver/hook/cmake_prefix_path.sh'
[1.770s] Level 1:colcon.colcon_core.environment:checking '/home/ashutosh/Desktop/lidar_ws/install/ydlidar_ros2_driver/lib'
[1.770s] Level 1:colcon.colcon_core.environment:checking '/home/ashutosh/Desktop/lidar_ws/install/ydlidar_ros2_driver/bin'
[1.770s] Level 1:colcon.colcon_core.environment:checking '/home/ashutosh/Desktop/lidar_ws/install/ydlidar_ros2_driver/lib/pkgconfig/ydlidar_ros2_driver.pc'
[1.770s] Level 1:colcon.colcon_core.environment:checking '/home/ashutosh/Desktop/lidar_ws/install/ydlidar_ros2_driver/lib/python3.10/site-packages'
[1.770s] Level 1:colcon.colcon_core.environment:checking '/home/ashutosh/Desktop/lidar_ws/install/ydlidar_ros2_driver/bin'
[1.771s] INFO:colcon.colcon_core.shell:Creating package script '/home/ashutosh/Desktop/lidar_ws/install/ydlidar_ros2_driver/share/ydlidar_ros2_driver/package.ps1'
[1.771s] INFO:colcon.colcon_core.shell:Creating package descriptor '/home/ashutosh/Desktop/lidar_ws/install/ydlidar_ros2_driver/share/ydlidar_ros2_driver/package.dsv'
[1.771s] INFO:colcon.colcon_core.shell:Creating package script '/home/ashutosh/Desktop/lidar_ws/install/ydlidar_ros2_driver/share/ydlidar_ros2_driver/package.sh'
[1.772s] INFO:colcon.colcon_core.shell:Creating package script '/home/ashutosh/Desktop/lidar_ws/install/ydlidar_ros2_driver/share/ydlidar_ros2_driver/package.bash'
[1.772s] INFO:colcon.colcon_core.shell:Creating package script '/home/ashutosh/Desktop/lidar_ws/install/ydlidar_ros2_driver/share/ydlidar_ros2_driver/package.zsh'
[1.772s] Level 1:colcon.colcon_core.environment:create_file_with_runtime_dependencies(/home/ashutosh/Desktop/lidar_ws/install/ydlidar_ros2_driver/share/colcon-core/packages/ydlidar_ros2_driver)
[1.773s] DEBUG:colcon.colcon_parallel_executor.executor.parallel:closing loop
[1.773s] DEBUG:colcon.colcon_parallel_executor.executor.parallel:loop closed
[1.773s] DEBUG:colcon.colcon_parallel_executor.executor.parallel:run_until_complete finished with '0'
[1.773s] DEBUG:colcon.colcon_core.event_reactor:joining thread
[1.781s] INFO:colcon.colcon_core.plugin_system:Skipping extension 'colcon_notification.desktop_notification.terminal_notifier': Not used on non-Darwin systems
[1.782s] INFO:colcon.colcon_core.plugin_system:Skipping extension 'colcon_notification.desktop_notification.win32': Not used on non-Windows systems
[1.782s] INFO:colcon.colcon_notification.desktop_notification:Sending desktop notification using 'notify2'
[1.812s] DEBUG:colcon.colcon_core.event_reactor:joined thread
[1.813s] INFO:colcon.colcon_core.shell:Creating prefix script '/home/ashutosh/Desktop/lidar_ws/install/local_setup.ps1'
[1.814s] INFO:colcon.colcon_core.shell:Creating prefix util module '/home/ashutosh/Desktop/lidar_ws/install/_local_setup_util_ps1.py'
[1.816s] INFO:colcon.colcon_core.shell:Creating prefix chain script '/home/ashutosh/Desktop/lidar_ws/install/setup.ps1'
[1.818s] INFO:colcon.colcon_core.shell:Creating prefix script '/home/ashutosh/Desktop/lidar_ws/install/local_setup.sh'
[1.819s] INFO:colcon.colcon_core.shell:Creating prefix util module '/home/ashutosh/Desktop/lidar_ws/install/_local_setup_util_sh.py'
[1.819s] INFO:colcon.colcon_core.shell:Creating prefix chain script '/home/ashutosh/Desktop/lidar_ws/install/setup.sh'
[1.821s] INFO:colcon.colcon_core.shell:Creating prefix script '/home/ashutosh/Desktop/lidar_ws/install/local_setup.bash'
[1.821s] INFO:colcon.colcon_core.shell:Creating prefix chain script '/home/ashutosh/Desktop/lidar_ws/install/setup.bash'
[1.823s] INFO:colcon.colcon_core.shell:Creating prefix script '/home/ashutosh/Desktop/lidar_ws/install/local_setup.zsh'
[1.824s] INFO:colcon.colcon_core.shell:Creating prefix chain script '/home/ashutosh/Desktop/lidar_ws/install/setup.zsh'
