[0.105s] DEBUG:colcon:Command line arguments: ['/usr/bin/colcon', 'build']
[0.105s] DEBUG:colcon:Parsed command line arguments: Namespace(log_base=None, log_level=None, verb_name='build', build_base='build', install_base='install', merge_install=False, symlink_install=False, test_result_base=None, continue_on_error=False, executor='parallel', parallel_workers=16, event_handlers=None, ignore_user_meta=False, metas=['./colcon.meta'], base_paths=['.'], packages_ignore=None, packages_ignore_regex=None, paths=None, packages_up_to=None, packages_up_to_regex=None, packages_above=None, packages_above_and_dependencies=None, packages_above_depth=None, packages_select_by_dep=None, packages_skip_by_dep=None, packages_skip_up_to=None, packages_select_build_failed=False, packages_skip_build_finished=False, packages_select_test_failures=False, packages_skip_test_passed=False, packages_select=None, packages_skip=None, packages_select_regex=None, packages_skip_regex=None, packages_start=None, packages_end=None, allow_overriding=[], cmake_args=None, cmake_target=None, cmake_target_skip_unavailable=False, cmake_clean_cache=False, cmake_clean_first=False, cmake_force_configure=False, ament_cmake_args=None, catkin_cmake_args=None, catkin_skip_building_tests=False, verb_parser=<colcon_defaults.argument_parser.defaults.DefaultArgumentsDecorator object at 0x74c9be5c26e0>, verb_extension=<colcon_core.verb.build.BuildVerb object at 0x74c9be53b460>, main=<bound method BuildVerb.main of <colcon_core.verb.build.BuildVerb object at 0x74c9be53b460>>)
[0.346s] Level 1:colcon.colcon_core.package_discovery:discover_packages(colcon_meta) check parameters
[0.347s] Level 1:colcon.colcon_core.package_discovery:discover_packages(recursive) check parameters
[0.347s] Level 1:colcon.colcon_core.package_discovery:discover_packages(ignore) check parameters
[0.347s] Level 1:colcon.colcon_core.package_discovery:discover_packages(path) check parameters
[0.347s] Level 1:colcon.colcon_core.package_discovery:discover_packages(colcon_meta) discover
[0.347s] Level 1:colcon.colcon_core.package_discovery:discover_packages(recursive) discover
[0.347s] INFO:colcon.colcon_core.package_discovery:Crawling recursively for packages in '/home/ashutosh/Desktop/lidar_ws'
[0.347s] Level 1:colcon.colcon_core.package_identification:_identify(.) by extensions ['ignore', 'ignore_ament_install']
[0.347s] Level 1:colcon.colcon_core.package_identification:_identify(.) by extension 'ignore'
[0.347s] Level 1:colcon.colcon_core.package_identification:_identify(.) by extension 'ignore_ament_install'
[0.347s] Level 1:colcon.colcon_core.package_identification:_identify(.) by extensions ['colcon_pkg']
[0.347s] Level 1:colcon.colcon_core.package_identification:_identify(.) by extension 'colcon_pkg'
[0.347s] Level 1:colcon.colcon_core.package_identification:_identify(.) by extensions ['colcon_meta']
[0.347s] Level 1:colcon.colcon_core.package_identification:_identify(.) by extension 'colcon_meta'
[0.347s] Level 1:colcon.colcon_core.package_identification:_identify(.) by extensions ['ros']
[0.347s] Level 1:colcon.colcon_core.package_identification:_identify(.) by extension 'ros'
[0.372s] Level 1:colcon.colcon_core.package_identification:_identify(.) by extensions ['cmake', 'python']
[0.372s] Level 1:colcon.colcon_core.package_identification:_identify(.) by extension 'cmake'
[0.372s] Level 1:colcon.colcon_core.package_identification:_identify(.) by extension 'python'
[0.372s] Level 1:colcon.colcon_core.package_identification:_identify(.) by extensions ['python_setup_py']
[0.372s] Level 1:colcon.colcon_core.package_identification:_identify(.) by extension 'python_setup_py'
[0.372s] Level 1:colcon.colcon_core.package_identification:_identify(build) by extensions ['ignore', 'ignore_ament_install']
[0.372s] Level 1:colcon.colcon_core.package_identification:_identify(build) by extension 'ignore'
[0.372s] Level 1:colcon.colcon_core.package_identification:_identify(build) ignored
[0.372s] Level 1:colcon.colcon_core.package_identification:_identify(install) by extensions ['ignore', 'ignore_ament_install']
[0.372s] Level 1:colcon.colcon_core.package_identification:_identify(install) by extension 'ignore'
[0.372s] Level 1:colcon.colcon_core.package_identification:_identify(install) ignored
[0.372s] Level 1:colcon.colcon_core.package_identification:_identify(log) by extensions ['ignore', 'ignore_ament_install']
[0.373s] Level 1:colcon.colcon_core.package_identification:_identify(log) by extension 'ignore'
[0.373s] Level 1:colcon.colcon_core.package_identification:_identify(log) ignored
[0.373s] Level 1:colcon.colcon_core.package_identification:_identify(src) by extensions ['ignore', 'ignore_ament_install']
[0.373s] Level 1:colcon.colcon_core.package_identification:_identify(src) by extension 'ignore'
[0.373s] Level 1:colcon.colcon_core.package_identification:_identify(src) by extension 'ignore_ament_install'
[0.373s] Level 1:colcon.colcon_core.package_identification:_identify(src) by extensions ['colcon_pkg']
[0.373s] Level 1:colcon.colcon_core.package_identification:_identify(src) by extension 'colcon_pkg'
[0.373s] Level 1:colcon.colcon_core.package_identification:_identify(src) by extensions ['colcon_meta']
[0.373s] Level 1:colcon.colcon_core.package_identification:_identify(src) by extension 'colcon_meta'
[0.373s] Level 1:colcon.colcon_core.package_identification:_identify(src) by extensions ['ros']
[0.373s] Level 1:colcon.colcon_core.package_identification:_identify(src) by extension 'ros'
[0.373s] Level 1:colcon.colcon_core.package_identification:_identify(src) by extensions ['cmake', 'python']
[0.373s] Level 1:colcon.colcon_core.package_identification:_identify(src) by extension 'cmake'
[0.373s] Level 1:colcon.colcon_core.package_identification:_identify(src) by extension 'python'
[0.373s] Level 1:colcon.colcon_core.package_identification:_identify(src) by extensions ['python_setup_py']
[0.373s] Level 1:colcon.colcon_core.package_identification:_identify(src) by extension 'python_setup_py'
[0.373s] Level 1:colcon.colcon_core.package_identification:_identify(src/ydLidar_sdk) by extensions ['ignore', 'ignore_ament_install']
[0.373s] Level 1:colcon.colcon_core.package_identification:_identify(src/ydLidar_sdk) by extension 'ignore'
[0.373s] Level 1:colcon.colcon_core.package_identification:_identify(src/ydLidar_sdk) by extension 'ignore_ament_install'
[0.373s] Level 1:colcon.colcon_core.package_identification:_identify(src/ydLidar_sdk) by extensions ['colcon_pkg']
[0.373s] Level 1:colcon.colcon_core.package_identification:_identify(src/ydLidar_sdk) by extension 'colcon_pkg'
[0.373s] Level 1:colcon.colcon_core.package_identification:_identify(src/ydLidar_sdk) by extensions ['colcon_meta']
[0.373s] Level 1:colcon.colcon_core.package_identification:_identify(src/ydLidar_sdk) by extension 'colcon_meta'
[0.373s] Level 1:colcon.colcon_core.package_identification:_identify(src/ydLidar_sdk) by extensions ['ros']
[0.373s] Level 1:colcon.colcon_core.package_identification:_identify(src/ydLidar_sdk) by extension 'ros'
[0.374s] Level 1:colcon.colcon_core.package_identification:_identify(src/ydLidar_sdk) by extensions ['cmake', 'python']
[0.374s] Level 1:colcon.colcon_core.package_identification:_identify(src/ydLidar_sdk) by extension 'cmake'
[0.390s] Level 1:colcon.colcon_core.package_identification:_identify(src/ydLidar_sdk) by extension 'python'
[0.390s] DEBUG:colcon.colcon_core.package_identification:Package 'src/ydLidar_sdk' with type 'cmake' and name 'ydlidar_sdk'
[0.390s] Level 1:colcon.colcon_core.package_identification:_identify(src/ydlidar_ros2_driver) by extensions ['ignore', 'ignore_ament_install']
[0.390s] Level 1:colcon.colcon_core.package_identification:_identify(src/ydlidar_ros2_driver) by extension 'ignore'
[0.390s] Level 1:colcon.colcon_core.package_identification:_identify(src/ydlidar_ros2_driver) by extension 'ignore_ament_install'
[0.390s] Level 1:colcon.colcon_core.package_identification:_identify(src/ydlidar_ros2_driver) by extensions ['colcon_pkg']
[0.390s] Level 1:colcon.colcon_core.package_identification:_identify(src/ydlidar_ros2_driver) by extension 'colcon_pkg'
[0.390s] Level 1:colcon.colcon_core.package_identification:_identify(src/ydlidar_ros2_driver) by extensions ['colcon_meta']
[0.390s] Level 1:colcon.colcon_core.package_identification:_identify(src/ydlidar_ros2_driver) by extension 'colcon_meta'
[0.391s] Level 1:colcon.colcon_core.package_identification:_identify(src/ydlidar_ros2_driver) by extensions ['ros']
[0.391s] Level 1:colcon.colcon_core.package_identification:_identify(src/ydlidar_ros2_driver) by extension 'ros'
[0.393s] DEBUG:colcon.colcon_core.package_identification:Package 'src/ydlidar_ros2_driver' with type 'ros.ament_cmake' and name 'ydlidar_ros2_driver'
[0.393s] Level 1:colcon.colcon_core.package_discovery:discover_packages(recursive) using defaults
[0.393s] Level 1:colcon.colcon_core.package_discovery:discover_packages(ignore) discover
[0.393s] Level 1:colcon.colcon_core.package_discovery:discover_packages(ignore) using defaults
[0.393s] Level 1:colcon.colcon_core.package_discovery:discover_packages(path) discover
[0.393s] Level 1:colcon.colcon_core.package_discovery:discover_packages(path) using defaults
[0.412s] Level 1:colcon.colcon_core.package_discovery:discover_packages(prefix_path) check parameters
[0.412s] Level 1:colcon.colcon_core.package_discovery:discover_packages(prefix_path) discover
[0.414s] DEBUG:colcon.colcon_installed_package_information.package_discovery:Found 2 installed packages in /home/ashutosh/Desktop/lidar_ws/install
[0.415s] DEBUG:colcon.colcon_installed_package_information.package_discovery:Found 1 installed packages in /home/ashutosh/cognipilot/electrode/install
[0.415s] DEBUG:colcon.colcon_installed_package_information.package_discovery:Found 1 installed packages in /home/ashutosh/task_ws/install
[0.416s] DEBUG:colcon.colcon_installed_package_information.package_discovery:Found 16 installed packages in /home/ashutosh/cognipilot/cranium/install
[0.418s] DEBUG:colcon.colcon_installed_package_information.package_discovery:Found 504 installed packages in /opt/ros/humble
[0.420s] Level 1:colcon.colcon_core.package_discovery:discover_packages(prefix_path) using defaults
[0.479s] Level 5:colcon.colcon_core.verb:set package 'ydlidar_ros2_driver' build argument 'cmake_args' from command line to 'None'
[0.479s] Level 5:colcon.colcon_core.verb:set package 'ydlidar_ros2_driver' build argument 'cmake_target' from command line to 'None'
[0.479s] Level 5:colcon.colcon_core.verb:set package 'ydlidar_ros2_driver' build argument 'cmake_target_skip_unavailable' from command line to 'False'
[0.479s] Level 5:colcon.colcon_core.verb:set package 'ydlidar_ros2_driver' build argument 'cmake_clean_cache' from command line to 'False'
[0.479s] Level 5:colcon.colcon_core.verb:set package 'ydlidar_ros2_driver' build argument 'cmake_clean_first' from command line to 'False'
[0.479s] Level 5:colcon.colcon_core.verb:set package 'ydlidar_ros2_driver' build argument 'cmake_force_configure' from command line to 'False'
[0.479s] Level 5:colcon.colcon_core.verb:set package 'ydlidar_ros2_driver' build argument 'ament_cmake_args' from command line to 'None'
[0.479s] Level 5:colcon.colcon_core.verb:set package 'ydlidar_ros2_driver' build argument 'catkin_cmake_args' from command line to 'None'
[0.479s] Level 5:colcon.colcon_core.verb:set package 'ydlidar_ros2_driver' build argument 'catkin_skip_building_tests' from command line to 'False'
[0.479s] DEBUG:colcon.colcon_core.verb:Building package 'ydlidar_ros2_driver' with the following arguments: {'ament_cmake_args': None, 'build_base': '/home/ashutosh/Desktop/lidar_ws/build/ydlidar_ros2_driver', 'catkin_cmake_args': None, 'catkin_skip_building_tests': False, 'cmake_args': None, 'cmake_clean_cache': False, 'cmake_clean_first': False, 'cmake_force_configure': False, 'cmake_target': None, 'cmake_target_skip_unavailable': False, 'install_base': '/home/ashutosh/Desktop/lidar_ws/install/ydlidar_ros2_driver', 'merge_install': False, 'path': '/home/ashutosh/Desktop/lidar_ws/src/ydlidar_ros2_driver', 'symlink_install': False, 'test_result_base': None}
[0.480s] Level 5:colcon.colcon_core.verb:set package 'ydlidar_sdk' build argument 'cmake_args' from command line to 'None'
[0.480s] Level 5:colcon.colcon_core.verb:set package 'ydlidar_sdk' build argument 'cmake_target' from command line to 'None'
[0.480s] Level 5:colcon.colcon_core.verb:set package 'ydlidar_sdk' build argument 'cmake_target_skip_unavailable' from command line to 'False'
[0.480s] Level 5:colcon.colcon_core.verb:set package 'ydlidar_sdk' build argument 'cmake_clean_cache' from command line to 'False'
[0.480s] Level 5:colcon.colcon_core.verb:set package 'ydlidar_sdk' build argument 'cmake_clean_first' from command line to 'False'
[0.480s] Level 5:colcon.colcon_core.verb:set package 'ydlidar_sdk' build argument 'cmake_force_configure' from command line to 'False'
[0.480s] Level 5:colcon.colcon_core.verb:set package 'ydlidar_sdk' build argument 'ament_cmake_args' from command line to 'None'
[0.480s] Level 5:colcon.colcon_core.verb:set package 'ydlidar_sdk' build argument 'catkin_cmake_args' from command line to 'None'
[0.480s] Level 5:colcon.colcon_core.verb:set package 'ydlidar_sdk' build argument 'catkin_skip_building_tests' from command line to 'False'
[0.480s] DEBUG:colcon.colcon_core.verb:Building package 'ydlidar_sdk' with the following arguments: {'ament_cmake_args': None, 'build_base': '/home/ashutosh/Desktop/lidar_ws/build/ydlidar_sdk', 'catkin_cmake_args': None, 'catkin_skip_building_tests': False, 'cmake_args': None, 'cmake_clean_cache': False, 'cmake_clean_first': False, 'cmake_force_configure': False, 'cmake_target': None, 'cmake_target_skip_unavailable': False, 'install_base': '/home/ashutosh/Desktop/lidar_ws/install/ydlidar_sdk', 'merge_install': False, 'path': '/home/ashutosh/Desktop/lidar_ws/src/ydLidar_sdk', 'symlink_install': False, 'test_result_base': None}
[0.480s] INFO:colcon.colcon_core.executor:Executing jobs using 'parallel' executor
[0.482s] DEBUG:colcon.colcon_parallel_executor.executor.parallel:run_until_complete
[0.482s] INFO:colcon.colcon_ros.task.ament_cmake.build:Building ROS package in '/home/ashutosh/Desktop/lidar_ws/src/ydlidar_ros2_driver' with build type 'ament_cmake'
[0.482s] INFO:colcon.colcon_cmake.task.cmake.build:Building CMake package in '/home/ashutosh/Desktop/lidar_ws/src/ydlidar_ros2_driver'
[0.484s] INFO:colcon.colcon_core.plugin_system:Skipping extension 'colcon_core.shell.bat': Not used on non-Windows systems
[0.485s] INFO:colcon.colcon_core.shell:Skip shell extension 'powershell' for command environment: Not usable outside of PowerShell
[0.485s] DEBUG:colcon.colcon_core.shell:Skip shell extension 'dsv' for command environment
[0.491s] INFO:colcon.colcon_cmake.task.cmake.build:Building CMake package in '/home/ashutosh/Desktop/lidar_ws/src/ydLidar_sdk'
[0.491s] INFO:colcon.colcon_core.shell:Skip shell extension 'powershell' for command environment: Not usable outside of PowerShell
[0.491s] DEBUG:colcon.colcon_core.shell:Skip shell extension 'dsv' for command environment
[0.504s] DEBUG:colcon.colcon_core.event_handler.log_command:Invoking command in '/home/ashutosh/Desktop/lidar_ws/build/ydlidar_ros2_driver': CMAKE_PREFIX_PATH=${CMAKE_PREFIX_PATH}:/home/ashutosh/task_ws/install/hii:/home/ashutosh/cognipilot/cranium/install/b3rb_ros_aim_india:/opt/ros/humble /usr/bin/cmake --build /home/ashutosh/Desktop/lidar_ws/build/ydlidar_ros2_driver -- -j16 -l16
[0.508s] DEBUG:colcon.colcon_core.event_handler.log_command:Invoking command in '/home/ashutosh/Desktop/lidar_ws/build/ydlidar_sdk': /usr/bin/cmake --build /home/ashutosh/Desktop/lidar_ws/build/ydlidar_sdk -- -j16 -l16
[0.597s] DEBUG:colcon.colcon_core.event_handler.log_command:Invoked command in '/home/ashutosh/Desktop/lidar_ws/build/ydlidar_ros2_driver' returned '0': CMAKE_PREFIX_PATH=${CMAKE_PREFIX_PATH}:/home/ashutosh/task_ws/install/hii:/home/ashutosh/cognipilot/cranium/install/b3rb_ros_aim_india:/opt/ros/humble /usr/bin/cmake --build /home/ashutosh/Desktop/lidar_ws/build/ydlidar_ros2_driver -- -j16 -l16
[0.619s] DEBUG:colcon.colcon_core.event_handler.log_command:Invoking command in '/home/ashutosh/Desktop/lidar_ws/build/ydlidar_ros2_driver': CMAKE_PREFIX_PATH=${CMAKE_PREFIX_PATH}:/home/ashutosh/task_ws/install/hii:/home/ashutosh/cognipilot/cranium/install/b3rb_ros_aim_india:/opt/ros/humble /usr/bin/cmake --install /home/ashutosh/Desktop/lidar_ws/build/ydlidar_ros2_driver
[0.657s] Level 1:colcon.colcon_core.environment:create_environment_scripts_only(ydlidar_ros2_driver)
[0.658s] DEBUG:colcon.colcon_core.event_handler.log_command:Invoked command in '/home/ashutosh/Desktop/lidar_ws/build/ydlidar_ros2_driver' returned '0': CMAKE_PREFIX_PATH=${CMAKE_PREFIX_PATH}:/home/ashutosh/task_ws/install/hii:/home/ashutosh/cognipilot/cranium/install/b3rb_ros_aim_india:/opt/ros/humble /usr/bin/cmake --install /home/ashutosh/Desktop/lidar_ws/build/ydlidar_ros2_driver
[0.660s] Level 1:colcon.colcon_core.environment:checking '/home/ashutosh/Desktop/lidar_ws/install/ydlidar_ros2_driver' for CMake module files
[0.661s] Level 1:colcon.colcon_core.environment:checking '/home/ashutosh/Desktop/lidar_ws/install/ydlidar_ros2_driver' for CMake config files
[0.661s] Level 1:colcon.colcon_core.shell:create_environment_hook('ydlidar_ros2_driver', 'cmake_prefix_path')
[0.661s] INFO:colcon.colcon_core.shell:Creating environment hook '/home/ashutosh/Desktop/lidar_ws/install/ydlidar_ros2_driver/share/ydlidar_ros2_driver/hook/cmake_prefix_path.ps1'
[0.662s] INFO:colcon.colcon_core.shell:Creating environment descriptor '/home/ashutosh/Desktop/lidar_ws/install/ydlidar_ros2_driver/share/ydlidar_ros2_driver/hook/cmake_prefix_path.dsv'
[0.663s] INFO:colcon.colcon_core.shell:Creating environment hook '/home/ashutosh/Desktop/lidar_ws/install/ydlidar_ros2_driver/share/ydlidar_ros2_driver/hook/cmake_prefix_path.sh'
[0.664s] Level 1:colcon.colcon_core.environment:checking '/home/ashutosh/Desktop/lidar_ws/install/ydlidar_ros2_driver/lib'
[0.664s] Level 1:colcon.colcon_core.environment:checking '/home/ashutosh/Desktop/lidar_ws/install/ydlidar_ros2_driver/bin'
[0.664s] Level 1:colcon.colcon_core.environment:checking '/home/ashutosh/Desktop/lidar_ws/install/ydlidar_ros2_driver/lib/pkgconfig/ydlidar_ros2_driver.pc'
[0.664s] Level 1:colcon.colcon_core.environment:checking '/home/ashutosh/Desktop/lidar_ws/install/ydlidar_ros2_driver/lib/python3.10/site-packages'
[0.664s] Level 1:colcon.colcon_core.environment:checking '/home/ashutosh/Desktop/lidar_ws/install/ydlidar_ros2_driver/bin'
[0.665s] INFO:colcon.colcon_core.shell:Creating package script '/home/ashutosh/Desktop/lidar_ws/install/ydlidar_ros2_driver/share/ydlidar_ros2_driver/package.ps1'
[0.666s] INFO:colcon.colcon_core.shell:Creating package descriptor '/home/ashutosh/Desktop/lidar_ws/install/ydlidar_ros2_driver/share/ydlidar_ros2_driver/package.dsv'
[0.666s] INFO:colcon.colcon_core.shell:Creating package script '/home/ashutosh/Desktop/lidar_ws/install/ydlidar_ros2_driver/share/ydlidar_ros2_driver/package.sh'
[0.667s] INFO:colcon.colcon_core.shell:Creating package script '/home/ashutosh/Desktop/lidar_ws/install/ydlidar_ros2_driver/share/ydlidar_ros2_driver/package.bash'
[0.668s] INFO:colcon.colcon_core.shell:Creating package script '/home/ashutosh/Desktop/lidar_ws/install/ydlidar_ros2_driver/share/ydlidar_ros2_driver/package.zsh'
[0.669s] Level 1:colcon.colcon_core.environment:create_file_with_runtime_dependencies(/home/ashutosh/Desktop/lidar_ws/install/ydlidar_ros2_driver/share/colcon-core/packages/ydlidar_ros2_driver)
[0.670s] Level 1:colcon.colcon_core.environment:create_environment_scripts_only(ydlidar_ros2_driver)
[0.670s] Level 1:colcon.colcon_core.environment:checking '/home/ashutosh/Desktop/lidar_ws/install/ydlidar_ros2_driver' for CMake module files
[0.670s] Level 1:colcon.colcon_core.environment:checking '/home/ashutosh/Desktop/lidar_ws/install/ydlidar_ros2_driver' for CMake config files
[0.671s] Level 1:colcon.colcon_core.shell:create_environment_hook('ydlidar_ros2_driver', 'cmake_prefix_path')
[0.671s] INFO:colcon.colcon_core.shell:Creating environment hook '/home/ashutosh/Desktop/lidar_ws/install/ydlidar_ros2_driver/share/ydlidar_ros2_driver/hook/cmake_prefix_path.ps1'
[0.672s] INFO:colcon.colcon_core.shell:Creating environment descriptor '/home/ashutosh/Desktop/lidar_ws/install/ydlidar_ros2_driver/share/ydlidar_ros2_driver/hook/cmake_prefix_path.dsv'
[0.672s] INFO:colcon.colcon_core.shell:Creating environment hook '/home/ashutosh/Desktop/lidar_ws/install/ydlidar_ros2_driver/share/ydlidar_ros2_driver/hook/cmake_prefix_path.sh'
[0.673s] Level 1:colcon.colcon_core.environment:checking '/home/ashutosh/Desktop/lidar_ws/install/ydlidar_ros2_driver/lib'
[0.673s] Level 1:colcon.colcon_core.environment:checking '/home/ashutosh/Desktop/lidar_ws/install/ydlidar_ros2_driver/bin'
[0.673s] Level 1:colcon.colcon_core.environment:checking '/home/ashutosh/Desktop/lidar_ws/install/ydlidar_ros2_driver/lib/pkgconfig/ydlidar_ros2_driver.pc'
[0.673s] Level 1:colcon.colcon_core.environment:checking '/home/ashutosh/Desktop/lidar_ws/install/ydlidar_ros2_driver/lib/python3.10/site-packages'
[0.673s] Level 1:colcon.colcon_core.environment:checking '/home/ashutosh/Desktop/lidar_ws/install/ydlidar_ros2_driver/bin'
[0.674s] INFO:colcon.colcon_core.shell:Creating package script '/home/ashutosh/Desktop/lidar_ws/install/ydlidar_ros2_driver/share/ydlidar_ros2_driver/package.ps1'
[0.675s] INFO:colcon.colcon_core.shell:Creating package descriptor '/home/ashutosh/Desktop/lidar_ws/install/ydlidar_ros2_driver/share/ydlidar_ros2_driver/package.dsv'
[0.675s] INFO:colcon.colcon_core.shell:Creating package script '/home/ashutosh/Desktop/lidar_ws/install/ydlidar_ros2_driver/share/ydlidar_ros2_driver/package.sh'
[0.676s] INFO:colcon.colcon_core.shell:Creating package script '/home/ashutosh/Desktop/lidar_ws/install/ydlidar_ros2_driver/share/ydlidar_ros2_driver/package.bash'
[0.677s] INFO:colcon.colcon_core.shell:Creating package script '/home/ashutosh/Desktop/lidar_ws/install/ydlidar_ros2_driver/share/ydlidar_ros2_driver/package.zsh'
[0.677s] Level 1:colcon.colcon_core.environment:create_file_with_runtime_dependencies(/home/ashutosh/Desktop/lidar_ws/install/ydlidar_ros2_driver/share/colcon-core/packages/ydlidar_ros2_driver)
[0.686s] DEBUG:colcon.colcon_core.event_handler.log_command:Invoked command in '/home/ashutosh/Desktop/lidar_ws/build/ydlidar_sdk' returned '0': /usr/bin/cmake --build /home/ashutosh/Desktop/lidar_ws/build/ydlidar_sdk -- -j16 -l16
[0.688s] DEBUG:colcon.colcon_core.event_handler.log_command:Invoking command in '/home/ashutosh/Desktop/lidar_ws/build/ydlidar_sdk': /usr/bin/cmake --install /home/ashutosh/Desktop/lidar_ws/build/ydlidar_sdk
[0.709s] Level 1:colcon.colcon_core.environment:create_environment_scripts_only(ydlidar_sdk)
[0.710s] Level 1:colcon.colcon_core.environment:checking '/home/ashutosh/Desktop/lidar_ws/install/ydlidar_sdk' for CMake module files
[0.711s] DEBUG:colcon.colcon_core.event_handler.log_command:Invoked command in '/home/ashutosh/Desktop/lidar_ws/build/ydlidar_sdk' returned '0': /usr/bin/cmake --install /home/ashutosh/Desktop/lidar_ws/build/ydlidar_sdk
[0.711s] Level 1:colcon.colcon_core.environment:checking '/home/ashutosh/Desktop/lidar_ws/install/ydlidar_sdk' for CMake config files
[0.712s] Level 1:colcon.colcon_core.shell:create_environment_hook('ydlidar_sdk', 'cmake_prefix_path')
[0.712s] INFO:colcon.colcon_core.shell:Creating environment hook '/home/ashutosh/Desktop/lidar_ws/install/ydlidar_sdk/share/ydlidar_sdk/hook/cmake_prefix_path.ps1'
[0.713s] INFO:colcon.colcon_core.shell:Creating environment descriptor '/home/ashutosh/Desktop/lidar_ws/install/ydlidar_sdk/share/ydlidar_sdk/hook/cmake_prefix_path.dsv'
[0.713s] INFO:colcon.colcon_core.shell:Creating environment hook '/home/ashutosh/Desktop/lidar_ws/install/ydlidar_sdk/share/ydlidar_sdk/hook/cmake_prefix_path.sh'
[0.714s] Level 1:colcon.colcon_core.environment:checking '/home/ashutosh/Desktop/lidar_ws/install/ydlidar_sdk/lib'
[0.714s] Level 1:colcon.colcon_core.environment:checking '/home/ashutosh/Desktop/lidar_ws/install/ydlidar_sdk/bin'
[0.714s] Level 1:colcon.colcon_core.shell:create_environment_hook('ydlidar_sdk', 'path')
[0.714s] INFO:colcon.colcon_core.shell:Creating environment hook '/home/ashutosh/Desktop/lidar_ws/install/ydlidar_sdk/share/ydlidar_sdk/hook/path.ps1'
[0.714s] INFO:colcon.colcon_core.shell:Creating environment descriptor '/home/ashutosh/Desktop/lidar_ws/install/ydlidar_sdk/share/ydlidar_sdk/hook/path.dsv'
[0.715s] INFO:colcon.colcon_core.shell:Creating environment hook '/home/ashutosh/Desktop/lidar_ws/install/ydlidar_sdk/share/ydlidar_sdk/hook/path.sh'
[0.715s] Level 1:colcon.colcon_core.environment:checking '/home/ashutosh/Desktop/lidar_ws/install/ydlidar_sdk/lib/pkgconfig/ydlidar_sdk.pc'
[0.715s] Level 1:colcon.colcon_core.environment:checking '/home/ashutosh/Desktop/lidar_ws/install/ydlidar_sdk/lib/python3.10/site-packages'
[0.715s] Level 1:colcon.colcon_core.environment:checking '/home/ashutosh/Desktop/lidar_ws/install/ydlidar_sdk/bin'
[0.715s] Level 1:colcon.colcon_core.shell:create_environment_hook('ydlidar_sdk', 'pythonscriptspath')
[0.716s] INFO:colcon.colcon_core.shell:Creating environment hook '/home/ashutosh/Desktop/lidar_ws/install/ydlidar_sdk/share/ydlidar_sdk/hook/pythonscriptspath.ps1'
[0.716s] INFO:colcon.colcon_core.shell:Creating environment descriptor '/home/ashutosh/Desktop/lidar_ws/install/ydlidar_sdk/share/ydlidar_sdk/hook/pythonscriptspath.dsv'
[0.716s] INFO:colcon.colcon_core.shell:Creating environment hook '/home/ashutosh/Desktop/lidar_ws/install/ydlidar_sdk/share/ydlidar_sdk/hook/pythonscriptspath.sh'
[0.717s] INFO:colcon.colcon_core.shell:Creating package script '/home/ashutosh/Desktop/lidar_ws/install/ydlidar_sdk/share/ydlidar_sdk/package.ps1'
[0.717s] INFO:colcon.colcon_core.shell:Creating package descriptor '/home/ashutosh/Desktop/lidar_ws/install/ydlidar_sdk/share/ydlidar_sdk/package.dsv'
[0.718s] INFO:colcon.colcon_core.shell:Creating package script '/home/ashutosh/Desktop/lidar_ws/install/ydlidar_sdk/share/ydlidar_sdk/package.sh'
[0.718s] INFO:colcon.colcon_core.shell:Creating package script '/home/ashutosh/Desktop/lidar_ws/install/ydlidar_sdk/share/ydlidar_sdk/package.bash'
[0.718s] INFO:colcon.colcon_core.shell:Creating package script '/home/ashutosh/Desktop/lidar_ws/install/ydlidar_sdk/share/ydlidar_sdk/package.zsh'
[0.719s] Level 1:colcon.colcon_core.environment:create_file_with_runtime_dependencies(/home/ashutosh/Desktop/lidar_ws/install/ydlidar_sdk/share/colcon-core/packages/ydlidar_sdk)
[0.719s] DEBUG:colcon.colcon_parallel_executor.executor.parallel:closing loop
[0.719s] DEBUG:colcon.colcon_parallel_executor.executor.parallel:loop closed
[0.719s] DEBUG:colcon.colcon_parallel_executor.executor.parallel:run_until_complete finished with '0'
[0.719s] DEBUG:colcon.colcon_core.event_reactor:joining thread
[0.725s] INFO:colcon.colcon_core.plugin_system:Skipping extension 'colcon_notification.desktop_notification.terminal_notifier': Not used on non-Darwin systems
[0.725s] INFO:colcon.colcon_core.plugin_system:Skipping extension 'colcon_notification.desktop_notification.win32': Not used on non-Windows systems
[0.725s] INFO:colcon.colcon_notification.desktop_notification:Sending desktop notification using 'notify2'
[0.735s] DEBUG:colcon.colcon_core.event_reactor:joined thread
[0.736s] INFO:colcon.colcon_core.shell:Creating prefix script '/home/ashutosh/Desktop/lidar_ws/install/local_setup.ps1'
[0.737s] INFO:colcon.colcon_core.shell:Creating prefix util module '/home/ashutosh/Desktop/lidar_ws/install/_local_setup_util_ps1.py'
[0.739s] INFO:colcon.colcon_core.shell:Creating prefix chain script '/home/ashutosh/Desktop/lidar_ws/install/setup.ps1'
[0.742s] INFO:colcon.colcon_core.shell:Creating prefix script '/home/ashutosh/Desktop/lidar_ws/install/local_setup.sh'
[0.742s] INFO:colcon.colcon_core.shell:Creating prefix util module '/home/ashutosh/Desktop/lidar_ws/install/_local_setup_util_sh.py'
[0.743s] INFO:colcon.colcon_core.shell:Creating prefix chain script '/home/ashutosh/Desktop/lidar_ws/install/setup.sh'
[0.745s] INFO:colcon.colcon_core.shell:Creating prefix script '/home/ashutosh/Desktop/lidar_ws/install/local_setup.bash'
[0.745s] INFO:colcon.colcon_core.shell:Creating prefix chain script '/home/ashutosh/Desktop/lidar_ws/install/setup.bash'
[0.747s] INFO:colcon.colcon_core.shell:Creating prefix script '/home/ashutosh/Desktop/lidar_ws/install/local_setup.zsh'
[0.747s] INFO:colcon.colcon_core.shell:Creating prefix chain script '/home/ashutosh/Desktop/lidar_ws/install/setup.zsh'
