[0.021s] Invoking command in '/home/ashutosh/Desktop/lidar_ws/build/ydlidar_ros2_driver': CMAKE_PREFIX_PATH=${CMAKE_PREFIX_PATH}:/home/ashutosh/task_ws/install/hii:/home/ashutosh/cognipilot/cranium/install/b3rb_ros_aim_india:/opt/ros/humble /usr/bin/cmake --build /home/ashutosh/Desktop/lidar_ws/build/ydlidar_ros2_driver -- -j16 -l16
[0.090s] [ 50%] Built target ydlidar_ros2_driver_node
[0.091s] [100%] Built target ydlidar_ros2_driver_client
[0.109s] Invoked command in '/home/ashutosh/Desktop/lidar_ws/build/ydlidar_ros2_driver' returned '0': CMAKE_PREFIX_PATH=${CMAKE_PREFIX_PATH}:/home/ashutosh/task_ws/install/hii:/home/ashutosh/cognipilot/cranium/install/b3rb_ros_aim_india:/opt/ros/humble /usr/bin/cmake --build /home/ashutosh/Desktop/lidar_ws/build/ydlidar_ros2_driver -- -j16 -l16
[0.135s] Invoking command in '/home/ashutosh/Desktop/lidar_ws/build/ydlidar_ros2_driver': CMAKE_PREFIX_PATH=${CMAKE_PREFIX_PATH}:/home/ashutosh/task_ws/install/hii:/home/ashutosh/cognipilot/cranium/install/b3rb_ros_aim_india:/opt/ros/humble /usr/bin/cmake --install /home/ashutosh/Desktop/lidar_ws/build/ydlidar_ros2_driver
[0.152s] -- Install configuration: ""
[0.153s] -- Execute custom install script
[0.153s] -- Up-to-date symlink: /home/ashutosh/Desktop/lidar_ws/install/ydlidar_ros2_driver/lib/ydlidar_ros2_driver/ydlidar_ros2_driver_node
[0.155s] -- Up-to-date symlink: /home/ashutosh/Desktop/lidar_ws/install/ydlidar_ros2_driver/lib/ydlidar_ros2_driver/ydlidar_ros2_driver_client
[0.155s] -- Up-to-date symlink: /home/ashutosh/Desktop/lidar_ws/install/ydlidar_ros2_driver/share/ydlidar_ros2_driver/launch/ydlidar.py
[0.155s] -- Up-to-date symlink: /home/ashutosh/Desktop/lidar_ws/install/ydlidar_ros2_driver/share/ydlidar_ros2_driver/launch/ydlidar_launch.py
[0.155s] -- Up-to-date symlink: /home/ashutosh/Desktop/lidar_ws/install/ydlidar_ros2_driver/share/ydlidar_ros2_driver/launch/ydlidar_launch_view.py
[0.155s] -- Up-to-date symlink: /home/ashutosh/Desktop/lidar_ws/install/ydlidar_ros2_driver/share/ydlidar_ros2_driver/params/G1.yaml
[0.155s] -- Up-to-date symlink: /home/ashutosh/Desktop/lidar_ws/install/ydlidar_ros2_driver/share/ydlidar_ros2_driver/params/G2.yaml
[0.156s] -- Up-to-date symlink: /home/ashutosh/Desktop/lidar_ws/install/ydlidar_ros2_driver/share/ydlidar_ros2_driver/params/G6.yaml
[0.156s] -- Up-to-date symlink: /home/ashutosh/Desktop/lidar_ws/install/ydlidar_ros2_driver/share/ydlidar_ros2_driver/params/GS2.yaml
[0.156s] -- Up-to-date symlink: /home/ashutosh/Desktop/lidar_ws/install/ydlidar_ros2_driver/share/ydlidar_ros2_driver/params/TEA.yaml
[0.156s] -- Up-to-date symlink: /home/ashutosh/Desktop/lidar_ws/install/ydlidar_ros2_driver/share/ydlidar_ros2_driver/params/TG.yaml
[0.156s] -- Up-to-date symlink: /home/ashutosh/Desktop/lidar_ws/install/ydlidar_ros2_driver/share/ydlidar_ros2_driver/params/TminiPro.yaml
[0.156s] -- Up-to-date symlink: /home/ashutosh/Desktop/lidar_ws/install/ydlidar_ros2_driver/share/ydlidar_ros2_driver/params/X2.yaml
[0.157s] -- Up-to-date symlink: /home/ashutosh/Desktop/lidar_ws/install/ydlidar_ros2_driver/share/ydlidar_ros2_driver/params/X4-Pro.yaml
[0.157s] -- Up-to-date symlink: /home/ashutosh/Desktop/lidar_ws/install/ydlidar_ros2_driver/share/ydlidar_ros2_driver/params/X4.yaml
[0.157s] -- Up-to-date symlink: /home/ashutosh/Desktop/lidar_ws/install/ydlidar_ros2_driver/share/ydlidar_ros2_driver/params/ydlidar.yaml
[0.158s] -- Up-to-date symlink: /home/ashutosh/Desktop/lidar_ws/install/ydlidar_ros2_driver/share/ydlidar_ros2_driver/startup/initenv.sh
[0.158s] -- Up-to-date symlink: /home/ashutosh/Desktop/lidar_ws/install/ydlidar_ros2_driver/share/ydlidar_ros2_driver/config/ydlidar.rviz
[0.158s] -- Up-to-date symlink: /home/ashutosh/Desktop/lidar_ws/install/ydlidar_ros2_driver/share/ament_index/resource_index/package_run_dependencies/ydlidar_ros2_driver
[0.158s] -- Up-to-date symlink: /home/ashutosh/Desktop/lidar_ws/install/ydlidar_ros2_driver/share/ament_index/resource_index/parent_prefix_path/ydlidar_ros2_driver
[0.158s] -- Up-to-date symlink: /home/ashutosh/Desktop/lidar_ws/install/ydlidar_ros2_driver/share/ydlidar_ros2_driver/environment/ament_prefix_path.sh
[0.158s] -- Up-to-date symlink: /home/ashutosh/Desktop/lidar_ws/install/ydlidar_ros2_driver/share/ydlidar_ros2_driver/environment/ament_prefix_path.dsv
[0.158s] -- Up-to-date symlink: /home/ashutosh/Desktop/lidar_ws/install/ydlidar_ros2_driver/share/ydlidar_ros2_driver/environment/path.sh
[0.159s] -- Up-to-date symlink: /home/ashutosh/Desktop/lidar_ws/install/ydlidar_ros2_driver/share/ydlidar_ros2_driver/environment/path.dsv
[0.159s] -- Up-to-date symlink: /home/ashutosh/Desktop/lidar_ws/install/ydlidar_ros2_driver/share/ydlidar_ros2_driver/local_setup.bash
[0.159s] -- Up-to-date symlink: /home/ashutosh/Desktop/lidar_ws/install/ydlidar_ros2_driver/share/ydlidar_ros2_driver/local_setup.sh
[0.159s] -- Up-to-date symlink: /home/ashutosh/Desktop/lidar_ws/install/ydlidar_ros2_driver/share/ydlidar_ros2_driver/local_setup.zsh
[0.159s] -- Up-to-date symlink: /home/ashutosh/Desktop/lidar_ws/install/ydlidar_ros2_driver/share/ydlidar_ros2_driver/local_setup.dsv
[0.159s] -- Symlinking: /home/ashutosh/Desktop/lidar_ws/install/ydlidar_ros2_driver/share/ydlidar_ros2_driver/package.dsv
[0.171s] -- Up-to-date symlink: /home/ashutosh/Desktop/lidar_ws/install/ydlidar_ros2_driver/share/ament_index/resource_index/packages/ydlidar_ros2_driver
[0.171s] -- Up-to-date symlink: /home/ashutosh/Desktop/lidar_ws/install/ydlidar_ros2_driver/share/ydlidar_ros2_driver/cmake/ydlidar_ros2_driverConfig.cmake
[0.171s] -- Up-to-date symlink: /home/ashutosh/Desktop/lidar_ws/install/ydlidar_ros2_driver/share/ydlidar_ros2_driver/cmake/ydlidar_ros2_driverConfig-version.cmake
[0.171s] -- Up-to-date symlink: /home/ashutosh/Desktop/lidar_ws/install/ydlidar_ros2_driver/share/ydlidar_ros2_driver/package.xml
[0.175s] Invoked command in '/home/ashutosh/Desktop/lidar_ws/build/ydlidar_ros2_driver' returned '0': CMAKE_PREFIX_PATH=${CMAKE_PREFIX_PATH}:/home/ashutosh/task_ws/install/hii:/home/ashutosh/cognipilot/cranium/install/b3rb_ros_aim_india:/opt/ros/humble /usr/bin/cmake --install /home/ashutosh/Desktop/lidar_ws/build/ydlidar_ros2_driver
