[0.000000] (-) TimerEvent: {}
[0.001112] (ydlidar_ros2_driver) JobQueued: {'identifier': 'ydlidar_ros2_driver', 'dependencies': OrderedDict()}
[0.001242] (ydlidar_sdk) JobQueued: {'identifier': 'ydlidar_sdk', 'dependencies': OrderedDict()}
[0.001297] (ydlidar_ros2_driver) JobStarted: {'identifier': 'ydlidar_ros2_driver'}
[0.010319] (ydlidar_sdk) JobStarted: {'identifier': 'ydlidar_sdk'}
[0.019357] (ydlidar_ros2_driver) JobProgress: {'identifier': 'ydlidar_ros2_driver', 'progress': 'cmake'}
[0.020206] (ydlidar_ros2_driver) JobProgress: {'identifier': 'ydlidar_ros2_driver', 'progress': 'build'}
[0.021365] (ydlidar_ros2_driver) Command: {'cmd': ['/usr/bin/cmake', '--build', '/home/ashutosh/Desktop/lidar_ws/build/ydlidar_ros2_driver', '--', '-j16', '-l16'], 'cwd': '/home/ashutosh/Desktop/lidar_ws/build/ydlidar_ros2_driver', 'env': OrderedDict([('LESSOPEN', '| /usr/bin/lesspipe %s'), ('PYTHONWARNINGS', 'ignore:::setuptools.installer,ignore:::setuptools.command.install,ignore:::setuptools.command.easy_install'), ('CCACHE_TEMPDIR', '/tmp/ccache'), ('GZ_SIM_RESOURCE_PATH', '/home/ashutosh/cognipilot/cranium/install/dream_world/share/dream_world/worlds:/home/ashutosh/cognipilot/cranium/install/dream_world/share/dream_world/models:/home/ashutosh/cognipilot/cranium/install/b3rb_gz_resource/share/b3rb_gz_resource/models'), ('LANGUAGE', 'en_IN:en'), ('USER', 'ashutosh'), ('XDG_SESSION_TYPE', 'wayland'), ('SHLVL', '1'), ('LD_LIBRARY_PATH', '/home/ashutosh/cognipilot/cranium/install/synapse_tinyframe/lib:/home/ashutosh/cognipilot/cranium/install/synapse_protobuf/lib:/home/ashutosh/cognipilot/cranium/install/synapse_msgs/lib:/usr/lib/x86_64-linux-gnu/gazebo-11/plugins:/opt/ros/humble/opt/rviz_ogre_vendor/lib:/opt/ros/humble/lib/x86_64-linux-gnu:/opt/ros/humble/lib:/home/ashutosh/.mujoco/mujoco210/bin'), ('HOME', '/home/ashutosh'), ('OLDPWD', '/home/ashutosh/Desktop/lidar_ws/src'), ('DESKTOP_SESSION', 'ubuntu'), ('ROS_PYTHON_VERSION', '3'), ('GNOME_SHELL_SESSION_MODE', 'ubuntu'), ('GTK_MODULES', 'gail:atk-bridge:appmenu-gtk-module'), ('SYSTEMD_EXEC_PID', '2543'), ('DBUS_SESSION_BUS_ADDRESS', 'unix:path=/run/user/1000/bus'), ('COLORTERM', 'truecolor'), ('IM_CONFIG_PHASE', '1'), ('WAYLAND_DISPLAY', 'wayland-0'), ('COLCON_PREFIX_PATH', '/home/ashutosh/Desktop/lidar_ws/install:/home/ashutosh/cognipilot/electrode/install:/home/ashutosh/task_ws/install:/home/ashutosh/cognipilot/cranium/install'), ('ROS_DISTRO', 'humble'), ('LOGNAME', 'ashutosh'), ('_', '/usr/bin/colcon'), ('ROS_VERSION', '2'), ('XDG_SESSION_CLASS', 'user'), ('USERNAME', 'ashutosh'), ('TERM', 'xterm-256color'), ('GNOME_DESKTOP_SESSION_ID', 'this-is-deprecated'), ('ROS_LOCALHOST_ONLY', '0'), ('PATH', '/home/ashutosh/Desktop/lidar_ws/install/ydlidar_sdk/bin:/home/ashutosh/cognipilot/ws/cerebri/install/bin:/opt/ros/humble/bin:/home/ashutosh/.local/bin:/home/ashutosh/bin:/usr/local/sbin:/usr/local/bin:/usr/sbin:/usr/bin:/sbin:/bin:/usr/games:/usr/local/games:/snap/bin:/snap/bin'), ('SESSION_MANAGER', 'local/ashu-ka-pc:@/tmp/.ICE-unix/2498,unix/ashu-ka-pc:/tmp/.ICE-unix/2498'), ('XDG_MENU_PREFIX', 'gnome-'), ('GNOME_TERMINAL_SCREEN', '/org/gnome/Terminal/screen/3f8a9da8_c556_4a86_84a3_a13dc8fc6b3b'), ('GNOME_SETUP_DISPLAY', ':1'), ('XDG_RUNTIME_DIR', '/run/user/1000'), ('MUJOCO_PY_MUJOCO_PATH', '/home/ashutosh/.mujoco/mujoco210'), ('DISPLAY', ':0'), ('LANG', 'en_US.UTF-8'), ('XDG_CURRENT_DESKTOP', 'ubuntu:GNOME'), ('RMW_IMPLEMENTATION', 'rmw_cyclonedds_cpp'), ('XMODIFIERS', '@im=ibus'), ('XDG_SESSION_DESKTOP', 'ubuntu'), ('XAUTHORITY', '/run/user/1000/.mutter-Xwaylandauth.OS69D3'), ('LS_COLORS', ''), ('GNOME_TERMINAL_SERVICE', ':1.225'), ('SSH_AGENT_LAUNCHER', 'gnome-keyring'), ('SSH_AUTH_SOCK', '/run/user/1000/keyring/ssh'), ('AMENT_PREFIX_PATH', '/home/ashutosh/Desktop/lidar_ws/install/ydlidar_ros2_driver:/home/ashutosh/task_ws/install/hii:/home/ashutosh/cognipilot/electrode/install/electrode:/home/ashutosh/cognipilot/cranium/install/synapse_ros:/home/ashutosh/cognipilot/cranium/install/synapse_gz:/home/ashutosh/cognipilot/cranium/install/synapse_tinyframe:/home/ashutosh/cognipilot/cranium/install/synapse_protobuf:/home/ashutosh/cognipilot/cranium/install/corti:/home/ashutosh/cognipilot/cranium/install/b3rb_ros_aim_india:/home/ashutosh/cognipilot/cranium/install/synapse_msgs:/home/ashutosh/cognipilot/cranium/install/dream_world:/home/ashutosh/cognipilot/cranium/install/cerebri_bringup:/home/ashutosh/cognipilot/cranium/install/b3rb_simulator:/home/ashutosh/cognipilot/cranium/install/b3rb_desktop:/home/ashutosh/cognipilot/cranium/install/b3rb_rviz:/home/ashutosh/cognipilot/cranium/install/b3rb_nav2:/home/ashutosh/cognipilot/cranium/install/b3rb_gz_resource:/home/ashutosh/cognipilot/cranium/install/b3rb_gz_bringup:/home/ashutosh/cognipilot/cranium/install/b3rb_description:/opt/ros/humble'), ('SHELL', '/bin/bash'), ('QT_ACCESSIBILITY', '1'), ('GDMSESSION', 'ubuntu'), ('LESSCLOSE', '/usr/bin/lesspipe %s %s'), ('CMAKE_EXPORT_COMPILE_COMMANDS', 'ON'), ('QT_IM_MODULE', 'ibus'), ('PWD', '/home/ashutosh/Desktop/lidar_ws/build/ydlidar_ros2_driver'), ('TURTLEBOT3_MODEL', 'burger'), ('LC_ALL', 'en_US.UTF-8'), ('XDG_CONFIG_DIRS', '/etc/xdg/xdg-ubuntu:/etc/xdg'), ('XDG_DATA_DIRS', '/usr/share/ubuntu:/usr/local/share/:/usr/share/:/var/lib/snapd/desktop'), ('PYTHONPATH', '/home/ashutosh/task_ws/install/hii/lib/python3.10/site-packages:/home/ashutosh/cognipilot/cranium/install/corti/local/lib/python3.10/dist-packages:/home/ashutosh/cognipilot/cranium/install/b3rb_ros_aim_india/lib/python3.10/site-packages:/home/ashutosh/cognipilot/cranium/install/synapse_msgs/local/lib/python3.10/dist-packages:/opt/ros/humble/lib/python3.10/site-packages:/opt/ros/humble/local/lib/python3.10/dist-packages'), ('COLCON', '1'), ('VTE_VERSION', '6800'), ('CMAKE_PREFIX_PATH', '/home/ashutosh/Desktop/lidar_ws/install/ydlidar_sdk:/home/ashutosh/Desktop/lidar_ws/install/ydlidar_ros2_driver:/home/ashutosh/cognipilot/electrode/install/electrode:/home/ashutosh/cognipilot/cranium/install/synapse_ros:/home/ashutosh/cognipilot/cranium/install/synapse_gz:/home/ashutosh/cognipilot/cranium/install/synapse_tinyframe:/home/ashutosh/cognipilot/cranium/install/synapse_protobuf:/home/ashutosh/cognipilot/cranium/install/corti:/home/ashutosh/cognipilot/cranium/install/synapse_msgs:/home/ashutosh/cognipilot/cranium/install/dream_world:/home/ashutosh/cognipilot/cranium/install/cerebri_bringup:/home/ashutosh/cognipilot/cranium/install/b3rb_simulator:/home/ashutosh/cognipilot/cranium/install/b3rb_desktop:/home/ashutosh/cognipilot/cranium/install/b3rb_rviz:/home/ashutosh/cognipilot/cranium/install/b3rb_nav2:/home/ashutosh/cognipilot/cranium/install/b3rb_gz_resource:/home/ashutosh/cognipilot/cranium/install/b3rb_gz_bringup:/home/ashutosh/cognipilot/cranium/install/b3rb_description:/home/ashutosh/task_ws/install/hii:/home/ashutosh/cognipilot/cranium/install/b3rb_ros_aim_india:/opt/ros/humble')]), 'shell': False}
[0.025958] (ydlidar_sdk) JobProgress: {'identifier': 'ydlidar_sdk', 'progress': 'cmake'}
[0.026586] (ydlidar_sdk) JobProgress: {'identifier': 'ydlidar_sdk', 'progress': 'build'}
[0.027726] (ydlidar_sdk) Command: {'cmd': ['/usr/bin/cmake', '--build', '/home/ashutosh/Desktop/lidar_ws/build/ydlidar_sdk', '--', '-j16', '-l16'], 'cwd': '/home/ashutosh/Desktop/lidar_ws/build/ydlidar_sdk', 'env': OrderedDict([('LESSOPEN', '| /usr/bin/lesspipe %s'), ('PYTHONWARNINGS', 'ignore:::setuptools.installer,ignore:::setuptools.command.install,ignore:::setuptools.command.easy_install'), ('CCACHE_TEMPDIR', '/tmp/ccache'), ('GZ_SIM_RESOURCE_PATH', '/home/ashutosh/cognipilot/cranium/install/dream_world/share/dream_world/worlds:/home/ashutosh/cognipilot/cranium/install/dream_world/share/dream_world/models:/home/ashutosh/cognipilot/cranium/install/b3rb_gz_resource/share/b3rb_gz_resource/models'), ('LANGUAGE', 'en_IN:en'), ('USER', 'ashutosh'), ('XDG_SESSION_TYPE', 'wayland'), ('SHLVL', '1'), ('LD_LIBRARY_PATH', '/home/ashutosh/cognipilot/cranium/install/synapse_tinyframe/lib:/home/ashutosh/cognipilot/cranium/install/synapse_protobuf/lib:/home/ashutosh/cognipilot/cranium/install/synapse_msgs/lib:/usr/lib/x86_64-linux-gnu/gazebo-11/plugins:/opt/ros/humble/opt/rviz_ogre_vendor/lib:/opt/ros/humble/lib/x86_64-linux-gnu:/opt/ros/humble/lib:/home/ashutosh/.mujoco/mujoco210/bin'), ('HOME', '/home/ashutosh'), ('OLDPWD', '/home/ashutosh/Desktop/lidar_ws/src'), ('DESKTOP_SESSION', 'ubuntu'), ('ROS_PYTHON_VERSION', '3'), ('GNOME_SHELL_SESSION_MODE', 'ubuntu'), ('GTK_MODULES', 'gail:atk-bridge:appmenu-gtk-module'), ('SYSTEMD_EXEC_PID', '2543'), ('DBUS_SESSION_BUS_ADDRESS', 'unix:path=/run/user/1000/bus'), ('COLORTERM', 'truecolor'), ('IM_CONFIG_PHASE', '1'), ('WAYLAND_DISPLAY', 'wayland-0'), ('COLCON_PREFIX_PATH', '/home/ashutosh/Desktop/lidar_ws/install:/home/ashutosh/cognipilot/electrode/install:/home/ashutosh/task_ws/install:/home/ashutosh/cognipilot/cranium/install'), ('ROS_DISTRO', 'humble'), ('LOGNAME', 'ashutosh'), ('_', '/usr/bin/colcon'), ('ROS_VERSION', '2'), ('XDG_SESSION_CLASS', 'user'), ('USERNAME', 'ashutosh'), ('TERM', 'xterm-256color'), ('GNOME_DESKTOP_SESSION_ID', 'this-is-deprecated'), ('ROS_LOCALHOST_ONLY', '0'), ('PATH', '/home/ashutosh/Desktop/lidar_ws/install/ydlidar_sdk/bin:/home/ashutosh/cognipilot/ws/cerebri/install/bin:/opt/ros/humble/bin:/home/ashutosh/.local/bin:/home/ashutosh/bin:/usr/local/sbin:/usr/local/bin:/usr/sbin:/usr/bin:/sbin:/bin:/usr/games:/usr/local/games:/snap/bin:/snap/bin'), ('SESSION_MANAGER', 'local/ashu-ka-pc:@/tmp/.ICE-unix/2498,unix/ashu-ka-pc:/tmp/.ICE-unix/2498'), ('XDG_MENU_PREFIX', 'gnome-'), ('GNOME_TERMINAL_SCREEN', '/org/gnome/Terminal/screen/3f8a9da8_c556_4a86_84a3_a13dc8fc6b3b'), ('GNOME_SETUP_DISPLAY', ':1'), ('XDG_RUNTIME_DIR', '/run/user/1000'), ('MUJOCO_PY_MUJOCO_PATH', '/home/ashutosh/.mujoco/mujoco210'), ('DISPLAY', ':0'), ('LANG', 'en_US.UTF-8'), ('XDG_CURRENT_DESKTOP', 'ubuntu:GNOME'), ('RMW_IMPLEMENTATION', 'rmw_cyclonedds_cpp'), ('XMODIFIERS', '@im=ibus'), ('XDG_SESSION_DESKTOP', 'ubuntu'), ('XAUTHORITY', '/run/user/1000/.mutter-Xwaylandauth.OS69D3'), ('LS_COLORS', ''), ('GNOME_TERMINAL_SERVICE', ':1.225'), ('SSH_AGENT_LAUNCHER', 'gnome-keyring'), ('SSH_AUTH_SOCK', '/run/user/1000/keyring/ssh'), ('AMENT_PREFIX_PATH', '/home/ashutosh/Desktop/lidar_ws/install/ydlidar_ros2_driver:/home/ashutosh/task_ws/install/hii:/home/ashutosh/cognipilot/electrode/install/electrode:/home/ashutosh/cognipilot/cranium/install/synapse_ros:/home/ashutosh/cognipilot/cranium/install/synapse_gz:/home/ashutosh/cognipilot/cranium/install/synapse_tinyframe:/home/ashutosh/cognipilot/cranium/install/synapse_protobuf:/home/ashutosh/cognipilot/cranium/install/corti:/home/ashutosh/cognipilot/cranium/install/b3rb_ros_aim_india:/home/ashutosh/cognipilot/cranium/install/synapse_msgs:/home/ashutosh/cognipilot/cranium/install/dream_world:/home/ashutosh/cognipilot/cranium/install/cerebri_bringup:/home/ashutosh/cognipilot/cranium/install/b3rb_simulator:/home/ashutosh/cognipilot/cranium/install/b3rb_desktop:/home/ashutosh/cognipilot/cranium/install/b3rb_rviz:/home/ashutosh/cognipilot/cranium/install/b3rb_nav2:/home/ashutosh/cognipilot/cranium/install/b3rb_gz_resource:/home/ashutosh/cognipilot/cranium/install/b3rb_gz_bringup:/home/ashutosh/cognipilot/cranium/install/b3rb_description:/opt/ros/humble'), ('SHELL', '/bin/bash'), ('QT_ACCESSIBILITY', '1'), ('GDMSESSION', 'ubuntu'), ('LESSCLOSE', '/usr/bin/lesspipe %s %s'), ('CMAKE_EXPORT_COMPILE_COMMANDS', 'ON'), ('QT_IM_MODULE', 'ibus'), ('PWD', '/home/ashutosh/Desktop/lidar_ws/build/ydlidar_sdk'), ('TURTLEBOT3_MODEL', 'burger'), ('LC_ALL', 'en_US.UTF-8'), ('XDG_CONFIG_DIRS', '/etc/xdg/xdg-ubuntu:/etc/xdg'), ('XDG_DATA_DIRS', '/usr/share/ubuntu:/usr/local/share/:/usr/share/:/var/lib/snapd/desktop'), ('PYTHONPATH', '/home/ashutosh/task_ws/install/hii/lib/python3.10/site-packages:/home/ashutosh/cognipilot/cranium/install/corti/local/lib/python3.10/dist-packages:/home/ashutosh/cognipilot/cranium/install/b3rb_ros_aim_india/lib/python3.10/site-packages:/home/ashutosh/cognipilot/cranium/install/synapse_msgs/local/lib/python3.10/dist-packages:/opt/ros/humble/lib/python3.10/site-packages:/opt/ros/humble/local/lib/python3.10/dist-packages'), ('COLCON', '1'), ('VTE_VERSION', '6800'), ('CMAKE_PREFIX_PATH', '/home/ashutosh/Desktop/lidar_ws/install/ydlidar_sdk:/home/ashutosh/Desktop/lidar_ws/install/ydlidar_ros2_driver:/home/ashutosh/cognipilot/electrode/install/electrode:/home/ashutosh/cognipilot/cranium/install/synapse_ros:/home/ashutosh/cognipilot/cranium/install/synapse_gz:/home/ashutosh/cognipilot/cranium/install/synapse_tinyframe:/home/ashutosh/cognipilot/cranium/install/synapse_protobuf:/home/ashutosh/cognipilot/cranium/install/corti:/home/ashutosh/cognipilot/cranium/install/synapse_msgs:/home/ashutosh/cognipilot/cranium/install/dream_world:/home/ashutosh/cognipilot/cranium/install/cerebri_bringup:/home/ashutosh/cognipilot/cranium/install/b3rb_simulator:/home/ashutosh/cognipilot/cranium/install/b3rb_desktop:/home/ashutosh/cognipilot/cranium/install/b3rb_rviz:/home/ashutosh/cognipilot/cranium/install/b3rb_nav2:/home/ashutosh/cognipilot/cranium/install/b3rb_gz_resource:/home/ashutosh/cognipilot/cranium/install/b3rb_gz_bringup:/home/ashutosh/cognipilot/cranium/install/b3rb_description')]), 'shell': False}
[0.099510] (-) TimerEvent: {}
[0.102591] (ydlidar_ros2_driver) StdoutLine: {'line': b'[ 50%] \x1b[32mBuilding CXX object CMakeFiles/ydlidar_ros2_driver_node.dir/src/ydlidar_ros2_driver_node.cpp.o\x1b[0m\n'}
[0.103066] (ydlidar_ros2_driver) StdoutLine: {'line': b'[ 75%] Built target ydlidar_ros2_driver_client\n'}
[0.107318] (ydlidar_sdk) StdoutLine: {'line': b'[ 38%] Built target ydlidar_sdk\n'}
[0.160555] (ydlidar_sdk) StdoutLine: {'line': b'[ 41%] Built target et_test\n'}
[0.161515] (ydlidar_sdk) StdoutLine: {'line': b'[ 49%] Built target sdm_test\n'}
[0.161885] (ydlidar_sdk) StdoutLine: {'line': b'[ 49%] Built target gs_test2\n'}
[0.161977] (ydlidar_sdk) StdoutLine: {'line': b'[ 52%] Built target gs_restart\n'}
[0.163741] (ydlidar_sdk) StdoutLine: {'line': b'[ 65%] Built target tea_test\n'}
[0.164321] (ydlidar_sdk) StdoutLine: {'line': b'[ 65%] Built target sdm18_test\n'}
[0.164439] (ydlidar_sdk) StdoutLine: {'line': b'[ 67%] Built target scl_test\n'}
[0.164511] (ydlidar_sdk) StdoutLine: {'line': b'[ 65%] Built target tia_test\n'}
[0.164579] (ydlidar_sdk) StdoutLine: {'line': b'[ 78%] Built target gs_ota\n'}
[0.164650] (ydlidar_sdk) StdoutLine: {'line': b'[ 78%] Built target tmini-sh_test\n'}
[0.165647] (ydlidar_sdk) StdoutLine: {'line': b'[ 78%] Built target gs_test\n'}
[0.166246] (ydlidar_sdk) StdoutLine: {'line': b'[ 81%] Built target tmini_test\n'}
[0.166840] (ydlidar_sdk) StdoutLine: {'line': b'[ 85%] Built target tof_test\n'}
[0.167669] (ydlidar_sdk) StdoutLine: {'line': b'[ 89%] Built target tri_restart\n'}
[0.168319] (ydlidar_sdk) StdoutLine: {'line': b'[ 92%] Built target tri_and_gs_test\n'}
[0.172339] (ydlidar_sdk) StdoutLine: {'line': b'[ 96%] Built target tri_test\n'}
[0.194716] (ydlidar_sdk) StdoutLine: {'line': b'[100%] Built target lidar_c_api_test\n'}
[0.199630] (-) TimerEvent: {}
[0.212954] (ydlidar_sdk) CommandEnded: {'returncode': 0}
[0.214104] (ydlidar_sdk) JobProgress: {'identifier': 'ydlidar_sdk', 'progress': 'install'}
[0.226745] (ydlidar_sdk) Command: {'cmd': ['/usr/bin/cmake', '--install', '/home/ashutosh/Desktop/lidar_ws/build/ydlidar_sdk'], 'cwd': '/home/ashutosh/Desktop/lidar_ws/build/ydlidar_sdk', 'env': OrderedDict([('LESSOPEN', '| /usr/bin/lesspipe %s'), ('PYTHONWARNINGS', 'ignore:::setuptools.installer,ignore:::setuptools.command.install,ignore:::setuptools.command.easy_install'), ('CCACHE_TEMPDIR', '/tmp/ccache'), ('GZ_SIM_RESOURCE_PATH', '/home/ashutosh/cognipilot/cranium/install/dream_world/share/dream_world/worlds:/home/ashutosh/cognipilot/cranium/install/dream_world/share/dream_world/models:/home/ashutosh/cognipilot/cranium/install/b3rb_gz_resource/share/b3rb_gz_resource/models'), ('LANGUAGE', 'en_IN:en'), ('USER', 'ashutosh'), ('XDG_SESSION_TYPE', 'wayland'), ('SHLVL', '1'), ('LD_LIBRARY_PATH', '/home/ashutosh/cognipilot/cranium/install/synapse_tinyframe/lib:/home/ashutosh/cognipilot/cranium/install/synapse_protobuf/lib:/home/ashutosh/cognipilot/cranium/install/synapse_msgs/lib:/usr/lib/x86_64-linux-gnu/gazebo-11/plugins:/opt/ros/humble/opt/rviz_ogre_vendor/lib:/opt/ros/humble/lib/x86_64-linux-gnu:/opt/ros/humble/lib:/home/ashutosh/.mujoco/mujoco210/bin'), ('HOME', '/home/ashutosh'), ('OLDPWD', '/home/ashutosh/Desktop/lidar_ws/src'), ('DESKTOP_SESSION', 'ubuntu'), ('ROS_PYTHON_VERSION', '3'), ('GNOME_SHELL_SESSION_MODE', 'ubuntu'), ('GTK_MODULES', 'gail:atk-bridge:appmenu-gtk-module'), ('SYSTEMD_EXEC_PID', '2543'), ('DBUS_SESSION_BUS_ADDRESS', 'unix:path=/run/user/1000/bus'), ('COLORTERM', 'truecolor'), ('IM_CONFIG_PHASE', '1'), ('WAYLAND_DISPLAY', 'wayland-0'), ('COLCON_PREFIX_PATH', '/home/ashutosh/Desktop/lidar_ws/install:/home/ashutosh/cognipilot/electrode/install:/home/ashutosh/task_ws/install:/home/ashutosh/cognipilot/cranium/install'), ('ROS_DISTRO', 'humble'), ('LOGNAME', 'ashutosh'), ('_', '/usr/bin/colcon'), ('ROS_VERSION', '2'), ('XDG_SESSION_CLASS', 'user'), ('USERNAME', 'ashutosh'), ('TERM', 'xterm-256color'), ('GNOME_DESKTOP_SESSION_ID', 'this-is-deprecated'), ('ROS_LOCALHOST_ONLY', '0'), ('PATH', '/home/ashutosh/Desktop/lidar_ws/install/ydlidar_sdk/bin:/home/ashutosh/cognipilot/ws/cerebri/install/bin:/opt/ros/humble/bin:/home/ashutosh/.local/bin:/home/ashutosh/bin:/usr/local/sbin:/usr/local/bin:/usr/sbin:/usr/bin:/sbin:/bin:/usr/games:/usr/local/games:/snap/bin:/snap/bin'), ('SESSION_MANAGER', 'local/ashu-ka-pc:@/tmp/.ICE-unix/2498,unix/ashu-ka-pc:/tmp/.ICE-unix/2498'), ('XDG_MENU_PREFIX', 'gnome-'), ('GNOME_TERMINAL_SCREEN', '/org/gnome/Terminal/screen/3f8a9da8_c556_4a86_84a3_a13dc8fc6b3b'), ('GNOME_SETUP_DISPLAY', ':1'), ('XDG_RUNTIME_DIR', '/run/user/1000'), ('MUJOCO_PY_MUJOCO_PATH', '/home/ashutosh/.mujoco/mujoco210'), ('DISPLAY', ':0'), ('LANG', 'en_US.UTF-8'), ('XDG_CURRENT_DESKTOP', 'ubuntu:GNOME'), ('RMW_IMPLEMENTATION', 'rmw_cyclonedds_cpp'), ('XMODIFIERS', '@im=ibus'), ('XDG_SESSION_DESKTOP', 'ubuntu'), ('XAUTHORITY', '/run/user/1000/.mutter-Xwaylandauth.OS69D3'), ('LS_COLORS', ''), ('GNOME_TERMINAL_SERVICE', ':1.225'), ('SSH_AGENT_LAUNCHER', 'gnome-keyring'), ('SSH_AUTH_SOCK', '/run/user/1000/keyring/ssh'), ('AMENT_PREFIX_PATH', '/home/ashutosh/Desktop/lidar_ws/install/ydlidar_ros2_driver:/home/ashutosh/task_ws/install/hii:/home/ashutosh/cognipilot/electrode/install/electrode:/home/ashutosh/cognipilot/cranium/install/synapse_ros:/home/ashutosh/cognipilot/cranium/install/synapse_gz:/home/ashutosh/cognipilot/cranium/install/synapse_tinyframe:/home/ashutosh/cognipilot/cranium/install/synapse_protobuf:/home/ashutosh/cognipilot/cranium/install/corti:/home/ashutosh/cognipilot/cranium/install/b3rb_ros_aim_india:/home/ashutosh/cognipilot/cranium/install/synapse_msgs:/home/ashutosh/cognipilot/cranium/install/dream_world:/home/ashutosh/cognipilot/cranium/install/cerebri_bringup:/home/ashutosh/cognipilot/cranium/install/b3rb_simulator:/home/ashutosh/cognipilot/cranium/install/b3rb_desktop:/home/ashutosh/cognipilot/cranium/install/b3rb_rviz:/home/ashutosh/cognipilot/cranium/install/b3rb_nav2:/home/ashutosh/cognipilot/cranium/install/b3rb_gz_resource:/home/ashutosh/cognipilot/cranium/install/b3rb_gz_bringup:/home/ashutosh/cognipilot/cranium/install/b3rb_description:/opt/ros/humble'), ('SHELL', '/bin/bash'), ('QT_ACCESSIBILITY', '1'), ('GDMSESSION', 'ubuntu'), ('LESSCLOSE', '/usr/bin/lesspipe %s %s'), ('CMAKE_EXPORT_COMPILE_COMMANDS', 'ON'), ('QT_IM_MODULE', 'ibus'), ('PWD', '/home/ashutosh/Desktop/lidar_ws/build/ydlidar_sdk'), ('TURTLEBOT3_MODEL', 'burger'), ('LC_ALL', 'en_US.UTF-8'), ('XDG_CONFIG_DIRS', '/etc/xdg/xdg-ubuntu:/etc/xdg'), ('XDG_DATA_DIRS', '/usr/share/ubuntu:/usr/local/share/:/usr/share/:/var/lib/snapd/desktop'), ('PYTHONPATH', '/home/ashutosh/task_ws/install/hii/lib/python3.10/site-packages:/home/ashutosh/cognipilot/cranium/install/corti/local/lib/python3.10/dist-packages:/home/ashutosh/cognipilot/cranium/install/b3rb_ros_aim_india/lib/python3.10/site-packages:/home/ashutosh/cognipilot/cranium/install/synapse_msgs/local/lib/python3.10/dist-packages:/opt/ros/humble/lib/python3.10/site-packages:/opt/ros/humble/local/lib/python3.10/dist-packages'), ('COLCON', '1'), ('VTE_VERSION', '6800'), ('CMAKE_PREFIX_PATH', '/home/ashutosh/Desktop/lidar_ws/install/ydlidar_sdk:/home/ashutosh/Desktop/lidar_ws/install/ydlidar_ros2_driver:/home/ashutosh/cognipilot/electrode/install/electrode:/home/ashutosh/cognipilot/cranium/install/synapse_ros:/home/ashutosh/cognipilot/cranium/install/synapse_gz:/home/ashutosh/cognipilot/cranium/install/synapse_tinyframe:/home/ashutosh/cognipilot/cranium/install/synapse_protobuf:/home/ashutosh/cognipilot/cranium/install/corti:/home/ashutosh/cognipilot/cranium/install/synapse_msgs:/home/ashutosh/cognipilot/cranium/install/dream_world:/home/ashutosh/cognipilot/cranium/install/cerebri_bringup:/home/ashutosh/cognipilot/cranium/install/b3rb_simulator:/home/ashutosh/cognipilot/cranium/install/b3rb_desktop:/home/ashutosh/cognipilot/cranium/install/b3rb_rviz:/home/ashutosh/cognipilot/cranium/install/b3rb_nav2:/home/ashutosh/cognipilot/cranium/install/b3rb_gz_resource:/home/ashutosh/cognipilot/cranium/install/b3rb_gz_bringup:/home/ashutosh/cognipilot/cranium/install/b3rb_description')]), 'shell': False}
[0.239215] (ydlidar_sdk) StdoutLine: {'line': b'-- Install configuration: ""\n'}
[0.239643] (ydlidar_sdk) StdoutLine: {'line': b'-- Up-to-date: /home/ashutosh/Desktop/lidar_ws/install/ydlidar_sdk/include/core/base/datatype.h\n'}
[0.239844] (ydlidar_sdk) StdoutLine: {'line': b'-- Up-to-date: /home/ashutosh/Desktop/lidar_ws/install/ydlidar_sdk/include/core/base/locker.h\n'}
[0.240015] (ydlidar_sdk) StdoutLine: {'line': b'-- Up-to-date: /home/ashutosh/Desktop/lidar_ws/install/ydlidar_sdk/include/core/base/thread.h\n'}
[0.240157] (ydlidar_sdk) StdoutLine: {'line': b'-- Up-to-date: /home/ashutosh/Desktop/lidar_ws/install/ydlidar_sdk/include/core/base/timer.h\n'}
[0.240257] (ydlidar_sdk) StdoutLine: {'line': b'-- Up-to-date: /home/ashutosh/Desktop/lidar_ws/install/ydlidar_sdk/include/core/base/typedef.h\n'}
[0.240422] (ydlidar_sdk) StdoutLine: {'line': b'-- Up-to-date: /home/ashutosh/Desktop/lidar_ws/install/ydlidar_sdk/include/core/base/utils.h\n'}
[0.240563] (ydlidar_sdk) StdoutLine: {'line': b'-- Up-to-date: /home/ashutosh/Desktop/lidar_ws/install/ydlidar_sdk/include/core/base/v8stdint.h\n'}
[0.240726] (ydlidar_sdk) StdoutLine: {'line': b'-- Up-to-date: /home/ashutosh/Desktop/lidar_ws/install/ydlidar_sdk/include/core/base/ydlidar.h\n'}
[0.240862] (ydlidar_sdk) StdoutLine: {'line': b'-- Up-to-date: /home/ashutosh/Desktop/lidar_ws/install/ydlidar_sdk/include/core/common/ChannelDevice.h\n'}
[0.240957] (ydlidar_sdk) StdoutLine: {'line': b'-- Up-to-date: /home/ashutosh/Desktop/lidar_ws/install/ydlidar_sdk/include/core/common/DriverInterface.h\n'}
[0.241078] (ydlidar_sdk) StdoutLine: {'line': b'-- Up-to-date: /home/ashutosh/Desktop/lidar_ws/install/ydlidar_sdk/include/core/common/ydlidar_datatype.h\n'}
[0.241160] (ydlidar_sdk) StdoutLine: {'line': b'-- Up-to-date: /home/ashutosh/Desktop/lidar_ws/install/ydlidar_sdk/include/core/common/ydlidar_def.h\n'}
[0.241253] (ydlidar_sdk) StdoutLine: {'line': b'-- Up-to-date: /home/ashutosh/Desktop/lidar_ws/install/ydlidar_sdk/include/core/common/ydlidar_help.h\n'}
[0.241337] (ydlidar_sdk) StdoutLine: {'line': b'-- Up-to-date: /home/ashutosh/Desktop/lidar_ws/install/ydlidar_sdk/include/core/common/ydlidar_protocol.h\n'}
[0.241481] (ydlidar_sdk) StdoutLine: {'line': b'-- Up-to-date: /home/ashutosh/Desktop/lidar_ws/install/ydlidar_sdk/include/core/json/cJSON.h\n'}
[0.241564] (ydlidar_sdk) StdoutLine: {'line': b'-- Up-to-date: /home/ashutosh/Desktop/lidar_ws/install/ydlidar_sdk/include/core/math/angles.h\n'}
[0.241656] (ydlidar_sdk) StdoutLine: {'line': b'-- Up-to-date: /home/ashutosh/Desktop/lidar_ws/install/ydlidar_sdk/include/core/network/ActiveSocket.h\n'}
[0.241742] (ydlidar_sdk) StdoutLine: {'line': b'-- Up-to-date: /home/ashutosh/Desktop/lidar_ws/install/ydlidar_sdk/include/core/network/PassiveSocket.h\n'}
[0.241828] (ydlidar_sdk) StdoutLine: {'line': b'-- Up-to-date: /home/ashutosh/Desktop/lidar_ws/install/ydlidar_sdk/include/core/network/SimpleSocket.h\n'}
[0.241926] (ydlidar_sdk) StdoutLine: {'line': b'-- Up-to-date: /home/ashutosh/Desktop/lidar_ws/install/ydlidar_sdk/include/core/network/StatTimer.h\n'}
[0.242009] (ydlidar_sdk) StdoutLine: {'line': b'-- Up-to-date: /home/ashutosh/Desktop/lidar_ws/install/ydlidar_sdk/include/core/serial/common.h\n'}
[0.242124] (ydlidar_sdk) StdoutLine: {'line': b'-- Up-to-date: /home/ashutosh/Desktop/lidar_ws/install/ydlidar_sdk/include/core/serial/serial.h\n'}
[0.242205] (ydlidar_sdk) StdoutLine: {'line': b'-- Up-to-date: /home/ashutosh/Desktop/lidar_ws/install/ydlidar_sdk/include/core/serial/impl/unix/lock.h\n'}
[0.242293] (ydlidar_sdk) StdoutLine: {'line': b'-- Up-to-date: /home/ashutosh/Desktop/lidar_ws/install/ydlidar_sdk/include/core/serial/impl/unix/unix.h\n'}
[0.242477] (ydlidar_sdk) StdoutLine: {'line': b'-- Up-to-date: /home/ashutosh/Desktop/lidar_ws/install/ydlidar_sdk/include/core/serial/impl/unix/unix_serial.h\n'}
[0.242571] (ydlidar_sdk) StdoutLine: {'line': b'-- Up-to-date: /home/ashutosh/Desktop/lidar_ws/install/ydlidar_sdk/include/src/CYdLidar.h\n'}
[0.242658] (ydlidar_sdk) StdoutLine: {'line': b'-- Up-to-date: /home/ashutosh/Desktop/lidar_ws/install/ydlidar_sdk/include/src/DTSLidarDriver.h\n'}
[0.242813] (ydlidar_sdk) StdoutLine: {'line': b'-- Up-to-date: /home/ashutosh/Desktop/lidar_ws/install/ydlidar_sdk/include/src/ETLidarDriver.h\n'}
[0.242919] (ydlidar_sdk) StdoutLine: {'line': b'-- Up-to-date: /home/ashutosh/Desktop/lidar_ws/install/ydlidar_sdk/include/src/GSLidarDriver.h\n'}
[0.243002] (ydlidar_sdk) StdoutLine: {'line': b'-- Up-to-date: /home/ashutosh/Desktop/lidar_ws/install/ydlidar_sdk/include/src/SDMLidarDriver.h\n'}
[0.243090] (ydlidar_sdk) StdoutLine: {'line': b'-- Up-to-date: /home/ashutosh/Desktop/lidar_ws/install/ydlidar_sdk/include/src/TiaLidarDriver.h\n'}
[0.243177] (ydlidar_sdk) StdoutLine: {'line': b'-- Up-to-date: /home/ashutosh/Desktop/lidar_ws/install/ydlidar_sdk/include/src/YDlidarDriver.h\n'}
[0.243256] (ydlidar_sdk) StdoutLine: {'line': b'-- Up-to-date: /home/ashutosh/Desktop/lidar_ws/install/ydlidar_sdk/include/src/ydlidar_sdk.h\n'}
[0.243346] (ydlidar_sdk) StdoutLine: {'line': b'-- Up-to-date: /home/ashutosh/Desktop/lidar_ws/install/ydlidar_sdk/include/src/filters/FilterInterface.h\n'}
[0.243431] (ydlidar_sdk) StdoutLine: {'line': b'-- Up-to-date: /home/ashutosh/Desktop/lidar_ws/install/ydlidar_sdk/include/src/filters/NoiseFilter.h\n'}
[0.243577] (ydlidar_sdk) StdoutLine: {'line': b'-- Up-to-date: /home/ashutosh/Desktop/lidar_ws/install/ydlidar_sdk/include/src/filters/StrongLightFilter.h\n'}
[0.243667] (ydlidar_sdk) StdoutLine: {'line': b'-- Up-to-date: /home/ashutosh/Desktop/lidar_ws/install/ydlidar_sdk/include/ydlidar_config.h\n'}
[0.243735] (ydlidar_sdk) StdoutLine: {'line': b'-- Up-to-date: /home/ashutosh/Desktop/lidar_ws/install/ydlidar_sdk/lib/libydlidar_sdk.a\n'}
[0.243801] (ydlidar_sdk) StdoutLine: {'line': b'-- Up-to-date: /home/ashutosh/Desktop/lidar_ws/install/ydlidar_sdk/lib/pkgconfig/YDLIDAR_SDK.pc\n'}
[0.243881] (ydlidar_sdk) StdoutLine: {'line': b'-- Up-to-date: /home/ashutosh/Desktop/lidar_ws/install/ydlidar_sdk/lib/cmake/ydlidar_sdk/ydlidar_sdkConfig.cmake\n'}
[0.243952] (ydlidar_sdk) StdoutLine: {'line': b'-- Up-to-date: /home/ashutosh/Desktop/lidar_ws/install/ydlidar_sdk/lib/cmake/ydlidar_sdk/ydlidar_sdkTargets.cmake\n'}
[0.244017] (ydlidar_sdk) StdoutLine: {'line': b'-- Up-to-date: /home/ashutosh/Desktop/lidar_ws/install/ydlidar_sdk/lib/cmake/ydlidar_sdk/ydlidar_sdkConfigVersion.cmake\n'}
[0.244083] (ydlidar_sdk) StdoutLine: {'line': b'-- Up-to-date: /home/ashutosh/Desktop/lidar_ws/install/ydlidar_sdk/share/YDLIDAR_SDK/FindYDLIDAR_SDK.cmake\n'}
[0.244148] (ydlidar_sdk) StdoutLine: {'line': b'-- Up-to-date: /home/ashutosh/Desktop/lidar_ws/install/ydlidar_sdk/share/YDLIDAR_SDK\n'}
[0.244215] (ydlidar_sdk) StdoutLine: {'line': b'-- Up-to-date: /home/ashutosh/Desktop/lidar_ws/install/ydlidar_sdk/share/YDLIDAR_SDK/PkgConfig.pc.in\n'}
[0.244280] (ydlidar_sdk) StdoutLine: {'line': b'-- Up-to-date: /home/ashutosh/Desktop/lidar_ws/install/ydlidar_sdk/share/YDLIDAR_SDK/FindPackage.cmake.in\n'}
[0.244346] (ydlidar_sdk) StdoutLine: {'line': b'-- Up-to-date: /home/ashutosh/Desktop/lidar_ws/install/ydlidar_sdk/share/YDLIDAR_SDK/script_show_final_summary.cmake\n'}
[0.244411] (ydlidar_sdk) StdoutLine: {'line': b'-- Up-to-date: /home/ashutosh/Desktop/lidar_ws/install/ydlidar_sdk/share/YDLIDAR_SDK/PackageConfig.cmake.in\n'}
[0.244488] (ydlidar_sdk) StdoutLine: {'line': b'-- Up-to-date: /home/ashutosh/Desktop/lidar_ws/install/ydlidar_sdk/share/YDLIDAR_SDK/install_package.cmake\n'}
[0.244553] (ydlidar_sdk) StdoutLine: {'line': b'-- Up-to-date: /home/ashutosh/Desktop/lidar_ws/install/ydlidar_sdk/share/YDLIDAR_SDK/cmake_uninstall.cmake.in\n'}
[0.244642] (ydlidar_sdk) StdoutLine: {'line': b'-- Up-to-date: /home/ashutosh/Desktop/lidar_ws/install/ydlidar_sdk/share/YDLIDAR_SDK/common\n'}
[0.244754] (ydlidar_sdk) StdoutLine: {'line': b'-- Up-to-date: /home/ashutosh/Desktop/lidar_ws/install/ydlidar_sdk/share/YDLIDAR_SDK/common/ydlidar_base.cmake\n'}
[0.244871] (ydlidar_sdk) StdoutLine: {'line': b'-- Up-to-date: /home/ashutosh/Desktop/lidar_ws/install/ydlidar_sdk/share/YDLIDAR_SDK/common/ydlidar_parse.cmake\n'}
[0.244947] (ydlidar_sdk) StdoutLine: {'line': b'-- Up-to-date: /home/ashutosh/Desktop/lidar_ws/install/ydlidar_sdk/share/YDLIDAR_SDK/PackageConfigVersion.cmake.in\n'}
[0.245014] (ydlidar_sdk) StdoutLine: {'line': b'-- Up-to-date: /home/ashutosh/Desktop/lidar_ws/install/ydlidar_sdk/share/YDLIDAR_SDK/LICENSE.txt\n'}
[0.245090] (ydlidar_sdk) StdoutLine: {'line': b'-- Up-to-date: /home/ashutosh/Desktop/lidar_ws/install/ydlidar_sdk/share/YDLIDAR_SDK/README.md\n'}
[0.245180] (ydlidar_sdk) StdoutLine: {'line': b'-- Up-to-date: /home/ashutosh/Desktop/lidar_ws/install/ydlidar_sdk/share/YDLIDAR_SDK/doc\n'}
[0.245293] (ydlidar_sdk) StdoutLine: {'line': b'-- Up-to-date: /home/ashutosh/Desktop/lidar_ws/install/ydlidar_sdk/share/YDLIDAR_SDK/doc/YDLidar-SDK-Communication-Protocol.html\n'}
[0.245360] (ydlidar_sdk) StdoutLine: {'line': b'-- Up-to-date: /home/ashutosh/Desktop/lidar_ws/install/ydlidar_sdk/share/YDLIDAR_SDK/doc/quickstart\n'}
[0.245440] (ydlidar_sdk) StdoutLine: {'line': b'-- Up-to-date: /home/ashutosh/Desktop/lidar_ws/install/ydlidar_sdk/share/YDLIDAR_SDK/doc/quickstart/ydlidar_sdk_software_installation_guide.md\n'}
[0.245554] (ydlidar_sdk) StdoutLine: {'line': b'-- Up-to-date: /home/ashutosh/Desktop/lidar_ws/install/ydlidar_sdk/share/YDLIDAR_SDK/doc/quickstart/README.md\n'}
[0.245645] (ydlidar_sdk) StdoutLine: {'line': b'-- Up-to-date: /home/ashutosh/Desktop/lidar_ws/install/ydlidar_sdk/share/YDLIDAR_SDK/doc/Diagram.md\n'}
[0.245724] (ydlidar_sdk) StdoutLine: {'line': b'-- Up-to-date: /home/ashutosh/Desktop/lidar_ws/install/ydlidar_sdk/share/YDLIDAR_SDK/doc/YDLIDAR_SDK_API_for_Developers.md\n'}
[0.245859] (ydlidar_sdk) StdoutLine: {'line': b'-- Up-to-date: /home/ashutosh/Desktop/lidar_ws/install/ydlidar_sdk/share/YDLIDAR_SDK/doc/FAQs\n'}
[0.245986] (ydlidar_sdk) StdoutLine: {'line': b'-- Up-to-date: /home/ashutosh/Desktop/lidar_ws/install/ydlidar_sdk/share/YDLIDAR_SDK/doc/FAQs/Software_FAQs_cn.md\n'}
[0.246057] (ydlidar_sdk) StdoutLine: {'line': b'-- Up-to-date: /home/ashutosh/Desktop/lidar_ws/install/ydlidar_sdk/share/YDLIDAR_SDK/doc/FAQs/General_FAQs.md\n'}
[0.246157] (ydlidar_sdk) StdoutLine: {'line': b'-- Up-to-date: /home/ashutosh/Desktop/lidar_ws/install/ydlidar_sdk/share/YDLIDAR_SDK/doc/FAQs/Hardware_FAQs_cn.md\n'}
[0.246248] (ydlidar_sdk) StdoutLine: {'line': b'-- Up-to-date: /home/ashutosh/Desktop/lidar_ws/install/ydlidar_sdk/share/YDLIDAR_SDK/doc/FAQs/Hardware_FAQs.md\n'}
[0.246324] (ydlidar_sdk) StdoutLine: {'line': b'-- Up-to-date: /home/ashutosh/Desktop/lidar_ws/install/ydlidar_sdk/share/YDLIDAR_SDK/doc/FAQs/Software_FAQs.md\n'}
[0.246417] (ydlidar_sdk) StdoutLine: {'line': b'-- Up-to-date: /home/ashutosh/Desktop/lidar_ws/install/ydlidar_sdk/share/YDLIDAR_SDK/doc/FAQs/General_FAQs_cn.md\n'}
[0.246531] (ydlidar_sdk) StdoutLine: {'line': b'-- Up-to-date: /home/ashutosh/Desktop/lidar_ws/install/ydlidar_sdk/share/YDLIDAR_SDK/doc/FAQs/README.md\n'}
[0.246607] (ydlidar_sdk) StdoutLine: {'line': b'-- Up-to-date: /home/ashutosh/Desktop/lidar_ws/install/ydlidar_sdk/share/YDLIDAR_SDK/doc/Dataset.md\n'}
[0.246701] (ydlidar_sdk) StdoutLine: {'line': b'-- Up-to-date: /home/ashutosh/Desktop/lidar_ws/install/ydlidar_sdk/share/YDLIDAR_SDK/doc/images\n'}
[0.246823] (ydlidar_sdk) StdoutLine: {'line': b'-- Up-to-date: /home/ashutosh/Desktop/lidar_ws/install/ydlidar_sdk/share/YDLIDAR_SDK/doc/images/communication_mechanism.png\n'}
[0.246980] (ydlidar_sdk) StdoutLine: {'line': b'-- Up-to-date: /home/ashutosh/Desktop/lidar_ws/install/ydlidar_sdk/share/YDLIDAR_SDK/doc/images/EAI.png\n'}
[0.247083] (ydlidar_sdk) StdoutLine: {'line': b'-- Up-to-date: /home/ashutosh/Desktop/lidar_ws/install/ydlidar_sdk/share/YDLIDAR_SDK/doc/images/YDLidar.png\n'}
[0.247196] (ydlidar_sdk) StdoutLine: {'line': b'-- Up-to-date: /home/ashutosh/Desktop/lidar_ws/install/ydlidar_sdk/share/YDLIDAR_SDK/doc/images/system_workflow.png\n'}
[0.247266] (ydlidar_sdk) StdoutLine: {'line': b'-- Up-to-date: /home/ashutosh/Desktop/lidar_ws/install/ydlidar_sdk/share/YDLIDAR_SDK/doc/images/frame.png\n'}
[0.247373] (ydlidar_sdk) StdoutLine: {'line': b'-- Up-to-date: /home/ashutosh/Desktop/lidar_ws/install/ydlidar_sdk/share/YDLIDAR_SDK/doc/images/YDLidar.jpg\n'}
[0.247441] (ydlidar_sdk) StdoutLine: {'line': b'-- Up-to-date: /home/ashutosh/Desktop/lidar_ws/install/ydlidar_sdk/share/YDLIDAR_SDK/doc/images/angle_q2.png\n'}
[0.247519] (ydlidar_sdk) StdoutLine: {'line': b'-- Up-to-date: /home/ashutosh/Desktop/lidar_ws/install/ydlidar_sdk/share/YDLIDAR_SDK/doc/images/sdk_init.png\n'}
[0.247597] (ydlidar_sdk) StdoutLine: {'line': b'-- Up-to-date: /home/ashutosh/Desktop/lidar_ws/install/ydlidar_sdk/share/YDLIDAR_SDK/doc/images/FlowChart.png\n'}
[0.247688] (ydlidar_sdk) StdoutLine: {'line': b'-- Up-to-date: /home/ashutosh/Desktop/lidar_ws/install/ydlidar_sdk/share/YDLIDAR_SDK/doc/images/sequence.png\n'}
[0.247776] (ydlidar_sdk) StdoutLine: {'line': b'-- Up-to-date: /home/ashutosh/Desktop/lidar_ws/install/ydlidar_sdk/share/YDLIDAR_SDK/doc/images/sdk_scanning.png\n'}
[0.247915] (ydlidar_sdk) StdoutLine: {'line': b'-- Up-to-date: /home/ashutosh/Desktop/lidar_ws/install/ydlidar_sdk/share/YDLIDAR_SDK/doc/images/sdk_architecture.png\n'}
[0.247999] (ydlidar_sdk) StdoutLine: {'line': b'-- Up-to-date: /home/ashutosh/Desktop/lidar_ws/install/ydlidar_sdk/share/YDLIDAR_SDK/doc/images/frame_intensity.png\n'}
[0.248065] (ydlidar_sdk) StdoutLine: {'line': b'-- Up-to-date: /home/ashutosh/Desktop/lidar_ws/install/ydlidar_sdk/share/YDLIDAR_SDK/doc/Tutorials.md\n'}
[0.248131] (ydlidar_sdk) StdoutLine: {'line': b'-- Up-to-date: /home/ashutosh/Desktop/lidar_ws/install/ydlidar_sdk/share/YDLIDAR_SDK/doc/YDLidar-SDK-Communication-Protocol.md\n'}
[0.248197] (ydlidar_sdk) StdoutLine: {'line': b'-- Up-to-date: /home/ashutosh/Desktop/lidar_ws/install/ydlidar_sdk/share/YDLIDAR_SDK/doc/tutorials\n'}
[0.248260] (ydlidar_sdk) StdoutLine: {'line': b'-- Up-to-date: /home/ashutosh/Desktop/lidar_ws/install/ydlidar_sdk/share/YDLIDAR_SDK/doc/tutorials/writing_lidar_tutorial_python.md\n'}
[0.248332] (ydlidar_sdk) StdoutLine: {'line': b'-- Up-to-date: /home/ashutosh/Desktop/lidar_ws/install/ydlidar_sdk/share/YDLIDAR_SDK/doc/tutorials/writing_lidar_tutorial_c++.md\n'}
[0.248399] (ydlidar_sdk) StdoutLine: {'line': b'-- Up-to-date: /home/ashutosh/Desktop/lidar_ws/install/ydlidar_sdk/share/YDLIDAR_SDK/doc/tutorials/writing_lidar_tutorial_c.md\n'}
[0.248465] (ydlidar_sdk) StdoutLine: {'line': b'-- Up-to-date: /home/ashutosh/Desktop/lidar_ws/install/ydlidar_sdk/share/YDLIDAR_SDK/doc/tutorials/examine_the_simple_lidar_tutorial.md\n'}
[0.248531] (ydlidar_sdk) StdoutLine: {'line': b'-- Up-to-date: /home/ashutosh/Desktop/lidar_ws/install/ydlidar_sdk/share/YDLIDAR_SDK/doc/tutorials/writing_lidar_network_adapter_tutorial_c++.md\n'}
[0.248597] (ydlidar_sdk) StdoutLine: {'line': b'-- Up-to-date: /home/ashutosh/Desktop/lidar_ws/install/ydlidar_sdk/share/YDLIDAR_SDK/doc/howto\n'}
[0.248662] (ydlidar_sdk) StdoutLine: {'line': b'-- Up-to-date: /home/ashutosh/Desktop/lidar_ws/install/ydlidar_sdk/share/YDLIDAR_SDK/doc/howto/how_to_create_a_udev_rules.md\n'}
[0.248727] (ydlidar_sdk) StdoutLine: {'line': b'-- Up-to-date: /home/ashutosh/Desktop/lidar_ws/install/ydlidar_sdk/share/YDLIDAR_SDK/doc/howto/how_to_solve_slow_pull_from_cn.md\n'}
[0.248805] (ydlidar_sdk) StdoutLine: {'line': b'-- Up-to-date: /home/ashutosh/Desktop/lidar_ws/install/ydlidar_sdk/share/YDLIDAR_SDK/doc/howto/how_to_build_and_install.md\n'}
[0.248901] (ydlidar_sdk) StdoutLine: {'line': b'-- Up-to-date: /home/ashutosh/Desktop/lidar_ws/install/ydlidar_sdk/share/YDLIDAR_SDK/doc/howto/images\n'}
[0.248975] (ydlidar_sdk) StdoutLine: {'line': b'-- Up-to-date: /home/ashutosh/Desktop/lidar_ws/install/ydlidar_sdk/share/YDLIDAR_SDK/doc/howto/images/ydlidar_lidar_monitor.png\n'}
[0.249045] (ydlidar_sdk) StdoutLine: {'line': b'-- Up-to-date: /home/ashutosh/Desktop/lidar_ws/install/ydlidar_sdk/share/YDLIDAR_SDK/doc/howto/images/csharp_running.png\n'}
[0.249112] (ydlidar_sdk) StdoutLine: {'line': b'-- Up-to-date: /home/ashutosh/Desktop/lidar_ws/install/ydlidar_sdk/share/YDLIDAR_SDK/doc/howto/images/vscode\n'}
[0.249180] (ydlidar_sdk) StdoutLine: {'line': b'-- Up-to-date: /home/ashutosh/Desktop/lidar_ws/install/ydlidar_sdk/share/YDLIDAR_SDK/doc/howto/images/vscode/run_tasks.jpg\n'}
[0.249248] (ydlidar_sdk) StdoutLine: {'line': b'-- Up-to-date: /home/ashutosh/Desktop/lidar_ws/install/ydlidar_sdk/share/YDLIDAR_SDK/doc/howto/images/vscode/tasks.png\n'}
[0.249317] (ydlidar_sdk) StdoutLine: {'line': b'-- Up-to-date: /home/ashutosh/Desktop/lidar_ws/install/ydlidar_sdk/share/YDLIDAR_SDK/doc/howto/images/csharp_build.png\n'}
[0.249384] (ydlidar_sdk) StdoutLine: {'line': b'-- Up-to-date: /home/ashutosh/Desktop/lidar_ws/install/ydlidar_sdk/share/YDLIDAR_SDK/doc/howto/images/ttyUSB1.png\n'}
[0.249454] (ydlidar_sdk) StdoutLine: {'line': b'-- Up-to-date: /home/ashutosh/Desktop/lidar_ws/install/ydlidar_sdk/share/YDLIDAR_SDK/doc/howto/images/csharp_library.png\n'}
[0.249519] (ydlidar_sdk) StdoutLine: {'line': b'-- Up-to-date: /home/ashutosh/Desktop/lidar_ws/install/ydlidar_sdk/share/YDLIDAR_SDK/doc/howto/images/ttyUSB0.png\n'}
[0.249584] (ydlidar_sdk) StdoutLine: {'line': b'-- Up-to-date: /home/ashutosh/Desktop/lidar_ws/install/ydlidar_sdk/share/YDLIDAR_SDK/doc/howto/images/sdk_init.png\n'}
[0.249648] (ydlidar_sdk) StdoutLine: {'line': b'-- Up-to-date: /home/ashutosh/Desktop/lidar_ws/install/ydlidar_sdk/share/YDLIDAR_SDK/doc/howto/images/csharp_exception.png\n'}
[0.249955] (ydlidar_sdk) StdoutLine: {'line': b'-- Up-to-date: /home/ashutosh/Desktop/lidar_ws/install/ydlidar_sdk/share/YDLIDAR_SDK/doc/howto/images/cpack.png\n'}
[0.250053] (ydlidar_sdk) StdoutLine: {'line': b'-- Up-to-date: /home/ashutosh/Desktop/lidar_ws/install/ydlidar_sdk/share/YDLIDAR_SDK/doc/howto/images/sequence.png\n'}
[0.250146] (ydlidar_sdk) StdoutLine: {'line': b'-- Up-to-date: /home/ashutosh/Desktop/lidar_ws/install/ydlidar_sdk/share/YDLIDAR_SDK/doc/howto/images/sdk_scanning.png\n'}
[0.250235] (ydlidar_sdk) StdoutLine: {'line': b'-- Up-to-date: /home/ashutosh/Desktop/lidar_ws/install/ydlidar_sdk/share/YDLIDAR_SDK/doc/howto/images/csharp_project.png\n'}
[0.250327] (ydlidar_sdk) StdoutLine: {'line': b'-- Up-to-date: /home/ashutosh/Desktop/lidar_ws/install/ydlidar_sdk/share/YDLIDAR_SDK/doc/howto/how_to_create_a_pull.md\n'}
[0.250420] (ydlidar_sdk) StdoutLine: {'line': b'-- Up-to-date: /home/ashutosh/Desktop/lidar_ws/install/ydlidar_sdk/share/YDLIDAR_SDK/doc/howto/how_to_build_and_debug_using_vscode.md\n'}
[0.250508] (ydlidar_sdk) StdoutLine: {'line': b'-- Up-to-date: /home/ashutosh/Desktop/lidar_ws/install/ydlidar_sdk/share/YDLIDAR_SDK/doc/howto/how_to_create_a_csharp_project.md\n'}
[0.250595] (ydlidar_sdk) StdoutLine: {'line': b'-- Up-to-date: /home/ashutosh/Desktop/lidar_ws/install/ydlidar_sdk/share/YDLIDAR_SDK/doc/howto/README.md\n'}
[0.250685] (ydlidar_sdk) StdoutLine: {'line': b'-- Up-to-date: /home/ashutosh/Desktop/lidar_ws/install/ydlidar_sdk/share/YDLIDAR_SDK/doc/howto/how_to_gerenrate_vs_project_by_cmake.md\n'}
[0.250776] (ydlidar_sdk) StdoutLine: {'line': b'-- Up-to-date: /home/ashutosh/Desktop/lidar_ws/install/ydlidar_sdk/share/YDLIDAR_SDK/doc/YDLidar-SDK-Communication-Protocol.pdf\n'}
[0.250879] (ydlidar_sdk) StdoutLine: {'line': b'-- Up-to-date: /home/ashutosh/Desktop/lidar_ws/install/ydlidar_sdk/share/YDLIDAR_SDK/doc/YDLidar_SDK_Communication_Protocol.pdf\n'}
[0.250965] (ydlidar_sdk) StdoutLine: {'line': b'-- Up-to-date: /home/ashutosh/Desktop/lidar_ws/install/ydlidar_sdk/share/YDLIDAR_SDK/doc/README.md\n'}
[0.251082] (ydlidar_sdk) StdoutLine: {'line': b'-- Up-to-date: /home/ashutosh/Desktop/lidar_ws/install/ydlidar_sdk/share/YDLIDAR_SDK/doc/SDK.pdf\n'}
[0.251171] (ydlidar_sdk) StdoutLine: {'line': b'-- Up-to-date: /home/ashutosh/Desktop/lidar_ws/install/ydlidar_sdk/startup/initenv.sh\n'}
[0.251258] (ydlidar_sdk) StdoutLine: {'line': b'-- Up-to-date: /home/ashutosh/Desktop/lidar_ws/install/ydlidar_sdk/bin/et_test\n'}
[0.251345] (ydlidar_sdk) StdoutLine: {'line': b'-- Up-to-date: /home/ashutosh/Desktop/lidar_ws/install/ydlidar_sdk/bin/gs_ota\n'}
[0.251430] (ydlidar_sdk) StdoutLine: {'line': b'-- Up-to-date: /home/ashutosh/Desktop/lidar_ws/install/ydlidar_sdk/bin/gs_restart\n'}
[0.251521] (ydlidar_sdk) StdoutLine: {'line': b'-- Up-to-date: /home/ashutosh/Desktop/lidar_ws/install/ydlidar_sdk/bin/gs_test\n'}
[0.251661] (ydlidar_sdk) StdoutLine: {'line': b'-- Up-to-date: /home/ashutosh/Desktop/lidar_ws/install/ydlidar_sdk/bin/gs_test2\n'}
[0.251873] (ydlidar_sdk) StdoutLine: {'line': b'-- Up-to-date: /home/ashutosh/Desktop/lidar_ws/install/ydlidar_sdk/bin/scl_test\n'}
[0.251967] (ydlidar_sdk) StdoutLine: {'line': b'-- Up-to-date: /home/ashutosh/Desktop/lidar_ws/install/ydlidar_sdk/bin/sdm18_test\n'}
[0.252157] (ydlidar_sdk) StdoutLine: {'line': b'-- Up-to-date: /home/ashutosh/Desktop/lidar_ws/install/ydlidar_sdk/bin/sdm_test\n'}
[0.252899] (ydlidar_sdk) StdoutLine: {'line': b'-- Up-to-date: /home/ashutosh/Desktop/lidar_ws/install/ydlidar_sdk/bin/tea_test\n'}
[0.253006] (ydlidar_sdk) StdoutLine: {'line': b'-- Up-to-date: /home/ashutosh/Desktop/lidar_ws/install/ydlidar_sdk/bin/tia_test\n'}
[0.253128] (ydlidar_sdk) StdoutLine: {'line': b'-- Up-to-date: /home/ashutosh/Desktop/lidar_ws/install/ydlidar_sdk/bin/tmini-sh_test\n'}
[0.253477] (ydlidar_sdk) StdoutLine: {'line': b'-- Up-to-date: /home/ashutosh/Desktop/lidar_ws/install/ydlidar_sdk/bin/tmini_test\n'}
[0.253623] (ydlidar_sdk) StdoutLine: {'line': b'-- Up-to-date: /home/ashutosh/Desktop/lidar_ws/install/ydlidar_sdk/bin/tof_test\n'}
[0.253755] (ydlidar_sdk) StdoutLine: {'line': b'-- Up-to-date: /home/ashutosh/Desktop/lidar_ws/install/ydlidar_sdk/bin/tri_and_gs_test\n'}
[0.253909] (ydlidar_sdk) StdoutLine: {'line': b'-- Up-to-date: /home/ashutosh/Desktop/lidar_ws/install/ydlidar_sdk/bin/tri_restart\n'}
[0.254044] (ydlidar_sdk) StdoutLine: {'line': b'-- Up-to-date: /home/ashutosh/Desktop/lidar_ws/install/ydlidar_sdk/bin/tri_test\n'}
[0.254136] (ydlidar_sdk) StdoutLine: {'line': b'-- Up-to-date: /home/ashutosh/Desktop/lidar_ws/install/ydlidar_sdk/bin/lidar_c_api_test\n'}
[0.254227] (ydlidar_sdk) CommandEnded: {'returncode': 0}
[0.267018] (ydlidar_sdk) JobEnded: {'identifier': 'ydlidar_sdk', 'rc': 0}
[0.299783] (-) TimerEvent: {}
[0.400166] (-) TimerEvent: {}
[0.500604] (-) TimerEvent: {}
[0.600985] (-) TimerEvent: {}
[0.701387] (-) TimerEvent: {}
[0.801840] (-) TimerEvent: {}
[0.902299] (-) TimerEvent: {}
[1.002670] (-) TimerEvent: {}
[1.103063] (-) TimerEvent: {}
[1.203506] (-) TimerEvent: {}
[1.303948] (-) TimerEvent: {}
[1.404349] (-) TimerEvent: {}
[1.504693] (-) TimerEvent: {}
[1.605103] (-) TimerEvent: {}
[1.705539] (-) TimerEvent: {}
[1.805955] (-) TimerEvent: {}
[1.906371] (-) TimerEvent: {}
[2.006787] (-) TimerEvent: {}
[2.107260] (-) TimerEvent: {}
[2.141713] (ydlidar_ros2_driver) StderrLine: {'line': b'\x1b[01m\x1b[K/home/ashutosh/Desktop/lidar_ws/src/ydlidar_ros2_driver/src/ydlidar_ros2_driver_node.cpp:\x1b[m\x1b[K In lambda function:\n'}
[2.142117] (ydlidar_ros2_driver) StderrLine: {'line': b'\x1b[01m\x1b[K/home/ashutosh/Desktop/lidar_ws/src/ydlidar_ros2_driver/src/ydlidar_ros2_driver_node.cpp:166:54:\x1b[m\x1b[K \x1b[01;35m\x1b[Kwarning: \x1b[m\x1b[Kunused parameter \xe2\x80\x98\x1b[01m\x1b[Krequest_header\x1b[m\x1b[K\xe2\x80\x99 [\x1b[01;35m\x1b[K\x1b]8;;https://gcc.gnu.org/onlinedocs/gcc/Warning-Options.html#index-Wunused-parameter\x07-Wunused-parameter\x1b]8;;\x07\x1b[m\x1b[K]\n'}
[2.142301] (ydlidar_ros2_driver) StderrLine: {'line': b'  166 |     [&laser](\x1b[01;35m\x1b[Kconst std::shared_ptr<rmw_request_id_t> request_header\x1b[m\x1b[K,\n'}
[2.142437] (ydlidar_ros2_driver) StderrLine: {'line': b'      |              \x1b[01;35m\x1b[K~~~~~~~~~~~~~~~~~~~~~~~~~~~~~~~~~~~~~~~~^~~~~~~~~~~~~~\x1b[m\x1b[K\n'}
[2.142490] (ydlidar_ros2_driver) StderrLine: {'line': b'\x1b[01m\x1b[K/home/ashutosh/Desktop/lidar_ws/src/ydlidar_ros2_driver/src/ydlidar_ros2_driver_node.cpp:167:67:\x1b[m\x1b[K \x1b[01;35m\x1b[Kwarning: \x1b[m\x1b[Kunused parameter \xe2\x80\x98\x1b[01m\x1b[Kreq\x1b[m\x1b[K\xe2\x80\x99 [\x1b[01;35m\x1b[K\x1b]8;;https://gcc.gnu.org/onlinedocs/gcc/Warning-Options.html#index-Wunused-parameter\x07-Wunused-parameter\x1b]8;;\x07\x1b[m\x1b[K]\n'}
[2.142542] (ydlidar_ros2_driver) StderrLine: {'line': b'  167 |              \x1b[01;35m\x1b[Kconst std::shared_ptr<std_srvs::srv::Empty::Request> req\x1b[m\x1b[K,\n'}
[2.142595] (ydlidar_ros2_driver) StderrLine: {'line': b'      |              \x1b[01;35m\x1b[K~~~~~~~~~~~~~~~~~~~~~~~~~~~~~~~~~~~~~~~~~~~~~~~~~~~~~^~~\x1b[m\x1b[K\n'}
[2.142646] (ydlidar_ros2_driver) StderrLine: {'line': b'\x1b[01m\x1b[K/home/ashutosh/Desktop/lidar_ws/src/ydlidar_ros2_driver/src/ydlidar_ros2_driver_node.cpp:168:62:\x1b[m\x1b[K \x1b[01;35m\x1b[Kwarning: \x1b[m\x1b[Kunused parameter \xe2\x80\x98\x1b[01m\x1b[Kresponse\x1b[m\x1b[K\xe2\x80\x99 [\x1b[01;35m\x1b[K\x1b]8;;https://gcc.gnu.org/onlinedocs/gcc/Warning-Options.html#index-Wunused-parameter\x07-Wunused-parameter\x1b]8;;\x07\x1b[m\x1b[K]\n'}
[2.142697] (ydlidar_ros2_driver) StderrLine: {'line': b'  168 |              \x1b[01;35m\x1b[Kstd::shared_ptr<std_srvs::srv::Empty::Response> response\x1b[m\x1b[K) -> bool {\n'}
[2.142747] (ydlidar_ros2_driver) StderrLine: {'line': b'      |              \x1b[01;35m\x1b[K~~~~~~~~~~~~~~~~~~~~~~~~~~~~~~~~~~~~~~~~~~~~~~~~^~~~~~~~\x1b[m\x1b[K\n'}
[2.154269] (ydlidar_ros2_driver) StderrLine: {'line': b'\x1b[01m\x1b[K/home/ashutosh/Desktop/lidar_ws/src/ydlidar_ros2_driver/src/ydlidar_ros2_driver_node.cpp:\x1b[m\x1b[K In lambda function:\n'}
[2.154407] (ydlidar_ros2_driver) StderrLine: {'line': b'\x1b[01m\x1b[K/home/ashutosh/Desktop/lidar_ws/src/ydlidar_ros2_driver/src/ydlidar_ros2_driver_node.cpp:175:54:\x1b[m\x1b[K \x1b[01;35m\x1b[Kwarning: \x1b[m\x1b[Kunused parameter \xe2\x80\x98\x1b[01m\x1b[Krequest_header\x1b[m\x1b[K\xe2\x80\x99 [\x1b[01;35m\x1b[K\x1b]8;;https://gcc.gnu.org/onlinedocs/gcc/Warning-Options.html#index-Wunused-parameter\x07-Wunused-parameter\x1b]8;;\x07\x1b[m\x1b[K]\n'}
[2.154576] (ydlidar_ros2_driver) StderrLine: {'line': b'  175 |     [&laser](\x1b[01;35m\x1b[Kconst std::shared_ptr<rmw_request_id_t> request_header\x1b[m\x1b[K,\n'}
[2.154726] (ydlidar_ros2_driver) StderrLine: {'line': b'      |              \x1b[01;35m\x1b[K~~~~~~~~~~~~~~~~~~~~~~~~~~~~~~~~~~~~~~~~^~~~~~~~~~~~~~\x1b[m\x1b[K\n'}
[2.154895] (ydlidar_ros2_driver) StderrLine: {'line': b'\x1b[01m\x1b[K/home/ashutosh/Desktop/lidar_ws/src/ydlidar_ros2_driver/src/ydlidar_ros2_driver_node.cpp:176:67:\x1b[m\x1b[K \x1b[01;35m\x1b[Kwarning: \x1b[m\x1b[Kunused parameter \xe2\x80\x98\x1b[01m\x1b[Kreq\x1b[m\x1b[K\xe2\x80\x99 [\x1b[01;35m\x1b[K\x1b]8;;https://gcc.gnu.org/onlinedocs/gcc/Warning-Options.html#index-Wunused-parameter\x07-Wunused-parameter\x1b]8;;\x07\x1b[m\x1b[K]\n'}
[2.155066] (ydlidar_ros2_driver) StderrLine: {'line': b'  176 |              \x1b[01;35m\x1b[Kconst std::shared_ptr<std_srvs::srv::Empty::Request> req\x1b[m\x1b[K,\n'}
[2.155212] (ydlidar_ros2_driver) StderrLine: {'line': b'      |              \x1b[01;35m\x1b[K~~~~~~~~~~~~~~~~~~~~~~~~~~~~~~~~~~~~~~~~~~~~~~~~~~~~~^~~\x1b[m\x1b[K\n'}
[2.155355] (ydlidar_ros2_driver) StderrLine: {'line': b'\x1b[01m\x1b[K/home/ashutosh/Desktop/lidar_ws/src/ydlidar_ros2_driver/src/ydlidar_ros2_driver_node.cpp:177:62:\x1b[m\x1b[K \x1b[01;35m\x1b[Kwarning: \x1b[m\x1b[Kunused parameter \xe2\x80\x98\x1b[01m\x1b[Kresponse\x1b[m\x1b[K\xe2\x80\x99 [\x1b[01;35m\x1b[K\x1b]8;;https://gcc.gnu.org/onlinedocs/gcc/Warning-Options.html#index-Wunused-parameter\x07-Wunused-parameter\x1b]8;;\x07\x1b[m\x1b[K]\n'}
[2.155421] (ydlidar_ros2_driver) StderrLine: {'line': b'  177 |              \x1b[01;35m\x1b[Kstd::shared_ptr<std_srvs::srv::Empty::Response> response\x1b[m\x1b[K) -> bool {\n'}
[2.155482] (ydlidar_ros2_driver) StderrLine: {'line': b'      |              \x1b[01;35m\x1b[K~~~~~~~~~~~~~~~~~~~~~~~~~~~~~~~~~~~~~~~~~~~~~~~~^~~~~~~~\x1b[m\x1b[K\n'}
[2.157566] (ydlidar_ros2_driver) StderrLine: {'line': b'\x1b[01m\x1b[K/home/ashutosh/Desktop/lidar_ws/src/ydlidar_ros2_driver/src/ydlidar_ros2_driver_node.cpp:\x1b[m\x1b[K In function \xe2\x80\x98\x1b[01m\x1b[Kint main(int, char**)\x1b[m\x1b[K\xe2\x80\x99:\n'}
[2.157778] (ydlidar_ros2_driver) StderrLine: {'line': b'\x1b[01m\x1b[K/home/ashutosh/Desktop/lidar_ws/src/ydlidar_ros2_driver/src/ydlidar_ros2_driver_node.cpp:206:21:\x1b[m\x1b[K \x1b[01;35m\x1b[Kwarning: \x1b[m\x1b[Kunused variable \xe2\x80\x98\x1b[01m\x1b[Kp\x1b[m\x1b[K\xe2\x80\x99 [\x1b[01;35m\x1b[K\x1b]8;;https://gcc.gnu.org/onlinedocs/gcc/Warning-Options.html#index-Wunused-variable\x07-Wunused-variable\x1b]8;;\x07\x1b[m\x1b[K]\n'}
[2.157923] (ydlidar_ros2_driver) StderrLine: {'line': b'  206 |         const auto &\x1b[01;35m\x1b[Kp\x1b[m\x1b[K = scan.points.at(i);\n'}
[2.158040] (ydlidar_ros2_driver) StderrLine: {'line': b'      |                     \x1b[01;35m\x1b[K^\x1b[m\x1b[K\n'}
[2.207416] (-) TimerEvent: {}
[2.307903] (-) TimerEvent: {}
[2.408333] (-) TimerEvent: {}
[2.508783] (-) TimerEvent: {}
[2.609289] (-) TimerEvent: {}
[2.709736] (-) TimerEvent: {}
[2.810217] (-) TimerEvent: {}
[2.910650] (-) TimerEvent: {}
[3.011042] (-) TimerEvent: {}
[3.111597] (-) TimerEvent: {}
[3.211983] (-) TimerEvent: {}
[3.312359] (-) TimerEvent: {}
[3.412728] (-) TimerEvent: {}
[3.513127] (-) TimerEvent: {}
[3.613506] (-) TimerEvent: {}
[3.713896] (-) TimerEvent: {}
[3.814271] (-) TimerEvent: {}
[3.914592] (-) TimerEvent: {}
[4.014935] (-) TimerEvent: {}
[4.115311] (-) TimerEvent: {}
[4.179913] (ydlidar_ros2_driver) StdoutLine: {'line': b'[100%] \x1b[32m\x1b[1mLinking CXX executable ydlidar_ros2_driver_node\x1b[0m\n'}
[4.215443] (-) TimerEvent: {}
[4.315916] (-) TimerEvent: {}
[4.416370] (-) TimerEvent: {}
[4.492785] (ydlidar_ros2_driver) StdoutLine: {'line': b'[100%] Built target ydlidar_ros2_driver_node\n'}
[4.506281] (ydlidar_ros2_driver) CommandEnded: {'returncode': 0}
[4.507894] (ydlidar_ros2_driver) JobProgress: {'identifier': 'ydlidar_ros2_driver', 'progress': 'install'}
[4.507924] (ydlidar_ros2_driver) Command: {'cmd': ['/usr/bin/cmake', '--install', '/home/ashutosh/Desktop/lidar_ws/build/ydlidar_ros2_driver'], 'cwd': '/home/ashutosh/Desktop/lidar_ws/build/ydlidar_ros2_driver', 'env': OrderedDict([('LESSOPEN', '| /usr/bin/lesspipe %s'), ('PYTHONWARNINGS', 'ignore:::setuptools.installer,ignore:::setuptools.command.install,ignore:::setuptools.command.easy_install'), ('CCACHE_TEMPDIR', '/tmp/ccache'), ('GZ_SIM_RESOURCE_PATH', '/home/ashutosh/cognipilot/cranium/install/dream_world/share/dream_world/worlds:/home/ashutosh/cognipilot/cranium/install/dream_world/share/dream_world/models:/home/ashutosh/cognipilot/cranium/install/b3rb_gz_resource/share/b3rb_gz_resource/models'), ('LANGUAGE', 'en_IN:en'), ('USER', 'ashutosh'), ('XDG_SESSION_TYPE', 'wayland'), ('SHLVL', '1'), ('LD_LIBRARY_PATH', '/home/ashutosh/cognipilot/cranium/install/synapse_tinyframe/lib:/home/ashutosh/cognipilot/cranium/install/synapse_protobuf/lib:/home/ashutosh/cognipilot/cranium/install/synapse_msgs/lib:/usr/lib/x86_64-linux-gnu/gazebo-11/plugins:/opt/ros/humble/opt/rviz_ogre_vendor/lib:/opt/ros/humble/lib/x86_64-linux-gnu:/opt/ros/humble/lib:/home/ashutosh/.mujoco/mujoco210/bin'), ('HOME', '/home/ashutosh'), ('OLDPWD', '/home/ashutosh/Desktop/lidar_ws/src'), ('DESKTOP_SESSION', 'ubuntu'), ('ROS_PYTHON_VERSION', '3'), ('GNOME_SHELL_SESSION_MODE', 'ubuntu'), ('GTK_MODULES', 'gail:atk-bridge:appmenu-gtk-module'), ('SYSTEMD_EXEC_PID', '2543'), ('DBUS_SESSION_BUS_ADDRESS', 'unix:path=/run/user/1000/bus'), ('COLORTERM', 'truecolor'), ('IM_CONFIG_PHASE', '1'), ('WAYLAND_DISPLAY', 'wayland-0'), ('COLCON_PREFIX_PATH', '/home/ashutosh/Desktop/lidar_ws/install:/home/ashutosh/cognipilot/electrode/install:/home/ashutosh/task_ws/install:/home/ashutosh/cognipilot/cranium/install'), ('ROS_DISTRO', 'humble'), ('LOGNAME', 'ashutosh'), ('_', '/usr/bin/colcon'), ('ROS_VERSION', '2'), ('XDG_SESSION_CLASS', 'user'), ('USERNAME', 'ashutosh'), ('TERM', 'xterm-256color'), ('GNOME_DESKTOP_SESSION_ID', 'this-is-deprecated'), ('ROS_LOCALHOST_ONLY', '0'), ('PATH', '/home/ashutosh/Desktop/lidar_ws/install/ydlidar_sdk/bin:/home/ashutosh/cognipilot/ws/cerebri/install/bin:/opt/ros/humble/bin:/home/ashutosh/.local/bin:/home/ashutosh/bin:/usr/local/sbin:/usr/local/bin:/usr/sbin:/usr/bin:/sbin:/bin:/usr/games:/usr/local/games:/snap/bin:/snap/bin'), ('SESSION_MANAGER', 'local/ashu-ka-pc:@/tmp/.ICE-unix/2498,unix/ashu-ka-pc:/tmp/.ICE-unix/2498'), ('XDG_MENU_PREFIX', 'gnome-'), ('GNOME_TERMINAL_SCREEN', '/org/gnome/Terminal/screen/3f8a9da8_c556_4a86_84a3_a13dc8fc6b3b'), ('GNOME_SETUP_DISPLAY', ':1'), ('XDG_RUNTIME_DIR', '/run/user/1000'), ('MUJOCO_PY_MUJOCO_PATH', '/home/ashutosh/.mujoco/mujoco210'), ('DISPLAY', ':0'), ('LANG', 'en_US.UTF-8'), ('XDG_CURRENT_DESKTOP', 'ubuntu:GNOME'), ('RMW_IMPLEMENTATION', 'rmw_cyclonedds_cpp'), ('XMODIFIERS', '@im=ibus'), ('XDG_SESSION_DESKTOP', 'ubuntu'), ('XAUTHORITY', '/run/user/1000/.mutter-Xwaylandauth.OS69D3'), ('LS_COLORS', ''), ('GNOME_TERMINAL_SERVICE', ':1.225'), ('SSH_AGENT_LAUNCHER', 'gnome-keyring'), ('SSH_AUTH_SOCK', '/run/user/1000/keyring/ssh'), ('AMENT_PREFIX_PATH', '/home/ashutosh/Desktop/lidar_ws/install/ydlidar_ros2_driver:/home/ashutosh/task_ws/install/hii:/home/ashutosh/cognipilot/electrode/install/electrode:/home/ashutosh/cognipilot/cranium/install/synapse_ros:/home/ashutosh/cognipilot/cranium/install/synapse_gz:/home/ashutosh/cognipilot/cranium/install/synapse_tinyframe:/home/ashutosh/cognipilot/cranium/install/synapse_protobuf:/home/ashutosh/cognipilot/cranium/install/corti:/home/ashutosh/cognipilot/cranium/install/b3rb_ros_aim_india:/home/ashutosh/cognipilot/cranium/install/synapse_msgs:/home/ashutosh/cognipilot/cranium/install/dream_world:/home/ashutosh/cognipilot/cranium/install/cerebri_bringup:/home/ashutosh/cognipilot/cranium/install/b3rb_simulator:/home/ashutosh/cognipilot/cranium/install/b3rb_desktop:/home/ashutosh/cognipilot/cranium/install/b3rb_rviz:/home/ashutosh/cognipilot/cranium/install/b3rb_nav2:/home/ashutosh/cognipilot/cranium/install/b3rb_gz_resource:/home/ashutosh/cognipilot/cranium/install/b3rb_gz_bringup:/home/ashutosh/cognipilot/cranium/install/b3rb_description:/opt/ros/humble'), ('SHELL', '/bin/bash'), ('QT_ACCESSIBILITY', '1'), ('GDMSESSION', 'ubuntu'), ('LESSCLOSE', '/usr/bin/lesspipe %s %s'), ('CMAKE_EXPORT_COMPILE_COMMANDS', 'ON'), ('QT_IM_MODULE', 'ibus'), ('PWD', '/home/ashutosh/Desktop/lidar_ws/build/ydlidar_ros2_driver'), ('TURTLEBOT3_MODEL', 'burger'), ('LC_ALL', 'en_US.UTF-8'), ('XDG_CONFIG_DIRS', '/etc/xdg/xdg-ubuntu:/etc/xdg'), ('XDG_DATA_DIRS', '/usr/share/ubuntu:/usr/local/share/:/usr/share/:/var/lib/snapd/desktop'), ('PYTHONPATH', '/home/ashutosh/task_ws/install/hii/lib/python3.10/site-packages:/home/ashutosh/cognipilot/cranium/install/corti/local/lib/python3.10/dist-packages:/home/ashutosh/cognipilot/cranium/install/b3rb_ros_aim_india/lib/python3.10/site-packages:/home/ashutosh/cognipilot/cranium/install/synapse_msgs/local/lib/python3.10/dist-packages:/opt/ros/humble/lib/python3.10/site-packages:/opt/ros/humble/local/lib/python3.10/dist-packages'), ('COLCON', '1'), ('VTE_VERSION', '6800'), ('CMAKE_PREFIX_PATH', '/home/ashutosh/Desktop/lidar_ws/install/ydlidar_sdk:/home/ashutosh/Desktop/lidar_ws/install/ydlidar_ros2_driver:/home/ashutosh/cognipilot/electrode/install/electrode:/home/ashutosh/cognipilot/cranium/install/synapse_ros:/home/ashutosh/cognipilot/cranium/install/synapse_gz:/home/ashutosh/cognipilot/cranium/install/synapse_tinyframe:/home/ashutosh/cognipilot/cranium/install/synapse_protobuf:/home/ashutosh/cognipilot/cranium/install/corti:/home/ashutosh/cognipilot/cranium/install/synapse_msgs:/home/ashutosh/cognipilot/cranium/install/dream_world:/home/ashutosh/cognipilot/cranium/install/cerebri_bringup:/home/ashutosh/cognipilot/cranium/install/b3rb_simulator:/home/ashutosh/cognipilot/cranium/install/b3rb_desktop:/home/ashutosh/cognipilot/cranium/install/b3rb_rviz:/home/ashutosh/cognipilot/cranium/install/b3rb_nav2:/home/ashutosh/cognipilot/cranium/install/b3rb_gz_resource:/home/ashutosh/cognipilot/cranium/install/b3rb_gz_bringup:/home/ashutosh/cognipilot/cranium/install/b3rb_description:/home/ashutosh/task_ws/install/hii:/home/ashutosh/cognipilot/cranium/install/b3rb_ros_aim_india:/opt/ros/humble')]), 'shell': False}
[4.515583] (ydlidar_ros2_driver) StdoutLine: {'line': b'-- Install configuration: ""\n'}
[4.515983] (ydlidar_ros2_driver) StdoutLine: {'line': b'-- Execute custom install script\n'}
[4.516236] (ydlidar_ros2_driver) StdoutLine: {'line': b'-- Up-to-date symlink: /home/ashutosh/Desktop/lidar_ws/install/ydlidar_ros2_driver/lib/ydlidar_ros2_driver/ydlidar_ros2_driver_node\n'}
[4.516399] (-) TimerEvent: {}
[4.516621] (ydlidar_ros2_driver) StdoutLine: {'line': b'-- Up-to-date symlink: /home/ashutosh/Desktop/lidar_ws/install/ydlidar_ros2_driver/lib/ydlidar_ros2_driver/ydlidar_ros2_driver_client\n'}
[4.516878] (ydlidar_ros2_driver) StdoutLine: {'line': b'-- Up-to-date symlink: /home/ashutosh/Desktop/lidar_ws/install/ydlidar_ros2_driver/share/ydlidar_ros2_driver/launch/ydlidar.py\n'}
[4.517093] (ydlidar_ros2_driver) StdoutLine: {'line': b'-- Up-to-date symlink: /home/ashutosh/Desktop/lidar_ws/install/ydlidar_ros2_driver/share/ydlidar_ros2_driver/launch/ydlidar_launch.py\n'}
[4.517282] (ydlidar_ros2_driver) StdoutLine: {'line': b'-- Up-to-date symlink: /home/ashutosh/Desktop/lidar_ws/install/ydlidar_ros2_driver/share/ydlidar_ros2_driver/launch/ydlidar_launch_view.py\n'}
[4.517465] (ydlidar_ros2_driver) StdoutLine: {'line': b'-- Up-to-date symlink: /home/ashutosh/Desktop/lidar_ws/install/ydlidar_ros2_driver/share/ydlidar_ros2_driver/params/G1.yaml\n'}
[4.517625] (ydlidar_ros2_driver) StdoutLine: {'line': b'-- Up-to-date symlink: /home/ashutosh/Desktop/lidar_ws/install/ydlidar_ros2_driver/share/ydlidar_ros2_driver/params/G2.yaml\n'}
[4.517879] (ydlidar_ros2_driver) StdoutLine: {'line': b'-- Up-to-date symlink: /home/ashutosh/Desktop/lidar_ws/install/ydlidar_ros2_driver/share/ydlidar_ros2_driver/params/G6.yaml\n'}
[4.518026] (ydlidar_ros2_driver) StdoutLine: {'line': b'-- Up-to-date symlink: /home/ashutosh/Desktop/lidar_ws/install/ydlidar_ros2_driver/share/ydlidar_ros2_driver/params/GS2.yaml\n'}
[4.518080] (ydlidar_ros2_driver) StdoutLine: {'line': b'-- Up-to-date symlink: /home/ashutosh/Desktop/lidar_ws/install/ydlidar_ros2_driver/share/ydlidar_ros2_driver/params/TEA.yaml\n'}
[4.518165] (ydlidar_ros2_driver) StdoutLine: {'line': b'-- Up-to-date symlink: /home/ashutosh/Desktop/lidar_ws/install/ydlidar_ros2_driver/share/ydlidar_ros2_driver/params/TG.yaml\n'}
[4.518216] (ydlidar_ros2_driver) StdoutLine: {'line': b'-- Up-to-date symlink: /home/ashutosh/Desktop/lidar_ws/install/ydlidar_ros2_driver/share/ydlidar_ros2_driver/params/TminiPro.yaml\n'}
[4.518304] (ydlidar_ros2_driver) StdoutLine: {'line': b'-- Up-to-date symlink: /home/ashutosh/Desktop/lidar_ws/install/ydlidar_ros2_driver/share/ydlidar_ros2_driver/params/X2.yaml\n'}
[4.518360] (ydlidar_ros2_driver) StdoutLine: {'line': b'-- Up-to-date symlink: /home/ashutosh/Desktop/lidar_ws/install/ydlidar_ros2_driver/share/ydlidar_ros2_driver/params/X4-Pro.yaml\n'}
[4.518447] (ydlidar_ros2_driver) StdoutLine: {'line': b'-- Up-to-date symlink: /home/ashutosh/Desktop/lidar_ws/install/ydlidar_ros2_driver/share/ydlidar_ros2_driver/params/X4.yaml\n'}
[4.518500] (ydlidar_ros2_driver) StdoutLine: {'line': b'-- Up-to-date symlink: /home/ashutosh/Desktop/lidar_ws/install/ydlidar_ros2_driver/share/ydlidar_ros2_driver/params/ydlidar.yaml\n'}
[4.518575] (ydlidar_ros2_driver) StdoutLine: {'line': b'-- Up-to-date symlink: /home/ashutosh/Desktop/lidar_ws/install/ydlidar_ros2_driver/share/ydlidar_ros2_driver/startup/initenv.sh\n'}
[4.518750] (ydlidar_ros2_driver) StdoutLine: {'line': b'-- Up-to-date symlink: /home/ashutosh/Desktop/lidar_ws/install/ydlidar_ros2_driver/share/ydlidar_ros2_driver/config/ydlidar.rviz\n'}
[4.518932] (ydlidar_ros2_driver) StdoutLine: {'line': b'-- Up-to-date symlink: /home/ashutosh/Desktop/lidar_ws/install/ydlidar_ros2_driver/share/ament_index/resource_index/package_run_dependencies/ydlidar_ros2_driver\n'}
[4.519119] (ydlidar_ros2_driver) StdoutLine: {'line': b'-- Up-to-date symlink: /home/ashutosh/Desktop/lidar_ws/install/ydlidar_ros2_driver/share/ament_index/resource_index/parent_prefix_path/ydlidar_ros2_driver\n'}
[4.519274] (ydlidar_ros2_driver) StdoutLine: {'line': b'-- Up-to-date symlink: /home/ashutosh/Desktop/lidar_ws/install/ydlidar_ros2_driver/share/ydlidar_ros2_driver/environment/ament_prefix_path.sh\n'}
[4.519421] (ydlidar_ros2_driver) StdoutLine: {'line': b'-- Up-to-date symlink: /home/ashutosh/Desktop/lidar_ws/install/ydlidar_ros2_driver/share/ydlidar_ros2_driver/environment/ament_prefix_path.dsv\n'}
[4.519551] (ydlidar_ros2_driver) StdoutLine: {'line': b'-- Up-to-date symlink: /home/ashutosh/Desktop/lidar_ws/install/ydlidar_ros2_driver/share/ydlidar_ros2_driver/environment/path.sh\n'}
[4.519697] (ydlidar_ros2_driver) StdoutLine: {'line': b'-- Up-to-date symlink: /home/ashutosh/Desktop/lidar_ws/install/ydlidar_ros2_driver/share/ydlidar_ros2_driver/environment/path.dsv\n'}
[4.519838] (ydlidar_ros2_driver) StdoutLine: {'line': b'-- Up-to-date symlink: /home/ashutosh/Desktop/lidar_ws/install/ydlidar_ros2_driver/share/ydlidar_ros2_driver/local_setup.bash\n'}
[4.519997] (ydlidar_ros2_driver) StdoutLine: {'line': b'-- Up-to-date symlink: /home/ashutosh/Desktop/lidar_ws/install/ydlidar_ros2_driver/share/ydlidar_ros2_driver/local_setup.sh\n'}
[4.520138] (ydlidar_ros2_driver) StdoutLine: {'line': b'-- Up-to-date symlink: /home/ashutosh/Desktop/lidar_ws/install/ydlidar_ros2_driver/share/ydlidar_ros2_driver/local_setup.zsh\n'}
[4.520279] (ydlidar_ros2_driver) StdoutLine: {'line': b'-- Up-to-date symlink: /home/ashutosh/Desktop/lidar_ws/install/ydlidar_ros2_driver/share/ydlidar_ros2_driver/local_setup.dsv\n'}
[4.520382] (ydlidar_ros2_driver) StdoutLine: {'line': b'-- Symlinking: /home/ashutosh/Desktop/lidar_ws/install/ydlidar_ros2_driver/share/ydlidar_ros2_driver/package.dsv\n'}
[4.530156] (ydlidar_ros2_driver) StdoutLine: {'line': b'-- Up-to-date symlink: /home/ashutosh/Desktop/lidar_ws/install/ydlidar_ros2_driver/share/ament_index/resource_index/packages/ydlidar_ros2_driver\n'}
[4.530474] (ydlidar_ros2_driver) StdoutLine: {'line': b'-- Up-to-date symlink: /home/ashutosh/Desktop/lidar_ws/install/ydlidar_ros2_driver/share/ydlidar_ros2_driver/cmake/ydlidar_ros2_driverConfig.cmake\n'}
[4.530697] (ydlidar_ros2_driver) StdoutLine: {'line': b'-- Up-to-date symlink: /home/ashutosh/Desktop/lidar_ws/install/ydlidar_ros2_driver/share/ydlidar_ros2_driver/cmake/ydlidar_ros2_driverConfig-version.cmake\n'}
[4.530991] (ydlidar_ros2_driver) StdoutLine: {'line': b'-- Up-to-date symlink: /home/ashutosh/Desktop/lidar_ws/install/ydlidar_ros2_driver/share/ydlidar_ros2_driver/package.xml\n'}
[4.533923] (ydlidar_ros2_driver) CommandEnded: {'returncode': 0}
[4.544224] (ydlidar_ros2_driver) JobEnded: {'identifier': 'ydlidar_ros2_driver', 'rc': 0}
[4.545774] (-) EventReactorShutdown: {}
