[0.000000] (-) TimerEvent: {}
[0.000409] (ydlidar_ros2_driver) JobQueued: {'identifier': 'ydlidar_ros2_driver', 'dependencies': OrderedDict()}
[0.000552] (ydlidar_sdk) JobQueued: {'identifier': 'ydlidar_sdk', 'dependencies': OrderedDict()}
[0.000584] (ydlidar_ros2_driver) JobStarted: {'identifier': 'ydlidar_ros2_driver'}
[0.009096] (ydlidar_sdk) JobStarted: {'identifier': 'ydlidar_sdk'}
[0.016018] (ydlidar_ros2_driver) JobProgress: {'identifier': 'ydlidar_ros2_driver', 'progress': 'cmake'}
[0.016849] (ydlidar_ros2_driver) JobProgress: {'identifier': 'ydlidar_ros2_driver', 'progress': 'build'}
[0.017733] (ydlidar_ros2_driver) Command: {'cmd': ['/usr/bin/cmake', '--build', '/home/ashutosh/Desktop/lidar_ws/build/ydlidar_ros2_driver', '--', '-j16', '-l16'], 'cwd': '/home/ashutosh/Desktop/lidar_ws/build/ydlidar_ros2_driver', 'env': OrderedDict([('LESSOPEN', '| /usr/bin/lesspipe %s'), ('PYTHONWARNINGS', 'ignore:::setuptools.installer,ignore:::setuptools.command.install,ignore:::setuptools.command.easy_install'), ('CCACHE_TEMPDIR', '/tmp/ccache'), ('GZ_SIM_RESOURCE_PATH', '/home/ashutosh/cognipilot/cranium/install/dream_world/share/dream_world/worlds:/home/ashutosh/cognipilot/cranium/install/dream_world/share/dream_world/models:/home/ashutosh/cognipilot/cranium/install/b3rb_gz_resource/share/b3rb_gz_resource/models'), ('LANGUAGE', 'en_IN:en'), ('USER', 'ashutosh'), ('XDG_SESSION_TYPE', 'wayland'), ('SHLVL', '1'), ('LD_LIBRARY_PATH', '/home/ashutosh/cognipilot/cranium/install/synapse_tinyframe/lib:/home/ashutosh/cognipilot/cranium/install/synapse_protobuf/lib:/home/ashutosh/cognipilot/cranium/install/synapse_msgs/lib:/usr/lib/x86_64-linux-gnu/gazebo-11/plugins:/opt/ros/humble/opt/rviz_ogre_vendor/lib:/opt/ros/humble/lib/x86_64-linux-gnu:/opt/ros/humble/lib:/home/ashutosh/.mujoco/mujoco210/bin'), ('HOME', '/home/ashutosh'), ('OLDPWD', '/home/ashutosh'), ('DESKTOP_SESSION', 'ubuntu'), ('ROS_PYTHON_VERSION', '3'), ('GNOME_SHELL_SESSION_MODE', 'ubuntu'), ('GTK_MODULES', 'gail:atk-bridge:appmenu-gtk-module'), ('SYSTEMD_EXEC_PID', '2670'), ('DBUS_SESSION_BUS_ADDRESS', 'unix:path=/run/user/1000/bus'), ('COLORTERM', 'truecolor'), ('IM_CONFIG_PHASE', '1'), ('WAYLAND_DISPLAY', 'wayland-0'), ('COLCON_PREFIX_PATH', '/home/ashutosh/Desktop/lidar_ws/install:/home/ashutosh/cognipilot/electrode/install:/home/ashutosh/task_ws/install:/home/ashutosh/cognipilot/cranium/install'), ('ROS_DISTRO', 'humble'), ('LOGNAME', 'ashutosh'), ('_', '/usr/bin/colcon'), ('ROS_VERSION', '2'), ('XDG_SESSION_CLASS', 'user'), ('USERNAME', 'ashutosh'), ('TERM', 'xterm-256color'), ('GNOME_DESKTOP_SESSION_ID', 'this-is-deprecated'), ('ROS_LOCALHOST_ONLY', '0'), ('PATH', '/home/ashutosh/Desktop/lidar_ws/install/ydlidar_sdk/bin:/home/ashutosh/cognipilot/ws/cerebri/install/bin:/opt/ros/humble/bin:/home/ashutosh/.local/bin:/home/ashutosh/bin:/usr/local/sbin:/usr/local/bin:/usr/sbin:/usr/bin:/sbin:/bin:/usr/games:/usr/local/games:/snap/bin:/snap/bin'), ('SESSION_MANAGER', 'local/ashu-ka-pc:@/tmp/.ICE-unix/2627,unix/ashu-ka-pc:/tmp/.ICE-unix/2627'), ('XDG_MENU_PREFIX', 'gnome-'), ('GNOME_TERMINAL_SCREEN', '/org/gnome/Terminal/screen/8b59ace8_9d8d_4695_ace8_3e7adcd4a8c7'), ('GNOME_SETUP_DISPLAY', ':1'), ('XDG_RUNTIME_DIR', '/run/user/1000'), ('MUJOCO_PY_MUJOCO_PATH', '/home/ashutosh/.mujoco/mujoco210'), ('DISPLAY', ':0'), ('LANG', 'en_US.UTF-8'), ('XDG_CURRENT_DESKTOP', 'ubuntu:GNOME'), ('RMW_IMPLEMENTATION', 'rmw_cyclonedds_cpp'), ('XMODIFIERS', '@im=ibus'), ('XDG_SESSION_DESKTOP', 'ubuntu'), ('XAUTHORITY', '/run/user/1000/.mutter-Xwaylandauth.UR7EE3'), ('LS_COLORS', ''), ('GNOME_TERMINAL_SERVICE', ':1.131'), ('SSH_AGENT_LAUNCHER', 'gnome-keyring'), ('SSH_AUTH_SOCK', '/run/user/1000/keyring/ssh'), ('AMENT_PREFIX_PATH', '/home/ashutosh/Desktop/lidar_ws/install/ydlidar_ros2_driver:/home/ashutosh/task_ws/install/hii:/home/ashutosh/cognipilot/electrode/install/electrode:/home/ashutosh/cognipilot/cranium/install/synapse_ros:/home/ashutosh/cognipilot/cranium/install/synapse_gz:/home/ashutosh/cognipilot/cranium/install/synapse_tinyframe:/home/ashutosh/cognipilot/cranium/install/synapse_protobuf:/home/ashutosh/cognipilot/cranium/install/corti:/home/ashutosh/cognipilot/cranium/install/b3rb_ros_aim_india:/home/ashutosh/cognipilot/cranium/install/synapse_msgs:/home/ashutosh/cognipilot/cranium/install/dream_world:/home/ashutosh/cognipilot/cranium/install/cerebri_bringup:/home/ashutosh/cognipilot/cranium/install/b3rb_simulator:/home/ashutosh/cognipilot/cranium/install/b3rb_desktop:/home/ashutosh/cognipilot/cranium/install/b3rb_rviz:/home/ashutosh/cognipilot/cranium/install/b3rb_nav2:/home/ashutosh/cognipilot/cranium/install/b3rb_gz_resource:/home/ashutosh/cognipilot/cranium/install/b3rb_gz_bringup:/home/ashutosh/cognipilot/cranium/install/b3rb_description:/opt/ros/humble'), ('SHELL', '/bin/bash'), ('QT_ACCESSIBILITY', '1'), ('GDMSESSION', 'ubuntu'), ('LESSCLOSE', '/usr/bin/lesspipe %s %s'), ('CMAKE_EXPORT_COMPILE_COMMANDS', 'ON'), ('QT_IM_MODULE', 'ibus'), ('PWD', '/home/ashutosh/Desktop/lidar_ws/build/ydlidar_ros2_driver'), ('TURTLEBOT3_MODEL', 'burger'), ('LC_ALL', 'en_US.UTF-8'), ('XDG_CONFIG_DIRS', '/etc/xdg/xdg-ubuntu:/etc/xdg'), ('XDG_DATA_DIRS', '/usr/share/ubuntu:/usr/local/share/:/usr/share/:/var/lib/snapd/desktop'), ('PYTHONPATH', '/home/ashutosh/task_ws/install/hii/lib/python3.10/site-packages:/home/ashutosh/cognipilot/cranium/install/corti/local/lib/python3.10/dist-packages:/home/ashutosh/cognipilot/cranium/install/b3rb_ros_aim_india/lib/python3.10/site-packages:/home/ashutosh/cognipilot/cranium/install/synapse_msgs/local/lib/python3.10/dist-packages:/opt/ros/humble/lib/python3.10/site-packages:/opt/ros/humble/local/lib/python3.10/dist-packages'), ('COLCON', '1'), ('VTE_VERSION', '6800'), ('CMAKE_PREFIX_PATH', '/home/ashutosh/Desktop/lidar_ws/install/ydlidar_sdk:/home/ashutosh/Desktop/lidar_ws/install/ydlidar_ros2_driver:/home/ashutosh/cognipilot/electrode/install/electrode:/home/ashutosh/cognipilot/cranium/install/synapse_ros:/home/ashutosh/cognipilot/cranium/install/synapse_gz:/home/ashutosh/cognipilot/cranium/install/synapse_tinyframe:/home/ashutosh/cognipilot/cranium/install/synapse_protobuf:/home/ashutosh/cognipilot/cranium/install/corti:/home/ashutosh/cognipilot/cranium/install/synapse_msgs:/home/ashutosh/cognipilot/cranium/install/dream_world:/home/ashutosh/cognipilot/cranium/install/cerebri_bringup:/home/ashutosh/cognipilot/cranium/install/b3rb_simulator:/home/ashutosh/cognipilot/cranium/install/b3rb_desktop:/home/ashutosh/cognipilot/cranium/install/b3rb_rviz:/home/ashutosh/cognipilot/cranium/install/b3rb_nav2:/home/ashutosh/cognipilot/cranium/install/b3rb_gz_resource:/home/ashutosh/cognipilot/cranium/install/b3rb_gz_bringup:/home/ashutosh/cognipilot/cranium/install/b3rb_description:/home/ashutosh/task_ws/install/hii:/home/ashutosh/cognipilot/cranium/install/b3rb_ros_aim_india:/opt/ros/humble')]), 'shell': False}
[0.021896] (ydlidar_sdk) JobProgress: {'identifier': 'ydlidar_sdk', 'progress': 'cmake'}
[0.022566] (ydlidar_sdk) JobProgress: {'identifier': 'ydlidar_sdk', 'progress': 'build'}
[0.022763] (ydlidar_sdk) Command: {'cmd': ['/usr/bin/cmake', '--build', '/home/ashutosh/Desktop/lidar_ws/build/ydlidar_sdk', '--', '-j16', '-l16'], 'cwd': '/home/ashutosh/Desktop/lidar_ws/build/ydlidar_sdk', 'env': OrderedDict([('LESSOPEN', '| /usr/bin/lesspipe %s'), ('PYTHONWARNINGS', 'ignore:::setuptools.installer,ignore:::setuptools.command.install,ignore:::setuptools.command.easy_install'), ('CCACHE_TEMPDIR', '/tmp/ccache'), ('GZ_SIM_RESOURCE_PATH', '/home/ashutosh/cognipilot/cranium/install/dream_world/share/dream_world/worlds:/home/ashutosh/cognipilot/cranium/install/dream_world/share/dream_world/models:/home/ashutosh/cognipilot/cranium/install/b3rb_gz_resource/share/b3rb_gz_resource/models'), ('LANGUAGE', 'en_IN:en'), ('USER', 'ashutosh'), ('XDG_SESSION_TYPE', 'wayland'), ('SHLVL', '1'), ('LD_LIBRARY_PATH', '/home/ashutosh/cognipilot/cranium/install/synapse_tinyframe/lib:/home/ashutosh/cognipilot/cranium/install/synapse_protobuf/lib:/home/ashutosh/cognipilot/cranium/install/synapse_msgs/lib:/usr/lib/x86_64-linux-gnu/gazebo-11/plugins:/opt/ros/humble/opt/rviz_ogre_vendor/lib:/opt/ros/humble/lib/x86_64-linux-gnu:/opt/ros/humble/lib:/home/ashutosh/.mujoco/mujoco210/bin'), ('HOME', '/home/ashutosh'), ('OLDPWD', '/home/ashutosh'), ('DESKTOP_SESSION', 'ubuntu'), ('ROS_PYTHON_VERSION', '3'), ('GNOME_SHELL_SESSION_MODE', 'ubuntu'), ('GTK_MODULES', 'gail:atk-bridge:appmenu-gtk-module'), ('SYSTEMD_EXEC_PID', '2670'), ('DBUS_SESSION_BUS_ADDRESS', 'unix:path=/run/user/1000/bus'), ('COLORTERM', 'truecolor'), ('IM_CONFIG_PHASE', '1'), ('WAYLAND_DISPLAY', 'wayland-0'), ('COLCON_PREFIX_PATH', '/home/ashutosh/Desktop/lidar_ws/install:/home/ashutosh/cognipilot/electrode/install:/home/ashutosh/task_ws/install:/home/ashutosh/cognipilot/cranium/install'), ('ROS_DISTRO', 'humble'), ('LOGNAME', 'ashutosh'), ('_', '/usr/bin/colcon'), ('ROS_VERSION', '2'), ('XDG_SESSION_CLASS', 'user'), ('USERNAME', 'ashutosh'), ('TERM', 'xterm-256color'), ('GNOME_DESKTOP_SESSION_ID', 'this-is-deprecated'), ('ROS_LOCALHOST_ONLY', '0'), ('PATH', '/home/ashutosh/Desktop/lidar_ws/install/ydlidar_sdk/bin:/home/ashutosh/cognipilot/ws/cerebri/install/bin:/opt/ros/humble/bin:/home/ashutosh/.local/bin:/home/ashutosh/bin:/usr/local/sbin:/usr/local/bin:/usr/sbin:/usr/bin:/sbin:/bin:/usr/games:/usr/local/games:/snap/bin:/snap/bin'), ('SESSION_MANAGER', 'local/ashu-ka-pc:@/tmp/.ICE-unix/2627,unix/ashu-ka-pc:/tmp/.ICE-unix/2627'), ('XDG_MENU_PREFIX', 'gnome-'), ('GNOME_TERMINAL_SCREEN', '/org/gnome/Terminal/screen/8b59ace8_9d8d_4695_ace8_3e7adcd4a8c7'), ('GNOME_SETUP_DISPLAY', ':1'), ('XDG_RUNTIME_DIR', '/run/user/1000'), ('MUJOCO_PY_MUJOCO_PATH', '/home/ashutosh/.mujoco/mujoco210'), ('DISPLAY', ':0'), ('LANG', 'en_US.UTF-8'), ('XDG_CURRENT_DESKTOP', 'ubuntu:GNOME'), ('RMW_IMPLEMENTATION', 'rmw_cyclonedds_cpp'), ('XMODIFIERS', '@im=ibus'), ('XDG_SESSION_DESKTOP', 'ubuntu'), ('XAUTHORITY', '/run/user/1000/.mutter-Xwaylandauth.UR7EE3'), ('LS_COLORS', ''), ('GNOME_TERMINAL_SERVICE', ':1.131'), ('SSH_AGENT_LAUNCHER', 'gnome-keyring'), ('SSH_AUTH_SOCK', '/run/user/1000/keyring/ssh'), ('AMENT_PREFIX_PATH', '/home/ashutosh/Desktop/lidar_ws/install/ydlidar_ros2_driver:/home/ashutosh/task_ws/install/hii:/home/ashutosh/cognipilot/electrode/install/electrode:/home/ashutosh/cognipilot/cranium/install/synapse_ros:/home/ashutosh/cognipilot/cranium/install/synapse_gz:/home/ashutosh/cognipilot/cranium/install/synapse_tinyframe:/home/ashutosh/cognipilot/cranium/install/synapse_protobuf:/home/ashutosh/cognipilot/cranium/install/corti:/home/ashutosh/cognipilot/cranium/install/b3rb_ros_aim_india:/home/ashutosh/cognipilot/cranium/install/synapse_msgs:/home/ashutosh/cognipilot/cranium/install/dream_world:/home/ashutosh/cognipilot/cranium/install/cerebri_bringup:/home/ashutosh/cognipilot/cranium/install/b3rb_simulator:/home/ashutosh/cognipilot/cranium/install/b3rb_desktop:/home/ashutosh/cognipilot/cranium/install/b3rb_rviz:/home/ashutosh/cognipilot/cranium/install/b3rb_nav2:/home/ashutosh/cognipilot/cranium/install/b3rb_gz_resource:/home/ashutosh/cognipilot/cranium/install/b3rb_gz_bringup:/home/ashutosh/cognipilot/cranium/install/b3rb_description:/opt/ros/humble'), ('SHELL', '/bin/bash'), ('QT_ACCESSIBILITY', '1'), ('GDMSESSION', 'ubuntu'), ('LESSCLOSE', '/usr/bin/lesspipe %s %s'), ('CMAKE_EXPORT_COMPILE_COMMANDS', 'ON'), ('QT_IM_MODULE', 'ibus'), ('PWD', '/home/ashutosh/Desktop/lidar_ws/build/ydlidar_sdk'), ('TURTLEBOT3_MODEL', 'burger'), ('LC_ALL', 'en_US.UTF-8'), ('XDG_CONFIG_DIRS', '/etc/xdg/xdg-ubuntu:/etc/xdg'), ('XDG_DATA_DIRS', '/usr/share/ubuntu:/usr/local/share/:/usr/share/:/var/lib/snapd/desktop'), ('PYTHONPATH', '/home/ashutosh/task_ws/install/hii/lib/python3.10/site-packages:/home/ashutosh/cognipilot/cranium/install/corti/local/lib/python3.10/dist-packages:/home/ashutosh/cognipilot/cranium/install/b3rb_ros_aim_india/lib/python3.10/site-packages:/home/ashutosh/cognipilot/cranium/install/synapse_msgs/local/lib/python3.10/dist-packages:/opt/ros/humble/lib/python3.10/site-packages:/opt/ros/humble/local/lib/python3.10/dist-packages'), ('COLCON', '1'), ('VTE_VERSION', '6800'), ('CMAKE_PREFIX_PATH', '/home/ashutosh/Desktop/lidar_ws/install/ydlidar_sdk:/home/ashutosh/Desktop/lidar_ws/install/ydlidar_ros2_driver:/home/ashutosh/cognipilot/electrode/install/electrode:/home/ashutosh/cognipilot/cranium/install/synapse_ros:/home/ashutosh/cognipilot/cranium/install/synapse_gz:/home/ashutosh/cognipilot/cranium/install/synapse_tinyframe:/home/ashutosh/cognipilot/cranium/install/synapse_protobuf:/home/ashutosh/cognipilot/cranium/install/corti:/home/ashutosh/cognipilot/cranium/install/synapse_msgs:/home/ashutosh/cognipilot/cranium/install/dream_world:/home/ashutosh/cognipilot/cranium/install/cerebri_bringup:/home/ashutosh/cognipilot/cranium/install/b3rb_simulator:/home/ashutosh/cognipilot/cranium/install/b3rb_desktop:/home/ashutosh/cognipilot/cranium/install/b3rb_rviz:/home/ashutosh/cognipilot/cranium/install/b3rb_nav2:/home/ashutosh/cognipilot/cranium/install/b3rb_gz_resource:/home/ashutosh/cognipilot/cranium/install/b3rb_gz_bringup:/home/ashutosh/cognipilot/cranium/install/b3rb_description')]), 'shell': False}
[0.094202] (ydlidar_ros2_driver) StdoutLine: {'line': b'[ 75%] \x1b[32mBuilding CXX object CMakeFiles/ydlidar_ros2_driver_node.dir/src/ydlidar_ros2_driver_node.cpp.o\x1b[0m\n'}
[0.094560] (ydlidar_ros2_driver) StdoutLine: {'line': b'[ 75%] Built target ydlidar_ros2_driver_client\n'}
[0.098534] (ydlidar_sdk) StdoutLine: {'line': b'[ 38%] Built target ydlidar_sdk\n'}
[0.098838] (-) TimerEvent: {}
[0.150867] (ydlidar_sdk) StdoutLine: {'line': b'[ 52%] Built target gs_test2\n'}
[0.151388] (ydlidar_sdk) StdoutLine: {'line': b'[ 52%] Built target et_test\n'}
[0.152204] (ydlidar_sdk) StdoutLine: {'line': b'[ 52%] Built target gs_restart\n'}
[0.152335] (ydlidar_sdk) StdoutLine: {'line': b'[ 52%] Built target gs_ota\n'}
[0.152401] (ydlidar_sdk) StdoutLine: {'line': b'[ 56%] Built target scl_test\n'}
[0.152494] (ydlidar_sdk) StdoutLine: {'line': b'[ 60%] Built target gs_test\n'}
[0.152647] (ydlidar_sdk) StdoutLine: {'line': b'[ 76%] Built target tia_test\n'}
[0.152744] (ydlidar_sdk) StdoutLine: {'line': b'[ 78%] Built target tmini-sh_test\n'}
[0.152946] (ydlidar_sdk) StdoutLine: {'line': b'[ 76%] Built target tof_test\n'}
[0.153026] (ydlidar_sdk) StdoutLine: {'line': b'[ 81%] Built target tea_test\n'}
[0.153095] (ydlidar_sdk) StdoutLine: {'line': b'[ 81%] Built target tmini_test\n'}
[0.153158] (ydlidar_sdk) StdoutLine: {'line': b'[ 76%] Built target sdm18_test\n'}
[0.155455] (ydlidar_sdk) StdoutLine: {'line': b'[ 89%] Built target tri_and_gs_test\n'}
[0.155818] (ydlidar_sdk) StdoutLine: {'line': b'[ 89%] Built target sdm_test\n'}
[0.155936] (ydlidar_sdk) StdoutLine: {'line': b'[ 92%] Built target tri_restart\n'}
[0.157280] (ydlidar_sdk) StdoutLine: {'line': b'[ 96%] Built target tri_test\n'}
[0.178922] (ydlidar_sdk) StdoutLine: {'line': b'[100%] Built target lidar_c_api_test\n'}
[0.197498] (ydlidar_sdk) CommandEnded: {'returncode': 0}
[0.198448] (ydlidar_sdk) JobProgress: {'identifier': 'ydlidar_sdk', 'progress': 'install'}
[0.199026] (-) TimerEvent: {}
[0.210246] (ydlidar_sdk) Command: {'cmd': ['/usr/bin/cmake', '--install', '/home/ashutosh/Desktop/lidar_ws/build/ydlidar_sdk'], 'cwd': '/home/ashutosh/Desktop/lidar_ws/build/ydlidar_sdk', 'env': OrderedDict([('LESSOPEN', '| /usr/bin/lesspipe %s'), ('PYTHONWARNINGS', 'ignore:::setuptools.installer,ignore:::setuptools.command.install,ignore:::setuptools.command.easy_install'), ('CCACHE_TEMPDIR', '/tmp/ccache'), ('GZ_SIM_RESOURCE_PATH', '/home/ashutosh/cognipilot/cranium/install/dream_world/share/dream_world/worlds:/home/ashutosh/cognipilot/cranium/install/dream_world/share/dream_world/models:/home/ashutosh/cognipilot/cranium/install/b3rb_gz_resource/share/b3rb_gz_resource/models'), ('LANGUAGE', 'en_IN:en'), ('USER', 'ashutosh'), ('XDG_SESSION_TYPE', 'wayland'), ('SHLVL', '1'), ('LD_LIBRARY_PATH', '/home/ashutosh/cognipilot/cranium/install/synapse_tinyframe/lib:/home/ashutosh/cognipilot/cranium/install/synapse_protobuf/lib:/home/ashutosh/cognipilot/cranium/install/synapse_msgs/lib:/usr/lib/x86_64-linux-gnu/gazebo-11/plugins:/opt/ros/humble/opt/rviz_ogre_vendor/lib:/opt/ros/humble/lib/x86_64-linux-gnu:/opt/ros/humble/lib:/home/ashutosh/.mujoco/mujoco210/bin'), ('HOME', '/home/ashutosh'), ('OLDPWD', '/home/ashutosh'), ('DESKTOP_SESSION', 'ubuntu'), ('ROS_PYTHON_VERSION', '3'), ('GNOME_SHELL_SESSION_MODE', 'ubuntu'), ('GTK_MODULES', 'gail:atk-bridge:appmenu-gtk-module'), ('SYSTEMD_EXEC_PID', '2670'), ('DBUS_SESSION_BUS_ADDRESS', 'unix:path=/run/user/1000/bus'), ('COLORTERM', 'truecolor'), ('IM_CONFIG_PHASE', '1'), ('WAYLAND_DISPLAY', 'wayland-0'), ('COLCON_PREFIX_PATH', '/home/ashutosh/Desktop/lidar_ws/install:/home/ashutosh/cognipilot/electrode/install:/home/ashutosh/task_ws/install:/home/ashutosh/cognipilot/cranium/install'), ('ROS_DISTRO', 'humble'), ('LOGNAME', 'ashutosh'), ('_', '/usr/bin/colcon'), ('ROS_VERSION', '2'), ('XDG_SESSION_CLASS', 'user'), ('USERNAME', 'ashutosh'), ('TERM', 'xterm-256color'), ('GNOME_DESKTOP_SESSION_ID', 'this-is-deprecated'), ('ROS_LOCALHOST_ONLY', '0'), ('PATH', '/home/ashutosh/Desktop/lidar_ws/install/ydlidar_sdk/bin:/home/ashutosh/cognipilot/ws/cerebri/install/bin:/opt/ros/humble/bin:/home/ashutosh/.local/bin:/home/ashutosh/bin:/usr/local/sbin:/usr/local/bin:/usr/sbin:/usr/bin:/sbin:/bin:/usr/games:/usr/local/games:/snap/bin:/snap/bin'), ('SESSION_MANAGER', 'local/ashu-ka-pc:@/tmp/.ICE-unix/2627,unix/ashu-ka-pc:/tmp/.ICE-unix/2627'), ('XDG_MENU_PREFIX', 'gnome-'), ('GNOME_TERMINAL_SCREEN', '/org/gnome/Terminal/screen/8b59ace8_9d8d_4695_ace8_3e7adcd4a8c7'), ('GNOME_SETUP_DISPLAY', ':1'), ('XDG_RUNTIME_DIR', '/run/user/1000'), ('MUJOCO_PY_MUJOCO_PATH', '/home/ashutosh/.mujoco/mujoco210'), ('DISPLAY', ':0'), ('LANG', 'en_US.UTF-8'), ('XDG_CURRENT_DESKTOP', 'ubuntu:GNOME'), ('RMW_IMPLEMENTATION', 'rmw_cyclonedds_cpp'), ('XMODIFIERS', '@im=ibus'), ('XDG_SESSION_DESKTOP', 'ubuntu'), ('XAUTHORITY', '/run/user/1000/.mutter-Xwaylandauth.UR7EE3'), ('LS_COLORS', ''), ('GNOME_TERMINAL_SERVICE', ':1.131'), ('SSH_AGENT_LAUNCHER', 'gnome-keyring'), ('SSH_AUTH_SOCK', '/run/user/1000/keyring/ssh'), ('AMENT_PREFIX_PATH', '/home/ashutosh/Desktop/lidar_ws/install/ydlidar_ros2_driver:/home/ashutosh/task_ws/install/hii:/home/ashutosh/cognipilot/electrode/install/electrode:/home/ashutosh/cognipilot/cranium/install/synapse_ros:/home/ashutosh/cognipilot/cranium/install/synapse_gz:/home/ashutosh/cognipilot/cranium/install/synapse_tinyframe:/home/ashutosh/cognipilot/cranium/install/synapse_protobuf:/home/ashutosh/cognipilot/cranium/install/corti:/home/ashutosh/cognipilot/cranium/install/b3rb_ros_aim_india:/home/ashutosh/cognipilot/cranium/install/synapse_msgs:/home/ashutosh/cognipilot/cranium/install/dream_world:/home/ashutosh/cognipilot/cranium/install/cerebri_bringup:/home/ashutosh/cognipilot/cranium/install/b3rb_simulator:/home/ashutosh/cognipilot/cranium/install/b3rb_desktop:/home/ashutosh/cognipilot/cranium/install/b3rb_rviz:/home/ashutosh/cognipilot/cranium/install/b3rb_nav2:/home/ashutosh/cognipilot/cranium/install/b3rb_gz_resource:/home/ashutosh/cognipilot/cranium/install/b3rb_gz_bringup:/home/ashutosh/cognipilot/cranium/install/b3rb_description:/opt/ros/humble'), ('SHELL', '/bin/bash'), ('QT_ACCESSIBILITY', '1'), ('GDMSESSION', 'ubuntu'), ('LESSCLOSE', '/usr/bin/lesspipe %s %s'), ('CMAKE_EXPORT_COMPILE_COMMANDS', 'ON'), ('QT_IM_MODULE', 'ibus'), ('PWD', '/home/ashutosh/Desktop/lidar_ws/build/ydlidar_sdk'), ('TURTLEBOT3_MODEL', 'burger'), ('LC_ALL', 'en_US.UTF-8'), ('XDG_CONFIG_DIRS', '/etc/xdg/xdg-ubuntu:/etc/xdg'), ('XDG_DATA_DIRS', '/usr/share/ubuntu:/usr/local/share/:/usr/share/:/var/lib/snapd/desktop'), ('PYTHONPATH', '/home/ashutosh/task_ws/install/hii/lib/python3.10/site-packages:/home/ashutosh/cognipilot/cranium/install/corti/local/lib/python3.10/dist-packages:/home/ashutosh/cognipilot/cranium/install/b3rb_ros_aim_india/lib/python3.10/site-packages:/home/ashutosh/cognipilot/cranium/install/synapse_msgs/local/lib/python3.10/dist-packages:/opt/ros/humble/lib/python3.10/site-packages:/opt/ros/humble/local/lib/python3.10/dist-packages'), ('COLCON', '1'), ('VTE_VERSION', '6800'), ('CMAKE_PREFIX_PATH', '/home/ashutosh/Desktop/lidar_ws/install/ydlidar_sdk:/home/ashutosh/Desktop/lidar_ws/install/ydlidar_ros2_driver:/home/ashutosh/cognipilot/electrode/install/electrode:/home/ashutosh/cognipilot/cranium/install/synapse_ros:/home/ashutosh/cognipilot/cranium/install/synapse_gz:/home/ashutosh/cognipilot/cranium/install/synapse_tinyframe:/home/ashutosh/cognipilot/cranium/install/synapse_protobuf:/home/ashutosh/cognipilot/cranium/install/corti:/home/ashutosh/cognipilot/cranium/install/synapse_msgs:/home/ashutosh/cognipilot/cranium/install/dream_world:/home/ashutosh/cognipilot/cranium/install/cerebri_bringup:/home/ashutosh/cognipilot/cranium/install/b3rb_simulator:/home/ashutosh/cognipilot/cranium/install/b3rb_desktop:/home/ashutosh/cognipilot/cranium/install/b3rb_rviz:/home/ashutosh/cognipilot/cranium/install/b3rb_nav2:/home/ashutosh/cognipilot/cranium/install/b3rb_gz_resource:/home/ashutosh/cognipilot/cranium/install/b3rb_gz_bringup:/home/ashutosh/cognipilot/cranium/install/b3rb_description')]), 'shell': False}
[0.219990] (ydlidar_sdk) StdoutLine: {'line': b'-- Install configuration: ""\n'}
[0.220533] (ydlidar_sdk) StdoutLine: {'line': b'-- Up-to-date: /home/ashutosh/Desktop/lidar_ws/install/ydlidar_sdk/include/core/base/datatype.h\n'}
[0.220717] (ydlidar_sdk) StdoutLine: {'line': b'-- Up-to-date: /home/ashutosh/Desktop/lidar_ws/install/ydlidar_sdk/include/core/base/locker.h\n'}
[0.220863] (ydlidar_sdk) StdoutLine: {'line': b'-- Up-to-date: /home/ashutosh/Desktop/lidar_ws/install/ydlidar_sdk/include/core/base/thread.h\n'}
[0.221010] (ydlidar_sdk) StdoutLine: {'line': b'-- Up-to-date: /home/ashutosh/Desktop/lidar_ws/install/ydlidar_sdk/include/core/base/timer.h\n'}
[0.221154] (ydlidar_sdk) StdoutLine: {'line': b'-- Up-to-date: /home/ashutosh/Desktop/lidar_ws/install/ydlidar_sdk/include/core/base/typedef.h\n'}
[0.221295] (ydlidar_sdk) StdoutLine: {'line': b'-- Up-to-date: /home/ashutosh/Desktop/lidar_ws/install/ydlidar_sdk/include/core/base/utils.h\n'}
[0.221438] (ydlidar_sdk) StdoutLine: {'line': b'-- Up-to-date: /home/ashutosh/Desktop/lidar_ws/install/ydlidar_sdk/include/core/base/v8stdint.h\n'}
[0.221855] (ydlidar_sdk) StdoutLine: {'line': b'-- Up-to-date: /home/ashutosh/Desktop/lidar_ws/install/ydlidar_sdk/include/core/base/ydlidar.h\n'}
[0.221977] (ydlidar_sdk) StdoutLine: {'line': b'-- Up-to-date: /home/ashutosh/Desktop/lidar_ws/install/ydlidar_sdk/include/core/common/ChannelDevice.h\n'}
[0.222051] (ydlidar_sdk) StdoutLine: {'line': b'-- Up-to-date: /home/ashutosh/Desktop/lidar_ws/install/ydlidar_sdk/include/core/common/DriverInterface.h\n'}
[0.222125] (ydlidar_sdk) StdoutLine: {'line': b'-- Up-to-date: /home/ashutosh/Desktop/lidar_ws/install/ydlidar_sdk/include/core/common/ydlidar_datatype.h\n'}
[0.222240] (ydlidar_sdk) StdoutLine: {'line': b'-- Up-to-date: /home/ashutosh/Desktop/lidar_ws/install/ydlidar_sdk/include/core/common/ydlidar_def.h\n'}
[0.222332] (ydlidar_sdk) StdoutLine: {'line': b'-- Up-to-date: /home/ashutosh/Desktop/lidar_ws/install/ydlidar_sdk/include/core/common/ydlidar_help.h\n'}
[0.222444] (ydlidar_sdk) StdoutLine: {'line': b'-- Up-to-date: /home/ashutosh/Desktop/lidar_ws/install/ydlidar_sdk/include/core/common/ydlidar_protocol.h\n'}
[0.222647] (ydlidar_sdk) StdoutLine: {'line': b'-- Up-to-date: /home/ashutosh/Desktop/lidar_ws/install/ydlidar_sdk/include/core/json/cJSON.h\n'}
[0.222769] (ydlidar_sdk) StdoutLine: {'line': b'-- Up-to-date: /home/ashutosh/Desktop/lidar_ws/install/ydlidar_sdk/include/core/math/angles.h\n'}
[0.222845] (ydlidar_sdk) StdoutLine: {'line': b'-- Up-to-date: /home/ashutosh/Desktop/lidar_ws/install/ydlidar_sdk/include/core/network/ActiveSocket.h\n'}
[0.222926] (ydlidar_sdk) StdoutLine: {'line': b'-- Up-to-date: /home/ashutosh/Desktop/lidar_ws/install/ydlidar_sdk/include/core/network/PassiveSocket.h\n'}
[0.223001] (ydlidar_sdk) StdoutLine: {'line': b'-- Up-to-date: /home/ashutosh/Desktop/lidar_ws/install/ydlidar_sdk/include/core/network/SimpleSocket.h\n'}
[0.223075] (ydlidar_sdk) StdoutLine: {'line': b'-- Up-to-date: /home/ashutosh/Desktop/lidar_ws/install/ydlidar_sdk/include/core/network/StatTimer.h\n'}
[0.223217] (ydlidar_sdk) StdoutLine: {'line': b'-- Up-to-date: /home/ashutosh/Desktop/lidar_ws/install/ydlidar_sdk/include/core/serial/common.h\n'}
[0.223329] (ydlidar_sdk) StdoutLine: {'line': b'-- Up-to-date: /home/ashutosh/Desktop/lidar_ws/install/ydlidar_sdk/include/core/serial/serial.h\n'}
[0.223401] (ydlidar_sdk) StdoutLine: {'line': b'-- Up-to-date: /home/ashutosh/Desktop/lidar_ws/install/ydlidar_sdk/include/core/serial/impl/unix/lock.h\n'}
[0.223496] (ydlidar_sdk) StdoutLine: {'line': b'-- Up-to-date: /home/ashutosh/Desktop/lidar_ws/install/ydlidar_sdk/include/core/serial/impl/unix/unix.h\n'}
[0.223631] (ydlidar_sdk) StdoutLine: {'line': b'-- Up-to-date: /home/ashutosh/Desktop/lidar_ws/install/ydlidar_sdk/include/core/serial/impl/unix/unix_serial.h\n'}
[0.223707] (ydlidar_sdk) StdoutLine: {'line': b'-- Up-to-date: /home/ashutosh/Desktop/lidar_ws/install/ydlidar_sdk/include/src/CYdLidar.h\n'}
[0.223788] (ydlidar_sdk) StdoutLine: {'line': b'-- Up-to-date: /home/ashutosh/Desktop/lidar_ws/install/ydlidar_sdk/include/src/DTSLidarDriver.h\n'}
[0.223882] (ydlidar_sdk) StdoutLine: {'line': b'-- Up-to-date: /home/ashutosh/Desktop/lidar_ws/install/ydlidar_sdk/include/src/ETLidarDriver.h\n'}
[0.223965] (ydlidar_sdk) StdoutLine: {'line': b'-- Up-to-date: /home/ashutosh/Desktop/lidar_ws/install/ydlidar_sdk/include/src/GSLidarDriver.h\n'}
[0.224090] (ydlidar_sdk) StdoutLine: {'line': b'-- Up-to-date: /home/ashutosh/Desktop/lidar_ws/install/ydlidar_sdk/include/src/SDMLidarDriver.h\n'}
[0.224151] (ydlidar_sdk) StdoutLine: {'line': b'-- Up-to-date: /home/ashutosh/Desktop/lidar_ws/install/ydlidar_sdk/include/src/TiaLidarDriver.h\n'}
[0.224209] (ydlidar_sdk) StdoutLine: {'line': b'-- Up-to-date: /home/ashutosh/Desktop/lidar_ws/install/ydlidar_sdk/include/src/YDlidarDriver.h\n'}
[0.224265] (ydlidar_sdk) StdoutLine: {'line': b'-- Up-to-date: /home/ashutosh/Desktop/lidar_ws/install/ydlidar_sdk/include/src/ydlidar_sdk.h\n'}
[0.224323] (ydlidar_sdk) StdoutLine: {'line': b'-- Up-to-date: /home/ashutosh/Desktop/lidar_ws/install/ydlidar_sdk/include/src/filters/FilterInterface.h\n'}
[0.224381] (ydlidar_sdk) StdoutLine: {'line': b'-- Up-to-date: /home/ashutosh/Desktop/lidar_ws/install/ydlidar_sdk/include/src/filters/NoiseFilter.h\n'}
[0.224439] (ydlidar_sdk) StdoutLine: {'line': b'-- Up-to-date: /home/ashutosh/Desktop/lidar_ws/install/ydlidar_sdk/include/src/filters/StrongLightFilter.h\n'}
[0.224538] (ydlidar_sdk) StdoutLine: {'line': b'-- Up-to-date: /home/ashutosh/Desktop/lidar_ws/install/ydlidar_sdk/include/ydlidar_config.h\n'}
[0.224602] (ydlidar_sdk) StdoutLine: {'line': b'-- Up-to-date: /home/ashutosh/Desktop/lidar_ws/install/ydlidar_sdk/lib/libydlidar_sdk.a\n'}
[0.224659] (ydlidar_sdk) StdoutLine: {'line': b'-- Up-to-date: /home/ashutosh/Desktop/lidar_ws/install/ydlidar_sdk/lib/pkgconfig/YDLIDAR_SDK.pc\n'}
[0.224715] (ydlidar_sdk) StdoutLine: {'line': b'-- Up-to-date: /home/ashutosh/Desktop/lidar_ws/install/ydlidar_sdk/lib/cmake/ydlidar_sdk/ydlidar_sdkConfig.cmake\n'}
[0.224772] (ydlidar_sdk) StdoutLine: {'line': b'-- Up-to-date: /home/ashutosh/Desktop/lidar_ws/install/ydlidar_sdk/lib/cmake/ydlidar_sdk/ydlidar_sdkTargets.cmake\n'}
[0.224832] (ydlidar_sdk) StdoutLine: {'line': b'-- Up-to-date: /home/ashutosh/Desktop/lidar_ws/install/ydlidar_sdk/lib/cmake/ydlidar_sdk/ydlidar_sdkConfigVersion.cmake\n'}
[0.224889] (ydlidar_sdk) StdoutLine: {'line': b'-- Up-to-date: /home/ashutosh/Desktop/lidar_ws/install/ydlidar_sdk/share/YDLIDAR_SDK/FindYDLIDAR_SDK.cmake\n'}
[0.224950] (ydlidar_sdk) StdoutLine: {'line': b'-- Up-to-date: /home/ashutosh/Desktop/lidar_ws/install/ydlidar_sdk/share/YDLIDAR_SDK\n'}
[0.225007] (ydlidar_sdk) StdoutLine: {'line': b'-- Up-to-date: /home/ashutosh/Desktop/lidar_ws/install/ydlidar_sdk/share/YDLIDAR_SDK/PkgConfig.pc.in\n'}
[0.225065] (ydlidar_sdk) StdoutLine: {'line': b'-- Up-to-date: /home/ashutosh/Desktop/lidar_ws/install/ydlidar_sdk/share/YDLIDAR_SDK/FindPackage.cmake.in\n'}
[0.225122] (ydlidar_sdk) StdoutLine: {'line': b'-- Up-to-date: /home/ashutosh/Desktop/lidar_ws/install/ydlidar_sdk/share/YDLIDAR_SDK/script_show_final_summary.cmake\n'}
[0.225178] (ydlidar_sdk) StdoutLine: {'line': b'-- Up-to-date: /home/ashutosh/Desktop/lidar_ws/install/ydlidar_sdk/share/YDLIDAR_SDK/PackageConfig.cmake.in\n'}
[0.225243] (ydlidar_sdk) StdoutLine: {'line': b'-- Up-to-date: /home/ashutosh/Desktop/lidar_ws/install/ydlidar_sdk/share/YDLIDAR_SDK/install_package.cmake\n'}
[0.225299] (ydlidar_sdk) StdoutLine: {'line': b'-- Up-to-date: /home/ashutosh/Desktop/lidar_ws/install/ydlidar_sdk/share/YDLIDAR_SDK/cmake_uninstall.cmake.in\n'}
[0.225387] (ydlidar_sdk) StdoutLine: {'line': b'-- Up-to-date: /home/ashutosh/Desktop/lidar_ws/install/ydlidar_sdk/share/YDLIDAR_SDK/common\n'}
[0.225448] (ydlidar_sdk) StdoutLine: {'line': b'-- Up-to-date: /home/ashutosh/Desktop/lidar_ws/install/ydlidar_sdk/share/YDLIDAR_SDK/common/ydlidar_base.cmake\n'}
[0.225549] (ydlidar_sdk) StdoutLine: {'line': b'-- Up-to-date: /home/ashutosh/Desktop/lidar_ws/install/ydlidar_sdk/share/YDLIDAR_SDK/common/ydlidar_parse.cmake\n'}
[0.225743] (ydlidar_sdk) StdoutLine: {'line': b'-- Up-to-date: /home/ashutosh/Desktop/lidar_ws/install/ydlidar_sdk/share/YDLIDAR_SDK/PackageConfigVersion.cmake.in\n'}
[0.225883] (ydlidar_sdk) StdoutLine: {'line': b'-- Up-to-date: /home/ashutosh/Desktop/lidar_ws/install/ydlidar_sdk/share/YDLIDAR_SDK/LICENSE.txt\n'}
[0.226013] (ydlidar_sdk) StdoutLine: {'line': b'-- Up-to-date: /home/ashutosh/Desktop/lidar_ws/install/ydlidar_sdk/share/YDLIDAR_SDK/README.md\n'}
[0.226130] (ydlidar_sdk) StdoutLine: {'line': b'-- Up-to-date: /home/ashutosh/Desktop/lidar_ws/install/ydlidar_sdk/share/YDLIDAR_SDK/doc\n'}
[0.226244] (ydlidar_sdk) StdoutLine: {'line': b'-- Up-to-date: /home/ashutosh/Desktop/lidar_ws/install/ydlidar_sdk/share/YDLIDAR_SDK/doc/YDLidar-SDK-Communication-Protocol.html\n'}
[0.226361] (ydlidar_sdk) StdoutLine: {'line': b'-- Up-to-date: /home/ashutosh/Desktop/lidar_ws/install/ydlidar_sdk/share/YDLIDAR_SDK/doc/quickstart\n'}
[0.226492] (ydlidar_sdk) StdoutLine: {'line': b'-- Up-to-date: /home/ashutosh/Desktop/lidar_ws/install/ydlidar_sdk/share/YDLIDAR_SDK/doc/quickstart/ydlidar_sdk_software_installation_guide.md\n'}
[0.226683] (ydlidar_sdk) StdoutLine: {'line': b'-- Up-to-date: /home/ashutosh/Desktop/lidar_ws/install/ydlidar_sdk/share/YDLIDAR_SDK/doc/quickstart/README.md\n'}
[0.226796] (ydlidar_sdk) StdoutLine: {'line': b'-- Up-to-date: /home/ashutosh/Desktop/lidar_ws/install/ydlidar_sdk/share/YDLIDAR_SDK/doc/Diagram.md\n'}
[0.226936] (ydlidar_sdk) StdoutLine: {'line': b'-- Up-to-date: /home/ashutosh/Desktop/lidar_ws/install/ydlidar_sdk/share/YDLIDAR_SDK/doc/YDLIDAR_SDK_API_for_Developers.md\n'}
[0.227100] (ydlidar_sdk) StdoutLine: {'line': b'-- Up-to-date: /home/ashutosh/Desktop/lidar_ws/install/ydlidar_sdk/share/YDLIDAR_SDK/doc/FAQs\n'}
[0.227218] (ydlidar_sdk) StdoutLine: {'line': b'-- Up-to-date: /home/ashutosh/Desktop/lidar_ws/install/ydlidar_sdk/share/YDLIDAR_SDK/doc/FAQs/Software_FAQs_cn.md\n'}
[0.227330] (ydlidar_sdk) StdoutLine: {'line': b'-- Up-to-date: /home/ashutosh/Desktop/lidar_ws/install/ydlidar_sdk/share/YDLIDAR_SDK/doc/FAQs/General_FAQs.md\n'}
[0.227446] (ydlidar_sdk) StdoutLine: {'line': b'-- Up-to-date: /home/ashutosh/Desktop/lidar_ws/install/ydlidar_sdk/share/YDLIDAR_SDK/doc/FAQs/Hardware_FAQs_cn.md\n'}
[0.227626] (ydlidar_sdk) StdoutLine: {'line': b'-- Up-to-date: /home/ashutosh/Desktop/lidar_ws/install/ydlidar_sdk/share/YDLIDAR_SDK/doc/FAQs/Hardware_FAQs.md\n'}
[0.227761] (ydlidar_sdk) StdoutLine: {'line': b'-- Up-to-date: /home/ashutosh/Desktop/lidar_ws/install/ydlidar_sdk/share/YDLIDAR_SDK/doc/FAQs/Software_FAQs.md\n'}
[0.227881] (ydlidar_sdk) StdoutLine: {'line': b'-- Up-to-date: /home/ashutosh/Desktop/lidar_ws/install/ydlidar_sdk/share/YDLIDAR_SDK/doc/FAQs/General_FAQs_cn.md\n'}
[0.227972] (ydlidar_sdk) StdoutLine: {'line': b'-- Up-to-date: /home/ashutosh/Desktop/lidar_ws/install/ydlidar_sdk/share/YDLIDAR_SDK/doc/FAQs/README.md\n'}
[0.228042] (ydlidar_sdk) StdoutLine: {'line': b'-- Up-to-date: /home/ashutosh/Desktop/lidar_ws/install/ydlidar_sdk/share/YDLIDAR_SDK/doc/Dataset.md\n'}
[0.228110] (ydlidar_sdk) StdoutLine: {'line': b'-- Up-to-date: /home/ashutosh/Desktop/lidar_ws/install/ydlidar_sdk/share/YDLIDAR_SDK/doc/images\n'}
[0.228176] (ydlidar_sdk) StdoutLine: {'line': b'-- Up-to-date: /home/ashutosh/Desktop/lidar_ws/install/ydlidar_sdk/share/YDLIDAR_SDK/doc/images/communication_mechanism.png\n'}
[0.228266] (ydlidar_sdk) StdoutLine: {'line': b'-- Up-to-date: /home/ashutosh/Desktop/lidar_ws/install/ydlidar_sdk/share/YDLIDAR_SDK/doc/images/EAI.png\n'}
[0.228321] (ydlidar_sdk) StdoutLine: {'line': b'-- Up-to-date: /home/ashutosh/Desktop/lidar_ws/install/ydlidar_sdk/share/YDLIDAR_SDK/doc/images/YDLidar.png\n'}
[0.228373] (ydlidar_sdk) StdoutLine: {'line': b'-- Up-to-date: /home/ashutosh/Desktop/lidar_ws/install/ydlidar_sdk/share/YDLIDAR_SDK/doc/images/system_workflow.png\n'}
[0.228429] (ydlidar_sdk) StdoutLine: {'line': b'-- Up-to-date: /home/ashutosh/Desktop/lidar_ws/install/ydlidar_sdk/share/YDLIDAR_SDK/doc/images/frame.png\n'}
[0.228497] (ydlidar_sdk) StdoutLine: {'line': b'-- Up-to-date: /home/ashutosh/Desktop/lidar_ws/install/ydlidar_sdk/share/YDLIDAR_SDK/doc/images/YDLidar.jpg\n'}
[0.228560] (ydlidar_sdk) StdoutLine: {'line': b'-- Up-to-date: /home/ashutosh/Desktop/lidar_ws/install/ydlidar_sdk/share/YDLIDAR_SDK/doc/images/angle_q2.png\n'}
[0.228615] (ydlidar_sdk) StdoutLine: {'line': b'-- Up-to-date: /home/ashutosh/Desktop/lidar_ws/install/ydlidar_sdk/share/YDLIDAR_SDK/doc/images/sdk_init.png\n'}
[0.228669] (ydlidar_sdk) StdoutLine: {'line': b'-- Up-to-date: /home/ashutosh/Desktop/lidar_ws/install/ydlidar_sdk/share/YDLIDAR_SDK/doc/images/FlowChart.png\n'}
[0.228722] (ydlidar_sdk) StdoutLine: {'line': b'-- Up-to-date: /home/ashutosh/Desktop/lidar_ws/install/ydlidar_sdk/share/YDLIDAR_SDK/doc/images/sequence.png\n'}
[0.228775] (ydlidar_sdk) StdoutLine: {'line': b'-- Up-to-date: /home/ashutosh/Desktop/lidar_ws/install/ydlidar_sdk/share/YDLIDAR_SDK/doc/images/sdk_scanning.png\n'}
[0.228830] (ydlidar_sdk) StdoutLine: {'line': b'-- Up-to-date: /home/ashutosh/Desktop/lidar_ws/install/ydlidar_sdk/share/YDLIDAR_SDK/doc/images/sdk_architecture.png\n'}
[0.228886] (ydlidar_sdk) StdoutLine: {'line': b'-- Up-to-date: /home/ashutosh/Desktop/lidar_ws/install/ydlidar_sdk/share/YDLIDAR_SDK/doc/images/frame_intensity.png\n'}
[0.228941] (ydlidar_sdk) StdoutLine: {'line': b'-- Up-to-date: /home/ashutosh/Desktop/lidar_ws/install/ydlidar_sdk/share/YDLIDAR_SDK/doc/Tutorials.md\n'}
[0.228996] (ydlidar_sdk) StdoutLine: {'line': b'-- Up-to-date: /home/ashutosh/Desktop/lidar_ws/install/ydlidar_sdk/share/YDLIDAR_SDK/doc/YDLidar-SDK-Communication-Protocol.md\n'}
[0.229050] (ydlidar_sdk) StdoutLine: {'line': b'-- Up-to-date: /home/ashutosh/Desktop/lidar_ws/install/ydlidar_sdk/share/YDLIDAR_SDK/doc/tutorials\n'}
[0.229105] (ydlidar_sdk) StdoutLine: {'line': b'-- Up-to-date: /home/ashutosh/Desktop/lidar_ws/install/ydlidar_sdk/share/YDLIDAR_SDK/doc/tutorials/writing_lidar_tutorial_python.md\n'}
[0.229159] (ydlidar_sdk) StdoutLine: {'line': b'-- Up-to-date: /home/ashutosh/Desktop/lidar_ws/install/ydlidar_sdk/share/YDLIDAR_SDK/doc/tutorials/writing_lidar_tutorial_c++.md\n'}
[0.229213] (ydlidar_sdk) StdoutLine: {'line': b'-- Up-to-date: /home/ashutosh/Desktop/lidar_ws/install/ydlidar_sdk/share/YDLIDAR_SDK/doc/tutorials/writing_lidar_tutorial_c.md\n'}
[0.229269] (ydlidar_sdk) StdoutLine: {'line': b'-- Up-to-date: /home/ashutosh/Desktop/lidar_ws/install/ydlidar_sdk/share/YDLIDAR_SDK/doc/tutorials/examine_the_simple_lidar_tutorial.md\n'}
[0.229323] (ydlidar_sdk) StdoutLine: {'line': b'-- Up-to-date: /home/ashutosh/Desktop/lidar_ws/install/ydlidar_sdk/share/YDLIDAR_SDK/doc/tutorials/writing_lidar_network_adapter_tutorial_c++.md\n'}
[0.229377] (ydlidar_sdk) StdoutLine: {'line': b'-- Up-to-date: /home/ashutosh/Desktop/lidar_ws/install/ydlidar_sdk/share/YDLIDAR_SDK/doc/howto\n'}
[0.229430] (ydlidar_sdk) StdoutLine: {'line': b'-- Up-to-date: /home/ashutosh/Desktop/lidar_ws/install/ydlidar_sdk/share/YDLIDAR_SDK/doc/howto/how_to_create_a_udev_rules.md\n'}
[0.229496] (ydlidar_sdk) StdoutLine: {'line': b'-- Up-to-date: /home/ashutosh/Desktop/lidar_ws/install/ydlidar_sdk/share/YDLIDAR_SDK/doc/howto/how_to_solve_slow_pull_from_cn.md\n'}
[0.229567] (ydlidar_sdk) StdoutLine: {'line': b'-- Up-to-date: /home/ashutosh/Desktop/lidar_ws/install/ydlidar_sdk/share/YDLIDAR_SDK/doc/howto/how_to_build_and_install.md\n'}
[0.229628] (ydlidar_sdk) StdoutLine: {'line': b'-- Up-to-date: /home/ashutosh/Desktop/lidar_ws/install/ydlidar_sdk/share/YDLIDAR_SDK/doc/howto/images\n'}
[0.229682] (ydlidar_sdk) StdoutLine: {'line': b'-- Up-to-date: /home/ashutosh/Desktop/lidar_ws/install/ydlidar_sdk/share/YDLIDAR_SDK/doc/howto/images/ydlidar_lidar_monitor.png\n'}
[0.229736] (ydlidar_sdk) StdoutLine: {'line': b'-- Up-to-date: /home/ashutosh/Desktop/lidar_ws/install/ydlidar_sdk/share/YDLIDAR_SDK/doc/howto/images/csharp_running.png\n'}
[0.229795] (ydlidar_sdk) StdoutLine: {'line': b'-- Up-to-date: /home/ashutosh/Desktop/lidar_ws/install/ydlidar_sdk/share/YDLIDAR_SDK/doc/howto/images/vscode\n'}
[0.229849] (ydlidar_sdk) StdoutLine: {'line': b'-- Up-to-date: /home/ashutosh/Desktop/lidar_ws/install/ydlidar_sdk/share/YDLIDAR_SDK/doc/howto/images/vscode/run_tasks.jpg\n'}
[0.229902] (ydlidar_sdk) StdoutLine: {'line': b'-- Up-to-date: /home/ashutosh/Desktop/lidar_ws/install/ydlidar_sdk/share/YDLIDAR_SDK/doc/howto/images/vscode/tasks.png\n'}
[0.229958] (ydlidar_sdk) StdoutLine: {'line': b'-- Up-to-date: /home/ashutosh/Desktop/lidar_ws/install/ydlidar_sdk/share/YDLIDAR_SDK/doc/howto/images/csharp_build.png\n'}
[0.230015] (ydlidar_sdk) StdoutLine: {'line': b'-- Up-to-date: /home/ashutosh/Desktop/lidar_ws/install/ydlidar_sdk/share/YDLIDAR_SDK/doc/howto/images/ttyUSB1.png\n'}
[0.230069] (ydlidar_sdk) StdoutLine: {'line': b'-- Up-to-date: /home/ashutosh/Desktop/lidar_ws/install/ydlidar_sdk/share/YDLIDAR_SDK/doc/howto/images/csharp_library.png\n'}
[0.230219] (ydlidar_sdk) StdoutLine: {'line': b'-- Up-to-date: /home/ashutosh/Desktop/lidar_ws/install/ydlidar_sdk/share/YDLIDAR_SDK/doc/howto/images/ttyUSB0.png\n'}
[0.230285] (ydlidar_sdk) StdoutLine: {'line': b'-- Up-to-date: /home/ashutosh/Desktop/lidar_ws/install/ydlidar_sdk/share/YDLIDAR_SDK/doc/howto/images/sdk_init.png\n'}
[0.230740] (ydlidar_sdk) StdoutLine: {'line': b'-- Up-to-date: /home/ashutosh/Desktop/lidar_ws/install/ydlidar_sdk/share/YDLIDAR_SDK/doc/howto/images/csharp_exception.png\n'}
[0.231342] (ydlidar_sdk) StdoutLine: {'line': b'-- Up-to-date: /home/ashutosh/Desktop/lidar_ws/install/ydlidar_sdk/share/YDLIDAR_SDK/doc/howto/images/cpack.png\n'}
[0.231443] (ydlidar_sdk) StdoutLine: {'line': b'-- Up-to-date: /home/ashutosh/Desktop/lidar_ws/install/ydlidar_sdk/share/YDLIDAR_SDK/doc/howto/images/sequence.png\n'}
[0.232122] (ydlidar_sdk) StdoutLine: {'line': b'-- Up-to-date: /home/ashutosh/Desktop/lidar_ws/install/ydlidar_sdk/share/YDLIDAR_SDK/doc/howto/images/sdk_scanning.png\n'}
[0.232245] (ydlidar_sdk) StdoutLine: {'line': b'-- Up-to-date: /home/ashutosh/Desktop/lidar_ws/install/ydlidar_sdk/share/YDLIDAR_SDK/doc/howto/images/csharp_project.png\n'}
[0.232324] (ydlidar_sdk) StdoutLine: {'line': b'-- Up-to-date: /home/ashutosh/Desktop/lidar_ws/install/ydlidar_sdk/share/YDLIDAR_SDK/doc/howto/how_to_create_a_pull.md\n'}
[0.232403] (ydlidar_sdk) StdoutLine: {'line': b'-- Up-to-date: /home/ashutosh/Desktop/lidar_ws/install/ydlidar_sdk/share/YDLIDAR_SDK/doc/howto/how_to_build_and_debug_using_vscode.md\n'}
[0.232674] (ydlidar_sdk) StdoutLine: {'line': b'-- Up-to-date: /home/ashutosh/Desktop/lidar_ws/install/ydlidar_sdk/share/YDLIDAR_SDK/doc/howto/how_to_create_a_csharp_project.md\n'}
[0.232752] (ydlidar_sdk) StdoutLine: {'line': b'-- Up-to-date: /home/ashutosh/Desktop/lidar_ws/install/ydlidar_sdk/share/YDLIDAR_SDK/doc/howto/README.md\n'}
[0.232819] (ydlidar_sdk) StdoutLine: {'line': b'-- Up-to-date: /home/ashutosh/Desktop/lidar_ws/install/ydlidar_sdk/share/YDLIDAR_SDK/doc/howto/how_to_gerenrate_vs_project_by_cmake.md\n'}
[0.232911] (ydlidar_sdk) StdoutLine: {'line': b'-- Up-to-date: /home/ashutosh/Desktop/lidar_ws/install/ydlidar_sdk/share/YDLIDAR_SDK/doc/YDLidar-SDK-Communication-Protocol.pdf\n'}
[0.232989] (ydlidar_sdk) StdoutLine: {'line': b'-- Up-to-date: /home/ashutosh/Desktop/lidar_ws/install/ydlidar_sdk/share/YDLIDAR_SDK/doc/YDLidar_SDK_Communication_Protocol.pdf\n'}
[0.233067] (ydlidar_sdk) StdoutLine: {'line': b'-- Up-to-date: /home/ashutosh/Desktop/lidar_ws/install/ydlidar_sdk/share/YDLIDAR_SDK/doc/README.md\n'}
[0.233256] (ydlidar_sdk) StdoutLine: {'line': b'-- Up-to-date: /home/ashutosh/Desktop/lidar_ws/install/ydlidar_sdk/share/YDLIDAR_SDK/doc/SDK.pdf\n'}
[0.233333] (ydlidar_sdk) StdoutLine: {'line': b'-- Up-to-date: /home/ashutosh/Desktop/lidar_ws/install/ydlidar_sdk/startup/initenv.sh\n'}
[0.233412] (ydlidar_sdk) StdoutLine: {'line': b'-- Up-to-date: /home/ashutosh/Desktop/lidar_ws/install/ydlidar_sdk/bin/et_test\n'}
[0.233498] (ydlidar_sdk) StdoutLine: {'line': b'-- Up-to-date: /home/ashutosh/Desktop/lidar_ws/install/ydlidar_sdk/bin/gs_ota\n'}
[0.233607] (ydlidar_sdk) StdoutLine: {'line': b'-- Up-to-date: /home/ashutosh/Desktop/lidar_ws/install/ydlidar_sdk/bin/gs_restart\n'}
[0.233685] (ydlidar_sdk) StdoutLine: {'line': b'-- Up-to-date: /home/ashutosh/Desktop/lidar_ws/install/ydlidar_sdk/bin/gs_test\n'}
[0.233764] (ydlidar_sdk) StdoutLine: {'line': b'-- Up-to-date: /home/ashutosh/Desktop/lidar_ws/install/ydlidar_sdk/bin/gs_test2\n'}
[0.233842] (ydlidar_sdk) StdoutLine: {'line': b'-- Up-to-date: /home/ashutosh/Desktop/lidar_ws/install/ydlidar_sdk/bin/scl_test\n'}
[0.233919] (ydlidar_sdk) StdoutLine: {'line': b'-- Up-to-date: /home/ashutosh/Desktop/lidar_ws/install/ydlidar_sdk/bin/sdm18_test\n'}
[0.234092] (ydlidar_sdk) StdoutLine: {'line': b'-- Up-to-date: /home/ashutosh/Desktop/lidar_ws/install/ydlidar_sdk/bin/sdm_test\n'}
[0.234174] (ydlidar_sdk) StdoutLine: {'line': b'-- Up-to-date: /home/ashutosh/Desktop/lidar_ws/install/ydlidar_sdk/bin/tea_test\n'}
[0.234246] (ydlidar_sdk) StdoutLine: {'line': b'-- Up-to-date: /home/ashutosh/Desktop/lidar_ws/install/ydlidar_sdk/bin/tia_test\n'}
[0.234328] (ydlidar_sdk) StdoutLine: {'line': b'-- Up-to-date: /home/ashutosh/Desktop/lidar_ws/install/ydlidar_sdk/bin/tmini-sh_test\n'}
[0.234406] (ydlidar_sdk) StdoutLine: {'line': b'-- Up-to-date: /home/ashutosh/Desktop/lidar_ws/install/ydlidar_sdk/bin/tmini_test\n'}
[0.234494] (ydlidar_sdk) StdoutLine: {'line': b'-- Up-to-date: /home/ashutosh/Desktop/lidar_ws/install/ydlidar_sdk/bin/tof_test\n'}
[0.234581] (ydlidar_sdk) StdoutLine: {'line': b'-- Up-to-date: /home/ashutosh/Desktop/lidar_ws/install/ydlidar_sdk/bin/tri_and_gs_test\n'}
[0.234657] (ydlidar_sdk) StdoutLine: {'line': b'-- Up-to-date: /home/ashutosh/Desktop/lidar_ws/install/ydlidar_sdk/bin/tri_restart\n'}
[0.234733] (ydlidar_sdk) StdoutLine: {'line': b'-- Up-to-date: /home/ashutosh/Desktop/lidar_ws/install/ydlidar_sdk/bin/tri_test\n'}
[0.234810] (ydlidar_sdk) StdoutLine: {'line': b'-- Up-to-date: /home/ashutosh/Desktop/lidar_ws/install/ydlidar_sdk/bin/lidar_c_api_test\n'}
[0.234888] (ydlidar_sdk) CommandEnded: {'returncode': 0}
[0.248409] (ydlidar_sdk) JobEnded: {'identifier': 'ydlidar_sdk', 'rc': 0}
[0.299199] (-) TimerEvent: {}
[0.399631] (-) TimerEvent: {}
[0.500081] (-) TimerEvent: {}
[0.600563] (-) TimerEvent: {}
[0.701071] (-) TimerEvent: {}
[0.801618] (-) TimerEvent: {}
[0.902123] (-) TimerEvent: {}
[1.002618] (-) TimerEvent: {}
[1.103132] (-) TimerEvent: {}
[1.203642] (-) TimerEvent: {}
[1.304153] (-) TimerEvent: {}
[1.404734] (-) TimerEvent: {}
[1.505235] (-) TimerEvent: {}
[1.605775] (-) TimerEvent: {}
[1.706283] (-) TimerEvent: {}
[1.806811] (-) TimerEvent: {}
[1.907318] (-) TimerEvent: {}
[2.007888] (-) TimerEvent: {}
[2.108352] (-) TimerEvent: {}
[2.208710] (-) TimerEvent: {}
[2.309060] (-) TimerEvent: {}
[2.409377] (-) TimerEvent: {}
[2.509723] (-) TimerEvent: {}
[2.578812] (ydlidar_ros2_driver) StderrLine: {'line': b'\x1b[01m\x1b[K/home/ashutosh/Desktop/lidar_ws/src/ydlidar_ros2_driver/src/ydlidar_ros2_driver_node.cpp:\x1b[m\x1b[K In lambda function:\n'}
[2.579059] (ydlidar_ros2_driver) StderrLine: {'line': b'\x1b[01m\x1b[K/home/ashutosh/Desktop/lidar_ws/src/ydlidar_ros2_driver/src/ydlidar_ros2_driver_node.cpp:170:54:\x1b[m\x1b[K \x1b[01;35m\x1b[Kwarning: \x1b[m\x1b[Kunused parameter \xe2\x80\x98\x1b[01m\x1b[Krequest_header\x1b[m\x1b[K\xe2\x80\x99 [\x1b[01;35m\x1b[K\x1b]8;;https://gcc.gnu.org/onlinedocs/gcc/Warning-Options.html#index-Wunused-parameter\x07-Wunused-parameter\x1b]8;;\x07\x1b[m\x1b[K]\n'}
[2.579169] (ydlidar_ros2_driver) StderrLine: {'line': b'  170 |     [&laser](\x1b[01;35m\x1b[Kconst std::shared_ptr<rmw_request_id_t> request_header\x1b[m\x1b[K,\n'}
[2.579261] (ydlidar_ros2_driver) StderrLine: {'line': b'      |              \x1b[01;35m\x1b[K~~~~~~~~~~~~~~~~~~~~~~~~~~~~~~~~~~~~~~~~^~~~~~~~~~~~~~\x1b[m\x1b[K\n'}
[2.579343] (ydlidar_ros2_driver) StderrLine: {'line': b'\x1b[01m\x1b[K/home/ashutosh/Desktop/lidar_ws/src/ydlidar_ros2_driver/src/ydlidar_ros2_driver_node.cpp:171:67:\x1b[m\x1b[K \x1b[01;35m\x1b[Kwarning: \x1b[m\x1b[Kunused parameter \xe2\x80\x98\x1b[01m\x1b[Kreq\x1b[m\x1b[K\xe2\x80\x99 [\x1b[01;35m\x1b[K\x1b]8;;https://gcc.gnu.org/onlinedocs/gcc/Warning-Options.html#index-Wunused-parameter\x07-Wunused-parameter\x1b]8;;\x07\x1b[m\x1b[K]\n'}
[2.579421] (ydlidar_ros2_driver) StderrLine: {'line': b'  171 |              \x1b[01;35m\x1b[Kconst std::shared_ptr<std_srvs::srv::Empty::Request> req\x1b[m\x1b[K,\n'}
[2.579508] (ydlidar_ros2_driver) StderrLine: {'line': b'      |              \x1b[01;35m\x1b[K~~~~~~~~~~~~~~~~~~~~~~~~~~~~~~~~~~~~~~~~~~~~~~~~~~~~~^~~\x1b[m\x1b[K\n'}
[2.579591] (ydlidar_ros2_driver) StderrLine: {'line': b'\x1b[01m\x1b[K/home/ashutosh/Desktop/lidar_ws/src/ydlidar_ros2_driver/src/ydlidar_ros2_driver_node.cpp:172:62:\x1b[m\x1b[K \x1b[01;35m\x1b[Kwarning: \x1b[m\x1b[Kunused parameter \xe2\x80\x98\x1b[01m\x1b[Kresponse\x1b[m\x1b[K\xe2\x80\x99 [\x1b[01;35m\x1b[K\x1b]8;;https://gcc.gnu.org/onlinedocs/gcc/Warning-Options.html#index-Wunused-parameter\x07-Wunused-parameter\x1b]8;;\x07\x1b[m\x1b[K]\n'}
[2.579679] (ydlidar_ros2_driver) StderrLine: {'line': b'  172 |             \x1b[01;35m\x1b[Kstd::shared_ptr<std_srvs::srv::Empty::Response> response\x1b[m\x1b[K) -> bool {\n'}
[2.579761] (ydlidar_ros2_driver) StderrLine: {'line': b'      |             \x1b[01;35m\x1b[K~~~~~~~~~~~~~~~~~~~~~~~~~~~~~~~~~~~~~~~~~~~~~~~~^~~~~~~~\x1b[m\x1b[K\n'}
[2.579829] (ydlidar_ros2_driver) StderrLine: {'line': b'\n'}
[2.591455] (ydlidar_ros2_driver) StderrLine: {'line': b'\x1b[01m\x1b[K/home/ashutosh/Desktop/lidar_ws/src/ydlidar_ros2_driver/src/ydlidar_ros2_driver_node.cpp:\x1b[m\x1b[K In lambda function:\n'}
[2.591687] (ydlidar_ros2_driver) StderrLine: {'line': b'\x1b[01m\x1b[K/home/ashutosh/Desktop/lidar_ws/src/ydlidar_ros2_driver/src/ydlidar_ros2_driver_node.cpp:178:54:\x1b[m\x1b[K \x1b[01;35m\x1b[Kwarning: \x1b[m\x1b[Kunused parameter \xe2\x80\x98\x1b[01m\x1b[Krequest_header\x1b[m\x1b[K\xe2\x80\x99 [\x1b[01;35m\x1b[K\x1b]8;;https://gcc.gnu.org/onlinedocs/gcc/Warning-Options.html#index-Wunused-parameter\x07-Wunused-parameter\x1b]8;;\x07\x1b[m\x1b[K]\n'}
[2.591788] (ydlidar_ros2_driver) StderrLine: {'line': b'  178 |     [&laser](\x1b[01;35m\x1b[Kconst std::shared_ptr<rmw_request_id_t> request_header\x1b[m\x1b[K,\n'}
[2.591871] (ydlidar_ros2_driver) StderrLine: {'line': b'      |              \x1b[01;35m\x1b[K~~~~~~~~~~~~~~~~~~~~~~~~~~~~~~~~~~~~~~~~^~~~~~~~~~~~~~\x1b[m\x1b[K\n'}
[2.591958] (ydlidar_ros2_driver) StderrLine: {'line': b'\x1b[01m\x1b[K/home/ashutosh/Desktop/lidar_ws/src/ydlidar_ros2_driver/src/ydlidar_ros2_driver_node.cpp:179:67:\x1b[m\x1b[K \x1b[01;35m\x1b[Kwarning: \x1b[m\x1b[Kunused parameter \xe2\x80\x98\x1b[01m\x1b[Kreq\x1b[m\x1b[K\xe2\x80\x99 [\x1b[01;35m\x1b[K\x1b]8;;https://gcc.gnu.org/onlinedocs/gcc/Warning-Options.html#index-Wunused-parameter\x07-Wunused-parameter\x1b]8;;\x07\x1b[m\x1b[K]\n'}
[2.592048] (ydlidar_ros2_driver) StderrLine: {'line': b'  179 |              \x1b[01;35m\x1b[Kconst std::shared_ptr<std_srvs::srv::Empty::Request> req\x1b[m\x1b[K,\n'}
[2.592135] (ydlidar_ros2_driver) StderrLine: {'line': b'      |              \x1b[01;35m\x1b[K~~~~~~~~~~~~~~~~~~~~~~~~~~~~~~~~~~~~~~~~~~~~~~~~~~~~~^~~\x1b[m\x1b[K\n'}
[2.592219] (ydlidar_ros2_driver) StderrLine: {'line': b'\x1b[01m\x1b[K/home/ashutosh/Desktop/lidar_ws/src/ydlidar_ros2_driver/src/ydlidar_ros2_driver_node.cpp:180:62:\x1b[m\x1b[K \x1b[01;35m\x1b[Kwarning: \x1b[m\x1b[Kunused parameter \xe2\x80\x98\x1b[01m\x1b[Kresponse\x1b[m\x1b[K\xe2\x80\x99 [\x1b[01;35m\x1b[K\x1b]8;;https://gcc.gnu.org/onlinedocs/gcc/Warning-Options.html#index-Wunused-parameter\x07-Wunused-parameter\x1b]8;;\x07\x1b[m\x1b[K]\n'}
[2.592328] (ydlidar_ros2_driver) StderrLine: {'line': b'  180 |             \x1b[01;35m\x1b[Kstd::shared_ptr<std_srvs::srv::Empty::Response> response\x1b[m\x1b[K) -> bool {\n'}
[2.592410] (ydlidar_ros2_driver) StderrLine: {'line': b'      |             \x1b[01;35m\x1b[K~~~~~~~~~~~~~~~~~~~~~~~~~~~~~~~~~~~~~~~~~~~~~~~~^~~~~~~~\x1b[m\x1b[K\n'}
[2.592513] (ydlidar_ros2_driver) StderrLine: {'line': b'\n'}
[2.609852] (-) TimerEvent: {}
[2.710185] (-) TimerEvent: {}
[2.810549] (-) TimerEvent: {}
[2.910881] (-) TimerEvent: {}
[3.011210] (-) TimerEvent: {}
[3.111555] (-) TimerEvent: {}
[3.211893] (-) TimerEvent: {}
[3.312224] (-) TimerEvent: {}
[3.412555] (-) TimerEvent: {}
[3.512858] (-) TimerEvent: {}
[3.613172] (-) TimerEvent: {}
[3.713512] (-) TimerEvent: {}
[3.813838] (-) TimerEvent: {}
[3.914149] (-) TimerEvent: {}
[4.014462] (-) TimerEvent: {}
[4.114803] (-) TimerEvent: {}
[4.215119] (-) TimerEvent: {}
[4.315459] (-) TimerEvent: {}
[4.415972] (-) TimerEvent: {}
[4.516402] (-) TimerEvent: {}
[4.549551] (ydlidar_ros2_driver) StdoutLine: {'line': b'[100%] \x1b[32m\x1b[1mLinking CXX executable ydlidar_ros2_driver_node\x1b[0m\n'}
[4.616576] (-) TimerEvent: {}
[4.717030] (-) TimerEvent: {}
[4.817463] (-) TimerEvent: {}
[4.899914] (ydlidar_ros2_driver) StdoutLine: {'line': b'[100%] Built target ydlidar_ros2_driver_node\n'}
[4.913748] (ydlidar_ros2_driver) CommandEnded: {'returncode': 0}
[4.914825] (ydlidar_ros2_driver) JobProgress: {'identifier': 'ydlidar_ros2_driver', 'progress': 'install'}
[4.915909] (ydlidar_ros2_driver) Command: {'cmd': ['/usr/bin/cmake', '--install', '/home/ashutosh/Desktop/lidar_ws/build/ydlidar_ros2_driver'], 'cwd': '/home/ashutosh/Desktop/lidar_ws/build/ydlidar_ros2_driver', 'env': OrderedDict([('LESSOPEN', '| /usr/bin/lesspipe %s'), ('PYTHONWARNINGS', 'ignore:::setuptools.installer,ignore:::setuptools.command.install,ignore:::setuptools.command.easy_install'), ('CCACHE_TEMPDIR', '/tmp/ccache'), ('GZ_SIM_RESOURCE_PATH', '/home/ashutosh/cognipilot/cranium/install/dream_world/share/dream_world/worlds:/home/ashutosh/cognipilot/cranium/install/dream_world/share/dream_world/models:/home/ashutosh/cognipilot/cranium/install/b3rb_gz_resource/share/b3rb_gz_resource/models'), ('LANGUAGE', 'en_IN:en'), ('USER', 'ashutosh'), ('XDG_SESSION_TYPE', 'wayland'), ('SHLVL', '1'), ('LD_LIBRARY_PATH', '/home/ashutosh/cognipilot/cranium/install/synapse_tinyframe/lib:/home/ashutosh/cognipilot/cranium/install/synapse_protobuf/lib:/home/ashutosh/cognipilot/cranium/install/synapse_msgs/lib:/usr/lib/x86_64-linux-gnu/gazebo-11/plugins:/opt/ros/humble/opt/rviz_ogre_vendor/lib:/opt/ros/humble/lib/x86_64-linux-gnu:/opt/ros/humble/lib:/home/ashutosh/.mujoco/mujoco210/bin'), ('HOME', '/home/ashutosh'), ('OLDPWD', '/home/ashutosh'), ('DESKTOP_SESSION', 'ubuntu'), ('ROS_PYTHON_VERSION', '3'), ('GNOME_SHELL_SESSION_MODE', 'ubuntu'), ('GTK_MODULES', 'gail:atk-bridge:appmenu-gtk-module'), ('SYSTEMD_EXEC_PID', '2670'), ('DBUS_SESSION_BUS_ADDRESS', 'unix:path=/run/user/1000/bus'), ('COLORTERM', 'truecolor'), ('IM_CONFIG_PHASE', '1'), ('WAYLAND_DISPLAY', 'wayland-0'), ('COLCON_PREFIX_PATH', '/home/ashutosh/Desktop/lidar_ws/install:/home/ashutosh/cognipilot/electrode/install:/home/ashutosh/task_ws/install:/home/ashutosh/cognipilot/cranium/install'), ('ROS_DISTRO', 'humble'), ('LOGNAME', 'ashutosh'), ('_', '/usr/bin/colcon'), ('ROS_VERSION', '2'), ('XDG_SESSION_CLASS', 'user'), ('USERNAME', 'ashutosh'), ('TERM', 'xterm-256color'), ('GNOME_DESKTOP_SESSION_ID', 'this-is-deprecated'), ('ROS_LOCALHOST_ONLY', '0'), ('PATH', '/home/ashutosh/Desktop/lidar_ws/install/ydlidar_sdk/bin:/home/ashutosh/cognipilot/ws/cerebri/install/bin:/opt/ros/humble/bin:/home/ashutosh/.local/bin:/home/ashutosh/bin:/usr/local/sbin:/usr/local/bin:/usr/sbin:/usr/bin:/sbin:/bin:/usr/games:/usr/local/games:/snap/bin:/snap/bin'), ('SESSION_MANAGER', 'local/ashu-ka-pc:@/tmp/.ICE-unix/2627,unix/ashu-ka-pc:/tmp/.ICE-unix/2627'), ('XDG_MENU_PREFIX', 'gnome-'), ('GNOME_TERMINAL_SCREEN', '/org/gnome/Terminal/screen/8b59ace8_9d8d_4695_ace8_3e7adcd4a8c7'), ('GNOME_SETUP_DISPLAY', ':1'), ('XDG_RUNTIME_DIR', '/run/user/1000'), ('MUJOCO_PY_MUJOCO_PATH', '/home/ashutosh/.mujoco/mujoco210'), ('DISPLAY', ':0'), ('LANG', 'en_US.UTF-8'), ('XDG_CURRENT_DESKTOP', 'ubuntu:GNOME'), ('RMW_IMPLEMENTATION', 'rmw_cyclonedds_cpp'), ('XMODIFIERS', '@im=ibus'), ('XDG_SESSION_DESKTOP', 'ubuntu'), ('XAUTHORITY', '/run/user/1000/.mutter-Xwaylandauth.UR7EE3'), ('LS_COLORS', ''), ('GNOME_TERMINAL_SERVICE', ':1.131'), ('SSH_AGENT_LAUNCHER', 'gnome-keyring'), ('SSH_AUTH_SOCK', '/run/user/1000/keyring/ssh'), ('AMENT_PREFIX_PATH', '/home/ashutosh/Desktop/lidar_ws/install/ydlidar_ros2_driver:/home/ashutosh/task_ws/install/hii:/home/ashutosh/cognipilot/electrode/install/electrode:/home/ashutosh/cognipilot/cranium/install/synapse_ros:/home/ashutosh/cognipilot/cranium/install/synapse_gz:/home/ashutosh/cognipilot/cranium/install/synapse_tinyframe:/home/ashutosh/cognipilot/cranium/install/synapse_protobuf:/home/ashutosh/cognipilot/cranium/install/corti:/home/ashutosh/cognipilot/cranium/install/b3rb_ros_aim_india:/home/ashutosh/cognipilot/cranium/install/synapse_msgs:/home/ashutosh/cognipilot/cranium/install/dream_world:/home/ashutosh/cognipilot/cranium/install/cerebri_bringup:/home/ashutosh/cognipilot/cranium/install/b3rb_simulator:/home/ashutosh/cognipilot/cranium/install/b3rb_desktop:/home/ashutosh/cognipilot/cranium/install/b3rb_rviz:/home/ashutosh/cognipilot/cranium/install/b3rb_nav2:/home/ashutosh/cognipilot/cranium/install/b3rb_gz_resource:/home/ashutosh/cognipilot/cranium/install/b3rb_gz_bringup:/home/ashutosh/cognipilot/cranium/install/b3rb_description:/opt/ros/humble'), ('SHELL', '/bin/bash'), ('QT_ACCESSIBILITY', '1'), ('GDMSESSION', 'ubuntu'), ('LESSCLOSE', '/usr/bin/lesspipe %s %s'), ('CMAKE_EXPORT_COMPILE_COMMANDS', 'ON'), ('QT_IM_MODULE', 'ibus'), ('PWD', '/home/ashutosh/Desktop/lidar_ws/build/ydlidar_ros2_driver'), ('TURTLEBOT3_MODEL', 'burger'), ('LC_ALL', 'en_US.UTF-8'), ('XDG_CONFIG_DIRS', '/etc/xdg/xdg-ubuntu:/etc/xdg'), ('XDG_DATA_DIRS', '/usr/share/ubuntu:/usr/local/share/:/usr/share/:/var/lib/snapd/desktop'), ('PYTHONPATH', '/home/ashutosh/task_ws/install/hii/lib/python3.10/site-packages:/home/ashutosh/cognipilot/cranium/install/corti/local/lib/python3.10/dist-packages:/home/ashutosh/cognipilot/cranium/install/b3rb_ros_aim_india/lib/python3.10/site-packages:/home/ashutosh/cognipilot/cranium/install/synapse_msgs/local/lib/python3.10/dist-packages:/opt/ros/humble/lib/python3.10/site-packages:/opt/ros/humble/local/lib/python3.10/dist-packages'), ('COLCON', '1'), ('VTE_VERSION', '6800'), ('CMAKE_PREFIX_PATH', '/home/ashutosh/Desktop/lidar_ws/install/ydlidar_sdk:/home/ashutosh/Desktop/lidar_ws/install/ydlidar_ros2_driver:/home/ashutosh/cognipilot/electrode/install/electrode:/home/ashutosh/cognipilot/cranium/install/synapse_ros:/home/ashutosh/cognipilot/cranium/install/synapse_gz:/home/ashutosh/cognipilot/cranium/install/synapse_tinyframe:/home/ashutosh/cognipilot/cranium/install/synapse_protobuf:/home/ashutosh/cognipilot/cranium/install/corti:/home/ashutosh/cognipilot/cranium/install/synapse_msgs:/home/ashutosh/cognipilot/cranium/install/dream_world:/home/ashutosh/cognipilot/cranium/install/cerebri_bringup:/home/ashutosh/cognipilot/cranium/install/b3rb_simulator:/home/ashutosh/cognipilot/cranium/install/b3rb_desktop:/home/ashutosh/cognipilot/cranium/install/b3rb_rviz:/home/ashutosh/cognipilot/cranium/install/b3rb_nav2:/home/ashutosh/cognipilot/cranium/install/b3rb_gz_resource:/home/ashutosh/cognipilot/cranium/install/b3rb_gz_bringup:/home/ashutosh/cognipilot/cranium/install/b3rb_description:/home/ashutosh/task_ws/install/hii:/home/ashutosh/cognipilot/cranium/install/b3rb_ros_aim_india:/opt/ros/humble')]), 'shell': False}
[4.917513] (-) TimerEvent: {}
[4.922871] (ydlidar_ros2_driver) StdoutLine: {'line': b'-- Install configuration: ""\n'}
[4.923272] (ydlidar_ros2_driver) StdoutLine: {'line': b'-- Execute custom install script\n'}
[4.923518] (ydlidar_ros2_driver) StdoutLine: {'line': b'-- Up-to-date symlink: /home/ashutosh/Desktop/lidar_ws/install/ydlidar_ros2_driver/lib/ydlidar_ros2_driver/ydlidar_ros2_driver_node\n'}
[4.923782] (ydlidar_ros2_driver) StdoutLine: {'line': b'-- Up-to-date symlink: /home/ashutosh/Desktop/lidar_ws/install/ydlidar_ros2_driver/lib/ydlidar_ros2_driver/ydlidar_ros2_driver_client\n'}
[4.924051] (ydlidar_ros2_driver) StdoutLine: {'line': b'-- Up-to-date symlink: /home/ashutosh/Desktop/lidar_ws/install/ydlidar_ros2_driver/share/ydlidar_ros2_driver/launch/ydlidar.py\n'}
[4.924221] (ydlidar_ros2_driver) StdoutLine: {'line': b'-- Up-to-date symlink: /home/ashutosh/Desktop/lidar_ws/install/ydlidar_ros2_driver/share/ydlidar_ros2_driver/launch/ydlidar_launch.py\n'}
[4.924444] (ydlidar_ros2_driver) StdoutLine: {'line': b'-- Up-to-date symlink: /home/ashutosh/Desktop/lidar_ws/install/ydlidar_ros2_driver/share/ydlidar_ros2_driver/launch/ydlidar_launch_view.py\n'}
[4.924669] (ydlidar_ros2_driver) StdoutLine: {'line': b'-- Up-to-date symlink: /home/ashutosh/Desktop/lidar_ws/install/ydlidar_ros2_driver/share/ydlidar_ros2_driver/params/G1.yaml\n'}
[4.924886] (ydlidar_ros2_driver) StdoutLine: {'line': b'-- Up-to-date symlink: /home/ashutosh/Desktop/lidar_ws/install/ydlidar_ros2_driver/share/ydlidar_ros2_driver/params/G2.yaml\n'}
[4.925091] (ydlidar_ros2_driver) StdoutLine: {'line': b'-- Up-to-date symlink: /home/ashutosh/Desktop/lidar_ws/install/ydlidar_ros2_driver/share/ydlidar_ros2_driver/params/G6.yaml\n'}
[4.925280] (ydlidar_ros2_driver) StdoutLine: {'line': b'-- Up-to-date symlink: /home/ashutosh/Desktop/lidar_ws/install/ydlidar_ros2_driver/share/ydlidar_ros2_driver/params/GS2.yaml\n'}
[4.925462] (ydlidar_ros2_driver) StdoutLine: {'line': b'-- Up-to-date symlink: /home/ashutosh/Desktop/lidar_ws/install/ydlidar_ros2_driver/share/ydlidar_ros2_driver/params/TEA.yaml\n'}
[4.925658] (ydlidar_ros2_driver) StdoutLine: {'line': b'-- Up-to-date symlink: /home/ashutosh/Desktop/lidar_ws/install/ydlidar_ros2_driver/share/ydlidar_ros2_driver/params/TG.yaml\n'}
[4.925785] (ydlidar_ros2_driver) StdoutLine: {'line': b'-- Up-to-date symlink: /home/ashutosh/Desktop/lidar_ws/install/ydlidar_ros2_driver/share/ydlidar_ros2_driver/params/TminiPro.yaml\n'}
[4.925841] (ydlidar_ros2_driver) StdoutLine: {'line': b'-- Up-to-date symlink: /home/ashutosh/Desktop/lidar_ws/install/ydlidar_ros2_driver/share/ydlidar_ros2_driver/params/X2.yaml\n'}
[4.925912] (ydlidar_ros2_driver) StdoutLine: {'line': b'-- Up-to-date symlink: /home/ashutosh/Desktop/lidar_ws/install/ydlidar_ros2_driver/share/ydlidar_ros2_driver/params/X4-Pro.yaml\n'}
[4.925967] (ydlidar_ros2_driver) StdoutLine: {'line': b'-- Up-to-date symlink: /home/ashutosh/Desktop/lidar_ws/install/ydlidar_ros2_driver/share/ydlidar_ros2_driver/params/X4.yaml\n'}
[4.926039] (ydlidar_ros2_driver) StdoutLine: {'line': b'-- Up-to-date symlink: /home/ashutosh/Desktop/lidar_ws/install/ydlidar_ros2_driver/share/ydlidar_ros2_driver/params/ydlidar.yaml\n'}
[4.926091] (ydlidar_ros2_driver) StdoutLine: {'line': b'-- Up-to-date symlink: /home/ashutosh/Desktop/lidar_ws/install/ydlidar_ros2_driver/share/ydlidar_ros2_driver/startup/initenv.sh\n'}
[4.926161] (ydlidar_ros2_driver) StdoutLine: {'line': b'-- Up-to-date symlink: /home/ashutosh/Desktop/lidar_ws/install/ydlidar_ros2_driver/share/ydlidar_ros2_driver/config/ydlidar.rviz\n'}
[4.926215] (ydlidar_ros2_driver) StdoutLine: {'line': b'-- Up-to-date symlink: /home/ashutosh/Desktop/lidar_ws/install/ydlidar_ros2_driver/share/ament_index/resource_index/package_run_dependencies/ydlidar_ros2_driver\n'}
[4.926279] (ydlidar_ros2_driver) StdoutLine: {'line': b'-- Up-to-date symlink: /home/ashutosh/Desktop/lidar_ws/install/ydlidar_ros2_driver/share/ament_index/resource_index/parent_prefix_path/ydlidar_ros2_driver\n'}
[4.926349] (ydlidar_ros2_driver) StdoutLine: {'line': b'-- Up-to-date symlink: /home/ashutosh/Desktop/lidar_ws/install/ydlidar_ros2_driver/share/ydlidar_ros2_driver/environment/ament_prefix_path.sh\n'}
[4.926419] (ydlidar_ros2_driver) StdoutLine: {'line': b'-- Up-to-date symlink: /home/ashutosh/Desktop/lidar_ws/install/ydlidar_ros2_driver/share/ydlidar_ros2_driver/environment/ament_prefix_path.dsv\n'}
[4.926487] (ydlidar_ros2_driver) StdoutLine: {'line': b'-- Up-to-date symlink: /home/ashutosh/Desktop/lidar_ws/install/ydlidar_ros2_driver/share/ydlidar_ros2_driver/environment/path.sh\n'}
[4.926568] (ydlidar_ros2_driver) StdoutLine: {'line': b'-- Up-to-date symlink: /home/ashutosh/Desktop/lidar_ws/install/ydlidar_ros2_driver/share/ydlidar_ros2_driver/environment/path.dsv\n'}
[4.926660] (ydlidar_ros2_driver) StdoutLine: {'line': b'-- Up-to-date symlink: /home/ashutosh/Desktop/lidar_ws/install/ydlidar_ros2_driver/share/ydlidar_ros2_driver/local_setup.bash\n'}
[4.926769] (ydlidar_ros2_driver) StdoutLine: {'line': b'-- Up-to-date symlink: /home/ashutosh/Desktop/lidar_ws/install/ydlidar_ros2_driver/share/ydlidar_ros2_driver/local_setup.sh\n'}
[4.926894] (ydlidar_ros2_driver) StdoutLine: {'line': b'-- Up-to-date symlink: /home/ashutosh/Desktop/lidar_ws/install/ydlidar_ros2_driver/share/ydlidar_ros2_driver/local_setup.zsh\n'}
[4.927017] (ydlidar_ros2_driver) StdoutLine: {'line': b'-- Up-to-date symlink: /home/ashutosh/Desktop/lidar_ws/install/ydlidar_ros2_driver/share/ydlidar_ros2_driver/local_setup.dsv\n'}
[4.927098] (ydlidar_ros2_driver) StdoutLine: {'line': b'-- Symlinking: /home/ashutosh/Desktop/lidar_ws/install/ydlidar_ros2_driver/share/ydlidar_ros2_driver/package.dsv\n'}
[4.936893] (ydlidar_ros2_driver) StdoutLine: {'line': b'-- Up-to-date symlink: /home/ashutosh/Desktop/lidar_ws/install/ydlidar_ros2_driver/share/ament_index/resource_index/packages/ydlidar_ros2_driver\n'}
[4.937208] (ydlidar_ros2_driver) StdoutLine: {'line': b'-- Up-to-date symlink: /home/ashutosh/Desktop/lidar_ws/install/ydlidar_ros2_driver/share/ydlidar_ros2_driver/cmake/ydlidar_ros2_driverConfig.cmake\n'}
[4.937489] (ydlidar_ros2_driver) StdoutLine: {'line': b'-- Up-to-date symlink: /home/ashutosh/Desktop/lidar_ws/install/ydlidar_ros2_driver/share/ydlidar_ros2_driver/cmake/ydlidar_ros2_driverConfig-version.cmake\n'}
[4.937816] (ydlidar_ros2_driver) StdoutLine: {'line': b'-- Up-to-date symlink: /home/ashutosh/Desktop/lidar_ws/install/ydlidar_ros2_driver/share/ydlidar_ros2_driver/package.xml\n'}
[4.939976] (ydlidar_ros2_driver) CommandEnded: {'returncode': 0}
[4.950853] (ydlidar_ros2_driver) JobEnded: {'identifier': 'ydlidar_ros2_driver', 'rc': 0}
[4.951847] (-) EventReactorShutdown: {}
