[0.000000] (-) TimerEvent: {}
[0.000879] (ydlidar_ros2_driver) JobQueued: {'identifier': 'ydlidar_ros2_driver', 'dependencies': OrderedDict()}
[0.001017] (ydlidar_sdk) JobQueued: {'identifier': 'ydlidar_sdk', 'dependencies': OrderedDict()}
[0.001040] (ydlidar_ros2_driver) JobStarted: {'identifier': 'ydlidar_ros2_driver'}
[0.009051] (ydlidar_sdk) JobStarted: {'identifier': 'ydlidar_sdk'}
[0.017875] (ydlidar_ros2_driver) JobProgress: {'identifier': 'ydlidar_ros2_driver', 'progress': 'cmake'}
[0.018953] (ydlidar_ros2_driver) JobProgress: {'identifier': 'ydlidar_ros2_driver', 'progress': 'build'}
[0.020434] (ydlidar_ros2_driver) Command: {'cmd': ['/usr/bin/cmake', '--build', '/home/ashutosh/Desktop/lidar_ws/build/ydlidar_ros2_driver', '--', '-j16', '-l16'], 'cwd': '/home/ashutosh/Desktop/lidar_ws/build/ydlidar_ros2_driver', 'env': OrderedDict([('LESSOPEN', '| /usr/bin/lesspipe %s'), ('PYTHONWARNINGS', 'ignore:::setuptools.installer,ignore:::setuptools.command.install,ignore:::setuptools.command.easy_install'), ('CCACHE_TEMPDIR', '/tmp/ccache'), ('GZ_SIM_RESOURCE_PATH', '/home/ashutosh/cognipilot/cranium/install/dream_world/share/dream_world/worlds:/home/ashutosh/cognipilot/cranium/install/dream_world/share/dream_world/models:/home/ashutosh/cognipilot/cranium/install/b3rb_gz_resource/share/b3rb_gz_resource/models'), ('LANGUAGE', 'en_IN:en'), ('USER', 'ashutosh'), ('XDG_SESSION_TYPE', 'wayland'), ('SHLVL', '1'), ('LD_LIBRARY_PATH', '/home/ashutosh/cognipilot/cranium/install/synapse_tinyframe/lib:/home/ashutosh/cognipilot/cranium/install/synapse_protobuf/lib:/home/ashutosh/cognipilot/cranium/install/synapse_msgs/lib:/usr/lib/x86_64-linux-gnu/gazebo-11/plugins:/opt/ros/humble/opt/rviz_ogre_vendor/lib:/opt/ros/humble/lib/x86_64-linux-gnu:/opt/ros/humble/lib:/home/ashutosh/.mujoco/mujoco210/bin'), ('HOME', '/home/ashutosh'), ('OLDPWD', '/home/ashutosh/Desktop/lidar_ws/src'), ('DESKTOP_SESSION', 'ubuntu'), ('ROS_PYTHON_VERSION', '3'), ('GNOME_SHELL_SESSION_MODE', 'ubuntu'), ('GTK_MODULES', 'gail:atk-bridge:appmenu-gtk-module'), ('SYSTEMD_EXEC_PID', '2543'), ('DBUS_SESSION_BUS_ADDRESS', 'unix:path=/run/user/1000/bus'), ('COLORTERM', 'truecolor'), ('IM_CONFIG_PHASE', '1'), ('WAYLAND_DISPLAY', 'wayland-0'), ('COLCON_PREFIX_PATH', '/home/ashutosh/Desktop/lidar_ws/install:/home/ashutosh/cognipilot/electrode/install:/home/ashutosh/task_ws/install:/home/ashutosh/cognipilot/cranium/install'), ('ROS_DISTRO', 'humble'), ('LOGNAME', 'ashutosh'), ('_', '/usr/bin/colcon'), ('ROS_VERSION', '2'), ('XDG_SESSION_CLASS', 'user'), ('USERNAME', 'ashutosh'), ('TERM', 'xterm-256color'), ('GNOME_DESKTOP_SESSION_ID', 'this-is-deprecated'), ('ROS_LOCALHOST_ONLY', '0'), ('PATH', '/home/ashutosh/Desktop/lidar_ws/install/ydlidar_sdk/bin:/home/ashutosh/cognipilot/ws/cerebri/install/bin:/opt/ros/humble/bin:/home/ashutosh/.local/bin:/home/ashutosh/bin:/usr/local/sbin:/usr/local/bin:/usr/sbin:/usr/bin:/sbin:/bin:/usr/games:/usr/local/games:/snap/bin:/snap/bin'), ('SESSION_MANAGER', 'local/ashu-ka-pc:@/tmp/.ICE-unix/2498,unix/ashu-ka-pc:/tmp/.ICE-unix/2498'), ('XDG_MENU_PREFIX', 'gnome-'), ('GNOME_TERMINAL_SCREEN', '/org/gnome/Terminal/screen/3f8a9da8_c556_4a86_84a3_a13dc8fc6b3b'), ('GNOME_SETUP_DISPLAY', ':1'), ('XDG_RUNTIME_DIR', '/run/user/1000'), ('MUJOCO_PY_MUJOCO_PATH', '/home/ashutosh/.mujoco/mujoco210'), ('DISPLAY', ':0'), ('LANG', 'en_US.UTF-8'), ('XDG_CURRENT_DESKTOP', 'ubuntu:GNOME'), ('RMW_IMPLEMENTATION', 'rmw_cyclonedds_cpp'), ('XMODIFIERS', '@im=ibus'), ('XDG_SESSION_DESKTOP', 'ubuntu'), ('XAUTHORITY', '/run/user/1000/.mutter-Xwaylandauth.OS69D3'), ('LS_COLORS', ''), ('GNOME_TERMINAL_SERVICE', ':1.225'), ('SSH_AGENT_LAUNCHER', 'gnome-keyring'), ('SSH_AUTH_SOCK', '/run/user/1000/keyring/ssh'), ('AMENT_PREFIX_PATH', '/home/ashutosh/Desktop/lidar_ws/install/ydlidar_ros2_driver:/home/ashutosh/task_ws/install/hii:/home/ashutosh/cognipilot/electrode/install/electrode:/home/ashutosh/cognipilot/cranium/install/synapse_ros:/home/ashutosh/cognipilot/cranium/install/synapse_gz:/home/ashutosh/cognipilot/cranium/install/synapse_tinyframe:/home/ashutosh/cognipilot/cranium/install/synapse_protobuf:/home/ashutosh/cognipilot/cranium/install/corti:/home/ashutosh/cognipilot/cranium/install/b3rb_ros_aim_india:/home/ashutosh/cognipilot/cranium/install/synapse_msgs:/home/ashutosh/cognipilot/cranium/install/dream_world:/home/ashutosh/cognipilot/cranium/install/cerebri_bringup:/home/ashutosh/cognipilot/cranium/install/b3rb_simulator:/home/ashutosh/cognipilot/cranium/install/b3rb_desktop:/home/ashutosh/cognipilot/cranium/install/b3rb_rviz:/home/ashutosh/cognipilot/cranium/install/b3rb_nav2:/home/ashutosh/cognipilot/cranium/install/b3rb_gz_resource:/home/ashutosh/cognipilot/cranium/install/b3rb_gz_bringup:/home/ashutosh/cognipilot/cranium/install/b3rb_description:/opt/ros/humble'), ('SHELL', '/bin/bash'), ('QT_ACCESSIBILITY', '1'), ('GDMSESSION', 'ubuntu'), ('LESSCLOSE', '/usr/bin/lesspipe %s %s'), ('CMAKE_EXPORT_COMPILE_COMMANDS', 'ON'), ('QT_IM_MODULE', 'ibus'), ('PWD', '/home/ashutosh/Desktop/lidar_ws/build/ydlidar_ros2_driver'), ('TURTLEBOT3_MODEL', 'burger'), ('LC_ALL', 'en_US.UTF-8'), ('XDG_CONFIG_DIRS', '/etc/xdg/xdg-ubuntu:/etc/xdg'), ('XDG_DATA_DIRS', '/usr/share/ubuntu:/usr/local/share/:/usr/share/:/var/lib/snapd/desktop'), ('PYTHONPATH', '/home/ashutosh/task_ws/install/hii/lib/python3.10/site-packages:/home/ashutosh/cognipilot/cranium/install/corti/local/lib/python3.10/dist-packages:/home/ashutosh/cognipilot/cranium/install/b3rb_ros_aim_india/lib/python3.10/site-packages:/home/ashutosh/cognipilot/cranium/install/synapse_msgs/local/lib/python3.10/dist-packages:/opt/ros/humble/lib/python3.10/site-packages:/opt/ros/humble/local/lib/python3.10/dist-packages'), ('COLCON', '1'), ('VTE_VERSION', '6800'), ('CMAKE_PREFIX_PATH', '/home/ashutosh/Desktop/lidar_ws/install/ydlidar_sdk:/home/ashutosh/Desktop/lidar_ws/install/ydlidar_ros2_driver:/home/ashutosh/cognipilot/electrode/install/electrode:/home/ashutosh/cognipilot/cranium/install/synapse_ros:/home/ashutosh/cognipilot/cranium/install/synapse_gz:/home/ashutosh/cognipilot/cranium/install/synapse_tinyframe:/home/ashutosh/cognipilot/cranium/install/synapse_protobuf:/home/ashutosh/cognipilot/cranium/install/corti:/home/ashutosh/cognipilot/cranium/install/synapse_msgs:/home/ashutosh/cognipilot/cranium/install/dream_world:/home/ashutosh/cognipilot/cranium/install/cerebri_bringup:/home/ashutosh/cognipilot/cranium/install/b3rb_simulator:/home/ashutosh/cognipilot/cranium/install/b3rb_desktop:/home/ashutosh/cognipilot/cranium/install/b3rb_rviz:/home/ashutosh/cognipilot/cranium/install/b3rb_nav2:/home/ashutosh/cognipilot/cranium/install/b3rb_gz_resource:/home/ashutosh/cognipilot/cranium/install/b3rb_gz_bringup:/home/ashutosh/cognipilot/cranium/install/b3rb_description:/home/ashutosh/task_ws/install/hii:/home/ashutosh/cognipilot/cranium/install/b3rb_ros_aim_india:/opt/ros/humble')]), 'shell': False}
[0.025591] (ydlidar_sdk) JobProgress: {'identifier': 'ydlidar_sdk', 'progress': 'cmake'}
[0.026393] (ydlidar_sdk) JobProgress: {'identifier': 'ydlidar_sdk', 'progress': 'build'}
[0.026870] (ydlidar_sdk) Command: {'cmd': ['/usr/bin/cmake', '--build', '/home/ashutosh/Desktop/lidar_ws/build/ydlidar_sdk', '--', '-j16', '-l16'], 'cwd': '/home/ashutosh/Desktop/lidar_ws/build/ydlidar_sdk', 'env': OrderedDict([('LESSOPEN', '| /usr/bin/lesspipe %s'), ('PYTHONWARNINGS', 'ignore:::setuptools.installer,ignore:::setuptools.command.install,ignore:::setuptools.command.easy_install'), ('CCACHE_TEMPDIR', '/tmp/ccache'), ('GZ_SIM_RESOURCE_PATH', '/home/ashutosh/cognipilot/cranium/install/dream_world/share/dream_world/worlds:/home/ashutosh/cognipilot/cranium/install/dream_world/share/dream_world/models:/home/ashutosh/cognipilot/cranium/install/b3rb_gz_resource/share/b3rb_gz_resource/models'), ('LANGUAGE', 'en_IN:en'), ('USER', 'ashutosh'), ('XDG_SESSION_TYPE', 'wayland'), ('SHLVL', '1'), ('LD_LIBRARY_PATH', '/home/ashutosh/cognipilot/cranium/install/synapse_tinyframe/lib:/home/ashutosh/cognipilot/cranium/install/synapse_protobuf/lib:/home/ashutosh/cognipilot/cranium/install/synapse_msgs/lib:/usr/lib/x86_64-linux-gnu/gazebo-11/plugins:/opt/ros/humble/opt/rviz_ogre_vendor/lib:/opt/ros/humble/lib/x86_64-linux-gnu:/opt/ros/humble/lib:/home/ashutosh/.mujoco/mujoco210/bin'), ('HOME', '/home/ashutosh'), ('OLDPWD', '/home/ashutosh/Desktop/lidar_ws/src'), ('DESKTOP_SESSION', 'ubuntu'), ('ROS_PYTHON_VERSION', '3'), ('GNOME_SHELL_SESSION_MODE', 'ubuntu'), ('GTK_MODULES', 'gail:atk-bridge:appmenu-gtk-module'), ('SYSTEMD_EXEC_PID', '2543'), ('DBUS_SESSION_BUS_ADDRESS', 'unix:path=/run/user/1000/bus'), ('COLORTERM', 'truecolor'), ('IM_CONFIG_PHASE', '1'), ('WAYLAND_DISPLAY', 'wayland-0'), ('COLCON_PREFIX_PATH', '/home/ashutosh/Desktop/lidar_ws/install:/home/ashutosh/cognipilot/electrode/install:/home/ashutosh/task_ws/install:/home/ashutosh/cognipilot/cranium/install'), ('ROS_DISTRO', 'humble'), ('LOGNAME', 'ashutosh'), ('_', '/usr/bin/colcon'), ('ROS_VERSION', '2'), ('XDG_SESSION_CLASS', 'user'), ('USERNAME', 'ashutosh'), ('TERM', 'xterm-256color'), ('GNOME_DESKTOP_SESSION_ID', 'this-is-deprecated'), ('ROS_LOCALHOST_ONLY', '0'), ('PATH', '/home/ashutosh/Desktop/lidar_ws/install/ydlidar_sdk/bin:/home/ashutosh/cognipilot/ws/cerebri/install/bin:/opt/ros/humble/bin:/home/ashutosh/.local/bin:/home/ashutosh/bin:/usr/local/sbin:/usr/local/bin:/usr/sbin:/usr/bin:/sbin:/bin:/usr/games:/usr/local/games:/snap/bin:/snap/bin'), ('SESSION_MANAGER', 'local/ashu-ka-pc:@/tmp/.ICE-unix/2498,unix/ashu-ka-pc:/tmp/.ICE-unix/2498'), ('XDG_MENU_PREFIX', 'gnome-'), ('GNOME_TERMINAL_SCREEN', '/org/gnome/Terminal/screen/3f8a9da8_c556_4a86_84a3_a13dc8fc6b3b'), ('GNOME_SETUP_DISPLAY', ':1'), ('XDG_RUNTIME_DIR', '/run/user/1000'), ('MUJOCO_PY_MUJOCO_PATH', '/home/ashutosh/.mujoco/mujoco210'), ('DISPLAY', ':0'), ('LANG', 'en_US.UTF-8'), ('XDG_CURRENT_DESKTOP', 'ubuntu:GNOME'), ('RMW_IMPLEMENTATION', 'rmw_cyclonedds_cpp'), ('XMODIFIERS', '@im=ibus'), ('XDG_SESSION_DESKTOP', 'ubuntu'), ('XAUTHORITY', '/run/user/1000/.mutter-Xwaylandauth.OS69D3'), ('LS_COLORS', ''), ('GNOME_TERMINAL_SERVICE', ':1.225'), ('SSH_AGENT_LAUNCHER', 'gnome-keyring'), ('SSH_AUTH_SOCK', '/run/user/1000/keyring/ssh'), ('AMENT_PREFIX_PATH', '/home/ashutosh/Desktop/lidar_ws/install/ydlidar_ros2_driver:/home/ashutosh/task_ws/install/hii:/home/ashutosh/cognipilot/electrode/install/electrode:/home/ashutosh/cognipilot/cranium/install/synapse_ros:/home/ashutosh/cognipilot/cranium/install/synapse_gz:/home/ashutosh/cognipilot/cranium/install/synapse_tinyframe:/home/ashutosh/cognipilot/cranium/install/synapse_protobuf:/home/ashutosh/cognipilot/cranium/install/corti:/home/ashutosh/cognipilot/cranium/install/b3rb_ros_aim_india:/home/ashutosh/cognipilot/cranium/install/synapse_msgs:/home/ashutosh/cognipilot/cranium/install/dream_world:/home/ashutosh/cognipilot/cranium/install/cerebri_bringup:/home/ashutosh/cognipilot/cranium/install/b3rb_simulator:/home/ashutosh/cognipilot/cranium/install/b3rb_desktop:/home/ashutosh/cognipilot/cranium/install/b3rb_rviz:/home/ashutosh/cognipilot/cranium/install/b3rb_nav2:/home/ashutosh/cognipilot/cranium/install/b3rb_gz_resource:/home/ashutosh/cognipilot/cranium/install/b3rb_gz_bringup:/home/ashutosh/cognipilot/cranium/install/b3rb_description:/opt/ros/humble'), ('SHELL', '/bin/bash'), ('QT_ACCESSIBILITY', '1'), ('GDMSESSION', 'ubuntu'), ('LESSCLOSE', '/usr/bin/lesspipe %s %s'), ('CMAKE_EXPORT_COMPILE_COMMANDS', 'ON'), ('QT_IM_MODULE', 'ibus'), ('PWD', '/home/ashutosh/Desktop/lidar_ws/build/ydlidar_sdk'), ('TURTLEBOT3_MODEL', 'burger'), ('LC_ALL', 'en_US.UTF-8'), ('XDG_CONFIG_DIRS', '/etc/xdg/xdg-ubuntu:/etc/xdg'), ('XDG_DATA_DIRS', '/usr/share/ubuntu:/usr/local/share/:/usr/share/:/var/lib/snapd/desktop'), ('PYTHONPATH', '/home/ashutosh/task_ws/install/hii/lib/python3.10/site-packages:/home/ashutosh/cognipilot/cranium/install/corti/local/lib/python3.10/dist-packages:/home/ashutosh/cognipilot/cranium/install/b3rb_ros_aim_india/lib/python3.10/site-packages:/home/ashutosh/cognipilot/cranium/install/synapse_msgs/local/lib/python3.10/dist-packages:/opt/ros/humble/lib/python3.10/site-packages:/opt/ros/humble/local/lib/python3.10/dist-packages'), ('COLCON', '1'), ('VTE_VERSION', '6800'), ('CMAKE_PREFIX_PATH', '/home/ashutosh/Desktop/lidar_ws/install/ydlidar_sdk:/home/ashutosh/Desktop/lidar_ws/install/ydlidar_ros2_driver:/home/ashutosh/cognipilot/electrode/install/electrode:/home/ashutosh/cognipilot/cranium/install/synapse_ros:/home/ashutosh/cognipilot/cranium/install/synapse_gz:/home/ashutosh/cognipilot/cranium/install/synapse_tinyframe:/home/ashutosh/cognipilot/cranium/install/synapse_protobuf:/home/ashutosh/cognipilot/cranium/install/corti:/home/ashutosh/cognipilot/cranium/install/synapse_msgs:/home/ashutosh/cognipilot/cranium/install/dream_world:/home/ashutosh/cognipilot/cranium/install/cerebri_bringup:/home/ashutosh/cognipilot/cranium/install/b3rb_simulator:/home/ashutosh/cognipilot/cranium/install/b3rb_desktop:/home/ashutosh/cognipilot/cranium/install/b3rb_rviz:/home/ashutosh/cognipilot/cranium/install/b3rb_nav2:/home/ashutosh/cognipilot/cranium/install/b3rb_gz_resource:/home/ashutosh/cognipilot/cranium/install/b3rb_gz_bringup:/home/ashutosh/cognipilot/cranium/install/b3rb_description')]), 'shell': False}
[0.099446] (-) TimerEvent: {}
[0.100156] (ydlidar_ros2_driver) StdoutLine: {'line': b'[ 25%] \x1b[32mBuilding CXX object CMakeFiles/ydlidar_ros2_driver_node.dir/src/ydlidar_ros2_driver_node.cpp.o\x1b[0m\n'}
[0.101741] (ydlidar_ros2_driver) StdoutLine: {'line': b'[ 75%] Built target ydlidar_ros2_driver_client\n'}
[0.106535] (ydlidar_sdk) StdoutLine: {'line': b'[ 38%] Built target ydlidar_sdk\n'}
[0.170178] (ydlidar_sdk) StdoutLine: {'line': b'[ 47%] Built target gs_ota\n'}
[0.170741] (ydlidar_sdk) StdoutLine: {'line': b'[ 49%] Built target gs_restart\n'}
[0.170942] (ydlidar_sdk) StdoutLine: {'line': b'[ 47%] Built target et_test\n'}
[0.171510] (ydlidar_sdk) StdoutLine: {'line': b'[ 58%] Built target tmini-sh_test\n'}
[0.172023] (ydlidar_sdk) StdoutLine: {'line': b'[ 58%] Built target sdm_test\n'}
[0.172197] (ydlidar_sdk) StdoutLine: {'line': b'[ 60%] Built target gs_test\n'}
[0.172361] (ydlidar_sdk) StdoutLine: {'line': b'[ 63%] Built target scl_test\n'}
[0.172433] (ydlidar_sdk) StdoutLine: {'line': b'[ 67%] Built target tmini_test\n'}
[0.172816] (ydlidar_sdk) StdoutLine: {'line': b'[ 74%] Built target tea_test\n'}
[0.173000] (ydlidar_sdk) StdoutLine: {'line': b'[ 74%] Built target tof_test\n'}
[0.174064] (ydlidar_sdk) StdoutLine: {'line': b'[ 78%] Built target tri_restart\n'}
[0.176594] (ydlidar_sdk) StdoutLine: {'line': b'[ 85%] Built target tri_test\n'}
[0.177035] (ydlidar_sdk) StdoutLine: {'line': b'[ 85%] Built target sdm18_test\n'}
[0.180842] (ydlidar_sdk) StdoutLine: {'line': b'[ 89%] Built target gs_test2\n'}
[0.181764] (ydlidar_sdk) StdoutLine: {'line': b'[ 92%] Built target tri_and_gs_test\n'}
[0.181844] (ydlidar_sdk) StdoutLine: {'line': b'[ 96%] Built target tia_test\n'}
[0.199611] (-) TimerEvent: {}
[0.201131] (ydlidar_sdk) StdoutLine: {'line': b'[100%] Built target lidar_c_api_test\n'}
[0.219721] (ydlidar_sdk) CommandEnded: {'returncode': 0}
[0.221190] (ydlidar_sdk) JobProgress: {'identifier': 'ydlidar_sdk', 'progress': 'install'}
[0.235667] (ydlidar_sdk) Command: {'cmd': ['/usr/bin/cmake', '--install', '/home/ashutosh/Desktop/lidar_ws/build/ydlidar_sdk'], 'cwd': '/home/ashutosh/Desktop/lidar_ws/build/ydlidar_sdk', 'env': OrderedDict([('LESSOPEN', '| /usr/bin/lesspipe %s'), ('PYTHONWARNINGS', 'ignore:::setuptools.installer,ignore:::setuptools.command.install,ignore:::setuptools.command.easy_install'), ('CCACHE_TEMPDIR', '/tmp/ccache'), ('GZ_SIM_RESOURCE_PATH', '/home/ashutosh/cognipilot/cranium/install/dream_world/share/dream_world/worlds:/home/ashutosh/cognipilot/cranium/install/dream_world/share/dream_world/models:/home/ashutosh/cognipilot/cranium/install/b3rb_gz_resource/share/b3rb_gz_resource/models'), ('LANGUAGE', 'en_IN:en'), ('USER', 'ashutosh'), ('XDG_SESSION_TYPE', 'wayland'), ('SHLVL', '1'), ('LD_LIBRARY_PATH', '/home/ashutosh/cognipilot/cranium/install/synapse_tinyframe/lib:/home/ashutosh/cognipilot/cranium/install/synapse_protobuf/lib:/home/ashutosh/cognipilot/cranium/install/synapse_msgs/lib:/usr/lib/x86_64-linux-gnu/gazebo-11/plugins:/opt/ros/humble/opt/rviz_ogre_vendor/lib:/opt/ros/humble/lib/x86_64-linux-gnu:/opt/ros/humble/lib:/home/ashutosh/.mujoco/mujoco210/bin'), ('HOME', '/home/ashutosh'), ('OLDPWD', '/home/ashutosh/Desktop/lidar_ws/src'), ('DESKTOP_SESSION', 'ubuntu'), ('ROS_PYTHON_VERSION', '3'), ('GNOME_SHELL_SESSION_MODE', 'ubuntu'), ('GTK_MODULES', 'gail:atk-bridge:appmenu-gtk-module'), ('SYSTEMD_EXEC_PID', '2543'), ('DBUS_SESSION_BUS_ADDRESS', 'unix:path=/run/user/1000/bus'), ('COLORTERM', 'truecolor'), ('IM_CONFIG_PHASE', '1'), ('WAYLAND_DISPLAY', 'wayland-0'), ('COLCON_PREFIX_PATH', '/home/ashutosh/Desktop/lidar_ws/install:/home/ashutosh/cognipilot/electrode/install:/home/ashutosh/task_ws/install:/home/ashutosh/cognipilot/cranium/install'), ('ROS_DISTRO', 'humble'), ('LOGNAME', 'ashutosh'), ('_', '/usr/bin/colcon'), ('ROS_VERSION', '2'), ('XDG_SESSION_CLASS', 'user'), ('USERNAME', 'ashutosh'), ('TERM', 'xterm-256color'), ('GNOME_DESKTOP_SESSION_ID', 'this-is-deprecated'), ('ROS_LOCALHOST_ONLY', '0'), ('PATH', '/home/ashutosh/Desktop/lidar_ws/install/ydlidar_sdk/bin:/home/ashutosh/cognipilot/ws/cerebri/install/bin:/opt/ros/humble/bin:/home/ashutosh/.local/bin:/home/ashutosh/bin:/usr/local/sbin:/usr/local/bin:/usr/sbin:/usr/bin:/sbin:/bin:/usr/games:/usr/local/games:/snap/bin:/snap/bin'), ('SESSION_MANAGER', 'local/ashu-ka-pc:@/tmp/.ICE-unix/2498,unix/ashu-ka-pc:/tmp/.ICE-unix/2498'), ('XDG_MENU_PREFIX', 'gnome-'), ('GNOME_TERMINAL_SCREEN', '/org/gnome/Terminal/screen/3f8a9da8_c556_4a86_84a3_a13dc8fc6b3b'), ('GNOME_SETUP_DISPLAY', ':1'), ('XDG_RUNTIME_DIR', '/run/user/1000'), ('MUJOCO_PY_MUJOCO_PATH', '/home/ashutosh/.mujoco/mujoco210'), ('DISPLAY', ':0'), ('LANG', 'en_US.UTF-8'), ('XDG_CURRENT_DESKTOP', 'ubuntu:GNOME'), ('RMW_IMPLEMENTATION', 'rmw_cyclonedds_cpp'), ('XMODIFIERS', '@im=ibus'), ('XDG_SESSION_DESKTOP', 'ubuntu'), ('XAUTHORITY', '/run/user/1000/.mutter-Xwaylandauth.OS69D3'), ('LS_COLORS', ''), ('GNOME_TERMINAL_SERVICE', ':1.225'), ('SSH_AGENT_LAUNCHER', 'gnome-keyring'), ('SSH_AUTH_SOCK', '/run/user/1000/keyring/ssh'), ('AMENT_PREFIX_PATH', '/home/ashutosh/Desktop/lidar_ws/install/ydlidar_ros2_driver:/home/ashutosh/task_ws/install/hii:/home/ashutosh/cognipilot/electrode/install/electrode:/home/ashutosh/cognipilot/cranium/install/synapse_ros:/home/ashutosh/cognipilot/cranium/install/synapse_gz:/home/ashutosh/cognipilot/cranium/install/synapse_tinyframe:/home/ashutosh/cognipilot/cranium/install/synapse_protobuf:/home/ashutosh/cognipilot/cranium/install/corti:/home/ashutosh/cognipilot/cranium/install/b3rb_ros_aim_india:/home/ashutosh/cognipilot/cranium/install/synapse_msgs:/home/ashutosh/cognipilot/cranium/install/dream_world:/home/ashutosh/cognipilot/cranium/install/cerebri_bringup:/home/ashutosh/cognipilot/cranium/install/b3rb_simulator:/home/ashutosh/cognipilot/cranium/install/b3rb_desktop:/home/ashutosh/cognipilot/cranium/install/b3rb_rviz:/home/ashutosh/cognipilot/cranium/install/b3rb_nav2:/home/ashutosh/cognipilot/cranium/install/b3rb_gz_resource:/home/ashutosh/cognipilot/cranium/install/b3rb_gz_bringup:/home/ashutosh/cognipilot/cranium/install/b3rb_description:/opt/ros/humble'), ('SHELL', '/bin/bash'), ('QT_ACCESSIBILITY', '1'), ('GDMSESSION', 'ubuntu'), ('LESSCLOSE', '/usr/bin/lesspipe %s %s'), ('CMAKE_EXPORT_COMPILE_COMMANDS', 'ON'), ('QT_IM_MODULE', 'ibus'), ('PWD', '/home/ashutosh/Desktop/lidar_ws/build/ydlidar_sdk'), ('TURTLEBOT3_MODEL', 'burger'), ('LC_ALL', 'en_US.UTF-8'), ('XDG_CONFIG_DIRS', '/etc/xdg/xdg-ubuntu:/etc/xdg'), ('XDG_DATA_DIRS', '/usr/share/ubuntu:/usr/local/share/:/usr/share/:/var/lib/snapd/desktop'), ('PYTHONPATH', '/home/ashutosh/task_ws/install/hii/lib/python3.10/site-packages:/home/ashutosh/cognipilot/cranium/install/corti/local/lib/python3.10/dist-packages:/home/ashutosh/cognipilot/cranium/install/b3rb_ros_aim_india/lib/python3.10/site-packages:/home/ashutosh/cognipilot/cranium/install/synapse_msgs/local/lib/python3.10/dist-packages:/opt/ros/humble/lib/python3.10/site-packages:/opt/ros/humble/local/lib/python3.10/dist-packages'), ('COLCON', '1'), ('VTE_VERSION', '6800'), ('CMAKE_PREFIX_PATH', '/home/ashutosh/Desktop/lidar_ws/install/ydlidar_sdk:/home/ashutosh/Desktop/lidar_ws/install/ydlidar_ros2_driver:/home/ashutosh/cognipilot/electrode/install/electrode:/home/ashutosh/cognipilot/cranium/install/synapse_ros:/home/ashutosh/cognipilot/cranium/install/synapse_gz:/home/ashutosh/cognipilot/cranium/install/synapse_tinyframe:/home/ashutosh/cognipilot/cranium/install/synapse_protobuf:/home/ashutosh/cognipilot/cranium/install/corti:/home/ashutosh/cognipilot/cranium/install/synapse_msgs:/home/ashutosh/cognipilot/cranium/install/dream_world:/home/ashutosh/cognipilot/cranium/install/cerebri_bringup:/home/ashutosh/cognipilot/cranium/install/b3rb_simulator:/home/ashutosh/cognipilot/cranium/install/b3rb_desktop:/home/ashutosh/cognipilot/cranium/install/b3rb_rviz:/home/ashutosh/cognipilot/cranium/install/b3rb_nav2:/home/ashutosh/cognipilot/cranium/install/b3rb_gz_resource:/home/ashutosh/cognipilot/cranium/install/b3rb_gz_bringup:/home/ashutosh/cognipilot/cranium/install/b3rb_description')]), 'shell': False}
[0.246403] (ydlidar_sdk) StdoutLine: {'line': b'-- Install configuration: ""\n'}
[0.246786] (ydlidar_sdk) StdoutLine: {'line': b'-- Up-to-date: /home/ashutosh/Desktop/lidar_ws/install/ydlidar_sdk/include/core/base/datatype.h\n'}
[0.247052] (ydlidar_sdk) StdoutLine: {'line': b'-- Up-to-date: /home/ashutosh/Desktop/lidar_ws/install/ydlidar_sdk/include/core/base/locker.h\n'}
[0.247201] (ydlidar_sdk) StdoutLine: {'line': b'-- Up-to-date: /home/ashutosh/Desktop/lidar_ws/install/ydlidar_sdk/include/core/base/thread.h\n'}
[0.247329] (ydlidar_sdk) StdoutLine: {'line': b'-- Up-to-date: /home/ashutosh/Desktop/lidar_ws/install/ydlidar_sdk/include/core/base/timer.h\n'}
[0.247454] (ydlidar_sdk) StdoutLine: {'line': b'-- Up-to-date: /home/ashutosh/Desktop/lidar_ws/install/ydlidar_sdk/include/core/base/typedef.h\n'}
[0.247583] (ydlidar_sdk) StdoutLine: {'line': b'-- Up-to-date: /home/ashutosh/Desktop/lidar_ws/install/ydlidar_sdk/include/core/base/utils.h\n'}
[0.247710] (ydlidar_sdk) StdoutLine: {'line': b'-- Up-to-date: /home/ashutosh/Desktop/lidar_ws/install/ydlidar_sdk/include/core/base/v8stdint.h\n'}
[0.247838] (ydlidar_sdk) StdoutLine: {'line': b'-- Up-to-date: /home/ashutosh/Desktop/lidar_ws/install/ydlidar_sdk/include/core/base/ydlidar.h\n'}
[0.248129] (ydlidar_sdk) StdoutLine: {'line': b'-- Up-to-date: /home/ashutosh/Desktop/lidar_ws/install/ydlidar_sdk/include/core/common/ChannelDevice.h\n'}
[0.248308] (ydlidar_sdk) StdoutLine: {'line': b'-- Up-to-date: /home/ashutosh/Desktop/lidar_ws/install/ydlidar_sdk/include/core/common/DriverInterface.h\n'}
[0.248444] (ydlidar_sdk) StdoutLine: {'line': b'-- Up-to-date: /home/ashutosh/Desktop/lidar_ws/install/ydlidar_sdk/include/core/common/ydlidar_datatype.h\n'}
[0.248584] (ydlidar_sdk) StdoutLine: {'line': b'-- Up-to-date: /home/ashutosh/Desktop/lidar_ws/install/ydlidar_sdk/include/core/common/ydlidar_def.h\n'}
[0.248717] (ydlidar_sdk) StdoutLine: {'line': b'-- Up-to-date: /home/ashutosh/Desktop/lidar_ws/install/ydlidar_sdk/include/core/common/ydlidar_help.h\n'}
[0.248917] (ydlidar_sdk) StdoutLine: {'line': b'-- Up-to-date: /home/ashutosh/Desktop/lidar_ws/install/ydlidar_sdk/include/core/common/ydlidar_protocol.h\n'}
[0.249115] (ydlidar_sdk) StdoutLine: {'line': b'-- Up-to-date: /home/ashutosh/Desktop/lidar_ws/install/ydlidar_sdk/include/core/json/cJSON.h\n'}
[0.249253] (ydlidar_sdk) StdoutLine: {'line': b'-- Up-to-date: /home/ashutosh/Desktop/lidar_ws/install/ydlidar_sdk/include/core/math/angles.h\n'}
[0.249389] (ydlidar_sdk) StdoutLine: {'line': b'-- Up-to-date: /home/ashutosh/Desktop/lidar_ws/install/ydlidar_sdk/include/core/network/ActiveSocket.h\n'}
[0.249462] (ydlidar_sdk) StdoutLine: {'line': b'-- Up-to-date: /home/ashutosh/Desktop/lidar_ws/install/ydlidar_sdk/include/core/network/PassiveSocket.h\n'}
[0.249531] (ydlidar_sdk) StdoutLine: {'line': b'-- Up-to-date: /home/ashutosh/Desktop/lidar_ws/install/ydlidar_sdk/include/core/network/SimpleSocket.h\n'}
[0.249604] (ydlidar_sdk) StdoutLine: {'line': b'-- Up-to-date: /home/ashutosh/Desktop/lidar_ws/install/ydlidar_sdk/include/core/network/StatTimer.h\n'}
[0.249698] (ydlidar_sdk) StdoutLine: {'line': b'-- Up-to-date: /home/ashutosh/Desktop/lidar_ws/install/ydlidar_sdk/include/core/serial/common.h\n'}
[0.249777] (ydlidar_sdk) StdoutLine: {'line': b'-- Up-to-date: /home/ashutosh/Desktop/lidar_ws/install/ydlidar_sdk/include/core/serial/serial.h\n'}
[0.249845] (ydlidar_sdk) StdoutLine: {'line': b'-- Up-to-date: /home/ashutosh/Desktop/lidar_ws/install/ydlidar_sdk/include/core/serial/impl/unix/lock.h\n'}
[0.249920] (ydlidar_sdk) StdoutLine: {'line': b'-- Up-to-date: /home/ashutosh/Desktop/lidar_ws/install/ydlidar_sdk/include/core/serial/impl/unix/unix.h\n'}
[0.250005] (ydlidar_sdk) StdoutLine: {'line': b'-- Up-to-date: /home/ashutosh/Desktop/lidar_ws/install/ydlidar_sdk/include/core/serial/impl/unix/unix_serial.h\n'}
[0.250065] (ydlidar_sdk) StdoutLine: {'line': b'-- Up-to-date: /home/ashutosh/Desktop/lidar_ws/install/ydlidar_sdk/include/src/CYdLidar.h\n'}
[0.250152] (ydlidar_sdk) StdoutLine: {'line': b'-- Up-to-date: /home/ashutosh/Desktop/lidar_ws/install/ydlidar_sdk/include/src/DTSLidarDriver.h\n'}
[0.250235] (ydlidar_sdk) StdoutLine: {'line': b'-- Up-to-date: /home/ashutosh/Desktop/lidar_ws/install/ydlidar_sdk/include/src/ETLidarDriver.h\n'}
[0.250304] (ydlidar_sdk) StdoutLine: {'line': b'-- Up-to-date: /home/ashutosh/Desktop/lidar_ws/install/ydlidar_sdk/include/src/GSLidarDriver.h\n'}
[0.250376] (ydlidar_sdk) StdoutLine: {'line': b'-- Up-to-date: /home/ashutosh/Desktop/lidar_ws/install/ydlidar_sdk/include/src/SDMLidarDriver.h\n'}
[0.250440] (ydlidar_sdk) StdoutLine: {'line': b'-- Up-to-date: /home/ashutosh/Desktop/lidar_ws/install/ydlidar_sdk/include/src/TiaLidarDriver.h\n'}
[0.250511] (ydlidar_sdk) StdoutLine: {'line': b'-- Up-to-date: /home/ashutosh/Desktop/lidar_ws/install/ydlidar_sdk/include/src/YDlidarDriver.h\n'}
[0.250606] (ydlidar_sdk) StdoutLine: {'line': b'-- Up-to-date: /home/ashutosh/Desktop/lidar_ws/install/ydlidar_sdk/include/src/ydlidar_sdk.h\n'}
[0.250677] (ydlidar_sdk) StdoutLine: {'line': b'-- Up-to-date: /home/ashutosh/Desktop/lidar_ws/install/ydlidar_sdk/include/src/filters/FilterInterface.h\n'}
[0.250760] (ydlidar_sdk) StdoutLine: {'line': b'-- Up-to-date: /home/ashutosh/Desktop/lidar_ws/install/ydlidar_sdk/include/src/filters/NoiseFilter.h\n'}
[0.250829] (ydlidar_sdk) StdoutLine: {'line': b'-- Up-to-date: /home/ashutosh/Desktop/lidar_ws/install/ydlidar_sdk/include/src/filters/StrongLightFilter.h\n'}
[0.250915] (ydlidar_sdk) StdoutLine: {'line': b'-- Up-to-date: /home/ashutosh/Desktop/lidar_ws/install/ydlidar_sdk/include/ydlidar_config.h\n'}
[0.250979] (ydlidar_sdk) StdoutLine: {'line': b'-- Up-to-date: /home/ashutosh/Desktop/lidar_ws/install/ydlidar_sdk/lib/libydlidar_sdk.a\n'}
[0.251030] (ydlidar_sdk) StdoutLine: {'line': b'-- Up-to-date: /home/ashutosh/Desktop/lidar_ws/install/ydlidar_sdk/lib/pkgconfig/YDLIDAR_SDK.pc\n'}
[0.251082] (ydlidar_sdk) StdoutLine: {'line': b'-- Up-to-date: /home/ashutosh/Desktop/lidar_ws/install/ydlidar_sdk/lib/cmake/ydlidar_sdk/ydlidar_sdkConfig.cmake\n'}
[0.251133] (ydlidar_sdk) StdoutLine: {'line': b'-- Up-to-date: /home/ashutosh/Desktop/lidar_ws/install/ydlidar_sdk/lib/cmake/ydlidar_sdk/ydlidar_sdkTargets.cmake\n'}
[0.251184] (ydlidar_sdk) StdoutLine: {'line': b'-- Up-to-date: /home/ashutosh/Desktop/lidar_ws/install/ydlidar_sdk/lib/cmake/ydlidar_sdk/ydlidar_sdkConfigVersion.cmake\n'}
[0.251239] (ydlidar_sdk) StdoutLine: {'line': b'-- Up-to-date: /home/ashutosh/Desktop/lidar_ws/install/ydlidar_sdk/share/YDLIDAR_SDK/FindYDLIDAR_SDK.cmake\n'}
[0.251291] (ydlidar_sdk) StdoutLine: {'line': b'-- Up-to-date: /home/ashutosh/Desktop/lidar_ws/install/ydlidar_sdk/share/YDLIDAR_SDK\n'}
[0.251342] (ydlidar_sdk) StdoutLine: {'line': b'-- Up-to-date: /home/ashutosh/Desktop/lidar_ws/install/ydlidar_sdk/share/YDLIDAR_SDK/PkgConfig.pc.in\n'}
[0.251396] (ydlidar_sdk) StdoutLine: {'line': b'-- Up-to-date: /home/ashutosh/Desktop/lidar_ws/install/ydlidar_sdk/share/YDLIDAR_SDK/FindPackage.cmake.in\n'}
[0.251447] (ydlidar_sdk) StdoutLine: {'line': b'-- Up-to-date: /home/ashutosh/Desktop/lidar_ws/install/ydlidar_sdk/share/YDLIDAR_SDK/script_show_final_summary.cmake\n'}
[0.251498] (ydlidar_sdk) StdoutLine: {'line': b'-- Up-to-date: /home/ashutosh/Desktop/lidar_ws/install/ydlidar_sdk/share/YDLIDAR_SDK/PackageConfig.cmake.in\n'}
[0.251557] (ydlidar_sdk) StdoutLine: {'line': b'-- Up-to-date: /home/ashutosh/Desktop/lidar_ws/install/ydlidar_sdk/share/YDLIDAR_SDK/install_package.cmake\n'}
[0.251610] (ydlidar_sdk) StdoutLine: {'line': b'-- Up-to-date: /home/ashutosh/Desktop/lidar_ws/install/ydlidar_sdk/share/YDLIDAR_SDK/cmake_uninstall.cmake.in\n'}
[0.251660] (ydlidar_sdk) StdoutLine: {'line': b'-- Up-to-date: /home/ashutosh/Desktop/lidar_ws/install/ydlidar_sdk/share/YDLIDAR_SDK/common\n'}
[0.251713] (ydlidar_sdk) StdoutLine: {'line': b'-- Up-to-date: /home/ashutosh/Desktop/lidar_ws/install/ydlidar_sdk/share/YDLIDAR_SDK/common/ydlidar_base.cmake\n'}
[0.251763] (ydlidar_sdk) StdoutLine: {'line': b'-- Up-to-date: /home/ashutosh/Desktop/lidar_ws/install/ydlidar_sdk/share/YDLIDAR_SDK/common/ydlidar_parse.cmake\n'}
[0.251815] (ydlidar_sdk) StdoutLine: {'line': b'-- Up-to-date: /home/ashutosh/Desktop/lidar_ws/install/ydlidar_sdk/share/YDLIDAR_SDK/PackageConfigVersion.cmake.in\n'}
[0.251867] (ydlidar_sdk) StdoutLine: {'line': b'-- Up-to-date: /home/ashutosh/Desktop/lidar_ws/install/ydlidar_sdk/share/YDLIDAR_SDK/LICENSE.txt\n'}
[0.251934] (ydlidar_sdk) StdoutLine: {'line': b'-- Up-to-date: /home/ashutosh/Desktop/lidar_ws/install/ydlidar_sdk/share/YDLIDAR_SDK/README.md\n'}
[0.251989] (ydlidar_sdk) StdoutLine: {'line': b'-- Up-to-date: /home/ashutosh/Desktop/lidar_ws/install/ydlidar_sdk/share/YDLIDAR_SDK/doc\n'}
[0.252040] (ydlidar_sdk) StdoutLine: {'line': b'-- Up-to-date: /home/ashutosh/Desktop/lidar_ws/install/ydlidar_sdk/share/YDLIDAR_SDK/doc/YDLidar-SDK-Communication-Protocol.html\n'}
[0.252091] (ydlidar_sdk) StdoutLine: {'line': b'-- Up-to-date: /home/ashutosh/Desktop/lidar_ws/install/ydlidar_sdk/share/YDLIDAR_SDK/doc/quickstart\n'}
[0.252143] (ydlidar_sdk) StdoutLine: {'line': b'-- Up-to-date: /home/ashutosh/Desktop/lidar_ws/install/ydlidar_sdk/share/YDLIDAR_SDK/doc/quickstart/ydlidar_sdk_software_installation_guide.md\n'}
[0.252206] (ydlidar_sdk) StdoutLine: {'line': b'-- Up-to-date: /home/ashutosh/Desktop/lidar_ws/install/ydlidar_sdk/share/YDLIDAR_SDK/doc/quickstart/README.md\n'}
[0.252259] (ydlidar_sdk) StdoutLine: {'line': b'-- Up-to-date: /home/ashutosh/Desktop/lidar_ws/install/ydlidar_sdk/share/YDLIDAR_SDK/doc/Diagram.md\n'}
[0.252311] (ydlidar_sdk) StdoutLine: {'line': b'-- Up-to-date: /home/ashutosh/Desktop/lidar_ws/install/ydlidar_sdk/share/YDLIDAR_SDK/doc/YDLIDAR_SDK_API_for_Developers.md\n'}
[0.252401] (ydlidar_sdk) StdoutLine: {'line': b'-- Up-to-date: /home/ashutosh/Desktop/lidar_ws/install/ydlidar_sdk/share/YDLIDAR_SDK/doc/FAQs\n'}
[0.252457] (ydlidar_sdk) StdoutLine: {'line': b'-- Up-to-date: /home/ashutosh/Desktop/lidar_ws/install/ydlidar_sdk/share/YDLIDAR_SDK/doc/FAQs/Software_FAQs_cn.md\n'}
[0.252513] (ydlidar_sdk) StdoutLine: {'line': b'-- Up-to-date: /home/ashutosh/Desktop/lidar_ws/install/ydlidar_sdk/share/YDLIDAR_SDK/doc/FAQs/General_FAQs.md\n'}
[0.252591] (ydlidar_sdk) StdoutLine: {'line': b'-- Up-to-date: /home/ashutosh/Desktop/lidar_ws/install/ydlidar_sdk/share/YDLIDAR_SDK/doc/FAQs/Hardware_FAQs_cn.md\n'}
[0.252643] (ydlidar_sdk) StdoutLine: {'line': b'-- Up-to-date: /home/ashutosh/Desktop/lidar_ws/install/ydlidar_sdk/share/YDLIDAR_SDK/doc/FAQs/Hardware_FAQs.md\n'}
[0.252700] (ydlidar_sdk) StdoutLine: {'line': b'-- Up-to-date: /home/ashutosh/Desktop/lidar_ws/install/ydlidar_sdk/share/YDLIDAR_SDK/doc/FAQs/Software_FAQs.md\n'}
[0.252785] (ydlidar_sdk) StdoutLine: {'line': b'-- Up-to-date: /home/ashutosh/Desktop/lidar_ws/install/ydlidar_sdk/share/YDLIDAR_SDK/doc/FAQs/General_FAQs_cn.md\n'}
[0.252837] (ydlidar_sdk) StdoutLine: {'line': b'-- Up-to-date: /home/ashutosh/Desktop/lidar_ws/install/ydlidar_sdk/share/YDLIDAR_SDK/doc/FAQs/README.md\n'}
[0.252923] (ydlidar_sdk) StdoutLine: {'line': b'-- Up-to-date: /home/ashutosh/Desktop/lidar_ws/install/ydlidar_sdk/share/YDLIDAR_SDK/doc/Dataset.md\n'}
[0.252985] (ydlidar_sdk) StdoutLine: {'line': b'-- Up-to-date: /home/ashutosh/Desktop/lidar_ws/install/ydlidar_sdk/share/YDLIDAR_SDK/doc/images\n'}
[0.253046] (ydlidar_sdk) StdoutLine: {'line': b'-- Up-to-date: /home/ashutosh/Desktop/lidar_ws/install/ydlidar_sdk/share/YDLIDAR_SDK/doc/images/communication_mechanism.png\n'}
[0.253112] (ydlidar_sdk) StdoutLine: {'line': b'-- Up-to-date: /home/ashutosh/Desktop/lidar_ws/install/ydlidar_sdk/share/YDLIDAR_SDK/doc/images/EAI.png\n'}
[0.253165] (ydlidar_sdk) StdoutLine: {'line': b'-- Up-to-date: /home/ashutosh/Desktop/lidar_ws/install/ydlidar_sdk/share/YDLIDAR_SDK/doc/images/YDLidar.png\n'}
[0.253217] (ydlidar_sdk) StdoutLine: {'line': b'-- Up-to-date: /home/ashutosh/Desktop/lidar_ws/install/ydlidar_sdk/share/YDLIDAR_SDK/doc/images/system_workflow.png\n'}
[0.253268] (ydlidar_sdk) StdoutLine: {'line': b'-- Up-to-date: /home/ashutosh/Desktop/lidar_ws/install/ydlidar_sdk/share/YDLIDAR_SDK/doc/images/frame.png\n'}
[0.253321] (ydlidar_sdk) StdoutLine: {'line': b'-- Up-to-date: /home/ashutosh/Desktop/lidar_ws/install/ydlidar_sdk/share/YDLIDAR_SDK/doc/images/YDLidar.jpg\n'}
[0.253407] (ydlidar_sdk) StdoutLine: {'line': b'-- Up-to-date: /home/ashutosh/Desktop/lidar_ws/install/ydlidar_sdk/share/YDLIDAR_SDK/doc/images/angle_q2.png\n'}
[0.253462] (ydlidar_sdk) StdoutLine: {'line': b'-- Up-to-date: /home/ashutosh/Desktop/lidar_ws/install/ydlidar_sdk/share/YDLIDAR_SDK/doc/images/sdk_init.png\n'}
[0.253517] (ydlidar_sdk) StdoutLine: {'line': b'-- Up-to-date: /home/ashutosh/Desktop/lidar_ws/install/ydlidar_sdk/share/YDLIDAR_SDK/doc/images/FlowChart.png\n'}
[0.253604] (ydlidar_sdk) StdoutLine: {'line': b'-- Up-to-date: /home/ashutosh/Desktop/lidar_ws/install/ydlidar_sdk/share/YDLIDAR_SDK/doc/images/sequence.png\n'}
[0.253664] (ydlidar_sdk) StdoutLine: {'line': b'-- Up-to-date: /home/ashutosh/Desktop/lidar_ws/install/ydlidar_sdk/share/YDLIDAR_SDK/doc/images/sdk_scanning.png\n'}
[0.253720] (ydlidar_sdk) StdoutLine: {'line': b'-- Up-to-date: /home/ashutosh/Desktop/lidar_ws/install/ydlidar_sdk/share/YDLIDAR_SDK/doc/images/sdk_architecture.png\n'}
[0.253790] (ydlidar_sdk) StdoutLine: {'line': b'-- Up-to-date: /home/ashutosh/Desktop/lidar_ws/install/ydlidar_sdk/share/YDLIDAR_SDK/doc/images/frame_intensity.png\n'}
[0.253842] (ydlidar_sdk) StdoutLine: {'line': b'-- Up-to-date: /home/ashutosh/Desktop/lidar_ws/install/ydlidar_sdk/share/YDLIDAR_SDK/doc/Tutorials.md\n'}
[0.253912] (ydlidar_sdk) StdoutLine: {'line': b'-- Up-to-date: /home/ashutosh/Desktop/lidar_ws/install/ydlidar_sdk/share/YDLIDAR_SDK/doc/YDLidar-SDK-Communication-Protocol.md\n'}
[0.254022] (ydlidar_sdk) StdoutLine: {'line': b'-- Up-to-date: /home/ashutosh/Desktop/lidar_ws/install/ydlidar_sdk/share/YDLIDAR_SDK/doc/tutorials\n'}
[0.254080] (ydlidar_sdk) StdoutLine: {'line': b'-- Up-to-date: /home/ashutosh/Desktop/lidar_ws/install/ydlidar_sdk/share/YDLIDAR_SDK/doc/tutorials/writing_lidar_tutorial_python.md\n'}
[0.254139] (ydlidar_sdk) StdoutLine: {'line': b'-- Up-to-date: /home/ashutosh/Desktop/lidar_ws/install/ydlidar_sdk/share/YDLIDAR_SDK/doc/tutorials/writing_lidar_tutorial_c++.md\n'}
[0.254197] (ydlidar_sdk) StdoutLine: {'line': b'-- Up-to-date: /home/ashutosh/Desktop/lidar_ws/install/ydlidar_sdk/share/YDLIDAR_SDK/doc/tutorials/writing_lidar_tutorial_c.md\n'}
[0.254255] (ydlidar_sdk) StdoutLine: {'line': b'-- Up-to-date: /home/ashutosh/Desktop/lidar_ws/install/ydlidar_sdk/share/YDLIDAR_SDK/doc/tutorials/examine_the_simple_lidar_tutorial.md\n'}
[0.254354] (ydlidar_sdk) StdoutLine: {'line': b'-- Up-to-date: /home/ashutosh/Desktop/lidar_ws/install/ydlidar_sdk/share/YDLIDAR_SDK/doc/tutorials/writing_lidar_network_adapter_tutorial_c++.md\n'}
[0.254426] (ydlidar_sdk) StdoutLine: {'line': b'-- Up-to-date: /home/ashutosh/Desktop/lidar_ws/install/ydlidar_sdk/share/YDLIDAR_SDK/doc/howto\n'}
[0.254490] (ydlidar_sdk) StdoutLine: {'line': b'-- Up-to-date: /home/ashutosh/Desktop/lidar_ws/install/ydlidar_sdk/share/YDLIDAR_SDK/doc/howto/how_to_create_a_udev_rules.md\n'}
[0.254553] (ydlidar_sdk) StdoutLine: {'line': b'-- Up-to-date: /home/ashutosh/Desktop/lidar_ws/install/ydlidar_sdk/share/YDLIDAR_SDK/doc/howto/how_to_solve_slow_pull_from_cn.md\n'}
[0.254632] (ydlidar_sdk) StdoutLine: {'line': b'-- Up-to-date: /home/ashutosh/Desktop/lidar_ws/install/ydlidar_sdk/share/YDLIDAR_SDK/doc/howto/how_to_build_and_install.md\n'}
[0.254693] (ydlidar_sdk) StdoutLine: {'line': b'-- Up-to-date: /home/ashutosh/Desktop/lidar_ws/install/ydlidar_sdk/share/YDLIDAR_SDK/doc/howto/images\n'}
[0.254753] (ydlidar_sdk) StdoutLine: {'line': b'-- Up-to-date: /home/ashutosh/Desktop/lidar_ws/install/ydlidar_sdk/share/YDLIDAR_SDK/doc/howto/images/ydlidar_lidar_monitor.png\n'}
[0.254828] (ydlidar_sdk) StdoutLine: {'line': b'-- Up-to-date: /home/ashutosh/Desktop/lidar_ws/install/ydlidar_sdk/share/YDLIDAR_SDK/doc/howto/images/csharp_running.png\n'}
[0.254881] (ydlidar_sdk) StdoutLine: {'line': b'-- Up-to-date: /home/ashutosh/Desktop/lidar_ws/install/ydlidar_sdk/share/YDLIDAR_SDK/doc/howto/images/vscode\n'}
[0.254971] (ydlidar_sdk) StdoutLine: {'line': b'-- Up-to-date: /home/ashutosh/Desktop/lidar_ws/install/ydlidar_sdk/share/YDLIDAR_SDK/doc/howto/images/vscode/run_tasks.jpg\n'}
[0.255028] (ydlidar_sdk) StdoutLine: {'line': b'-- Up-to-date: /home/ashutosh/Desktop/lidar_ws/install/ydlidar_sdk/share/YDLIDAR_SDK/doc/howto/images/vscode/tasks.png\n'}
[0.255081] (ydlidar_sdk) StdoutLine: {'line': b'-- Up-to-date: /home/ashutosh/Desktop/lidar_ws/install/ydlidar_sdk/share/YDLIDAR_SDK/doc/howto/images/csharp_build.png\n'}
[0.255150] (ydlidar_sdk) StdoutLine: {'line': b'-- Up-to-date: /home/ashutosh/Desktop/lidar_ws/install/ydlidar_sdk/share/YDLIDAR_SDK/doc/howto/images/ttyUSB1.png\n'}
[0.255212] (ydlidar_sdk) StdoutLine: {'line': b'-- Up-to-date: /home/ashutosh/Desktop/lidar_ws/install/ydlidar_sdk/share/YDLIDAR_SDK/doc/howto/images/csharp_library.png\n'}
[0.255272] (ydlidar_sdk) StdoutLine: {'line': b'-- Up-to-date: /home/ashutosh/Desktop/lidar_ws/install/ydlidar_sdk/share/YDLIDAR_SDK/doc/howto/images/ttyUSB0.png\n'}
[0.255331] (ydlidar_sdk) StdoutLine: {'line': b'-- Up-to-date: /home/ashutosh/Desktop/lidar_ws/install/ydlidar_sdk/share/YDLIDAR_SDK/doc/howto/images/sdk_init.png\n'}
[0.255399] (ydlidar_sdk) StdoutLine: {'line': b'-- Up-to-date: /home/ashutosh/Desktop/lidar_ws/install/ydlidar_sdk/share/YDLIDAR_SDK/doc/howto/images/csharp_exception.png\n'}
[0.255487] (ydlidar_sdk) StdoutLine: {'line': b'-- Up-to-date: /home/ashutosh/Desktop/lidar_ws/install/ydlidar_sdk/share/YDLIDAR_SDK/doc/howto/images/cpack.png\n'}
[0.255541] (ydlidar_sdk) StdoutLine: {'line': b'-- Up-to-date: /home/ashutosh/Desktop/lidar_ws/install/ydlidar_sdk/share/YDLIDAR_SDK/doc/howto/images/sequence.png\n'}
[0.255592] (ydlidar_sdk) StdoutLine: {'line': b'-- Up-to-date: /home/ashutosh/Desktop/lidar_ws/install/ydlidar_sdk/share/YDLIDAR_SDK/doc/howto/images/sdk_scanning.png\n'}
[0.255644] (ydlidar_sdk) StdoutLine: {'line': b'-- Up-to-date: /home/ashutosh/Desktop/lidar_ws/install/ydlidar_sdk/share/YDLIDAR_SDK/doc/howto/images/csharp_project.png\n'}
[0.255696] (ydlidar_sdk) StdoutLine: {'line': b'-- Up-to-date: /home/ashutosh/Desktop/lidar_ws/install/ydlidar_sdk/share/YDLIDAR_SDK/doc/howto/how_to_create_a_pull.md\n'}
[0.255748] (ydlidar_sdk) StdoutLine: {'line': b'-- Up-to-date: /home/ashutosh/Desktop/lidar_ws/install/ydlidar_sdk/share/YDLIDAR_SDK/doc/howto/how_to_build_and_debug_using_vscode.md\n'}
[0.255800] (ydlidar_sdk) StdoutLine: {'line': b'-- Up-to-date: /home/ashutosh/Desktop/lidar_ws/install/ydlidar_sdk/share/YDLIDAR_SDK/doc/howto/how_to_create_a_csharp_project.md\n'}
[0.255852] (ydlidar_sdk) StdoutLine: {'line': b'-- Up-to-date: /home/ashutosh/Desktop/lidar_ws/install/ydlidar_sdk/share/YDLIDAR_SDK/doc/howto/README.md\n'}
[0.255913] (ydlidar_sdk) StdoutLine: {'line': b'-- Up-to-date: /home/ashutosh/Desktop/lidar_ws/install/ydlidar_sdk/share/YDLIDAR_SDK/doc/howto/how_to_gerenrate_vs_project_by_cmake.md\n'}
[0.255974] (ydlidar_sdk) StdoutLine: {'line': b'-- Up-to-date: /home/ashutosh/Desktop/lidar_ws/install/ydlidar_sdk/share/YDLIDAR_SDK/doc/YDLidar-SDK-Communication-Protocol.pdf\n'}
[0.256029] (ydlidar_sdk) StdoutLine: {'line': b'-- Up-to-date: /home/ashutosh/Desktop/lidar_ws/install/ydlidar_sdk/share/YDLIDAR_SDK/doc/YDLidar_SDK_Communication_Protocol.pdf\n'}
[0.256079] (ydlidar_sdk) StdoutLine: {'line': b'-- Up-to-date: /home/ashutosh/Desktop/lidar_ws/install/ydlidar_sdk/share/YDLIDAR_SDK/doc/README.md\n'}
[0.256141] (ydlidar_sdk) StdoutLine: {'line': b'-- Up-to-date: /home/ashutosh/Desktop/lidar_ws/install/ydlidar_sdk/share/YDLIDAR_SDK/doc/SDK.pdf\n'}
[0.256194] (ydlidar_sdk) StdoutLine: {'line': b'-- Up-to-date: /home/ashutosh/Desktop/lidar_ws/install/ydlidar_sdk/startup/initenv.sh\n'}
[0.256246] (ydlidar_sdk) StdoutLine: {'line': b'-- Up-to-date: /home/ashutosh/Desktop/lidar_ws/install/ydlidar_sdk/bin/et_test\n'}
[0.256300] (ydlidar_sdk) StdoutLine: {'line': b'-- Up-to-date: /home/ashutosh/Desktop/lidar_ws/install/ydlidar_sdk/bin/gs_ota\n'}
[0.256352] (ydlidar_sdk) StdoutLine: {'line': b'-- Up-to-date: /home/ashutosh/Desktop/lidar_ws/install/ydlidar_sdk/bin/gs_restart\n'}
[0.256401] (ydlidar_sdk) StdoutLine: {'line': b'-- Up-to-date: /home/ashutosh/Desktop/lidar_ws/install/ydlidar_sdk/bin/gs_test\n'}
[0.256454] (ydlidar_sdk) StdoutLine: {'line': b'-- Up-to-date: /home/ashutosh/Desktop/lidar_ws/install/ydlidar_sdk/bin/gs_test2\n'}
[0.256507] (ydlidar_sdk) StdoutLine: {'line': b'-- Up-to-date: /home/ashutosh/Desktop/lidar_ws/install/ydlidar_sdk/bin/scl_test\n'}
[0.256557] (ydlidar_sdk) StdoutLine: {'line': b'-- Up-to-date: /home/ashutosh/Desktop/lidar_ws/install/ydlidar_sdk/bin/sdm18_test\n'}
[0.256619] (ydlidar_sdk) StdoutLine: {'line': b'-- Up-to-date: /home/ashutosh/Desktop/lidar_ws/install/ydlidar_sdk/bin/sdm_test\n'}
[0.256669] (ydlidar_sdk) StdoutLine: {'line': b'-- Up-to-date: /home/ashutosh/Desktop/lidar_ws/install/ydlidar_sdk/bin/tea_test\n'}
[0.256720] (ydlidar_sdk) StdoutLine: {'line': b'-- Up-to-date: /home/ashutosh/Desktop/lidar_ws/install/ydlidar_sdk/bin/tia_test\n'}
[0.256772] (ydlidar_sdk) StdoutLine: {'line': b'-- Up-to-date: /home/ashutosh/Desktop/lidar_ws/install/ydlidar_sdk/bin/tmini-sh_test\n'}
[0.256825] (ydlidar_sdk) StdoutLine: {'line': b'-- Up-to-date: /home/ashutosh/Desktop/lidar_ws/install/ydlidar_sdk/bin/tmini_test\n'}
[0.256876] (ydlidar_sdk) StdoutLine: {'line': b'-- Up-to-date: /home/ashutosh/Desktop/lidar_ws/install/ydlidar_sdk/bin/tof_test\n'}
[0.256949] (ydlidar_sdk) StdoutLine: {'line': b'-- Up-to-date: /home/ashutosh/Desktop/lidar_ws/install/ydlidar_sdk/bin/tri_and_gs_test\n'}
[0.257003] (ydlidar_sdk) StdoutLine: {'line': b'-- Up-to-date: /home/ashutosh/Desktop/lidar_ws/install/ydlidar_sdk/bin/tri_restart\n'}
[0.257054] (ydlidar_sdk) StdoutLine: {'line': b'-- Up-to-date: /home/ashutosh/Desktop/lidar_ws/install/ydlidar_sdk/bin/tri_test\n'}
[0.257105] (ydlidar_sdk) StdoutLine: {'line': b'-- Up-to-date: /home/ashutosh/Desktop/lidar_ws/install/ydlidar_sdk/bin/lidar_c_api_test\n'}
[0.258539] (ydlidar_sdk) CommandEnded: {'returncode': 0}
[0.271294] (ydlidar_sdk) JobEnded: {'identifier': 'ydlidar_sdk', 'rc': 0}
[0.299781] (-) TimerEvent: {}
[0.400327] (-) TimerEvent: {}
[0.500778] (-) TimerEvent: {}
[0.601231] (-) TimerEvent: {}
[0.701788] (-) TimerEvent: {}
[0.802234] (-) TimerEvent: {}
[0.902741] (-) TimerEvent: {}
[1.003155] (-) TimerEvent: {}
[1.103591] (-) TimerEvent: {}
[1.204037] (-) TimerEvent: {}
[1.304495] (-) TimerEvent: {}
[1.404975] (-) TimerEvent: {}
[1.505349] (-) TimerEvent: {}
[1.605724] (-) TimerEvent: {}
[1.706119] (-) TimerEvent: {}
[1.806514] (-) TimerEvent: {}
[1.906960] (-) TimerEvent: {}
[2.007326] (-) TimerEvent: {}
[2.107745] (-) TimerEvent: {}
[2.164207] (ydlidar_ros2_driver) StderrLine: {'line': b'\x1b[01m\x1b[K/home/ashutosh/Desktop/lidar_ws/src/ydlidar_ros2_driver/src/ydlidar_ros2_driver_node.cpp:\x1b[m\x1b[K In lambda function:\n'}
[2.164519] (ydlidar_ros2_driver) StderrLine: {'line': b'\x1b[01m\x1b[K/home/ashutosh/Desktop/lidar_ws/src/ydlidar_ros2_driver/src/ydlidar_ros2_driver_node.cpp:166:54:\x1b[m\x1b[K \x1b[01;35m\x1b[Kwarning: \x1b[m\x1b[Kunused parameter \xe2\x80\x98\x1b[01m\x1b[Krequest_header\x1b[m\x1b[K\xe2\x80\x99 [\x1b[01;35m\x1b[K\x1b]8;;https://gcc.gnu.org/onlinedocs/gcc/Warning-Options.html#index-Wunused-parameter\x07-Wunused-parameter\x1b]8;;\x07\x1b[m\x1b[K]\n'}
[2.164666] (ydlidar_ros2_driver) StderrLine: {'line': b'  166 |     [&laser](\x1b[01;35m\x1b[Kconst std::shared_ptr<rmw_request_id_t> request_header\x1b[m\x1b[K,\n'}
[2.164816] (ydlidar_ros2_driver) StderrLine: {'line': b'      |              \x1b[01;35m\x1b[K~~~~~~~~~~~~~~~~~~~~~~~~~~~~~~~~~~~~~~~~^~~~~~~~~~~~~~\x1b[m\x1b[K\n'}
[2.164972] (ydlidar_ros2_driver) StderrLine: {'line': b'\x1b[01m\x1b[K/home/ashutosh/Desktop/lidar_ws/src/ydlidar_ros2_driver/src/ydlidar_ros2_driver_node.cpp:167:67:\x1b[m\x1b[K \x1b[01;35m\x1b[Kwarning: \x1b[m\x1b[Kunused parameter \xe2\x80\x98\x1b[01m\x1b[Kreq\x1b[m\x1b[K\xe2\x80\x99 [\x1b[01;35m\x1b[K\x1b]8;;https://gcc.gnu.org/onlinedocs/gcc/Warning-Options.html#index-Wunused-parameter\x07-Wunused-parameter\x1b]8;;\x07\x1b[m\x1b[K]\n'}
[2.165117] (ydlidar_ros2_driver) StderrLine: {'line': b'  167 |              \x1b[01;35m\x1b[Kconst std::shared_ptr<std_srvs::srv::Empty::Request> req\x1b[m\x1b[K,\n'}
[2.165245] (ydlidar_ros2_driver) StderrLine: {'line': b'      |              \x1b[01;35m\x1b[K~~~~~~~~~~~~~~~~~~~~~~~~~~~~~~~~~~~~~~~~~~~~~~~~~~~~~^~~\x1b[m\x1b[K\n'}
[2.165370] (ydlidar_ros2_driver) StderrLine: {'line': b'\x1b[01m\x1b[K/home/ashutosh/Desktop/lidar_ws/src/ydlidar_ros2_driver/src/ydlidar_ros2_driver_node.cpp:168:62:\x1b[m\x1b[K \x1b[01;35m\x1b[Kwarning: \x1b[m\x1b[Kunused parameter \xe2\x80\x98\x1b[01m\x1b[Kresponse\x1b[m\x1b[K\xe2\x80\x99 [\x1b[01;35m\x1b[K\x1b]8;;https://gcc.gnu.org/onlinedocs/gcc/Warning-Options.html#index-Wunused-parameter\x07-Wunused-parameter\x1b]8;;\x07\x1b[m\x1b[K]\n'}
[2.165499] (ydlidar_ros2_driver) StderrLine: {'line': b'  168 |              \x1b[01;35m\x1b[Kstd::shared_ptr<std_srvs::srv::Empty::Response> response\x1b[m\x1b[K) -> bool {\n'}
[2.165624] (ydlidar_ros2_driver) StderrLine: {'line': b'      |              \x1b[01;35m\x1b[K~~~~~~~~~~~~~~~~~~~~~~~~~~~~~~~~~~~~~~~~~~~~~~~~^~~~~~~~\x1b[m\x1b[K\n'}
[2.177310] (ydlidar_ros2_driver) StderrLine: {'line': b'\x1b[01m\x1b[K/home/ashutosh/Desktop/lidar_ws/src/ydlidar_ros2_driver/src/ydlidar_ros2_driver_node.cpp:\x1b[m\x1b[K In lambda function:\n'}
[2.177585] (ydlidar_ros2_driver) StderrLine: {'line': b'\x1b[01m\x1b[K/home/ashutosh/Desktop/lidar_ws/src/ydlidar_ros2_driver/src/ydlidar_ros2_driver_node.cpp:175:54:\x1b[m\x1b[K \x1b[01;35m\x1b[Kwarning: \x1b[m\x1b[Kunused parameter \xe2\x80\x98\x1b[01m\x1b[Krequest_header\x1b[m\x1b[K\xe2\x80\x99 [\x1b[01;35m\x1b[K\x1b]8;;https://gcc.gnu.org/onlinedocs/gcc/Warning-Options.html#index-Wunused-parameter\x07-Wunused-parameter\x1b]8;;\x07\x1b[m\x1b[K]\n'}
[2.177741] (ydlidar_ros2_driver) StderrLine: {'line': b'  175 |     [&laser](\x1b[01;35m\x1b[Kconst std::shared_ptr<rmw_request_id_t> request_header\x1b[m\x1b[K,\n'}
[2.177875] (ydlidar_ros2_driver) StderrLine: {'line': b'      |              \x1b[01;35m\x1b[K~~~~~~~~~~~~~~~~~~~~~~~~~~~~~~~~~~~~~~~~^~~~~~~~~~~~~~\x1b[m\x1b[K\n'}
[2.178035] (ydlidar_ros2_driver) StderrLine: {'line': b'\x1b[01m\x1b[K/home/ashutosh/Desktop/lidar_ws/src/ydlidar_ros2_driver/src/ydlidar_ros2_driver_node.cpp:176:67:\x1b[m\x1b[K \x1b[01;35m\x1b[Kwarning: \x1b[m\x1b[Kunused parameter \xe2\x80\x98\x1b[01m\x1b[Kreq\x1b[m\x1b[K\xe2\x80\x99 [\x1b[01;35m\x1b[K\x1b]8;;https://gcc.gnu.org/onlinedocs/gcc/Warning-Options.html#index-Wunused-parameter\x07-Wunused-parameter\x1b]8;;\x07\x1b[m\x1b[K]\n'}
[2.178174] (ydlidar_ros2_driver) StderrLine: {'line': b'  176 |              \x1b[01;35m\x1b[Kconst std::shared_ptr<std_srvs::srv::Empty::Request> req\x1b[m\x1b[K,\n'}
[2.178300] (ydlidar_ros2_driver) StderrLine: {'line': b'      |              \x1b[01;35m\x1b[K~~~~~~~~~~~~~~~~~~~~~~~~~~~~~~~~~~~~~~~~~~~~~~~~~~~~~^~~\x1b[m\x1b[K\n'}
[2.178426] (ydlidar_ros2_driver) StderrLine: {'line': b'\x1b[01m\x1b[K/home/ashutosh/Desktop/lidar_ws/src/ydlidar_ros2_driver/src/ydlidar_ros2_driver_node.cpp:177:62:\x1b[m\x1b[K \x1b[01;35m\x1b[Kwarning: \x1b[m\x1b[Kunused parameter \xe2\x80\x98\x1b[01m\x1b[Kresponse\x1b[m\x1b[K\xe2\x80\x99 [\x1b[01;35m\x1b[K\x1b]8;;https://gcc.gnu.org/onlinedocs/gcc/Warning-Options.html#index-Wunused-parameter\x07-Wunused-parameter\x1b]8;;\x07\x1b[m\x1b[K]\n'}
[2.178558] (ydlidar_ros2_driver) StderrLine: {'line': b'  177 |              \x1b[01;35m\x1b[Kstd::shared_ptr<std_srvs::srv::Empty::Response> response\x1b[m\x1b[K) -> bool {\n'}
[2.178707] (ydlidar_ros2_driver) StderrLine: {'line': b'      |              \x1b[01;35m\x1b[K~~~~~~~~~~~~~~~~~~~~~~~~~~~~~~~~~~~~~~~~~~~~~~~~^~~~~~~~\x1b[m\x1b[K\n'}
[2.180623] (ydlidar_ros2_driver) StderrLine: {'line': b'\x1b[01m\x1b[K/home/ashutosh/Desktop/lidar_ws/src/ydlidar_ros2_driver/src/ydlidar_ros2_driver_node.cpp:\x1b[m\x1b[K In function \xe2\x80\x98\x1b[01m\x1b[Kint main(int, char**)\x1b[m\x1b[K\xe2\x80\x99:\n'}
[2.180786] (ydlidar_ros2_driver) StderrLine: {'line': b'\x1b[01m\x1b[K/home/ashutosh/Desktop/lidar_ws/src/ydlidar_ros2_driver/src/ydlidar_ros2_driver_node.cpp:206:21:\x1b[m\x1b[K \x1b[01;35m\x1b[Kwarning: \x1b[m\x1b[Kunused variable \xe2\x80\x98\x1b[01m\x1b[Kp\x1b[m\x1b[K\xe2\x80\x99 [\x1b[01;35m\x1b[K\x1b]8;;https://gcc.gnu.org/onlinedocs/gcc/Warning-Options.html#index-Wunused-variable\x07-Wunused-variable\x1b]8;;\x07\x1b[m\x1b[K]\n'}
[2.180855] (ydlidar_ros2_driver) StderrLine: {'line': b'  206 |         const auto &\x1b[01;35m\x1b[Kp\x1b[m\x1b[K = scan.points.at(i);\n'}
[2.180934] (ydlidar_ros2_driver) StderrLine: {'line': b'      |                     \x1b[01;35m\x1b[K^\x1b[m\x1b[K\n'}
[2.207905] (-) TimerEvent: {}
[2.308293] (-) TimerEvent: {}
[2.408693] (-) TimerEvent: {}
[2.509116] (-) TimerEvent: {}
[2.609511] (-) TimerEvent: {}
[2.710002] (-) TimerEvent: {}
[2.810760] (-) TimerEvent: {}
[2.911260] (-) TimerEvent: {}
[3.011732] (-) TimerEvent: {}
[3.112254] (-) TimerEvent: {}
[3.212712] (-) TimerEvent: {}
[3.313198] (-) TimerEvent: {}
[3.413648] (-) TimerEvent: {}
[3.514139] (-) TimerEvent: {}
[3.614695] (-) TimerEvent: {}
[3.715190] (-) TimerEvent: {}
[3.815647] (-) TimerEvent: {}
[3.916144] (-) TimerEvent: {}
[4.016698] (-) TimerEvent: {}
[4.117177] (-) TimerEvent: {}
[4.150083] (ydlidar_ros2_driver) StdoutLine: {'line': b'[100%] \x1b[32m\x1b[1mLinking CXX executable ydlidar_ros2_driver_node\x1b[0m\n'}
[4.217347] (-) TimerEvent: {}
[4.317802] (-) TimerEvent: {}
[4.418271] (-) TimerEvent: {}
[4.454975] (ydlidar_ros2_driver) StdoutLine: {'line': b'[100%] Built target ydlidar_ros2_driver_node\n'}
[4.469853] (ydlidar_ros2_driver) CommandEnded: {'returncode': 0}
[4.470887] (ydlidar_ros2_driver) JobProgress: {'identifier': 'ydlidar_ros2_driver', 'progress': 'install'}
[4.471232] (ydlidar_ros2_driver) Command: {'cmd': ['/usr/bin/cmake', '--install', '/home/ashutosh/Desktop/lidar_ws/build/ydlidar_ros2_driver'], 'cwd': '/home/ashutosh/Desktop/lidar_ws/build/ydlidar_ros2_driver', 'env': OrderedDict([('LESSOPEN', '| /usr/bin/lesspipe %s'), ('PYTHONWARNINGS', 'ignore:::setuptools.installer,ignore:::setuptools.command.install,ignore:::setuptools.command.easy_install'), ('CCACHE_TEMPDIR', '/tmp/ccache'), ('GZ_SIM_RESOURCE_PATH', '/home/ashutosh/cognipilot/cranium/install/dream_world/share/dream_world/worlds:/home/ashutosh/cognipilot/cranium/install/dream_world/share/dream_world/models:/home/ashutosh/cognipilot/cranium/install/b3rb_gz_resource/share/b3rb_gz_resource/models'), ('LANGUAGE', 'en_IN:en'), ('USER', 'ashutosh'), ('XDG_SESSION_TYPE', 'wayland'), ('SHLVL', '1'), ('LD_LIBRARY_PATH', '/home/ashutosh/cognipilot/cranium/install/synapse_tinyframe/lib:/home/ashutosh/cognipilot/cranium/install/synapse_protobuf/lib:/home/ashutosh/cognipilot/cranium/install/synapse_msgs/lib:/usr/lib/x86_64-linux-gnu/gazebo-11/plugins:/opt/ros/humble/opt/rviz_ogre_vendor/lib:/opt/ros/humble/lib/x86_64-linux-gnu:/opt/ros/humble/lib:/home/ashutosh/.mujoco/mujoco210/bin'), ('HOME', '/home/ashutosh'), ('OLDPWD', '/home/ashutosh/Desktop/lidar_ws/src'), ('DESKTOP_SESSION', 'ubuntu'), ('ROS_PYTHON_VERSION', '3'), ('GNOME_SHELL_SESSION_MODE', 'ubuntu'), ('GTK_MODULES', 'gail:atk-bridge:appmenu-gtk-module'), ('SYSTEMD_EXEC_PID', '2543'), ('DBUS_SESSION_BUS_ADDRESS', 'unix:path=/run/user/1000/bus'), ('COLORTERM', 'truecolor'), ('IM_CONFIG_PHASE', '1'), ('WAYLAND_DISPLAY', 'wayland-0'), ('COLCON_PREFIX_PATH', '/home/ashutosh/Desktop/lidar_ws/install:/home/ashutosh/cognipilot/electrode/install:/home/ashutosh/task_ws/install:/home/ashutosh/cognipilot/cranium/install'), ('ROS_DISTRO', 'humble'), ('LOGNAME', 'ashutosh'), ('_', '/usr/bin/colcon'), ('ROS_VERSION', '2'), ('XDG_SESSION_CLASS', 'user'), ('USERNAME', 'ashutosh'), ('TERM', 'xterm-256color'), ('GNOME_DESKTOP_SESSION_ID', 'this-is-deprecated'), ('ROS_LOCALHOST_ONLY', '0'), ('PATH', '/home/ashutosh/Desktop/lidar_ws/install/ydlidar_sdk/bin:/home/ashutosh/cognipilot/ws/cerebri/install/bin:/opt/ros/humble/bin:/home/ashutosh/.local/bin:/home/ashutosh/bin:/usr/local/sbin:/usr/local/bin:/usr/sbin:/usr/bin:/sbin:/bin:/usr/games:/usr/local/games:/snap/bin:/snap/bin'), ('SESSION_MANAGER', 'local/ashu-ka-pc:@/tmp/.ICE-unix/2498,unix/ashu-ka-pc:/tmp/.ICE-unix/2498'), ('XDG_MENU_PREFIX', 'gnome-'), ('GNOME_TERMINAL_SCREEN', '/org/gnome/Terminal/screen/3f8a9da8_c556_4a86_84a3_a13dc8fc6b3b'), ('GNOME_SETUP_DISPLAY', ':1'), ('XDG_RUNTIME_DIR', '/run/user/1000'), ('MUJOCO_PY_MUJOCO_PATH', '/home/ashutosh/.mujoco/mujoco210'), ('DISPLAY', ':0'), ('LANG', 'en_US.UTF-8'), ('XDG_CURRENT_DESKTOP', 'ubuntu:GNOME'), ('RMW_IMPLEMENTATION', 'rmw_cyclonedds_cpp'), ('XMODIFIERS', '@im=ibus'), ('XDG_SESSION_DESKTOP', 'ubuntu'), ('XAUTHORITY', '/run/user/1000/.mutter-Xwaylandauth.OS69D3'), ('LS_COLORS', ''), ('GNOME_TERMINAL_SERVICE', ':1.225'), ('SSH_AGENT_LAUNCHER', 'gnome-keyring'), ('SSH_AUTH_SOCK', '/run/user/1000/keyring/ssh'), ('AMENT_PREFIX_PATH', '/home/ashutosh/Desktop/lidar_ws/install/ydlidar_ros2_driver:/home/ashutosh/task_ws/install/hii:/home/ashutosh/cognipilot/electrode/install/electrode:/home/ashutosh/cognipilot/cranium/install/synapse_ros:/home/ashutosh/cognipilot/cranium/install/synapse_gz:/home/ashutosh/cognipilot/cranium/install/synapse_tinyframe:/home/ashutosh/cognipilot/cranium/install/synapse_protobuf:/home/ashutosh/cognipilot/cranium/install/corti:/home/ashutosh/cognipilot/cranium/install/b3rb_ros_aim_india:/home/ashutosh/cognipilot/cranium/install/synapse_msgs:/home/ashutosh/cognipilot/cranium/install/dream_world:/home/ashutosh/cognipilot/cranium/install/cerebri_bringup:/home/ashutosh/cognipilot/cranium/install/b3rb_simulator:/home/ashutosh/cognipilot/cranium/install/b3rb_desktop:/home/ashutosh/cognipilot/cranium/install/b3rb_rviz:/home/ashutosh/cognipilot/cranium/install/b3rb_nav2:/home/ashutosh/cognipilot/cranium/install/b3rb_gz_resource:/home/ashutosh/cognipilot/cranium/install/b3rb_gz_bringup:/home/ashutosh/cognipilot/cranium/install/b3rb_description:/opt/ros/humble'), ('SHELL', '/bin/bash'), ('QT_ACCESSIBILITY', '1'), ('GDMSESSION', 'ubuntu'), ('LESSCLOSE', '/usr/bin/lesspipe %s %s'), ('CMAKE_EXPORT_COMPILE_COMMANDS', 'ON'), ('QT_IM_MODULE', 'ibus'), ('PWD', '/home/ashutosh/Desktop/lidar_ws/build/ydlidar_ros2_driver'), ('TURTLEBOT3_MODEL', 'burger'), ('LC_ALL', 'en_US.UTF-8'), ('XDG_CONFIG_DIRS', '/etc/xdg/xdg-ubuntu:/etc/xdg'), ('XDG_DATA_DIRS', '/usr/share/ubuntu:/usr/local/share/:/usr/share/:/var/lib/snapd/desktop'), ('PYTHONPATH', '/home/ashutosh/task_ws/install/hii/lib/python3.10/site-packages:/home/ashutosh/cognipilot/cranium/install/corti/local/lib/python3.10/dist-packages:/home/ashutosh/cognipilot/cranium/install/b3rb_ros_aim_india/lib/python3.10/site-packages:/home/ashutosh/cognipilot/cranium/install/synapse_msgs/local/lib/python3.10/dist-packages:/opt/ros/humble/lib/python3.10/site-packages:/opt/ros/humble/local/lib/python3.10/dist-packages'), ('COLCON', '1'), ('VTE_VERSION', '6800'), ('CMAKE_PREFIX_PATH', '/home/ashutosh/Desktop/lidar_ws/install/ydlidar_sdk:/home/ashutosh/Desktop/lidar_ws/install/ydlidar_ros2_driver:/home/ashutosh/cognipilot/electrode/install/electrode:/home/ashutosh/cognipilot/cranium/install/synapse_ros:/home/ashutosh/cognipilot/cranium/install/synapse_gz:/home/ashutosh/cognipilot/cranium/install/synapse_tinyframe:/home/ashutosh/cognipilot/cranium/install/synapse_protobuf:/home/ashutosh/cognipilot/cranium/install/corti:/home/ashutosh/cognipilot/cranium/install/synapse_msgs:/home/ashutosh/cognipilot/cranium/install/dream_world:/home/ashutosh/cognipilot/cranium/install/cerebri_bringup:/home/ashutosh/cognipilot/cranium/install/b3rb_simulator:/home/ashutosh/cognipilot/cranium/install/b3rb_desktop:/home/ashutosh/cognipilot/cranium/install/b3rb_rviz:/home/ashutosh/cognipilot/cranium/install/b3rb_nav2:/home/ashutosh/cognipilot/cranium/install/b3rb_gz_resource:/home/ashutosh/cognipilot/cranium/install/b3rb_gz_bringup:/home/ashutosh/cognipilot/cranium/install/b3rb_description:/home/ashutosh/task_ws/install/hii:/home/ashutosh/cognipilot/cranium/install/b3rb_ros_aim_india:/opt/ros/humble')]), 'shell': False}
[4.480141] (ydlidar_ros2_driver) StdoutLine: {'line': b'-- Install configuration: ""\n'}
[4.480533] (ydlidar_ros2_driver) StdoutLine: {'line': b'-- Execute custom install script\n'}
[4.480765] (ydlidar_ros2_driver) StdoutLine: {'line': b'-- Up-to-date symlink: /home/ashutosh/Desktop/lidar_ws/install/ydlidar_ros2_driver/lib/ydlidar_ros2_driver/ydlidar_ros2_driver_node\n'}
[4.480992] (ydlidar_ros2_driver) StdoutLine: {'line': b'-- Up-to-date symlink: /home/ashutosh/Desktop/lidar_ws/install/ydlidar_ros2_driver/lib/ydlidar_ros2_driver/ydlidar_ros2_driver_client\n'}
[4.481205] (ydlidar_ros2_driver) StdoutLine: {'line': b'-- Up-to-date symlink: /home/ashutosh/Desktop/lidar_ws/install/ydlidar_ros2_driver/share/ydlidar_ros2_driver/launch/ydlidar.py\n'}
[4.481425] (ydlidar_ros2_driver) StdoutLine: {'line': b'-- Up-to-date symlink: /home/ashutosh/Desktop/lidar_ws/install/ydlidar_ros2_driver/share/ydlidar_ros2_driver/launch/ydlidar_launch.py\n'}
[4.481573] (ydlidar_ros2_driver) StdoutLine: {'line': b'-- Up-to-date symlink: /home/ashutosh/Desktop/lidar_ws/install/ydlidar_ros2_driver/share/ydlidar_ros2_driver/launch/ydlidar_launch_view.py\n'}
[4.481660] (ydlidar_ros2_driver) StdoutLine: {'line': b'-- Up-to-date symlink: /home/ashutosh/Desktop/lidar_ws/install/ydlidar_ros2_driver/share/ydlidar_ros2_driver/params/G1.yaml\n'}
[4.481750] (ydlidar_ros2_driver) StdoutLine: {'line': b'-- Up-to-date symlink: /home/ashutosh/Desktop/lidar_ws/install/ydlidar_ros2_driver/share/ydlidar_ros2_driver/params/G2.yaml\n'}
[4.481831] (ydlidar_ros2_driver) StdoutLine: {'line': b'-- Up-to-date symlink: /home/ashutosh/Desktop/lidar_ws/install/ydlidar_ros2_driver/share/ydlidar_ros2_driver/params/G6.yaml\n'}
[4.481939] (ydlidar_ros2_driver) StdoutLine: {'line': b'-- Up-to-date symlink: /home/ashutosh/Desktop/lidar_ws/install/ydlidar_ros2_driver/share/ydlidar_ros2_driver/params/GS2.yaml\n'}
[4.482049] (ydlidar_ros2_driver) StdoutLine: {'line': b'-- Up-to-date symlink: /home/ashutosh/Desktop/lidar_ws/install/ydlidar_ros2_driver/share/ydlidar_ros2_driver/params/TEA.yaml\n'}
[4.482152] (ydlidar_ros2_driver) StdoutLine: {'line': b'-- Up-to-date symlink: /home/ashutosh/Desktop/lidar_ws/install/ydlidar_ros2_driver/share/ydlidar_ros2_driver/params/TG.yaml\n'}
[4.482254] (ydlidar_ros2_driver) StdoutLine: {'line': b'-- Up-to-date symlink: /home/ashutosh/Desktop/lidar_ws/install/ydlidar_ros2_driver/share/ydlidar_ros2_driver/params/TminiPro.yaml\n'}
[4.482355] (ydlidar_ros2_driver) StdoutLine: {'line': b'-- Up-to-date symlink: /home/ashutosh/Desktop/lidar_ws/install/ydlidar_ros2_driver/share/ydlidar_ros2_driver/params/X2.yaml\n'}
[4.482490] (ydlidar_ros2_driver) StdoutLine: {'line': b'-- Up-to-date symlink: /home/ashutosh/Desktop/lidar_ws/install/ydlidar_ros2_driver/share/ydlidar_ros2_driver/params/X4-Pro.yaml\n'}
[4.482589] (ydlidar_ros2_driver) StdoutLine: {'line': b'-- Up-to-date symlink: /home/ashutosh/Desktop/lidar_ws/install/ydlidar_ros2_driver/share/ydlidar_ros2_driver/params/X4.yaml\n'}
[4.482672] (ydlidar_ros2_driver) StdoutLine: {'line': b'-- Up-to-date symlink: /home/ashutosh/Desktop/lidar_ws/install/ydlidar_ros2_driver/share/ydlidar_ros2_driver/params/ydlidar.yaml\n'}
[4.482853] (ydlidar_ros2_driver) StdoutLine: {'line': b'-- Up-to-date symlink: /home/ashutosh/Desktop/lidar_ws/install/ydlidar_ros2_driver/share/ydlidar_ros2_driver/startup/initenv.sh\n'}
[4.483047] (ydlidar_ros2_driver) StdoutLine: {'line': b'-- Up-to-date symlink: /home/ashutosh/Desktop/lidar_ws/install/ydlidar_ros2_driver/share/ydlidar_ros2_driver/config/ydlidar.rviz\n'}
[4.483233] (ydlidar_ros2_driver) StdoutLine: {'line': b'-- Up-to-date symlink: /home/ashutosh/Desktop/lidar_ws/install/ydlidar_ros2_driver/share/ament_index/resource_index/package_run_dependencies/ydlidar_ros2_driver\n'}
[4.483392] (ydlidar_ros2_driver) StdoutLine: {'line': b'-- Up-to-date symlink: /home/ashutosh/Desktop/lidar_ws/install/ydlidar_ros2_driver/share/ament_index/resource_index/parent_prefix_path/ydlidar_ros2_driver\n'}
[4.483542] (ydlidar_ros2_driver) StdoutLine: {'line': b'-- Up-to-date symlink: /home/ashutosh/Desktop/lidar_ws/install/ydlidar_ros2_driver/share/ydlidar_ros2_driver/environment/ament_prefix_path.sh\n'}
[4.483683] (ydlidar_ros2_driver) StdoutLine: {'line': b'-- Up-to-date symlink: /home/ashutosh/Desktop/lidar_ws/install/ydlidar_ros2_driver/share/ydlidar_ros2_driver/environment/ament_prefix_path.dsv\n'}
[4.483825] (ydlidar_ros2_driver) StdoutLine: {'line': b'-- Up-to-date symlink: /home/ashutosh/Desktop/lidar_ws/install/ydlidar_ros2_driver/share/ydlidar_ros2_driver/environment/path.sh\n'}
[4.484112] (ydlidar_ros2_driver) StdoutLine: {'line': b'-- Up-to-date symlink: /home/ashutosh/Desktop/lidar_ws/install/ydlidar_ros2_driver/share/ydlidar_ros2_driver/environment/path.dsv\n'}
[4.484232] (ydlidar_ros2_driver) StdoutLine: {'line': b'-- Up-to-date symlink: /home/ashutosh/Desktop/lidar_ws/install/ydlidar_ros2_driver/share/ydlidar_ros2_driver/local_setup.bash\n'}
[4.484362] (ydlidar_ros2_driver) StdoutLine: {'line': b'-- Up-to-date symlink: /home/ashutosh/Desktop/lidar_ws/install/ydlidar_ros2_driver/share/ydlidar_ros2_driver/local_setup.sh\n'}
[4.484494] (ydlidar_ros2_driver) StdoutLine: {'line': b'-- Up-to-date symlink: /home/ashutosh/Desktop/lidar_ws/install/ydlidar_ros2_driver/share/ydlidar_ros2_driver/local_setup.zsh\n'}
[4.484647] (ydlidar_ros2_driver) StdoutLine: {'line': b'-- Up-to-date symlink: /home/ashutosh/Desktop/lidar_ws/install/ydlidar_ros2_driver/share/ydlidar_ros2_driver/local_setup.dsv\n'}
[4.484734] (ydlidar_ros2_driver) StdoutLine: {'line': b'-- Symlinking: /home/ashutosh/Desktop/lidar_ws/install/ydlidar_ros2_driver/share/ydlidar_ros2_driver/package.dsv\n'}
[4.494579] (ydlidar_ros2_driver) StdoutLine: {'line': b'-- Up-to-date symlink: /home/ashutosh/Desktop/lidar_ws/install/ydlidar_ros2_driver/share/ament_index/resource_index/packages/ydlidar_ros2_driver\n'}
[4.494997] (ydlidar_ros2_driver) StdoutLine: {'line': b'-- Up-to-date symlink: /home/ashutosh/Desktop/lidar_ws/install/ydlidar_ros2_driver/share/ydlidar_ros2_driver/cmake/ydlidar_ros2_driverConfig.cmake\n'}
[4.495359] (ydlidar_ros2_driver) StdoutLine: {'line': b'-- Up-to-date symlink: /home/ashutosh/Desktop/lidar_ws/install/ydlidar_ros2_driver/share/ydlidar_ros2_driver/cmake/ydlidar_ros2_driverConfig-version.cmake\n'}
[4.495745] (ydlidar_ros2_driver) StdoutLine: {'line': b'-- Up-to-date symlink: /home/ashutosh/Desktop/lidar_ws/install/ydlidar_ros2_driver/share/ydlidar_ros2_driver/package.xml\n'}
[4.498553] (ydlidar_ros2_driver) CommandEnded: {'returncode': 0}
[4.509164] (ydlidar_ros2_driver) JobEnded: {'identifier': 'ydlidar_ros2_driver', 'rc': 0}
[4.510308] (-) EventReactorShutdown: {}
